# SETTINGS ../simusched tareas.tsk 2 1 2 SchedRR 2 7 7
LOAD 0 0
LOAD 0 1
LOAD 0 2
LOAD 0 3
# CONTEXT CPU 0 0
# CONTEXT CPU 1 0
CPU 1 0 0
CPU 1 1 1
BLOCK 2 0
# CONTEXT CPU 0 2
CPU 2 1 1
BLOCK 3 1
UNBLOCK 3 0
CPU 3 2 0
# CONTEXT CPU 1 3
UNBLOCK 4 1
CPU 4 2 0
CPU 4 3 1
BLOCK 5 2
BLOCK 5 3
# CONTEXT CPU 0 5
# CONTEXT CPU 1 5
UNBLOCK 6 2
UNBLOCK 6 3
CPU 6 0 0
CPU 6 1 1
CPU 7 0 0
CPU 7 1 1
# CONTEXT CPU 0 8
CPU 8 1 1
CPU 9 2 0
CPU 9 1 1
BLOCK 10 1
CPU 10 2 0
# CONTEXT CPU 1 10
UNBLOCK 11 1
CPU 11 2 0
CPU 11 3 1
BLOCK 12 2
BLOCK 12 3
# CONTEXT CPU 0 12
# CONTEXT CPU 1 12
UNBLOCK 13 2
UNBLOCK 13 3
CPU 13 0 0
CPU 13 1 1
# CONTEXT CPU 0 14
CPU 14 1 1
CPU 15 2 0
CPU 15 1 1
BLOCK 16 2
EXIT 16 1 1
# CONTEXT CPU 0 16
# CONTEXT CPU 1 16
UNBLOCK 17 2
# CONTEXT CPU 0 17
# CONTEXT CPU 1 17
# CONTEXT CPU 0 18
# CONTEXT CPU 1 18
CPU 19 3 0
CPU 19 0 1
BLOCK 20 3
# CONTEXT CPU 0 20
CPU 20 0 1
UNBLOCK 21 3
CPU 21 2 0
CPU 21 0 1
CPU 22 2 0
CPU 22 0 1
BLOCK 23 2
# CONTEXT CPU 0 23
CPU 23 0 1
EXIT 24 0 1
UNBLOCK 24 2
CPU 24 3 0
# CONTEXT CPU 1 24
BLOCK 25 3
CPU 25 -1 0
# CONTEXT CPU 1 25
UNBLOCK 26 3
# CONTEXT CPU 0 26
# CONTEXT CPU 1 26
CPU 27 3 0
CPU 27 2 1
BLOCK 28 3
EXIT 28 2 1
CPU 28 -1 0
CPU 28 -1 1
UNBLOCK 29 3
# CONTEXT CPU 0 29
CPU 29 -1 1
CPU 30 3 0
CPU 30 -1 1
BLOCK 31 3
CPU 31 -1 0
CPU 31 -1 1
UNBLOCK 32 3
# CONTEXT CPU 0 32
CPU 32 -1 1
CPU 33 3 0
CPU 33 -1 1
BLOCK 34 3
CPU 34 -1 0
CPU 34 -1 1
UNBLOCK 35 3
# CONTEXT CPU 0 35
CPU 35 -1 1
CPU 36 3 0
CPU 36 -1 1
BLOCK 37 3
CPU 37 -1 0
CPU 37 -1 1
UNBLOCK 38 3
# CONTEXT CPU 0 38
CPU 38 -1 1
CPU 39 3 0
CPU 39 -1 1
EXIT 40 3 0
CPU 40 -1 0
CPU 40 -1 1
