# SETTINGS ../simusched tareas.tsk 4 1 2 SchedRR 4 1 1 4 8
LOAD 0 0
LOAD 0 1
LOAD 0 2
LOAD 0 3
LOAD 0 4
LOAD 0 5
LOAD 0 6
LOAD 0 7
LOAD 0 8
LOAD 0 9
LOAD 0 10
LOAD 0 11
LOAD 0 12
LOAD 0 13
LOAD 0 14
# CONTEXT CPU 0 0
# CONTEXT CPU 1 0
# CONTEXT CPU 2 0
# CONTEXT CPU 3 0
CPU 1 0 0
CPU 1 1 1
CPU 1 2 2
CPU 1 3 3
CPU 2 0 0
CPU 2 1 1
CPU 2 2 2
CPU 2 3 3
CPU 3 0 0
# CONTEXT CPU 1 3
# CONTEXT CPU 2 3
CPU 3 3 3
BLOCK 4 0
# CONTEXT CPU 0 4
CPU 4 4 1
CPU 4 5 2
CPU 4 3 3
UNBLOCK 5 0
CPU 5 6 0
CPU 5 4 1
CPU 5 5 2
CPU 5 3 3
BLOCK 6 5
BLOCK 6 3
CPU 6 6 0
# CONTEXT CPU 1 6
# CONTEXT CPU 2 6
# CONTEXT CPU 3 6
UNBLOCK 7 3
UNBLOCK 7 5
CPU 7 6 0
CPU 7 7 1
CPU 7 8 2
CPU 7 9 3
BLOCK 8 9
# CONTEXT CPU 0 8
CPU 8 7 1
# CONTEXT CPU 2 8
# CONTEXT CPU 3 8
UNBLOCK 9 9
CPU 9 10 0
# CONTEXT CPU 1 9
CPU 9 11 2
CPU 9 12 3
BLOCK 10 10
# CONTEXT CPU 0 10
CPU 10 13 1
CPU 10 11 2
# CONTEXT CPU 3 10
UNBLOCK 11 10
CPU 11 14 0
CPU 11 13 1
# CONTEXT CPU 2 11
# CONTEXT CPU 3 11
BLOCK 12 14
# CONTEXT CPU 0 12
# CONTEXT CPU 1 12
CPU 12 2 2
# CONTEXT CPU 3 12
UNBLOCK 13 14
CPU 13 0 0
CPU 13 4 1
CPU 13 2 2
CPU 13 1 3
CPU 14 0 0
CPU 14 4 1
# CONTEXT CPU 2 14
CPU 14 1 3
CPU 15 0 0
# CONTEXT CPU 1 15
# CONTEXT CPU 2 15
CPU 15 1 3
CPU 16 0 0
# CONTEXT CPU 1 16
# CONTEXT CPU 2 16
CPU 16 1 3
CPU 17 0 0
# CONTEXT CPU 1 17
CPU 17 3 2
CPU 17 1 3
# CONTEXT CPU 0 18
CPU 18 5 1
CPU 18 3 2
# CONTEXT CPU 3 18
CPU 19 6 0
CPU 19 5 1
# CONTEXT CPU 2 19
# CONTEXT CPU 3 19
BLOCK 20 6
# CONTEXT CPU 0 20
# CONTEXT CPU 1 20
# CONTEXT CPU 2 20
# CONTEXT CPU 3 20
UNBLOCK 21 6
# CONTEXT CPU 0 21
# CONTEXT CPU 1 21
# CONTEXT CPU 2 21
CPU 21 8 3
BLOCK 22 8
# CONTEXT CPU 0 22
# CONTEXT CPU 1 22
CPU 22 9 2
# CONTEXT CPU 3 22
UNBLOCK 23 8
CPU 23 7 0
CPU 23 12 1
CPU 23 9 2
# CONTEXT CPU 3 23
BLOCK 24 12
CPU 24 7 0
# CONTEXT CPU 1 24
# CONTEXT CPU 2 24
# CONTEXT CPU 3 24
UNBLOCK 25 12
CPU 25 7 0
# CONTEXT CPU 1 25
# CONTEXT CPU 2 25
CPU 25 10 3
CPU 26 7 0
# CONTEXT CPU 1 26
# CONTEXT CPU 2 26
CPU 26 10 3
BLOCK 27 10
CPU 27 7 0
CPU 27 11 1
CPU 27 13 2
# CONTEXT CPU 3 27
BLOCK 28 11
UNBLOCK 28 10
# CONTEXT CPU 0 28
# CONTEXT CPU 1 28
CPU 28 13 2
# CONTEXT CPU 3 28
BLOCK 29 13
UNBLOCK 29 11
# CONTEXT CPU 0 29
CPU 29 4 1
# CONTEXT CPU 2 29
# CONTEXT CPU 3 29
UNBLOCK 30 13
# CONTEXT CPU 0 30
CPU 30 4 1
# CONTEXT CPU 2 30
CPU 30 14 3
BLOCK 31 14
CPU 31 2 0
# CONTEXT CPU 1 31
# CONTEXT CPU 2 31
# CONTEXT CPU 3 31
UNBLOCK 32 14
CPU 32 2 0
# CONTEXT CPU 1 32
CPU 32 0 2
# CONTEXT CPU 3 32
EXIT 33 0 2
CPU 33 2 0
# CONTEXT CPU 1 33
# CONTEXT CPU 2 33
# CONTEXT CPU 3 33
BLOCK 34 2
# CONTEXT CPU 0 34
CPU 34 1 1
# CONTEXT CPU 2 34
CPU 34 3 3
BLOCK 35 1
UNBLOCK 35 2
CPU 35 6 0
# CONTEXT CPU 1 35
# CONTEXT CPU 2 35
CPU 35 3 3
EXIT 36 3 3
UNBLOCK 36 1
CPU 36 6 0
# CONTEXT CPU 1 36
CPU 36 5 2
# CONTEXT CPU 3 36
CPU 37 6 0
# CONTEXT CPU 1 37
CPU 37 5 2
# CONTEXT CPU 3 37
# CONTEXT CPU 0 38
CPU 38 8 1
# CONTEXT CPU 2 38
# CONTEXT CPU 3 38
# CONTEXT CPU 0 39
CPU 39 8 1
# CONTEXT CPU 2 39
CPU 39 9 3
BLOCK 40 8
BLOCK 40 9
# CONTEXT CPU 0 40
# CONTEXT CPU 1 40
# CONTEXT CPU 2 40
# CONTEXT CPU 3 40
UNBLOCK 41 8
UNBLOCK 41 9
CPU 41 12 0
# CONTEXT CPU 1 41
CPU 41 10 2
# CONTEXT CPU 3 41
CPU 42 12 0
# CONTEXT CPU 1 42
CPU 42 10 2
# CONTEXT CPU 3 42
BLOCK 43 12
# CONTEXT CPU 0 43
CPU 43 7 1
# CONTEXT CPU 2 43
CPU 43 11 3
BLOCK 44 7
BLOCK 44 11
UNBLOCK 44 12
# CONTEXT CPU 0 44
# CONTEXT CPU 1 44
# CONTEXT CPU 2 44
# CONTEXT CPU 3 44
UNBLOCK 45 7
UNBLOCK 45 11
# CONTEXT CPU 0 45
# CONTEXT CPU 1 45
# CONTEXT CPU 2 45
# CONTEXT CPU 3 45
CPU 46 13 0
# CONTEXT CPU 1 46
CPU 46 4 2
# CONTEXT CPU 3 46
BLOCK 47 13
BLOCK 47 4
# CONTEXT CPU 0 47
CPU 47 14 1
# CONTEXT CPU 2 47
CPU 47 2 3
BLOCK 48 14
UNBLOCK 48 4
UNBLOCK 48 13
# CONTEXT CPU 0 48
# CONTEXT CPU 1 48
# CONTEXT CPU 2 48
CPU 48 2 3
EXIT 49 2 3
UNBLOCK 49 14
# CONTEXT CPU 0 49
# CONTEXT CPU 1 49
# CONTEXT CPU 2 49
# CONTEXT CPU 3 49
CPU 50 1 0
# CONTEXT CPU 1 50
CPU 50 6 2
# CONTEXT CPU 3 50
EXIT 51 1 0
# CONTEXT CPU 0 51
CPU 51 5 1
CPU 51 6 2
# CONTEXT CPU 3 51
EXIT 52 6 2
# CONTEXT CPU 0 52
# CONTEXT CPU 1 52
# CONTEXT CPU 2 52
CPU 52 8 3
# CONTEXT CPU 0 53
# CONTEXT CPU 1 53
# CONTEXT CPU 2 53
CPU 53 8 3
CPU 54 9 0
# CONTEXT CPU 1 54
# CONTEXT CPU 2 54
CPU 54 8 3
CPU 55 9 0
CPU 55 10 1
CPU 55 12 2
CPU 55 8 3
CPU 56 9 0
CPU 56 10 1
CPU 56 12 2
CPU 56 8 3
EXIT 57 8 3
CPU 57 9 0
# CONTEXT CPU 1 57
# CONTEXT CPU 2 57
# CONTEXT CPU 3 57
CPU 58 9 0
CPU 58 7 1
# CONTEXT CPU 2 58
# CONTEXT CPU 3 58
EXIT 59 9 0
EXIT 59 7 1
# CONTEXT CPU 0 59
# CONTEXT CPU 1 59
# CONTEXT CPU 2 59
# CONTEXT CPU 3 59
CPU 60 13 0
CPU 60 14 1
CPU 60 11 2
CPU 60 4 3
BLOCK 61 13
BLOCK 61 14
# CONTEXT CPU 0 61
# CONTEXT CPU 1 61
CPU 61 11 2
CPU 61 4 3
EXIT 62 4 3
UNBLOCK 62 13
UNBLOCK 62 14
# CONTEXT CPU 0 62
CPU 62 10 1
# CONTEXT CPU 2 62
# CONTEXT CPU 3 62
# CONTEXT CPU 0 63
CPU 63 10 1
CPU 63 12 2
# CONTEXT CPU 3 63
EXIT 64 10 1
BLOCK 64 12
CPU 64 5 0
# CONTEXT CPU 1 64
# CONTEXT CPU 2 64
# CONTEXT CPU 3 64
UNBLOCK 65 12
CPU 65 5 0
CPU 65 14 1
CPU 65 11 2
CPU 65 13 3
EXIT 66 5 0
BLOCK 66 14
BLOCK 66 13
# CONTEXT CPU 0 66
CPU 66 -1 1
CPU 66 11 2
CPU 66 -1 3
UNBLOCK 67 13
UNBLOCK 67 14
# CONTEXT CPU 0 67
# CONTEXT CPU 1 67
# CONTEXT CPU 2 67
# CONTEXT CPU 3 67
# CONTEXT CPU 0 68
# CONTEXT CPU 1 68
# CONTEXT CPU 2 68
# CONTEXT CPU 3 68
CPU 69 12 0
# CONTEXT CPU 1 69
# CONTEXT CPU 2 69
# CONTEXT CPU 3 69
BLOCK 70 12
CPU 70 -1 0
CPU 70 13 1
CPU 70 14 2
CPU 70 11 3
BLOCK 71 14
EXIT 71 11 3
UNBLOCK 71 12
# CONTEXT CPU 0 71
CPU 71 13 1
CPU 71 -1 2
CPU 71 -1 3
EXIT 72 13 1
UNBLOCK 72 14
CPU 72 12 0
# CONTEXT CPU 1 72
CPU 72 -1 2
CPU 72 -1 3
EXIT 73 12 0
CPU 73 -1 0
# CONTEXT CPU 1 73
CPU 73 -1 2
CPU 73 -1 3
CPU 74 -1 0
# CONTEXT CPU 1 74
CPU 74 -1 2
CPU 74 -1 3
CPU 75 -1 0
CPU 75 14 1
CPU 75 -1 2
CPU 75 -1 3
BLOCK 76 14
CPU 76 -1 0
CPU 76 -1 1
CPU 76 -1 2
CPU 76 -1 3
UNBLOCK 77 14
# CONTEXT CPU 0 77
CPU 77 -1 1
CPU 77 -1 2
CPU 77 -1 3
# CONTEXT CPU 0 78
CPU 78 -1 1
CPU 78 -1 2
CPU 78 -1 3
# CONTEXT CPU 0 79
CPU 79 -1 1
CPU 79 -1 2
CPU 79 -1 3
CPU 80 14 0
CPU 80 -1 1
CPU 80 -1 2
CPU 80 -1 3
BLOCK 81 14
CPU 81 -1 0
CPU 81 -1 1
CPU 81 -1 2
CPU 81 -1 3
UNBLOCK 82 14
# CONTEXT CPU 0 82
CPU 82 -1 1
CPU 82 -1 2
CPU 82 -1 3
CPU 83 14 0
CPU 83 -1 1
CPU 83 -1 2
CPU 83 -1 3
EXIT 84 14 0
CPU 84 -1 0
CPU 84 -1 1
CPU 84 -1 2
CPU 84 -1 3
