# SETTINGS ../simusched tareas.tsk 3 1 2 SchedRR 3 3 6 8
LOAD 0 0
LOAD 0 1
LOAD 0 2
LOAD 0 3
LOAD 0 4
LOAD 0 5
LOAD 0 6
LOAD 0 7
LOAD 0 8
LOAD 0 9
LOAD 0 10
LOAD 0 11
LOAD 0 12
LOAD 0 13
LOAD 0 14
# CONTEXT CPU 0 0
# CONTEXT CPU 1 0
# CONTEXT CPU 2 0
CPU 1 0 0
CPU 1 1 1
CPU 1 2 2
BLOCK 2 1
CPU 2 0 0
# CONTEXT CPU 1 2
CPU 2 2 2
UNBLOCK 3 1
CPU 3 0 0
CPU 3 3 1
CPU 3 2 2
BLOCK 4 3
CPU 4 0 0
# CONTEXT CPU 1 4
CPU 4 2 2
UNBLOCK 5 3
# CONTEXT CPU 0 5
CPU 5 4 1
CPU 5 2 2
CPU 6 5 0
CPU 6 4 1
CPU 6 2 2
CPU 7 5 0
CPU 7 4 1
CPU 7 2 2
BLOCK 8 2
CPU 8 5 0
CPU 8 4 1
# CONTEXT CPU 2 8
UNBLOCK 9 2
CPU 9 5 0
# CONTEXT CPU 1 9
CPU 9 6 2
# CONTEXT CPU 0 10
CPU 10 7 1
# CONTEXT CPU 2 10
CPU 11 8 0
CPU 11 7 1
CPU 11 9 2
CPU 12 8 0
CPU 12 7 1
CPU 12 9 2
BLOCK 13 9
CPU 13 8 0
CPU 13 7 1
# CONTEXT CPU 2 13
UNBLOCK 14 9
CPU 14 8 0
# CONTEXT CPU 1 14
CPU 14 10 2
# CONTEXT CPU 0 15
CPU 15 11 1
CPU 15 10 2
BLOCK 16 10
CPU 16 12 0
CPU 16 11 1
# CONTEXT CPU 2 16
BLOCK 17 12
UNBLOCK 17 10
# CONTEXT CPU 0 17
CPU 17 11 1
CPU 17 13 2
BLOCK 18 11
UNBLOCK 18 12
CPU 18 14 0
# CONTEXT CPU 1 18
CPU 18 13 2
BLOCK 19 14
BLOCK 19 13
UNBLOCK 19 11
# CONTEXT CPU 0 19
CPU 19 1 1
# CONTEXT CPU 2 19
UNBLOCK 20 13
UNBLOCK 20 14
# CONTEXT CPU 0 20
CPU 20 1 1
# CONTEXT CPU 2 20
# CONTEXT CPU 0 21
# CONTEXT CPU 1 21
# CONTEXT CPU 2 21
CPU 22 3 0
# CONTEXT CPU 1 22
CPU 22 0 2
BLOCK 23 0
CPU 23 3 0
# CONTEXT CPU 1 23
# CONTEXT CPU 2 23
UNBLOCK 24 0
CPU 24 3 0
CPU 24 2 1
# CONTEXT CPU 2 24
CPU 25 3 0
CPU 25 2 1
# CONTEXT CPU 2 25
EXIT 26 2 1
# CONTEXT CPU 0 26
# CONTEXT CPU 1 26
CPU 26 4 2
CPU 27 5 0
# CONTEXT CPU 1 27
CPU 27 4 2
CPU 28 5 0
# CONTEXT CPU 1 28
CPU 28 4 2
BLOCK 29 5
# CONTEXT CPU 0 29
CPU 29 6 1
CPU 29 4 2
BLOCK 30 4
UNBLOCK 30 5
# CONTEXT CPU 0 30
CPU 30 6 1
# CONTEXT CPU 2 30
UNBLOCK 31 4
# CONTEXT CPU 0 31
CPU 31 6 1
# CONTEXT CPU 2 31
CPU 32 9 0
CPU 32 6 1
# CONTEXT CPU 2 32
CPU 33 9 0
# CONTEXT CPU 1 33
CPU 33 7 2
BLOCK 34 9
# CONTEXT CPU 0 34
# CONTEXT CPU 1 34
# CONTEXT CPU 2 34
UNBLOCK 35 9
# CONTEXT CPU 0 35
# CONTEXT CPU 1 35
# CONTEXT CPU 2 35
# CONTEXT CPU 0 36
CPU 36 8 1
# CONTEXT CPU 2 36
CPU 37 10 0
CPU 37 8 1
CPU 37 12 2
BLOCK 38 10
BLOCK 38 12
# CONTEXT CPU 0 38
CPU 38 8 1
# CONTEXT CPU 2 38
BLOCK 39 8
UNBLOCK 39 10
UNBLOCK 39 12
# CONTEXT CPU 0 39
# CONTEXT CPU 1 39
CPU 39 13 2
UNBLOCK 40 8
# CONTEXT CPU 0 40
# CONTEXT CPU 1 40
CPU 40 13 2
BLOCK 41 13
CPU 41 11 0
# CONTEXT CPU 1 41
# CONTEXT CPU 2 41
UNBLOCK 42 13
CPU 42 11 0
CPU 42 14 1
# CONTEXT CPU 2 42
BLOCK 43 14
# CONTEXT CPU 0 43
# CONTEXT CPU 1 43
# CONTEXT CPU 2 43
UNBLOCK 44 14
# CONTEXT CPU 0 44
# CONTEXT CPU 1 44
CPU 44 1 2
# CONTEXT CPU 0 45
# CONTEXT CPU 1 45
CPU 45 1 2
CPU 46 0 0
CPU 46 3 1
CPU 46 1 2
CPU 47 0 0
CPU 47 3 1
CPU 47 1 2
CPU 48 0 0
# CONTEXT CPU 1 48
CPU 48 1 2
CPU 49 0 0
# CONTEXT CPU 1 49
CPU 49 1 2
EXIT 50 0 0
EXIT 50 1 2
# CONTEXT CPU 0 50
# CONTEXT CPU 1 50
# CONTEXT CPU 2 50
# CONTEXT CPU 0 51
CPU 51 5 1
# CONTEXT CPU 2 51
# CONTEXT CPU 0 52
CPU 52 5 1
# CONTEXT CPU 2 52
CPU 53 4 0
CPU 53 5 1
CPU 53 6 2
EXIT 54 4 0
EXIT 54 5 1
BLOCK 54 6
# CONTEXT CPU 0 54
# CONTEXT CPU 1 54
# CONTEXT CPU 2 54
UNBLOCK 55 6
# CONTEXT CPU 0 55
# CONTEXT CPU 1 55
# CONTEXT CPU 2 55
# CONTEXT CPU 0 56
# CONTEXT CPU 1 56
# CONTEXT CPU 2 56
CPU 57 7 0
CPU 57 9 1
CPU 57 10 2
CPU 58 7 0
CPU 58 9 1
CPU 58 10 2
BLOCK 59 7
# CONTEXT CPU 0 59
CPU 59 9 1
CPU 59 10 2
UNBLOCK 60 7
# CONTEXT CPU 0 60
CPU 60 9 1
CPU 60 10 2
# CONTEXT CPU 0 61
# CONTEXT CPU 1 61
CPU 61 10 2
CPU 62 12 0
CPU 62 8 1
CPU 62 10 2
BLOCK 63 12
BLOCK 63 8
EXIT 63 10 2
# CONTEXT CPU 0 63
# CONTEXT CPU 1 63
# CONTEXT CPU 2 63
UNBLOCK 64 8
UNBLOCK 64 12
# CONTEXT CPU 0 64
# CONTEXT CPU 1 64
# CONTEXT CPU 2 64
# CONTEXT CPU 0 65
# CONTEXT CPU 1 65
# CONTEXT CPU 2 65
CPU 66 13 0
CPU 66 11 1
CPU 66 14 2
BLOCK 67 14
CPU 67 13 0
CPU 67 11 1
# CONTEXT CPU 2 67
BLOCK 68 13
UNBLOCK 68 14
# CONTEXT CPU 0 68
CPU 68 11 1
# CONTEXT CPU 2 68
BLOCK 69 11
UNBLOCK 69 13
# CONTEXT CPU 0 69
# CONTEXT CPU 1 69
# CONTEXT CPU 2 69
UNBLOCK 70 11
# CONTEXT CPU 0 70
# CONTEXT CPU 1 70
CPU 70 3 2
CPU 71 6 0
# CONTEXT CPU 1 71
CPU 71 3 2
EXIT 72 3 2
CPU 72 6 0
CPU 72 7 1
# CONTEXT CPU 2 72
# CONTEXT CPU 0 73
CPU 73 7 1
# CONTEXT CPU 2 73
EXIT 74 7 1
# CONTEXT CPU 0 74
# CONTEXT CPU 1 74
# CONTEXT CPU 2 74
# CONTEXT CPU 0 75
# CONTEXT CPU 1 75
CPU 75 9 2
EXIT 76 9 2
CPU 76 8 0
# CONTEXT CPU 1 76
# CONTEXT CPU 2 76
EXIT 77 8 0
# CONTEXT CPU 0 77
CPU 77 12 1
CPU 77 14 2
BLOCK 78 14
CPU 78 13 0
CPU 78 12 1
# CONTEXT CPU 2 78
BLOCK 79 13
UNBLOCK 79 14
# CONTEXT CPU 0 79
CPU 79 12 1
# CONTEXT CPU 2 79
UNBLOCK 80 13
CPU 80 6 0
CPU 80 12 1
# CONTEXT CPU 2 80
EXIT 81 6 0
BLOCK 81 12
# CONTEXT CPU 0 81
# CONTEXT CPU 1 81
CPU 81 11 2
EXIT 82 11 2
UNBLOCK 82 12
# CONTEXT CPU 0 82
# CONTEXT CPU 1 82
# CONTEXT CPU 2 82
# CONTEXT CPU 0 83
# CONTEXT CPU 1 83
# CONTEXT CPU 2 83
CPU 84 14 0
CPU 84 13 1
# CONTEXT CPU 2 84
BLOCK 85 14
CPU 85 -1 0
CPU 85 13 1
CPU 85 12 2
EXIT 86 13 1
UNBLOCK 86 14
# CONTEXT CPU 0 86
CPU 86 -1 1
CPU 86 12 2
EXIT 87 12 2
CPU 87 14 0
CPU 87 -1 1
CPU 87 -1 2
BLOCK 88 14
CPU 88 -1 0
CPU 88 -1 1
CPU 88 -1 2
UNBLOCK 89 14
# CONTEXT CPU 0 89
CPU 89 -1 1
CPU 89 -1 2
CPU 90 14 0
CPU 90 -1 1
CPU 90 -1 2
BLOCK 91 14
CPU 91 -1 0
CPU 91 -1 1
CPU 91 -1 2
UNBLOCK 92 14
# CONTEXT CPU 0 92
CPU 92 -1 1
CPU 92 -1 2
CPU 93 14 0
CPU 93 -1 1
CPU 93 -1 2
BLOCK 94 14
CPU 94 -1 0
CPU 94 -1 1
CPU 94 -1 2
UNBLOCK 95 14
# CONTEXT CPU 0 95
CPU 95 -1 1
CPU 95 -1 2
CPU 96 14 0
CPU 96 -1 1
CPU 96 -1 2
EXIT 97 14 0
CPU 97 -1 0
CPU 97 -1 1
CPU 97 -1 2
