# SETTINGS ../simusched tareas.tsk 3 1 2 SchedRR 3 1 8 8
LOAD 0 0
LOAD 0 1
LOAD 0 2
LOAD 0 3
LOAD 0 4
LOAD 0 5
LOAD 0 6
LOAD 0 7
LOAD 0 8
LOAD 0 9
LOAD 0 10
LOAD 0 11
LOAD 0 12
LOAD 0 13
LOAD 0 14
# CONTEXT CPU 0 0
# CONTEXT CPU 1 0
# CONTEXT CPU 2 0
CPU 1 0 0
CPU 1 1 1
CPU 1 2 2
CPU 2 0 0
CPU 2 1 1
CPU 2 2 2
BLOCK 3 1
CPU 3 0 0
# CONTEXT CPU 1 3
CPU 3 2 2
UNBLOCK 4 1
CPU 4 0 0
CPU 4 3 1
CPU 4 2 2
BLOCK 5 0
# CONTEXT CPU 0 5
# CONTEXT CPU 1 5
CPU 5 2 2
UNBLOCK 6 0
CPU 6 4 0
CPU 6 5 1
CPU 6 2 2
# CONTEXT CPU 0 7
CPU 7 5 1
CPU 7 2 2
CPU 8 6 0
# CONTEXT CPU 1 8
CPU 8 2 2
BLOCK 9 2
CPU 9 6 0
CPU 9 7 1
# CONTEXT CPU 2 9
UNBLOCK 10 2
CPU 10 6 0
CPU 10 7 1
CPU 10 8 2
CPU 11 6 0
# CONTEXT CPU 1 11
CPU 11 8 2
BLOCK 12 8
# CONTEXT CPU 0 12
CPU 12 9 1
# CONTEXT CPU 2 12
UNBLOCK 13 8
CPU 13 10 0
CPU 13 9 1
CPU 13 11 2
BLOCK 14 10
# CONTEXT CPU 0 14
# CONTEXT CPU 1 14
# CONTEXT CPU 2 14
UNBLOCK 15 10
CPU 15 12 0
CPU 15 13 1
CPU 15 14 2
BLOCK 16 14
CPU 16 12 0
CPU 16 13 1
# CONTEXT CPU 2 16
BLOCK 17 12
UNBLOCK 17 14
# CONTEXT CPU 0 17
# CONTEXT CPU 1 17
# CONTEXT CPU 2 17
UNBLOCK 18 12
# CONTEXT CPU 0 18
# CONTEXT CPU 1 18
# CONTEXT CPU 2 18
# CONTEXT CPU 0 19
# CONTEXT CPU 1 19
CPU 19 1 2
CPU 20 3 0
CPU 20 0 1
CPU 20 1 2
BLOCK 21 3
# CONTEXT CPU 0 21
CPU 21 0 1
CPU 21 1 2
UNBLOCK 22 3
CPU 22 4 0
# CONTEXT CPU 1 22
CPU 22 1 2
CPU 23 4 0
CPU 23 5 1
CPU 23 1 2
CPU 24 4 0
CPU 24 5 1
CPU 24 1 2
# CONTEXT CPU 0 25
# CONTEXT CPU 1 25
CPU 25 1 2
EXIT 26 1 2
# CONTEXT CPU 0 26
CPU 26 7 1
# CONTEXT CPU 2 26
BLOCK 27 7
# CONTEXT CPU 0 27
# CONTEXT CPU 1 27
# CONTEXT CPU 2 27
UNBLOCK 28 7
CPU 28 2 0
# CONTEXT CPU 1 28
# CONTEXT CPU 2 28
EXIT 29 2 0
# CONTEXT CPU 0 29
# CONTEXT CPU 1 29
CPU 29 6 2
BLOCK 30 6
# CONTEXT CPU 0 30
CPU 30 8 1
# CONTEXT CPU 2 30
UNBLOCK 31 6
# CONTEXT CPU 0 31
CPU 31 8 1
CPU 31 11 2
BLOCK 32 8
CPU 32 9 0
# CONTEXT CPU 1 32
CPU 32 11 2
BLOCK 33 11
UNBLOCK 33 8
CPU 33 9 0
# CONTEXT CPU 1 33
# CONTEXT CPU 2 33
UNBLOCK 34 11
CPU 34 9 0
# CONTEXT CPU 1 34
CPU 34 14 2
BLOCK 35 9
BLOCK 35 14
# CONTEXT CPU 0 35
CPU 35 10 1
# CONTEXT CPU 2 35
UNBLOCK 36 9
UNBLOCK 36 14
# CONTEXT CPU 0 36
# CONTEXT CPU 1 36
# CONTEXT CPU 2 36
# CONTEXT CPU 0 37
# CONTEXT CPU 1 37
# CONTEXT CPU 2 37
CPU 38 13 0
# CONTEXT CPU 1 38
CPU 38 12 2
BLOCK 39 13
# CONTEXT CPU 0 39
CPU 39 3 1
CPU 39 12 2
UNBLOCK 40 13
# CONTEXT CPU 0 40
CPU 40 3 1
CPU 40 12 2
BLOCK 41 12
# CONTEXT CPU 0 41
# CONTEXT CPU 1 41
# CONTEXT CPU 2 41
UNBLOCK 42 12
CPU 42 0 0
# CONTEXT CPU 1 42
# CONTEXT CPU 2 42
CPU 43 0 0
# CONTEXT CPU 1 43
# CONTEXT CPU 2 43
# CONTEXT CPU 0 44
CPU 44 4 1
CPU 44 5 2
BLOCK 45 4
# CONTEXT CPU 0 45
# CONTEXT CPU 1 45
CPU 45 5 2
UNBLOCK 46 4
# CONTEXT CPU 0 46
# CONTEXT CPU 1 46
CPU 46 5 2
BLOCK 47 5
CPU 47 7 0
# CONTEXT CPU 1 47
# CONTEXT CPU 2 47
UNBLOCK 48 5
CPU 48 7 0
CPU 48 6 1
# CONTEXT CPU 2 48
CPU 49 7 0
CPU 49 6 1
# CONTEXT CPU 2 49
CPU 50 7 0
# CONTEXT CPU 1 50
CPU 50 8 2
# CONTEXT CPU 0 51
# CONTEXT CPU 1 51
CPU 51 8 2
CPU 52 9 0
# CONTEXT CPU 1 52
CPU 52 8 2
CPU 53 9 0
CPU 53 11 1
CPU 53 8 2
BLOCK 54 9
BLOCK 54 11
# CONTEXT CPU 0 54
# CONTEXT CPU 1 54
# CONTEXT CPU 2 54
UNBLOCK 55 9
UNBLOCK 55 11
# CONTEXT CPU 0 55
CPU 55 10 1
# CONTEXT CPU 2 55
# CONTEXT CPU 0 56
CPU 56 10 1
# CONTEXT CPU 2 56
BLOCK 57 10
CPU 57 14 0
# CONTEXT CPU 1 57
CPU 57 13 2
BLOCK 58 14
UNBLOCK 58 10
# CONTEXT CPU 0 58
CPU 58 3 1
CPU 58 13 2
BLOCK 59 13
UNBLOCK 59 14
# CONTEXT CPU 0 59
# CONTEXT CPU 1 59
# CONTEXT CPU 2 59
UNBLOCK 60 13
# CONTEXT CPU 0 60
# CONTEXT CPU 1 60
# CONTEXT CPU 2 60
CPU 61 12 0
# CONTEXT CPU 1 61
# CONTEXT CPU 2 61
CPU 62 12 0
CPU 62 0 1
CPU 62 4 2
BLOCK 63 12
EXIT 63 0 1
# CONTEXT CPU 0 63
# CONTEXT CPU 1 63
CPU 63 4 2
UNBLOCK 64 12
# CONTEXT CPU 0 64
CPU 64 6 1
CPU 64 4 2
# CONTEXT CPU 0 65
CPU 65 6 1
CPU 65 4 2
EXIT 66 6 1
EXIT 66 4 2
CPU 66 5 0
# CONTEXT CPU 1 66
# CONTEXT CPU 2 66
CPU 67 5 0
# CONTEXT CPU 1 67
CPU 67 8 2
EXIT 68 5 0
EXIT 68 8 2
# CONTEXT CPU 0 68
# CONTEXT CPU 1 68
# CONTEXT CPU 2 68
CPU 69 9 0
CPU 69 7 1
# CONTEXT CPU 2 69
CPU 70 9 0
CPU 70 7 1
# CONTEXT CPU 2 70
EXIT 71 9 0
EXIT 71 7 1
# CONTEXT CPU 0 71
# CONTEXT CPU 1 71
CPU 71 11 2
# CONTEXT CPU 0 72
# CONTEXT CPU 1 72
CPU 72 11 2
# CONTEXT CPU 0 73
# CONTEXT CPU 1 73
CPU 73 11 2
CPU 74 10 0
CPU 74 14 1
CPU 74 11 2
BLOCK 75 14
CPU 75 10 0
# CONTEXT CPU 1 75
CPU 75 11 2
EXIT 76 11 2
UNBLOCK 76 14
CPU 76 10 0
CPU 76 3 1
# CONTEXT CPU 2 76
CPU 77 10 0
CPU 77 3 1
CPU 77 13 2
BLOCK 78 13
# CONTEXT CPU 0 78
# CONTEXT CPU 1 78
# CONTEXT CPU 2 78
UNBLOCK 79 13
CPU 79 12 0
CPU 79 14 1
# CONTEXT CPU 2 79
BLOCK 80 12
BLOCK 80 14
# CONTEXT CPU 0 80
# CONTEXT CPU 1 80
# CONTEXT CPU 2 80
UNBLOCK 81 12
UNBLOCK 81 14
# CONTEXT CPU 0 81
# CONTEXT CPU 1 81
CPU 81 10 2
EXIT 82 10 2
# CONTEXT CPU 0 82
# CONTEXT CPU 1 82
# CONTEXT CPU 2 82
CPU 83 3 0
CPU 83 13 1
# CONTEXT CPU 2 83
CPU 84 3 0
CPU 84 13 1
# CONTEXT CPU 2 84
EXIT 85 3 0
BLOCK 85 13
# CONTEXT CPU 0 85
CPU 85 -1 1
CPU 85 12 2
EXIT 86 12 2
UNBLOCK 86 13
# CONTEXT CPU 0 86
# CONTEXT CPU 1 86
CPU 86 -1 2
# CONTEXT CPU 0 87
CPU 87 13 1
CPU 87 -1 2
EXIT 88 13 1
CPU 88 14 0
CPU 88 -1 1
CPU 88 -1 2
BLOCK 89 14
CPU 89 -1 0
CPU 89 -1 1
CPU 89 -1 2
UNBLOCK 90 14
# CONTEXT CPU 0 90
CPU 90 -1 1
CPU 90 -1 2
CPU 91 14 0
CPU 91 -1 1
CPU 91 -1 2
BLOCK 92 14
CPU 92 -1 0
CPU 92 -1 1
CPU 92 -1 2
UNBLOCK 93 14
# CONTEXT CPU 0 93
CPU 93 -1 1
CPU 93 -1 2
CPU 94 14 0
CPU 94 -1 1
CPU 94 -1 2
BLOCK 95 14
CPU 95 -1 0
CPU 95 -1 1
CPU 95 -1 2
UNBLOCK 96 14
# CONTEXT CPU 0 96
CPU 96 -1 1
CPU 96 -1 2
CPU 97 14 0
CPU 97 -1 1
CPU 97 -1 2
EXIT 98 14 0
CPU 98 -1 0
CPU 98 -1 1
CPU 98 -1 2
