# SETTINGS ../simusched tareas.tsk 3 1 2 SchedRR 3 2 4 6
LOAD 0 0
LOAD 0 1
LOAD 0 2
LOAD 0 3
LOAD 0 4
LOAD 0 5
LOAD 0 6
LOAD 0 7
LOAD 0 8
LOAD 0 9
LOAD 0 10
LOAD 0 11
LOAD 0 12
LOAD 0 13
LOAD 0 14
# CONTEXT CPU 0 0
# CONTEXT CPU 1 0
# CONTEXT CPU 2 0
CPU 1 0 0
CPU 1 1 1
CPU 1 2 2
CPU 2 0 0
CPU 2 1 1
CPU 2 2 2
BLOCK 3 1
CPU 3 0 0
# CONTEXT CPU 1 3
CPU 3 2 2
UNBLOCK 4 1
CPU 4 0 0
CPU 4 3 1
CPU 4 2 2
BLOCK 5 0
# CONTEXT CPU 0 5
CPU 5 3 1
CPU 5 2 2
BLOCK 6 3
UNBLOCK 6 0
CPU 6 4 0
# CONTEXT CPU 1 6
# CONTEXT CPU 2 6
UNBLOCK 7 3
# CONTEXT CPU 0 7
CPU 7 5 1
CPU 7 6 2
CPU 8 7 0
# CONTEXT CPU 1 8
CPU 8 6 2
CPU 9 7 0
CPU 9 8 1
CPU 9 6 2
CPU 10 7 0
CPU 10 8 1
CPU 10 6 2
BLOCK 11 7
BLOCK 11 8
# CONTEXT CPU 0 11
# CONTEXT CPU 1 11
CPU 11 6 2
BLOCK 12 6
UNBLOCK 12 7
UNBLOCK 12 8
CPU 12 9 0
CPU 12 10 1
# CONTEXT CPU 2 12
BLOCK 13 10
UNBLOCK 13 6
CPU 13 9 0
# CONTEXT CPU 1 13
CPU 13 11 2
UNBLOCK 14 10
# CONTEXT CPU 0 14
CPU 14 12 1
# CONTEXT CPU 2 14
CPU 15 13 0
CPU 15 12 1
CPU 15 14 2
BLOCK 16 12
BLOCK 16 14
CPU 16 13 0
# CONTEXT CPU 1 16
# CONTEXT CPU 2 16
UNBLOCK 17 12
UNBLOCK 17 14
CPU 17 13 0
CPU 17 1 1
# CONTEXT CPU 2 17
BLOCK 18 13
# CONTEXT CPU 0 18
# CONTEXT CPU 1 18
# CONTEXT CPU 2 18
UNBLOCK 19 13
# CONTEXT CPU 0 19
CPU 19 3 1
CPU 19 0 2
# CONTEXT CPU 0 20
CPU 20 3 1
CPU 20 0 2
CPU 21 2 0
CPU 21 3 1
CPU 21 0 2
CPU 22 2 0
# CONTEXT CPU 1 22
CPU 22 0 2
# CONTEXT CPU 0 23
# CONTEXT CPU 1 23
CPU 23 0 2
EXIT 24 0 2
# CONTEXT CPU 0 24
# CONTEXT CPU 1 24
# CONTEXT CPU 2 24
# CONTEXT CPU 0 25
CPU 25 4 1
# CONTEXT CPU 2 25
CPU 26 5 0
CPU 26 4 1
# CONTEXT CPU 2 26
CPU 27 5 0
CPU 27 4 1
CPU 27 7 2
CPU 28 5 0
# CONTEXT CPU 1 28
CPU 28 7 2
CPU 29 5 0
CPU 29 8 1
CPU 29 7 2
# CONTEXT CPU 0 30
CPU 30 8 1
CPU 30 7 2
BLOCK 31 8
# CONTEXT CPU 0 31
# CONTEXT CPU 1 31
CPU 31 7 2
UNBLOCK 32 8
# CONTEXT CPU 0 32
CPU 32 10 1
# CONTEXT CPU 2 32
CPU 33 6 0
CPU 33 10 1
# CONTEXT CPU 2 33
CPU 34 6 0
# CONTEXT CPU 1 34
# CONTEXT CPU 2 34
CPU 35 6 0
# CONTEXT CPU 1 35
CPU 35 9 2
CPU 36 6 0
# CONTEXT CPU 1 36
CPU 36 9 2
EXIT 37 6 0
# CONTEXT CPU 0 37
CPU 37 11 1
CPU 37 9 2
BLOCK 38 9
# CONTEXT CPU 0 38
CPU 38 11 1
# CONTEXT CPU 2 38
BLOCK 39 11
UNBLOCK 39 9
# CONTEXT CPU 0 39
# CONTEXT CPU 1 39
CPU 39 14 2
BLOCK 40 14
UNBLOCK 40 11
CPU 40 12 0
CPU 40 1 1
# CONTEXT CPU 2 40
UNBLOCK 41 14
CPU 41 12 0
CPU 41 1 1
# CONTEXT CPU 2 41
CPU 42 12 0
# CONTEXT CPU 1 42
# CONTEXT CPU 2 42
BLOCK 43 12
# CONTEXT CPU 0 43
CPU 43 3 1
CPU 43 13 2
UNBLOCK 44 12
CPU 44 2 0
CPU 44 3 1
CPU 44 13 2
BLOCK 45 2
BLOCK 45 13
# CONTEXT CPU 0 45
CPU 45 3 1
# CONTEXT CPU 2 45
UNBLOCK 46 2
UNBLOCK 46 13
# CONTEXT CPU 0 46
# CONTEXT CPU 1 46
# CONTEXT CPU 2 46
# CONTEXT CPU 0 47
CPU 47 8 1
# CONTEXT CPU 2 47
CPU 48 4 0
CPU 48 8 1
CPU 48 5 2
BLOCK 49 4
# CONTEXT CPU 0 49
CPU 49 8 1
CPU 49 5 2
BLOCK 50 5
UNBLOCK 50 4
# CONTEXT CPU 0 50
# CONTEXT CPU 1 50
# CONTEXT CPU 2 50
UNBLOCK 51 5
# CONTEXT CPU 0 51
CPU 51 10 1
CPU 51 9 2
BLOCK 52 10
CPU 52 7 0
# CONTEXT CPU 1 52
# CONTEXT CPU 2 52
EXIT 53 7 0
UNBLOCK 53 10
# CONTEXT CPU 0 53
CPU 53 11 1
CPU 53 14 2
BLOCK 54 11
BLOCK 54 14
# CONTEXT CPU 0 54
# CONTEXT CPU 1 54
# CONTEXT CPU 2 54
UNBLOCK 55 11
UNBLOCK 55 14
# CONTEXT CPU 0 55
# CONTEXT CPU 1 55
# CONTEXT CPU 2 55
CPU 56 1 0
# CONTEXT CPU 1 56
# CONTEXT CPU 2 56
CPU 57 1 0
CPU 57 12 1
CPU 57 2 2
EXIT 58 2 2
CPU 58 1 0
CPU 58 12 1
# CONTEXT CPU 2 58
BLOCK 59 12
CPU 59 1 0
# CONTEXT CPU 1 59
CPU 59 13 2
EXIT 60 1 0
BLOCK 60 13
UNBLOCK 60 12
# CONTEXT CPU 0 60
CPU 60 3 1
# CONTEXT CPU 2 60
EXIT 61 3 1
UNBLOCK 61 13
CPU 61 4 0
# CONTEXT CPU 1 61
# CONTEXT CPU 2 61
CPU 62 4 0
# CONTEXT CPU 1 62
# CONTEXT CPU 2 62
CPU 63 4 0
# CONTEXT CPU 1 63
CPU 63 8 2
CPU 64 4 0
CPU 64 5 1
CPU 64 8 2
EXIT 65 4 0
EXIT 65 8 2
# CONTEXT CPU 0 65
CPU 65 5 1
# CONTEXT CPU 2 65
EXIT 66 5 1
# CONTEXT CPU 0 66
# CONTEXT CPU 1 66
# CONTEXT CPU 2 66
# CONTEXT CPU 0 67
CPU 67 11 1
# CONTEXT CPU 2 67
CPU 68 9 0
CPU 68 11 1
CPU 68 10 2
BLOCK 69 9
# CONTEXT CPU 0 69
CPU 69 11 1
CPU 69 10 2
UNBLOCK 70 9
# CONTEXT CPU 0 70
# CONTEXT CPU 1 70
CPU 70 10 2
# CONTEXT CPU 0 71
CPU 71 12 1
CPU 71 10 2
BLOCK 72 12
CPU 72 14 0
# CONTEXT CPU 1 72
CPU 72 10 2
BLOCK 73 14
EXIT 73 10 2
UNBLOCK 73 12
# CONTEXT CPU 0 73
# CONTEXT CPU 1 73
# CONTEXT CPU 2 73
UNBLOCK 74 14
CPU 74 9 0
# CONTEXT CPU 1 74
# CONTEXT CPU 2 74
CPU 75 9 0
CPU 75 13 1
# CONTEXT CPU 2 75
EXIT 76 9 0
# CONTEXT CPU 0 76
CPU 76 13 1
CPU 76 11 2
BLOCK 77 13
# CONTEXT CPU 0 77
# CONTEXT CPU 1 77
CPU 77 11 2
EXIT 78 11 2
UNBLOCK 78 13
# CONTEXT CPU 0 78
# CONTEXT CPU 1 78
# CONTEXT CPU 2 78
CPU 79 12 0
# CONTEXT CPU 1 79
# CONTEXT CPU 2 79
EXIT 80 12 0
CPU 80 -1 0
CPU 80 14 1
# CONTEXT CPU 2 80
BLOCK 81 14
CPU 81 -1 0
CPU 81 -1 1
CPU 81 13 2
EXIT 82 13 2
UNBLOCK 82 14
# CONTEXT CPU 0 82
CPU 82 -1 1
CPU 82 -1 2
# CONTEXT CPU 0 83
CPU 83 -1 1
CPU 83 -1 2
# CONTEXT CPU 0 84
CPU 84 -1 1
CPU 84 -1 2
CPU 85 14 0
CPU 85 -1 1
CPU 85 -1 2
BLOCK 86 14
CPU 86 -1 0
CPU 86 -1 1
CPU 86 -1 2
UNBLOCK 87 14
# CONTEXT CPU 0 87
CPU 87 -1 1
CPU 87 -1 2
CPU 88 14 0
CPU 88 -1 1
CPU 88 -1 2
BLOCK 89 14
CPU 89 -1 0
CPU 89 -1 1
CPU 89 -1 2
UNBLOCK 90 14
# CONTEXT CPU 0 90
CPU 90 -1 1
CPU 90 -1 2
CPU 91 14 0
CPU 91 -1 1
CPU 91 -1 2
BLOCK 92 14
CPU 92 -1 0
CPU 92 -1 1
CPU 92 -1 2
UNBLOCK 93 14
# CONTEXT CPU 0 93
CPU 93 -1 1
CPU 93 -1 2
CPU 94 14 0
CPU 94 -1 1
CPU 94 -1 2
EXIT 95 14 0
CPU 95 -1 0
CPU 95 -1 1
CPU 95 -1 2
