# SETTINGS ../simusched tareas.tsk 4 1 2 SchedRR 4 2 3 3 6
LOAD 0 0
LOAD 0 1
LOAD 0 2
LOAD 0 3
LOAD 0 4
LOAD 0 5
LOAD 0 6
LOAD 0 7
LOAD 0 8
LOAD 0 9
LOAD 0 10
LOAD 0 11
LOAD 0 12
LOAD 0 13
LOAD 0 14
# CONTEXT CPU 0 0
# CONTEXT CPU 1 0
# CONTEXT CPU 2 0
# CONTEXT CPU 3 0
CPU 1 0 0
CPU 1 1 1
CPU 1 2 2
CPU 1 3 3
BLOCK 2 3
CPU 2 0 0
CPU 2 1 1
CPU 2 2 2
# CONTEXT CPU 3 2
UNBLOCK 3 3
CPU 3 0 0
CPU 3 1 1
CPU 3 2 2
CPU 3 4 3
CPU 4 0 0
# CONTEXT CPU 1 4
CPU 4 2 2
CPU 4 4 3
CPU 5 0 0
CPU 5 5 1
# CONTEXT CPU 2 5
CPU 5 4 3
# CONTEXT CPU 0 6
CPU 6 5 1
CPU 6 6 2
CPU 6 4 3
BLOCK 7 4
CPU 7 7 0
CPU 7 5 1
CPU 7 6 2
# CONTEXT CPU 3 7
BLOCK 8 7
UNBLOCK 8 4
# CONTEXT CPU 0 8
# CONTEXT CPU 1 8
CPU 8 6 2
CPU 8 8 3
BLOCK 9 8
UNBLOCK 9 7
CPU 9 9 0
CPU 9 10 1
CPU 9 6 2
# CONTEXT CPU 3 9
UNBLOCK 10 8
CPU 10 9 0
CPU 10 10 1
# CONTEXT CPU 2 10
CPU 10 11 3
BLOCK 11 10
BLOCK 11 11
CPU 11 9 0
# CONTEXT CPU 1 11
CPU 11 12 2
# CONTEXT CPU 3 11
BLOCK 12 12
UNBLOCK 12 10
UNBLOCK 12 11
CPU 12 9 0
CPU 12 13 1
# CONTEXT CPU 2 12
CPU 12 14 3
BLOCK 13 13
BLOCK 13 14
UNBLOCK 13 12
CPU 13 9 0
# CONTEXT CPU 1 13
# CONTEXT CPU 2 13
# CONTEXT CPU 3 13
BLOCK 14 9
UNBLOCK 14 13
UNBLOCK 14 14
# CONTEXT CPU 0 14
CPU 14 1 1
# CONTEXT CPU 2 14
# CONTEXT CPU 3 14
UNBLOCK 15 9
CPU 15 0 0
CPU 15 1 1
CPU 15 3 2
# CONTEXT CPU 3 15
BLOCK 16 0
# CONTEXT CPU 0 16
# CONTEXT CPU 1 16
CPU 16 3 2
CPU 16 2 3
UNBLOCK 17 0
# CONTEXT CPU 0 17
CPU 17 5 1
CPU 17 3 2
# CONTEXT CPU 3 17
BLOCK 18 5
# CONTEXT CPU 0 18
# CONTEXT CPU 1 18
CPU 18 3 2
# CONTEXT CPU 3 18
UNBLOCK 19 5
CPU 19 4 0
# CONTEXT CPU 1 19
# CONTEXT CPU 2 19
# CONTEXT CPU 3 19
# CONTEXT CPU 0 20
# CONTEXT CPU 1 20
CPU 20 6 2
CPU 20 7 3
# CONTEXT CPU 0 21
CPU 21 8 1
CPU 21 6 2
CPU 21 7 3
BLOCK 22 6
# CONTEXT CPU 0 22
CPU 22 8 1
# CONTEXT CPU 2 22
CPU 22 7 3
UNBLOCK 23 6
CPU 23 10 0
CPU 23 8 1
# CONTEXT CPU 2 23
CPU 23 7 3
BLOCK 24 10
BLOCK 24 8
# CONTEXT CPU 0 24
# CONTEXT CPU 1 24
# CONTEXT CPU 2 24
# CONTEXT CPU 3 24
UNBLOCK 25 8
UNBLOCK 25 10
# CONTEXT CPU 0 25
CPU 25 13 1
CPU 25 11 2
CPU 25 14 3
BLOCK 26 14
# CONTEXT CPU 0 26
# CONTEXT CPU 1 26
CPU 26 11 2
# CONTEXT CPU 3 26
BLOCK 27 11
UNBLOCK 27 14
CPU 27 12 0
# CONTEXT CPU 1 27
# CONTEXT CPU 2 27
# CONTEXT CPU 3 27
BLOCK 28 12
UNBLOCK 28 11
# CONTEXT CPU 0 28
# CONTEXT CPU 1 28
# CONTEXT CPU 2 28
# CONTEXT CPU 3 28
UNBLOCK 29 12
# CONTEXT CPU 0 29
CPU 29 9 1
# CONTEXT CPU 2 29
CPU 29 1 3
BLOCK 30 9
# CONTEXT CPU 0 30
# CONTEXT CPU 1 30
CPU 30 0 2
CPU 30 1 3
BLOCK 31 1
UNBLOCK 31 9
CPU 31 2 0
CPU 31 5 1
CPU 31 0 2
# CONTEXT CPU 3 31
UNBLOCK 32 1
CPU 32 2 0
CPU 32 5 1
# CONTEXT CPU 2 32
# CONTEXT CPU 3 32
BLOCK 33 2
# CONTEXT CPU 0 33
CPU 33 5 1
# CONTEXT CPU 2 33
# CONTEXT CPU 3 33
UNBLOCK 34 2
# CONTEXT CPU 0 34
# CONTEXT CPU 1 34
# CONTEXT CPU 2 34
CPU 34 3 3
# CONTEXT CPU 0 35
# CONTEXT CPU 1 35
CPU 35 4 2
CPU 35 3 3
CPU 36 6 0
# CONTEXT CPU 1 36
CPU 36 4 2
CPU 36 3 3
CPU 37 6 0
CPU 37 7 1
CPU 37 4 2
# CONTEXT CPU 3 37
CPU 38 6 0
CPU 38 7 1
CPU 38 4 2
# CONTEXT CPU 3 38
EXIT 39 6 0
EXIT 39 4 2
# CONTEXT CPU 0 39
CPU 39 7 1
# CONTEXT CPU 2 39
# CONTEXT CPU 3 39
CPU 40 10 0
# CONTEXT CPU 1 40
# CONTEXT CPU 2 40
CPU 40 8 3
CPU 41 10 0
# CONTEXT CPU 1 41
# CONTEXT CPU 2 41
CPU 41 8 3
CPU 42 10 0
# CONTEXT CPU 1 42
CPU 42 13 2
CPU 42 8 3
CPU 43 10 0
CPU 43 14 1
CPU 43 13 2
CPU 43 8 3
BLOCK 44 14
CPU 44 10 0
# CONTEXT CPU 1 44
CPU 44 13 2
# CONTEXT CPU 3 44
BLOCK 45 13
UNBLOCK 45 14
# CONTEXT CPU 0 45
# CONTEXT CPU 1 45
# CONTEXT CPU 2 45
# CONTEXT CPU 3 45
UNBLOCK 46 13
# CONTEXT CPU 0 46
# CONTEXT CPU 1 46
# CONTEXT CPU 2 46
# CONTEXT CPU 3 46
# CONTEXT CPU 0 47
CPU 47 11 1
# CONTEXT CPU 2 47
CPU 47 12 3
BLOCK 48 12
CPU 48 9 0
CPU 48 11 1
CPU 48 1 2
# CONTEXT CPU 3 48
UNBLOCK 49 12
CPU 49 9 0
CPU 49 11 1
CPU 49 1 2
# CONTEXT CPU 3 49
EXIT 50 1 2
CPU 50 9 0
# CONTEXT CPU 1 50
# CONTEXT CPU 2 50
# CONTEXT CPU 3 50
EXIT 51 9 0
# CONTEXT CPU 0 51
# CONTEXT CPU 1 51
# CONTEXT CPU 2 51
CPU 51 0 3
EXIT 52 0 3
# CONTEXT CPU 0 52
# CONTEXT CPU 1 52
# CONTEXT CPU 2 52
# CONTEXT CPU 3 52
# CONTEXT CPU 0 53
CPU 53 2 1
CPU 53 5 2
# CONTEXT CPU 3 53
CPU 54 3 0
CPU 54 2 1
CPU 54 5 2
# CONTEXT CPU 3 54
EXIT 55 3 0
EXIT 55 2 1
EXIT 55 5 2
# CONTEXT CPU 0 55
# CONTEXT CPU 1 55
# CONTEXT CPU 2 55
CPU 55 7 3
EXIT 56 7 3
# CONTEXT CPU 0 56
CPU 56 14 1
# CONTEXT CPU 2 56
# CONTEXT CPU 3 56
BLOCK 57 14
# CONTEXT CPU 0 57
# CONTEXT CPU 1 57
# CONTEXT CPU 2 57
# CONTEXT CPU 3 57
UNBLOCK 58 14
CPU 58 8 0
# CONTEXT CPU 1 58
CPU 58 10 2
# CONTEXT CPU 3 58
EXIT 59 8 0
EXIT 59 10 2
# CONTEXT CPU 0 59
# CONTEXT CPU 1 59
# CONTEXT CPU 2 59
CPU 59 13 3
BLOCK 60 13
# CONTEXT CPU 0 60
CPU 60 12 1
# CONTEXT CPU 2 60
CPU 60 -1 3
BLOCK 61 12
UNBLOCK 61 13
# CONTEXT CPU 0 61
# CONTEXT CPU 1 61
# CONTEXT CPU 2 61
CPU 61 -1 3
UNBLOCK 62 12
CPU 62 11 0
# CONTEXT CPU 1 62
CPU 62 14 2
# CONTEXT CPU 3 62
BLOCK 63 14
CPU 63 11 0
# CONTEXT CPU 1 63
CPU 63 -1 2
# CONTEXT CPU 3 63
UNBLOCK 64 14
CPU 64 11 0
CPU 64 13 1
# CONTEXT CPU 2 64
# CONTEXT CPU 3 64
EXIT 65 11 0
CPU 65 -1 0
CPU 65 13 1
CPU 65 14 2
CPU 65 12 3
BLOCK 66 13
BLOCK 66 14
CPU 66 -1 0
CPU 66 -1 1
CPU 66 -1 2
CPU 66 12 3
UNBLOCK 67 13
UNBLOCK 67 14
# CONTEXT CPU 0 67
# CONTEXT CPU 1 67
CPU 67 -1 2
CPU 67 12 3
# CONTEXT CPU 0 68
# CONTEXT CPU 1 68
CPU 68 -1 2
CPU 68 12 3
# CONTEXT CPU 0 69
# CONTEXT CPU 1 69
CPU 69 -1 2
CPU 69 12 3
EXIT 70 12 3
CPU 70 13 0
CPU 70 14 1
CPU 70 -1 2
CPU 70 -1 3
EXIT 71 13 0
BLOCK 71 14
CPU 71 -1 0
CPU 71 -1 1
CPU 71 -1 2
CPU 71 -1 3
UNBLOCK 72 14
# CONTEXT CPU 0 72
CPU 72 -1 1
CPU 72 -1 2
CPU 72 -1 3
# CONTEXT CPU 0 73
CPU 73 -1 1
CPU 73 -1 2
CPU 73 -1 3
# CONTEXT CPU 0 74
CPU 74 -1 1
CPU 74 -1 2
CPU 74 -1 3
CPU 75 14 0
CPU 75 -1 1
CPU 75 -1 2
CPU 75 -1 3
BLOCK 76 14
CPU 76 -1 0
CPU 76 -1 1
CPU 76 -1 2
CPU 76 -1 3
UNBLOCK 77 14
# CONTEXT CPU 0 77
CPU 77 -1 1
CPU 77 -1 2
CPU 77 -1 3
CPU 78 14 0
CPU 78 -1 1
CPU 78 -1 2
CPU 78 -1 3
EXIT 79 14 0
CPU 79 -1 0
CPU 79 -1 1
CPU 79 -1 2
CPU 79 -1 3
