# SETTINGS ../simusched tareas.tsk 3 1 2 SchedRR 3 4 8 8
LOAD 0 0
LOAD 0 1
LOAD 0 2
LOAD 0 3
LOAD 0 4
LOAD 0 5
LOAD 0 6
LOAD 0 7
LOAD 0 8
LOAD 0 9
LOAD 0 10
LOAD 0 11
LOAD 0 12
LOAD 0 13
LOAD 0 14
# CONTEXT CPU 0 0
# CONTEXT CPU 1 0
# CONTEXT CPU 2 0
CPU 1 0 0
CPU 1 1 1
CPU 1 2 2
BLOCK 2 1
CPU 2 0 0
# CONTEXT CPU 1 2
CPU 2 2 2
UNBLOCK 3 1
CPU 3 0 0
CPU 3 3 1
CPU 3 2 2
BLOCK 4 3
CPU 4 0 0
# CONTEXT CPU 1 4
CPU 4 2 2
UNBLOCK 5 3
# CONTEXT CPU 0 5
CPU 5 4 1
CPU 5 2 2
CPU 6 5 0
CPU 6 4 1
CPU 6 2 2
CPU 7 5 0
CPU 7 4 1
CPU 7 2 2
BLOCK 8 2
CPU 8 5 0
CPU 8 4 1
# CONTEXT CPU 2 8
UNBLOCK 9 2
CPU 9 5 0
CPU 9 4 1
CPU 9 6 2
# CONTEXT CPU 0 10
# CONTEXT CPU 1 10
CPU 10 6 2
CPU 11 7 0
CPU 11 8 1
CPU 11 6 2
CPU 12 7 0
CPU 12 8 1
# CONTEXT CPU 2 12
CPU 13 7 0
CPU 13 8 1
CPU 13 9 2
CPU 14 7 0
CPU 14 8 1
CPU 14 9 2
BLOCK 15 9
# CONTEXT CPU 0 15
CPU 15 8 1
# CONTEXT CPU 2 15
UNBLOCK 16 9
CPU 16 10 0
# CONTEXT CPU 1 16
CPU 16 11 2
CPU 17 10 0
CPU 17 12 1
CPU 17 11 2
BLOCK 18 10
BLOCK 18 12
# CONTEXT CPU 0 18
# CONTEXT CPU 1 18
CPU 18 11 2
BLOCK 19 11
UNBLOCK 19 10
UNBLOCK 19 12
CPU 19 13 0
CPU 19 14 1
# CONTEXT CPU 2 19
BLOCK 20 14
UNBLOCK 20 11
CPU 20 13 0
# CONTEXT CPU 1 20
# CONTEXT CPU 2 20
BLOCK 21 13
UNBLOCK 21 14
# CONTEXT CPU 0 21
CPU 21 3 1
# CONTEXT CPU 2 21
UNBLOCK 22 13
CPU 22 0 0
CPU 22 3 1
CPU 22 1 2
BLOCK 23 0
# CONTEXT CPU 0 23
CPU 23 3 1
CPU 23 1 2
UNBLOCK 24 0
# CONTEXT CPU 0 24
CPU 24 3 1
CPU 24 1 2
# CONTEXT CPU 0 25
CPU 25 3 1
CPU 25 1 2
CPU 26 2 0
# CONTEXT CPU 1 26
CPU 26 1 2
CPU 27 2 0
# CONTEXT CPU 1 27
CPU 27 1 2
EXIT 28 2 0
# CONTEXT CPU 0 28
# CONTEXT CPU 1 28
# CONTEXT CPU 2 28
# CONTEXT CPU 0 29
CPU 29 5 1
CPU 29 6 2
# CONTEXT CPU 0 30
CPU 30 5 1
CPU 30 6 2
BLOCK 31 5
CPU 31 4 0
# CONTEXT CPU 1 31
CPU 31 6 2
BLOCK 32 6
UNBLOCK 32 5
CPU 32 4 0
# CONTEXT CPU 1 32
# CONTEXT CPU 2 32
UNBLOCK 33 6
CPU 33 4 0
# CONTEXT CPU 1 33
CPU 33 9 2
BLOCK 34 4
# CONTEXT CPU 0 34
CPU 34 7 1
CPU 34 9 2
BLOCK 35 9
UNBLOCK 35 4
# CONTEXT CPU 0 35
CPU 35 7 1
# CONTEXT CPU 2 35
UNBLOCK 36 9
# CONTEXT CPU 0 36
CPU 36 7 1
# CONTEXT CPU 2 36
BLOCK 37 7
CPU 37 8 0
# CONTEXT CPU 1 37
# CONTEXT CPU 2 37
UNBLOCK 38 7
CPU 38 8 0
CPU 38 12 1
CPU 38 10 2
BLOCK 39 8
BLOCK 39 12
BLOCK 39 10
# CONTEXT CPU 0 39
# CONTEXT CPU 1 39
# CONTEXT CPU 2 39
UNBLOCK 40 8
UNBLOCK 40 10
UNBLOCK 40 12
# CONTEXT CPU 0 40
CPU 40 14 1
# CONTEXT CPU 2 40
BLOCK 41 14
# CONTEXT CPU 0 41
# CONTEXT CPU 1 41
# CONTEXT CPU 2 41
UNBLOCK 42 14
CPU 42 11 0
# CONTEXT CPU 1 42
CPU 42 13 2
# CONTEXT CPU 0 43
# CONTEXT CPU 1 43
CPU 43 13 2
BLOCK 44 13
# CONTEXT CPU 0 44
CPU 44 0 1
# CONTEXT CPU 2 44
UNBLOCK 45 13
# CONTEXT CPU 0 45
CPU 45 0 1
CPU 45 1 2
CPU 46 3 0
# CONTEXT CPU 1 46
CPU 46 1 2
EXIT 47 1 2
CPU 47 3 0
CPU 47 5 1
# CONTEXT CPU 2 47
CPU 48 3 0
CPU 48 5 1
CPU 48 6 2
EXIT 49 3 0
# CONTEXT CPU 0 49
CPU 49 5 1
CPU 49 6 2
EXIT 50 5 1
CPU 50 4 0
# CONTEXT CPU 1 50
CPU 50 6 2
EXIT 51 4 0
EXIT 51 6 2
# CONTEXT CPU 0 51
# CONTEXT CPU 1 51
# CONTEXT CPU 2 51
# CONTEXT CPU 0 52
# CONTEXT CPU 1 52
# CONTEXT CPU 2 52
# CONTEXT CPU 0 53
CPU 53 9 1
# CONTEXT CPU 2 53
CPU 54 7 0
CPU 54 9 1
CPU 54 8 2
BLOCK 55 8
CPU 55 7 0
CPU 55 9 1
# CONTEXT CPU 2 55
EXIT 56 7 0
UNBLOCK 56 8
# CONTEXT CPU 0 56
CPU 56 9 1
CPU 56 10 2
# CONTEXT CPU 0 57
CPU 57 9 1
CPU 57 10 2
EXIT 58 9 1
# CONTEXT CPU 0 58
# CONTEXT CPU 1 58
CPU 58 10 2
CPU 59 12 0
CPU 59 14 1
CPU 59 10 2
BLOCK 60 12
BLOCK 60 14
# CONTEXT CPU 0 60
# CONTEXT CPU 1 60
CPU 60 10 2
UNBLOCK 61 12
UNBLOCK 61 14
CPU 61 11 0
# CONTEXT CPU 1 61
CPU 61 10 2
EXIT 62 10 2
CPU 62 11 0
# CONTEXT CPU 1 62
# CONTEXT CPU 2 62
CPU 63 11 0
CPU 63 13 1
# CONTEXT CPU 2 63
CPU 64 11 0
CPU 64 13 1
# CONTEXT CPU 2 64
BLOCK 65 11
BLOCK 65 13
# CONTEXT CPU 0 65
# CONTEXT CPU 1 65
CPU 65 0 2
UNBLOCK 66 11
UNBLOCK 66 13
# CONTEXT CPU 0 66
# CONTEXT CPU 1 66
CPU 66 0 2
EXIT 67 0 2
# CONTEXT CPU 0 67
# CONTEXT CPU 1 67
# CONTEXT CPU 2 67
CPU 68 8 0
CPU 68 12 1
# CONTEXT CPU 2 68
EXIT 69 8 0
# CONTEXT CPU 0 69
CPU 69 12 1
# CONTEXT CPU 2 69
CPU 70 11 0
CPU 70 12 1
CPU 70 14 2
EXIT 71 11 0
BLOCK 71 14
# CONTEXT CPU 0 71
CPU 71 12 1
CPU 71 -1 2
BLOCK 72 12
UNBLOCK 72 14
# CONTEXT CPU 0 72
# CONTEXT CPU 1 72
CPU 72 -1 2
UNBLOCK 73 12
# CONTEXT CPU 0 73
# CONTEXT CPU 1 73
# CONTEXT CPU 2 73
CPU 74 13 0
# CONTEXT CPU 1 74
# CONTEXT CPU 2 74
BLOCK 75 13
CPU 75 -1 0
CPU 75 14 1
# CONTEXT CPU 2 75
BLOCK 76 14
UNBLOCK 76 13
# CONTEXT CPU 0 76
CPU 76 -1 1
CPU 76 12 2
UNBLOCK 77 14
CPU 77 13 0
# CONTEXT CPU 1 77
CPU 77 12 2
EXIT 78 12 2
CPU 78 13 0
CPU 78 14 1
CPU 78 -1 2
EXIT 79 13 0
BLOCK 79 14
CPU 79 -1 0
CPU 79 -1 1
CPU 79 -1 2
UNBLOCK 80 14
# CONTEXT CPU 0 80
CPU 80 -1 1
CPU 80 -1 2
# CONTEXT CPU 0 81
CPU 81 -1 1
CPU 81 -1 2
# CONTEXT CPU 0 82
CPU 82 -1 1
CPU 82 -1 2
CPU 83 14 0
CPU 83 -1 1
CPU 83 -1 2
BLOCK 84 14
CPU 84 -1 0
CPU 84 -1 1
CPU 84 -1 2
UNBLOCK 85 14
# CONTEXT CPU 0 85
CPU 85 -1 1
CPU 85 -1 2
CPU 86 14 0
CPU 86 -1 1
CPU 86 -1 2
BLOCK 87 14
CPU 87 -1 0
CPU 87 -1 1
CPU 87 -1 2
UNBLOCK 88 14
# CONTEXT CPU 0 88
CPU 88 -1 1
CPU 88 -1 2
CPU 89 14 0
CPU 89 -1 1
CPU 89 -1 2
EXIT 90 14 0
CPU 90 -1 0
CPU 90 -1 1
CPU 90 -1 2
