# SETTINGS ../simusched tareas.tsk 4 1 2 SchedRR 4 6 7 8 8
LOAD 0 0
LOAD 0 1
LOAD 0 2
LOAD 0 3
LOAD 0 4
LOAD 0 5
LOAD 0 6
LOAD 0 7
LOAD 0 8
LOAD 0 9
LOAD 0 10
LOAD 0 11
LOAD 0 12
LOAD 0 13
LOAD 0 14
# CONTEXT CPU 0 0
# CONTEXT CPU 1 0
# CONTEXT CPU 2 0
# CONTEXT CPU 3 0
CPU 1 0 0
CPU 1 1 1
CPU 1 2 2
CPU 1 3 3
CPU 2 0 0
CPU 2 1 1
CPU 2 2 2
CPU 2 3 3
BLOCK 3 1
CPU 3 0 0
# CONTEXT CPU 1 3
CPU 3 2 2
CPU 3 3 3
BLOCK 4 3
UNBLOCK 4 1
CPU 4 0 0
CPU 4 4 1
CPU 4 2 2
# CONTEXT CPU 3 4
UNBLOCK 5 3
CPU 5 0 0
CPU 5 4 1
CPU 5 2 2
CPU 5 5 3
BLOCK 6 0
# CONTEXT CPU 0 6
CPU 6 4 1
CPU 6 2 2
CPU 6 5 3
BLOCK 7 2
UNBLOCK 7 0
CPU 7 6 0
CPU 7 4 1
# CONTEXT CPU 2 7
CPU 7 5 3
UNBLOCK 8 2
# CONTEXT CPU 0 8
CPU 8 4 1
CPU 8 7 2
CPU 8 5 3
BLOCK 9 4
CPU 9 8 0
# CONTEXT CPU 1 9
CPU 9 7 2
CPU 9 5 3
BLOCK 10 8
UNBLOCK 10 4
# CONTEXT CPU 0 10
CPU 10 9 1
CPU 10 7 2
CPU 10 5 3
BLOCK 11 5
UNBLOCK 11 8
CPU 11 10 0
CPU 11 9 1
# CONTEXT CPU 2 11
# CONTEXT CPU 3 11
BLOCK 12 9
UNBLOCK 12 5
CPU 12 10 0
# CONTEXT CPU 1 12
CPU 12 11 2
CPU 12 12 3
UNBLOCK 13 9
CPU 13 10 0
CPU 13 13 1
CPU 13 11 2
CPU 13 12 3
BLOCK 14 10
BLOCK 14 12
# CONTEXT CPU 0 14
# CONTEXT CPU 1 14
CPU 14 11 2
# CONTEXT CPU 3 14
BLOCK 15 11
UNBLOCK 15 10
UNBLOCK 15 12
CPU 15 14 0
CPU 15 1 1
# CONTEXT CPU 2 15
CPU 15 3 3
BLOCK 16 14
UNBLOCK 16 11
# CONTEXT CPU 0 16
CPU 16 1 1
# CONTEXT CPU 2 16
# CONTEXT CPU 3 16
UNBLOCK 17 14
# CONTEXT CPU 0 17
CPU 17 1 1
# CONTEXT CPU 2 17
# CONTEXT CPU 3 17
# CONTEXT CPU 0 18
CPU 18 1 1
CPU 18 0 2
# CONTEXT CPU 3 18
CPU 19 2 0
CPU 19 1 1
CPU 19 0 2
CPU 19 6 3
CPU 20 2 0
CPU 20 1 1
CPU 20 0 2
CPU 20 6 3
BLOCK 21 6
CPU 21 2 0
CPU 21 1 1
CPU 21 0 2
# CONTEXT CPU 3 21
EXIT 22 2 0
EXIT 22 1 1
EXIT 22 0 2
UNBLOCK 22 6
# CONTEXT CPU 0 22
# CONTEXT CPU 1 22
# CONTEXT CPU 2 22
# CONTEXT CPU 3 22
CPU 23 8 0
# CONTEXT CPU 1 23
# CONTEXT CPU 2 23
# CONTEXT CPU 3 23
CPU 24 8 0
# CONTEXT CPU 1 24
# CONTEXT CPU 2 24
CPU 24 4 3
CPU 25 8 0
CPU 25 7 1
CPU 25 5 2
CPU 25 4 3
CPU 26 8 0
CPU 26 7 1
CPU 26 5 2
CPU 26 4 3
BLOCK 27 7
CPU 27 8 0
# CONTEXT CPU 1 27
CPU 27 5 2
CPU 27 4 3
BLOCK 28 8
EXIT 28 5 2
EXIT 28 4 3
UNBLOCK 28 7
# CONTEXT CPU 0 28
CPU 28 9 1
# CONTEXT CPU 2 28
# CONTEXT CPU 3 28
UNBLOCK 29 8
# CONTEXT CPU 0 29
CPU 29 9 1
# CONTEXT CPU 2 29
CPU 29 12 3
BLOCK 30 12
# CONTEXT CPU 0 30
CPU 30 9 1
# CONTEXT CPU 2 30
# CONTEXT CPU 3 30
UNBLOCK 31 12
CPU 31 13 0
CPU 31 9 1
CPU 31 10 2
# CONTEXT CPU 3 31
# CONTEXT CPU 0 32
CPU 32 9 1
CPU 32 10 2
# CONTEXT CPU 3 32
BLOCK 33 10
# CONTEXT CPU 0 33
CPU 33 9 1
# CONTEXT CPU 2 33
CPU 33 11 3
BLOCK 34 9
UNBLOCK 34 10
# CONTEXT CPU 0 34
# CONTEXT CPU 1 34
# CONTEXT CPU 2 34
CPU 34 11 3
BLOCK 35 11
UNBLOCK 35 9
CPU 35 3 0
# CONTEXT CPU 1 35
# CONTEXT CPU 2 35
# CONTEXT CPU 3 35
UNBLOCK 36 11
CPU 36 3 0
# CONTEXT CPU 1 36
CPU 36 14 2
# CONTEXT CPU 3 36
BLOCK 37 14
CPU 37 3 0
CPU 37 6 1
# CONTEXT CPU 2 37
# CONTEXT CPU 3 37
UNBLOCK 38 14
CPU 38 3 0
# CONTEXT CPU 1 38
# CONTEXT CPU 2 38
CPU 38 7 3
CPU 39 3 0
# CONTEXT CPU 1 39
# CONTEXT CPU 2 39
CPU 39 7 3
EXIT 40 3 0
# CONTEXT CPU 0 40
# CONTEXT CPU 1 40
CPU 40 8 2
CPU 40 7 3
CPU 41 13 0
CPU 41 12 1
CPU 41 8 2
CPU 41 7 3
BLOCK 42 13
BLOCK 42 12
EXIT 42 7 3
# CONTEXT CPU 0 42
# CONTEXT CPU 1 42
CPU 42 8 2
# CONTEXT CPU 3 42
EXIT 43 8 2
UNBLOCK 43 12
UNBLOCK 43 13
# CONTEXT CPU 0 43
CPU 43 9 1
# CONTEXT CPU 2 43
CPU 43 11 3
EXIT 44 9 1
# CONTEXT CPU 0 44
# CONTEXT CPU 1 44
CPU 44 14 2
CPU 44 11 3
BLOCK 45 14
CPU 45 10 0
CPU 45 6 1
# CONTEXT CPU 2 45
CPU 45 11 3
UNBLOCK 46 14
CPU 46 10 0
CPU 46 6 1
# CONTEXT CPU 2 46
CPU 46 11 3
EXIT 47 11 3
CPU 47 10 0
CPU 47 6 1
# CONTEXT CPU 2 47
# CONTEXT CPU 3 47
CPU 48 10 0
CPU 48 6 1
CPU 48 12 2
# CONTEXT CPU 3 48
EXIT 49 10 0
# CONTEXT CPU 0 49
CPU 49 6 1
CPU 49 12 2
# CONTEXT CPU 3 49
EXIT 50 6 1
BLOCK 50 12
# CONTEXT CPU 0 50
CPU 50 -1 1
CPU 50 -1 2
CPU 50 13 3
UNBLOCK 51 12
# CONTEXT CPU 0 51
# CONTEXT CPU 1 51
CPU 51 -1 2
CPU 51 13 3
BLOCK 52 13
CPU 52 14 0
# CONTEXT CPU 1 52
CPU 52 -1 2
CPU 52 -1 3
BLOCK 53 14
UNBLOCK 53 13
# CONTEXT CPU 0 53
# CONTEXT CPU 1 53
CPU 53 -1 2
CPU 53 -1 3
UNBLOCK 54 14
# CONTEXT CPU 0 54
CPU 54 12 1
# CONTEXT CPU 2 54
CPU 54 -1 3
# CONTEXT CPU 0 55
CPU 55 12 1
# CONTEXT CPU 2 55
CPU 55 -1 3
CPU 56 13 0
CPU 56 12 1
# CONTEXT CPU 2 56
CPU 56 -1 3
BLOCK 57 13
EXIT 57 12 1
CPU 57 -1 0
CPU 57 -1 1
CPU 57 14 2
CPU 57 -1 3
BLOCK 58 14
UNBLOCK 58 13
# CONTEXT CPU 0 58
CPU 58 -1 1
CPU 58 -1 2
CPU 58 -1 3
UNBLOCK 59 14
CPU 59 13 0
# CONTEXT CPU 1 59
CPU 59 -1 2
CPU 59 -1 3
BLOCK 60 13
CPU 60 -1 0
# CONTEXT CPU 1 60
CPU 60 -1 2
CPU 60 -1 3
UNBLOCK 61 13
# CONTEXT CPU 0 61
# CONTEXT CPU 1 61
CPU 61 -1 2
CPU 61 -1 3
CPU 62 13 0
CPU 62 14 1
CPU 62 -1 2
CPU 62 -1 3
BLOCK 63 14
CPU 63 13 0
CPU 63 -1 1
CPU 63 -1 2
CPU 63 -1 3
EXIT 64 13 0
UNBLOCK 64 14
# CONTEXT CPU 0 64
CPU 64 -1 1
CPU 64 -1 2
CPU 64 -1 3
# CONTEXT CPU 0 65
CPU 65 -1 1
CPU 65 -1 2
CPU 65 -1 3
# CONTEXT CPU 0 66
CPU 66 -1 1
CPU 66 -1 2
CPU 66 -1 3
CPU 67 14 0
CPU 67 -1 1
CPU 67 -1 2
CPU 67 -1 3
BLOCK 68 14
CPU 68 -1 0
CPU 68 -1 1
CPU 68 -1 2
CPU 68 -1 3
UNBLOCK 69 14
# CONTEXT CPU 0 69
CPU 69 -1 1
CPU 69 -1 2
CPU 69 -1 3
CPU 70 14 0
CPU 70 -1 1
CPU 70 -1 2
CPU 70 -1 3
BLOCK 71 14
CPU 71 -1 0
CPU 71 -1 1
CPU 71 -1 2
CPU 71 -1 3
UNBLOCK 72 14
# CONTEXT CPU 0 72
CPU 72 -1 1
CPU 72 -1 2
CPU 72 -1 3
CPU 73 14 0
CPU 73 -1 1
CPU 73 -1 2
CPU 73 -1 3
EXIT 74 14 0
CPU 74 -1 0
CPU 74 -1 1
CPU 74 -1 2
CPU 74 -1 3
