# SETTINGS ../simusched tareas.tsk 4 1 2 SchedRR 4 2 2 2 3
LOAD 0 0
LOAD 0 1
LOAD 0 2
LOAD 0 3
# CONTEXT CPU 0 0
# CONTEXT CPU 1 0
# CONTEXT CPU 2 0
# CONTEXT CPU 3 0
CPU 1 0 0
CPU 1 1 1
CPU 1 2 2
CPU 1 3 3
BLOCK 2 3
CPU 2 0 0
CPU 2 1 1
CPU 2 2 2
CPU 2 -1 3
UNBLOCK 3 3
CPU 3 0 0
CPU 3 1 1
CPU 3 2 2
# CONTEXT CPU 3 3
BLOCK 4 2
CPU 4 0 0
CPU 4 1 1
CPU 4 -1 2
CPU 4 3 3
BLOCK 5 3
UNBLOCK 5 2
CPU 5 0 0
CPU 5 1 1
# CONTEXT CPU 2 5
CPU 5 -1 3
BLOCK 6 0
UNBLOCK 6 3
# CONTEXT CPU 0 6
CPU 6 1 1
CPU 6 2 2
CPU 6 -1 3
UNBLOCK 7 0
# CONTEXT CPU 0 7
# CONTEXT CPU 1 7
CPU 7 2 2
# CONTEXT CPU 3 7
BLOCK 8 2
# CONTEXT CPU 0 8
# CONTEXT CPU 1 8
CPU 8 -1 2
# CONTEXT CPU 3 8
UNBLOCK 9 2
CPU 9 3 0
# CONTEXT CPU 1 9
# CONTEXT CPU 2 9
# CONTEXT CPU 3 9
BLOCK 10 3
CPU 10 -1 0
CPU 10 0 1
CPU 10 2 2
CPU 10 1 3
BLOCK 11 2
BLOCK 11 1
UNBLOCK 11 3
# CONTEXT CPU 0 11
CPU 11 0 1
CPU 11 -1 2
CPU 11 -1 3
UNBLOCK 12 1
UNBLOCK 12 2
CPU 12 3 0
CPU 12 0 1
# CONTEXT CPU 2 12
# CONTEXT CPU 3 12
BLOCK 13 3
CPU 13 -1 0
CPU 13 0 1
# CONTEXT CPU 2 13
# CONTEXT CPU 3 13
EXIT 14 0 1
UNBLOCK 14 3
# CONTEXT CPU 0 14
CPU 14 -1 1
# CONTEXT CPU 2 14
# CONTEXT CPU 3 14
CPU 15 3 0
CPU 15 -1 1
CPU 15 1 2
CPU 15 2 3
BLOCK 16 3
BLOCK 16 1
CPU 16 -1 0
CPU 16 -1 1
CPU 16 -1 2
CPU 16 2 3
BLOCK 17 2
UNBLOCK 17 1
UNBLOCK 17 3
# CONTEXT CPU 0 17
# CONTEXT CPU 1 17
CPU 17 -1 2
CPU 17 -1 3
UNBLOCK 18 2
# CONTEXT CPU 0 18
# CONTEXT CPU 1 18
# CONTEXT CPU 2 18
CPU 18 -1 3
# CONTEXT CPU 0 19
# CONTEXT CPU 1 19
# CONTEXT CPU 2 19
CPU 19 -1 3
CPU 20 1 0
CPU 20 3 1
# CONTEXT CPU 2 20
CPU 20 -1 3
EXIT 21 1 0
BLOCK 21 3
CPU 21 -1 0
CPU 21 -1 1
CPU 21 2 2
CPU 21 -1 3
EXIT 22 2 2
UNBLOCK 22 3
# CONTEXT CPU 0 22
CPU 22 -1 1
CPU 22 -1 2
CPU 22 -1 3
# CONTEXT CPU 0 23
CPU 23 -1 1
CPU 23 -1 2
CPU 23 -1 3
# CONTEXT CPU 0 24
CPU 24 -1 1
CPU 24 -1 2
CPU 24 -1 3
CPU 25 3 0
CPU 25 -1 1
CPU 25 -1 2
CPU 25 -1 3
BLOCK 26 3
CPU 26 -1 0
CPU 26 -1 1
CPU 26 -1 2
CPU 26 -1 3
UNBLOCK 27 3
# CONTEXT CPU 0 27
CPU 27 -1 1
CPU 27 -1 2
CPU 27 -1 3
CPU 28 3 0
CPU 28 -1 1
CPU 28 -1 2
CPU 28 -1 3
BLOCK 29 3
CPU 29 -1 0
CPU 29 -1 1
CPU 29 -1 2
CPU 29 -1 3
UNBLOCK 30 3
# CONTEXT CPU 0 30
CPU 30 -1 1
CPU 30 -1 2
CPU 30 -1 3
CPU 31 3 0
CPU 31 -1 1
CPU 31 -1 2
CPU 31 -1 3
EXIT 32 3 0
CPU 32 -1 0
CPU 32 -1 1
CPU 32 -1 2
CPU 32 -1 3
