# SETTINGS ../simusched tareas.tsk 4 1 2 SchedRR 4 1 1 2 7
LOAD 0 0
LOAD 0 1
LOAD 0 2
LOAD 0 3
LOAD 0 4
LOAD 0 5
LOAD 0 6
LOAD 0 7
LOAD 0 8
LOAD 0 9
LOAD 0 10
LOAD 0 11
LOAD 0 12
LOAD 0 13
LOAD 0 14
# CONTEXT CPU 0 0
# CONTEXT CPU 1 0
# CONTEXT CPU 2 0
# CONTEXT CPU 3 0
CPU 1 0 0
CPU 1 1 1
CPU 1 2 2
CPU 1 3 3
CPU 2 0 0
CPU 2 1 1
CPU 2 2 2
CPU 2 3 3
CPU 3 0 0
# CONTEXT CPU 1 3
# CONTEXT CPU 2 3
CPU 3 3 3
BLOCK 4 0
# CONTEXT CPU 0 4
CPU 4 4 1
CPU 4 5 2
# CONTEXT CPU 3 4
UNBLOCK 5 0
CPU 5 6 0
CPU 5 4 1
CPU 5 5 2
CPU 5 7 3
BLOCK 6 5
CPU 6 6 0
# CONTEXT CPU 1 6
# CONTEXT CPU 2 6
CPU 6 7 3
UNBLOCK 7 5
CPU 7 6 0
CPU 7 8 1
CPU 7 9 2
CPU 7 7 3
BLOCK 8 9
# CONTEXT CPU 0 8
CPU 8 8 1
# CONTEXT CPU 2 8
# CONTEXT CPU 3 8
BLOCK 9 8
UNBLOCK 9 9
CPU 9 10 0
# CONTEXT CPU 1 9
CPU 9 11 2
CPU 9 12 3
BLOCK 10 10
UNBLOCK 10 8
# CONTEXT CPU 0 10
CPU 10 13 1
# CONTEXT CPU 2 10
CPU 10 12 3
BLOCK 11 12
UNBLOCK 11 10
CPU 11 14 0
# CONTEXT CPU 1 11
# CONTEXT CPU 2 11
# CONTEXT CPU 3 11
BLOCK 12 14
UNBLOCK 12 12
# CONTEXT CPU 0 12
# CONTEXT CPU 1 12
# CONTEXT CPU 2 12
CPU 12 3 3
UNBLOCK 13 14
CPU 13 0 0
# CONTEXT CPU 1 13
CPU 13 1 2
CPU 13 3 3
BLOCK 14 3
CPU 14 0 0
CPU 14 2 1
CPU 14 1 2
# CONTEXT CPU 3 14
UNBLOCK 15 3
CPU 15 0 0
CPU 15 2 1
# CONTEXT CPU 2 15
# CONTEXT CPU 3 15
CPU 16 0 0
# CONTEXT CPU 1 16
CPU 16 5 2
# CONTEXT CPU 3 16
CPU 17 0 0
# CONTEXT CPU 1 17
CPU 17 5 2
CPU 17 4 3
# CONTEXT CPU 0 18
# CONTEXT CPU 1 18
# CONTEXT CPU 2 18
# CONTEXT CPU 3 18
# CONTEXT CPU 0 19
CPU 19 6 1
CPU 19 9 2
# CONTEXT CPU 3 19
BLOCK 20 6
# CONTEXT CPU 0 20
# CONTEXT CPU 1 20
CPU 20 9 2
# CONTEXT CPU 3 20
UNBLOCK 21 6
CPU 21 7 0
# CONTEXT CPU 1 21
# CONTEXT CPU 2 21
CPU 21 8 3
CPU 22 7 0
# CONTEXT CPU 1 22
# CONTEXT CPU 2 22
CPU 22 8 3
BLOCK 23 8
CPU 23 7 0
CPU 23 11 1
# CONTEXT CPU 2 23
# CONTEXT CPU 3 23
UNBLOCK 24 8
CPU 24 7 0
CPU 24 11 1
CPU 24 10 2
# CONTEXT CPU 3 24
BLOCK 25 11
CPU 25 7 0
# CONTEXT CPU 1 25
CPU 25 10 2
# CONTEXT CPU 3 25
BLOCK 26 7
BLOCK 26 10
UNBLOCK 26 11
# CONTEXT CPU 0 26
# CONTEXT CPU 1 26
# CONTEXT CPU 2 26
CPU 26 13 3
UNBLOCK 27 7
UNBLOCK 27 10
CPU 27 14 0
# CONTEXT CPU 1 27
# CONTEXT CPU 2 27
CPU 27 13 3
BLOCK 28 14
# CONTEXT CPU 0 28
CPU 28 12 1
# CONTEXT CPU 2 28
# CONTEXT CPU 3 28
UNBLOCK 29 14
# CONTEXT CPU 0 29
# CONTEXT CPU 1 29
CPU 29 3 2
# CONTEXT CPU 3 29
# CONTEXT CPU 0 30
# CONTEXT CPU 1 30
# CONTEXT CPU 2 30
# CONTEXT CPU 3 30
CPU 31 1 0
# CONTEXT CPU 1 31
CPU 31 5 2
CPU 31 2 3
# CONTEXT CPU 0 32
CPU 32 0 1
CPU 32 5 2
CPU 32 2 3
EXIT 33 0 1
# CONTEXT CPU 0 33
# CONTEXT CPU 1 33
# CONTEXT CPU 2 33
CPU 33 2 3
BLOCK 34 2
# CONTEXT CPU 0 34
CPU 34 6 1
CPU 34 9 2
# CONTEXT CPU 3 34
BLOCK 35 9
UNBLOCK 35 2
CPU 35 4 0
CPU 35 6 1
# CONTEXT CPU 2 35
CPU 35 8 3
UNBLOCK 36 9
CPU 36 4 0
# CONTEXT CPU 1 36
# CONTEXT CPU 2 36
# CONTEXT CPU 3 36
CPU 37 4 0
# CONTEXT CPU 1 37
# CONTEXT CPU 2 37
# CONTEXT CPU 3 37
CPU 38 4 0
# CONTEXT CPU 1 38
CPU 38 11 2
# CONTEXT CPU 3 38
BLOCK 39 4
BLOCK 39 11
# CONTEXT CPU 0 39
CPU 39 7 1
# CONTEXT CPU 2 39
CPU 39 10 3
EXIT 40 7 1
UNBLOCK 40 4
UNBLOCK 40 11
# CONTEXT CPU 0 40
# CONTEXT CPU 1 40
# CONTEXT CPU 2 40
CPU 40 10 3
# CONTEXT CPU 0 41
CPU 41 12 1
# CONTEXT CPU 2 41
CPU 41 10 3
BLOCK 42 12
CPU 42 13 0
# CONTEXT CPU 1 42
CPU 42 14 2
# CONTEXT CPU 3 42
BLOCK 43 13
BLOCK 43 14
UNBLOCK 43 12
# CONTEXT CPU 0 43
# CONTEXT CPU 1 43
# CONTEXT CPU 2 43
# CONTEXT CPU 3 43
UNBLOCK 44 13
UNBLOCK 44 14
# CONTEXT CPU 0 44
# CONTEXT CPU 1 44
# CONTEXT CPU 2 44
# CONTEXT CPU 3 44
# CONTEXT CPU 0 45
CPU 45 3 1
# CONTEXT CPU 2 45
CPU 45 1 3
CPU 46 5 0
CPU 46 3 1
CPU 46 2 2
CPU 46 1 3
CPU 47 5 0
# CONTEXT CPU 1 47
CPU 47 2 2
CPU 47 1 3
EXIT 48 2 2
BLOCK 48 1
# CONTEXT CPU 0 48
# CONTEXT CPU 1 48
# CONTEXT CPU 2 48
# CONTEXT CPU 3 48
UNBLOCK 49 1
# CONTEXT CPU 0 49
# CONTEXT CPU 1 49
# CONTEXT CPU 2 49
# CONTEXT CPU 3 49
# CONTEXT CPU 0 50
CPU 50 9 1
# CONTEXT CPU 2 50
# CONTEXT CPU 3 50
CPU 51 6 0
CPU 51 9 1
CPU 51 8 2
CPU 51 4 3
CPU 52 6 0
# CONTEXT CPU 1 52
CPU 52 8 2
# CONTEXT CPU 3 52
CPU 53 6 0
# CONTEXT CPU 1 53
# CONTEXT CPU 2 53
CPU 53 10 3
EXIT 54 6 0
# CONTEXT CPU 0 54
# CONTEXT CPU 1 54
# CONTEXT CPU 2 54
CPU 54 10 3
CPU 55 13 0
CPU 55 11 1
# CONTEXT CPU 2 55
CPU 55 10 3
BLOCK 56 13
EXIT 56 10 3
# CONTEXT CPU 0 56
CPU 56 11 1
CPU 56 12 2
# CONTEXT CPU 3 56
UNBLOCK 57 13
# CONTEXT CPU 0 57
# CONTEXT CPU 1 57
CPU 57 12 2
# CONTEXT CPU 3 57
# CONTEXT CPU 0 58
# CONTEXT CPU 1 58
# CONTEXT CPU 2 58
# CONTEXT CPU 3 58
CPU 59 14 0
# CONTEXT CPU 1 59
# CONTEXT CPU 2 59
CPU 59 3 3
BLOCK 60 14
EXIT 60 3 3
# CONTEXT CPU 0 60
CPU 60 5 1
# CONTEXT CPU 2 60
# CONTEXT CPU 3 60
EXIT 61 5 1
UNBLOCK 61 14
# CONTEXT CPU 0 61
# CONTEXT CPU 1 61
CPU 61 1 2
CPU 61 4 3
EXIT 62 1 2
EXIT 62 4 3
# CONTEXT CPU 0 62
# CONTEXT CPU 1 62
# CONTEXT CPU 2 62
# CONTEXT CPU 3 62
CPU 63 9 0
# CONTEXT CPU 1 63
# CONTEXT CPU 2 63
# CONTEXT CPU 3 63
CPU 64 9 0
CPU 64 8 1
# CONTEXT CPU 2 64
# CONTEXT CPU 3 64
CPU 65 9 0
CPU 65 8 1
CPU 65 13 2
CPU 65 11 3
EXIT 66 9 0
EXIT 66 8 1
BLOCK 66 13
# CONTEXT CPU 0 66
# CONTEXT CPU 1 66
CPU 66 -1 2
CPU 66 11 3
UNBLOCK 67 13
# CONTEXT CPU 0 67
# CONTEXT CPU 1 67
# CONTEXT CPU 2 67
CPU 67 11 3
EXIT 68 11 3
# CONTEXT CPU 0 68
# CONTEXT CPU 1 68
CPU 68 13 2
CPU 68 -1 3
BLOCK 69 13
CPU 69 12 0
CPU 69 14 1
CPU 69 -1 2
CPU 69 -1 3
BLOCK 70 12
BLOCK 70 14
UNBLOCK 70 13
# CONTEXT CPU 0 70
CPU 70 -1 1
CPU 70 -1 2
CPU 70 -1 3
UNBLOCK 71 12
UNBLOCK 71 14
# CONTEXT CPU 0 71
# CONTEXT CPU 1 71
# CONTEXT CPU 2 71
CPU 71 -1 3
# CONTEXT CPU 0 72
# CONTEXT CPU 1 72
# CONTEXT CPU 2 72
CPU 72 -1 3
CPU 73 13 0
# CONTEXT CPU 1 73
# CONTEXT CPU 2 73
CPU 73 -1 3
CPU 74 13 0
CPU 74 12 1
CPU 74 14 2
CPU 74 -1 3
EXIT 75 13 0
BLOCK 75 12
BLOCK 75 14
CPU 75 -1 0
CPU 75 -1 1
CPU 75 -1 2
CPU 75 -1 3
UNBLOCK 76 12
UNBLOCK 76 14
# CONTEXT CPU 0 76
# CONTEXT CPU 1 76
CPU 76 -1 2
CPU 76 -1 3
# CONTEXT CPU 0 77
# CONTEXT CPU 1 77
CPU 77 -1 2
CPU 77 -1 3
# CONTEXT CPU 0 78
# CONTEXT CPU 1 78
CPU 78 -1 2
CPU 78 -1 3
CPU 79 12 0
CPU 79 14 1
CPU 79 -1 2
CPU 79 -1 3
EXIT 80 12 0
BLOCK 80 14
CPU 80 -1 0
CPU 80 -1 1
CPU 80 -1 2
CPU 80 -1 3
UNBLOCK 81 14
# CONTEXT CPU 0 81
CPU 81 -1 1
CPU 81 -1 2
CPU 81 -1 3
# CONTEXT CPU 0 82
CPU 82 -1 1
CPU 82 -1 2
CPU 82 -1 3
# CONTEXT CPU 0 83
CPU 83 -1 1
CPU 83 -1 2
CPU 83 -1 3
CPU 84 14 0
CPU 84 -1 1
CPU 84 -1 2
CPU 84 -1 3
BLOCK 85 14
CPU 85 -1 0
CPU 85 -1 1
CPU 85 -1 2
CPU 85 -1 3
UNBLOCK 86 14
# CONTEXT CPU 0 86
CPU 86 -1 1
CPU 86 -1 2
CPU 86 -1 3
CPU 87 14 0
CPU 87 -1 1
CPU 87 -1 2
CPU 87 -1 3
EXIT 88 14 0
CPU 88 -1 0
CPU 88 -1 1
CPU 88 -1 2
CPU 88 -1 3
