# SETTINGS ../simusched tareas.tsk 4 1 2 SchedRR 4 1 3 4 4
LOAD 0 0
LOAD 0 1
LOAD 0 2
LOAD 0 3
LOAD 0 4
LOAD 0 5
LOAD 0 6
LOAD 0 7
LOAD 0 8
LOAD 0 9
LOAD 0 10
LOAD 0 11
LOAD 0 12
LOAD 0 13
LOAD 0 14
# CONTEXT CPU 0 0
# CONTEXT CPU 1 0
# CONTEXT CPU 2 0
# CONTEXT CPU 3 0
CPU 1 0 0
CPU 1 1 1
CPU 1 2 2
CPU 1 3 3
CPU 2 0 0
CPU 2 1 1
CPU 2 2 2
CPU 2 3 3
BLOCK 3 0
# CONTEXT CPU 0 3
# CONTEXT CPU 1 3
CPU 3 2 2
CPU 3 3 3
BLOCK 4 2
UNBLOCK 4 0
CPU 4 4 0
CPU 4 5 1
# CONTEXT CPU 2 4
CPU 4 3 3
UNBLOCK 5 2
CPU 5 4 0
CPU 5 5 1
CPU 5 6 2
CPU 5 3 3
CPU 6 4 0
# CONTEXT CPU 1 6
CPU 6 6 2
# CONTEXT CPU 3 6
CPU 7 4 0
CPU 7 7 1
# CONTEXT CPU 2 7
CPU 7 8 3
BLOCK 8 7
BLOCK 8 8
# CONTEXT CPU 0 8
# CONTEXT CPU 1 8
CPU 8 9 2
# CONTEXT CPU 3 8
UNBLOCK 9 7
UNBLOCK 9 8
CPU 9 10 0
CPU 9 11 1
CPU 9 9 2
CPU 9 12 3
BLOCK 10 12
CPU 10 10 0
CPU 10 11 1
CPU 10 9 2
# CONTEXT CPU 3 10
UNBLOCK 11 12
CPU 11 10 0
# CONTEXT CPU 1 11
CPU 11 9 2
CPU 11 13 3
BLOCK 12 10
BLOCK 12 13
# CONTEXT CPU 0 12
CPU 12 14 1
# CONTEXT CPU 2 12
# CONTEXT CPU 3 12
BLOCK 13 14
UNBLOCK 13 10
UNBLOCK 13 13
# CONTEXT CPU 0 13
# CONTEXT CPU 1 13
# CONTEXT CPU 2 13
# CONTEXT CPU 3 13
UNBLOCK 14 14
# CONTEXT CPU 0 14
CPU 14 5 1
# CONTEXT CPU 2 14
# CONTEXT CPU 3 14
CPU 15 1 0
CPU 15 5 1
CPU 15 0 2
CPU 15 2 3
BLOCK 16 5
CPU 16 1 0
# CONTEXT CPU 1 16
CPU 16 0 2
CPU 16 2 3
UNBLOCK 17 5
CPU 17 1 0
# CONTEXT CPU 1 17
CPU 17 0 2
CPU 17 2 3
# CONTEXT CPU 0 18
# CONTEXT CPU 1 18
CPU 18 0 2
CPU 18 2 3
# CONTEXT CPU 0 19
CPU 19 3 1
# CONTEXT CPU 2 19
CPU 19 2 3
# CONTEXT CPU 0 20
# CONTEXT CPU 1 20
# CONTEXT CPU 2 20
# CONTEXT CPU 3 20
CPU 21 6 0
CPU 21 7 1
# CONTEXT CPU 2 21
CPU 21 8 3
CPU 22 6 0
CPU 22 7 1
CPU 22 4 2
CPU 22 8 3
CPU 23 6 0
# CONTEXT CPU 1 23
CPU 23 4 2
CPU 23 8 3
CPU 24 6 0
# CONTEXT CPU 1 24
CPU 24 4 2
CPU 24 8 3
CPU 25 6 0
# CONTEXT CPU 1 25
CPU 25 4 2
CPU 25 8 3
BLOCK 26 6
BLOCK 26 4
# CONTEXT CPU 0 26
CPU 26 12 1
# CONTEXT CPU 2 26
# CONTEXT CPU 3 26
BLOCK 27 12
UNBLOCK 27 4
UNBLOCK 27 6
# CONTEXT CPU 0 27
# CONTEXT CPU 1 27
CPU 27 9 2
# CONTEXT CPU 3 27
UNBLOCK 28 12
# CONTEXT CPU 0 28
# CONTEXT CPU 1 28
# CONTEXT CPU 2 28
# CONTEXT CPU 3 28
CPU 29 11 0
# CONTEXT CPU 1 29
# CONTEXT CPU 2 29
CPU 29 10 3
# CONTEXT CPU 0 30
CPU 30 13 1
# CONTEXT CPU 2 30
CPU 30 10 3
BLOCK 31 13
BLOCK 31 10
# CONTEXT CPU 0 31
# CONTEXT CPU 1 31
CPU 31 14 2
# CONTEXT CPU 3 31
BLOCK 32 14
UNBLOCK 32 10
UNBLOCK 32 13
# CONTEXT CPU 0 32
# CONTEXT CPU 1 32
# CONTEXT CPU 2 32
# CONTEXT CPU 3 32
UNBLOCK 33 14
CPU 33 5 0
# CONTEXT CPU 1 33
# CONTEXT CPU 2 33
# CONTEXT CPU 3 33
CPU 34 5 0
CPU 34 1 1
# CONTEXT CPU 2 34
CPU 34 0 3
CPU 35 5 0
CPU 35 1 1
CPU 35 3 2
CPU 35 0 3
BLOCK 36 3
CPU 36 5 0
# CONTEXT CPU 1 36
# CONTEXT CPU 2 36
CPU 36 0 3
EXIT 37 0 3
UNBLOCK 37 3
CPU 37 5 0
# CONTEXT CPU 1 37
# CONTEXT CPU 2 37
# CONTEXT CPU 3 37
EXIT 38 5 0
# CONTEXT CPU 0 38
# CONTEXT CPU 1 38
# CONTEXT CPU 2 38
CPU 38 8 3
BLOCK 39 8
# CONTEXT CPU 0 39
CPU 39 2 1
CPU 39 7 2
# CONTEXT CPU 3 39
EXIT 40 2 1
UNBLOCK 40 8
# CONTEXT CPU 0 40
# CONTEXT CPU 1 40
CPU 40 7 2
# CONTEXT CPU 3 40
CPU 41 4 0
CPU 41 12 1
CPU 41 7 2
# CONTEXT CPU 3 41
EXIT 42 4 0
BLOCK 42 12
# CONTEXT CPU 0 42
# CONTEXT CPU 1 42
CPU 42 7 2
CPU 42 6 3
UNBLOCK 43 12
# CONTEXT CPU 0 43
# CONTEXT CPU 1 43
# CONTEXT CPU 2 43
CPU 43 6 3
EXIT 44 6 3
# CONTEXT CPU 0 44
# CONTEXT CPU 1 44
# CONTEXT CPU 2 44
# CONTEXT CPU 3 44
CPU 45 9 0
CPU 45 11 1
# CONTEXT CPU 2 45
# CONTEXT CPU 3 45
BLOCK 46 9
BLOCK 46 11
# CONTEXT CPU 0 46
# CONTEXT CPU 1 46
CPU 46 10 2
# CONTEXT CPU 3 46
UNBLOCK 47 9
UNBLOCK 47 11
# CONTEXT CPU 0 47
CPU 47 1 1
CPU 47 10 2
CPU 47 13 3
BLOCK 48 1
# CONTEXT CPU 0 48
# CONTEXT CPU 1 48
CPU 48 10 2
CPU 48 13 3
UNBLOCK 49 1
CPU 49 14 0
# CONTEXT CPU 1 49
CPU 49 10 2
CPU 49 13 3
BLOCK 50 14
EXIT 50 10 2
# CONTEXT CPU 0 50
# CONTEXT CPU 1 50
# CONTEXT CPU 2 50
CPU 50 13 3
BLOCK 51 13
UNBLOCK 51 14
# CONTEXT CPU 0 51
CPU 51 3 1
# CONTEXT CPU 2 51
# CONTEXT CPU 3 51
UNBLOCK 52 13
# CONTEXT CPU 0 52
CPU 52 3 1
# CONTEXT CPU 2 52
# CONTEXT CPU 3 52
EXIT 53 3 1
CPU 53 8 0
# CONTEXT CPU 1 53
CPU 53 12 2
# CONTEXT CPU 3 53
CPU 54 8 0
# CONTEXT CPU 1 54
CPU 54 12 2
CPU 54 7 3
EXIT 55 8 0
BLOCK 55 12
# CONTEXT CPU 0 55
# CONTEXT CPU 1 55
# CONTEXT CPU 2 55
CPU 55 7 3
EXIT 56 7 3
UNBLOCK 56 12
# CONTEXT CPU 0 56
CPU 56 9 1
# CONTEXT CPU 2 56
# CONTEXT CPU 3 56
# CONTEXT CPU 0 57
CPU 57 9 1
# CONTEXT CPU 2 57
# CONTEXT CPU 3 57
BLOCK 58 9
CPU 58 11 0
# CONTEXT CPU 1 58
CPU 58 1 2
# CONTEXT CPU 3 58
EXIT 59 1 2
UNBLOCK 59 9
CPU 59 11 0
# CONTEXT CPU 1 59
# CONTEXT CPU 2 59
CPU 59 14 3
BLOCK 60 14
CPU 60 11 0
# CONTEXT CPU 1 60
CPU 60 12 2
# CONTEXT CPU 3 60
UNBLOCK 61 14
CPU 61 11 0
CPU 61 13 1
CPU 61 12 2
# CONTEXT CPU 3 61
BLOCK 62 11
# CONTEXT CPU 0 62
CPU 62 13 1
CPU 62 12 2
# CONTEXT CPU 3 62
BLOCK 63 13
UNBLOCK 63 11
# CONTEXT CPU 0 63
# CONTEXT CPU 1 63
CPU 63 12 2
CPU 63 9 3
EXIT 64 12 2
EXIT 64 9 3
UNBLOCK 64 13
# CONTEXT CPU 0 64
# CONTEXT CPU 1 64
# CONTEXT CPU 2 64
CPU 64 -1 3
CPU 65 14 0
# CONTEXT CPU 1 65
# CONTEXT CPU 2 65
CPU 65 -1 3
BLOCK 66 14
CPU 66 -1 0
CPU 66 11 1
# CONTEXT CPU 2 66
CPU 66 -1 3
EXIT 67 11 1
UNBLOCK 67 14
# CONTEXT CPU 0 67
CPU 67 -1 1
CPU 67 13 2
CPU 67 -1 3
EXIT 68 13 2
CPU 68 14 0
CPU 68 -1 1
CPU 68 -1 2
CPU 68 -1 3
BLOCK 69 14
CPU 69 -1 0
CPU 69 -1 1
CPU 69 -1 2
CPU 69 -1 3
UNBLOCK 70 14
# CONTEXT CPU 0 70
CPU 70 -1 1
CPU 70 -1 2
CPU 70 -1 3
CPU 71 14 0
CPU 71 -1 1
CPU 71 -1 2
CPU 71 -1 3
BLOCK 72 14
CPU 72 -1 0
CPU 72 -1 1
CPU 72 -1 2
CPU 72 -1 3
UNBLOCK 73 14
# CONTEXT CPU 0 73
CPU 73 -1 1
CPU 73 -1 2
CPU 73 -1 3
CPU 74 14 0
CPU 74 -1 1
CPU 74 -1 2
CPU 74 -1 3
BLOCK 75 14
CPU 75 -1 0
CPU 75 -1 1
CPU 75 -1 2
CPU 75 -1 3
UNBLOCK 76 14
# CONTEXT CPU 0 76
CPU 76 -1 1
CPU 76 -1 2
CPU 76 -1 3
CPU 77 14 0
CPU 77 -1 1
CPU 77 -1 2
CPU 77 -1 3
EXIT 78 14 0
CPU 78 -1 0
CPU 78 -1 1
CPU 78 -1 2
CPU 78 -1 3
