# SETTINGS ../simusched tareas.tsk 4 1 2 SchedRR 4 2 2 8 8
LOAD 0 0
LOAD 0 1
LOAD 0 2
LOAD 0 3
LOAD 0 4
LOAD 0 5
LOAD 0 6
LOAD 0 7
LOAD 0 8
LOAD 0 9
LOAD 0 10
LOAD 0 11
LOAD 0 12
LOAD 0 13
LOAD 0 14
# CONTEXT CPU 0 0
# CONTEXT CPU 1 0
# CONTEXT CPU 2 0
# CONTEXT CPU 3 0
CPU 1 0 0
CPU 1 1 1
CPU 1 2 2
CPU 1 3 3
BLOCK 2 3
CPU 2 0 0
CPU 2 1 1
CPU 2 2 2
# CONTEXT CPU 3 2
UNBLOCK 3 3
CPU 3 0 0
CPU 3 1 1
CPU 3 2 2
CPU 3 4 3
CPU 4 0 0
# CONTEXT CPU 1 4
# CONTEXT CPU 2 4
CPU 4 4 3
CPU 5 0 0
CPU 5 5 1
CPU 5 6 2
CPU 5 4 3
# CONTEXT CPU 0 6
CPU 6 5 1
CPU 6 6 2
CPU 6 4 3
BLOCK 7 4
CPU 7 7 0
CPU 7 5 1
CPU 7 6 2
# CONTEXT CPU 3 7
BLOCK 8 7
UNBLOCK 8 4
# CONTEXT CPU 0 8
# CONTEXT CPU 1 8
# CONTEXT CPU 2 8
CPU 8 8 3
BLOCK 9 8
UNBLOCK 9 7
CPU 9 9 0
CPU 9 10 1
CPU 9 11 2
# CONTEXT CPU 3 9
BLOCK 10 11
UNBLOCK 10 8
CPU 10 9 0
CPU 10 10 1
# CONTEXT CPU 2 10
CPU 10 12 3
BLOCK 11 10
BLOCK 11 12
UNBLOCK 11 11
CPU 11 9 0
# CONTEXT CPU 1 11
CPU 11 13 2
# CONTEXT CPU 3 11
BLOCK 12 13
UNBLOCK 12 10
UNBLOCK 12 12
CPU 12 9 0
CPU 12 14 1
# CONTEXT CPU 2 12
CPU 12 3 3
BLOCK 13 14
UNBLOCK 13 13
CPU 13 9 0
# CONTEXT CPU 1 13
# CONTEXT CPU 2 13
CPU 13 3 3
BLOCK 14 9
UNBLOCK 14 14
# CONTEXT CPU 0 14
# CONTEXT CPU 1 14
# CONTEXT CPU 2 14
CPU 14 3 3
UNBLOCK 15 9
CPU 15 0 0
# CONTEXT CPU 1 15
CPU 15 1 2
CPU 15 3 3
BLOCK 16 0
# CONTEXT CPU 0 16
CPU 16 2 1
CPU 16 1 2
CPU 16 3 3
UNBLOCK 17 0
# CONTEXT CPU 0 17
CPU 17 2 1
CPU 17 1 2
CPU 17 3 3
# CONTEXT CPU 0 18
# CONTEXT CPU 1 18
# CONTEXT CPU 2 18
# CONTEXT CPU 3 18
CPU 19 4 0
CPU 19 5 1
CPU 19 6 2
# CONTEXT CPU 3 19
BLOCK 20 5
# CONTEXT CPU 0 20
# CONTEXT CPU 1 20
CPU 20 6 2
# CONTEXT CPU 3 20
UNBLOCK 21 5
# CONTEXT CPU 0 21
# CONTEXT CPU 1 21
CPU 21 6 2
CPU 21 7 3
BLOCK 22 6
# CONTEXT CPU 0 22
# CONTEXT CPU 1 22
# CONTEXT CPU 2 22
CPU 22 7 3
UNBLOCK 23 6
CPU 23 8 0
CPU 23 11 1
# CONTEXT CPU 2 23
CPU 23 7 3
CPU 24 8 0
CPU 24 11 1
# CONTEXT CPU 2 24
CPU 24 7 3
BLOCK 25 11
CPU 25 8 0
# CONTEXT CPU 1 25
CPU 25 10 2
CPU 25 7 3
BLOCK 26 8
BLOCK 26 10
UNBLOCK 26 11
# CONTEXT CPU 0 26
# CONTEXT CPU 1 26
# CONTEXT CPU 2 26
CPU 26 7 3
UNBLOCK 27 8
UNBLOCK 27 10
# CONTEXT CPU 0 27
# CONTEXT CPU 1 27
# CONTEXT CPU 2 27
CPU 27 7 3
# CONTEXT CPU 0 28
CPU 28 12 1
# CONTEXT CPU 2 28
CPU 28 7 3
BLOCK 29 12
EXIT 29 7 3
CPU 29 13 0
# CONTEXT CPU 1 29
CPU 29 14 2
# CONTEXT CPU 3 29
BLOCK 30 14
UNBLOCK 30 12
CPU 30 13 0
# CONTEXT CPU 1 30
# CONTEXT CPU 2 30
# CONTEXT CPU 3 30
UNBLOCK 31 14
CPU 31 13 0
# CONTEXT CPU 1 31
# CONTEXT CPU 2 31
# CONTEXT CPU 3 31
# CONTEXT CPU 0 32
CPU 32 9 1
# CONTEXT CPU 2 32
CPU 32 0 3
BLOCK 33 9
# CONTEXT CPU 0 33
# CONTEXT CPU 1 33
CPU 33 2 2
CPU 33 0 3
UNBLOCK 34 9
# CONTEXT CPU 0 34
# CONTEXT CPU 1 34
# CONTEXT CPU 2 34
CPU 34 0 3
EXIT 35 0 3
CPU 35 1 0
# CONTEXT CPU 1 35
# CONTEXT CPU 2 35
# CONTEXT CPU 3 35
BLOCK 36 1
# CONTEXT CPU 0 36
CPU 36 3 1
# CONTEXT CPU 2 36
# CONTEXT CPU 3 36
UNBLOCK 37 1
# CONTEXT CPU 0 37
CPU 37 3 1
CPU 37 4 2
# CONTEXT CPU 3 37
EXIT 38 3 1
# CONTEXT CPU 0 38
# CONTEXT CPU 1 38
CPU 38 4 2
CPU 38 5 3
CPU 39 6 0
CPU 39 11 1
CPU 39 4 2
CPU 39 5 3
CPU 40 6 0
CPU 40 11 1
# CONTEXT CPU 2 40
CPU 40 5 3
CPU 41 6 0
CPU 41 11 1
# CONTEXT CPU 2 41
CPU 41 5 3
EXIT 42 6 0
# CONTEXT CPU 0 42
# CONTEXT CPU 1 42
# CONTEXT CPU 2 42
CPU 42 5 3
EXIT 43 5 3
# CONTEXT CPU 0 43
CPU 43 12 1
CPU 43 8 2
# CONTEXT CPU 3 43
BLOCK 44 12
# CONTEXT CPU 0 44
# CONTEXT CPU 1 44
CPU 44 8 2
# CONTEXT CPU 3 44
UNBLOCK 45 12
CPU 45 10 0
# CONTEXT CPU 1 45
CPU 45 8 2
# CONTEXT CPU 3 45
CPU 46 10 0
# CONTEXT CPU 1 46
# CONTEXT CPU 2 46
CPU 46 14 3
BLOCK 47 14
CPU 47 10 0
CPU 47 13 1
# CONTEXT CPU 2 47
# CONTEXT CPU 3 47
BLOCK 48 13
UNBLOCK 48 14
CPU 48 10 0
# CONTEXT CPU 1 48
# CONTEXT CPU 2 48
# CONTEXT CPU 3 48
UNBLOCK 49 13
CPU 49 10 0
# CONTEXT CPU 1 49
CPU 49 9 2
# CONTEXT CPU 3 49
# CONTEXT CPU 0 50
# CONTEXT CPU 1 50
CPU 50 9 2
CPU 50 2 3
BLOCK 51 2
# CONTEXT CPU 0 51
CPU 51 1 1
CPU 51 9 2
# CONTEXT CPU 3 51
EXIT 52 9 2
UNBLOCK 52 2
# CONTEXT CPU 0 52
CPU 52 1 1
# CONTEXT CPU 2 52
# CONTEXT CPU 3 52
EXIT 53 1 1
CPU 53 4 0
# CONTEXT CPU 1 53
# CONTEXT CPU 2 53
# CONTEXT CPU 3 53
EXIT 54 4 0
# CONTEXT CPU 0 54
# CONTEXT CPU 1 54
# CONTEXT CPU 2 54
CPU 54 11 3
# CONTEXT CPU 0 55
# CONTEXT CPU 1 55
CPU 55 12 2
CPU 55 11 3
BLOCK 56 12
# CONTEXT CPU 0 56
CPU 56 8 1
# CONTEXT CPU 2 56
CPU 56 11 3
EXIT 57 11 3
UNBLOCK 57 12
CPU 57 14 0
CPU 57 8 1
# CONTEXT CPU 2 57
# CONTEXT CPU 3 57
BLOCK 58 14
EXIT 58 8 1
# CONTEXT CPU 0 58
# CONTEXT CPU 1 58
# CONTEXT CPU 2 58
# CONTEXT CPU 3 58
UNBLOCK 59 14
# CONTEXT CPU 0 59
# CONTEXT CPU 1 59
CPU 59 13 2
# CONTEXT CPU 3 59
BLOCK 60 13
# CONTEXT CPU 0 60
# CONTEXT CPU 1 60
# CONTEXT CPU 2 60
CPU 60 10 3
EXIT 61 10 3
UNBLOCK 61 13
CPU 61 2 0
CPU 61 12 1
# CONTEXT CPU 2 61
# CONTEXT CPU 3 61
CPU 62 2 0
CPU 62 12 1
# CONTEXT CPU 2 62
# CONTEXT CPU 3 62
EXIT 63 2 0
CPU 63 -1 0
CPU 63 12 1
CPU 63 14 2
# CONTEXT CPU 3 63
BLOCK 64 14
CPU 64 -1 0
CPU 64 12 1
CPU 64 -1 2
CPU 64 13 3
UNBLOCK 65 14
# CONTEXT CPU 0 65
CPU 65 12 1
CPU 65 -1 2
CPU 65 13 3
EXIT 66 12 1
BLOCK 66 13
# CONTEXT CPU 0 66
CPU 66 -1 1
CPU 66 -1 2
CPU 66 -1 3
UNBLOCK 67 13
# CONTEXT CPU 0 67
# CONTEXT CPU 1 67
CPU 67 -1 2
CPU 67 -1 3
CPU 68 14 0
# CONTEXT CPU 1 68
CPU 68 -1 2
CPU 68 -1 3
BLOCK 69 14
CPU 69 -1 0
# CONTEXT CPU 1 69
CPU 69 -1 2
CPU 69 -1 3
UNBLOCK 70 14
# CONTEXT CPU 0 70
CPU 70 13 1
CPU 70 -1 2
CPU 70 -1 3
EXIT 71 13 1
CPU 71 14 0
CPU 71 -1 1
CPU 71 -1 2
CPU 71 -1 3
BLOCK 72 14
CPU 72 -1 0
CPU 72 -1 1
CPU 72 -1 2
CPU 72 -1 3
UNBLOCK 73 14
# CONTEXT CPU 0 73
CPU 73 -1 1
CPU 73 -1 2
CPU 73 -1 3
CPU 74 14 0
CPU 74 -1 1
CPU 74 -1 2
CPU 74 -1 3
BLOCK 75 14
CPU 75 -1 0
CPU 75 -1 1
CPU 75 -1 2
CPU 75 -1 3
UNBLOCK 76 14
# CONTEXT CPU 0 76
CPU 76 -1 1
CPU 76 -1 2
CPU 76 -1 3
CPU 77 14 0
CPU 77 -1 1
CPU 77 -1 2
CPU 77 -1 3
EXIT 78 14 0
CPU 78 -1 0
CPU 78 -1 1
CPU 78 -1 2
CPU 78 -1 3
