# SETTINGS ../simusched tareas.tsk 4 1 2 SchedRR 4 3 3 8 8
LOAD 0 0
LOAD 0 1
LOAD 0 2
LOAD 0 3
LOAD 0 4
LOAD 0 5
LOAD 0 6
LOAD 0 7
LOAD 0 8
LOAD 0 9
LOAD 0 10
LOAD 0 11
LOAD 0 12
LOAD 0 13
LOAD 0 14
# CONTEXT CPU 0 0
# CONTEXT CPU 1 0
# CONTEXT CPU 2 0
# CONTEXT CPU 3 0
CPU 1 0 0
CPU 1 1 1
CPU 1 2 2
CPU 1 3 3
CPU 2 0 0
CPU 2 1 1
CPU 2 2 2
CPU 2 3 3
CPU 3 0 0
CPU 3 1 1
CPU 3 2 2
CPU 3 3 3
BLOCK 4 0
BLOCK 4 1
BLOCK 4 3
# CONTEXT CPU 0 4
# CONTEXT CPU 1 4
CPU 4 2 2
# CONTEXT CPU 3 4
BLOCK 5 2
UNBLOCK 5 0
UNBLOCK 5 1
UNBLOCK 5 3
CPU 5 4 0
CPU 5 5 1
# CONTEXT CPU 2 5
CPU 5 6 3
UNBLOCK 6 2
CPU 6 4 0
CPU 6 5 1
CPU 6 7 2
CPU 6 6 3
CPU 7 4 0
# CONTEXT CPU 1 7
# CONTEXT CPU 2 7
CPU 7 6 3
# CONTEXT CPU 0 8
CPU 8 8 1
CPU 8 9 2
CPU 8 6 3
BLOCK 9 8
CPU 9 10 0
# CONTEXT CPU 1 9
CPU 9 9 2
CPU 9 6 3
UNBLOCK 10 8
CPU 10 10 0
CPU 10 11 1
CPU 10 9 2
CPU 10 6 3
BLOCK 11 10
BLOCK 11 9
# CONTEXT CPU 0 11
CPU 11 11 1
# CONTEXT CPU 2 11
CPU 11 6 3
UNBLOCK 12 9
UNBLOCK 12 10
CPU 12 12 0
CPU 12 11 1
CPU 12 13 2
# CONTEXT CPU 3 12
CPU 13 12 0
CPU 13 11 1
CPU 13 13 2
CPU 13 14 3
BLOCK 14 12
BLOCK 14 11
BLOCK 14 14
# CONTEXT CPU 0 14
# CONTEXT CPU 1 14
# CONTEXT CPU 2 14
# CONTEXT CPU 3 14
UNBLOCK 15 11
UNBLOCK 15 12
UNBLOCK 15 14
CPU 15 0 0
CPU 15 1 1
# CONTEXT CPU 2 15
# CONTEXT CPU 3 15
CPU 16 0 0
# CONTEXT CPU 1 16
# CONTEXT CPU 2 16
# CONTEXT CPU 3 16
CPU 17 0 0
CPU 17 5 1
CPU 17 3 2
CPU 17 2 3
# CONTEXT CPU 0 18
CPU 18 5 1
CPU 18 3 2
CPU 18 2 3
# CONTEXT CPU 0 19
CPU 19 5 1
CPU 19 3 2
CPU 19 2 3
# CONTEXT CPU 0 20
CPU 20 5 1
CPU 20 3 2
CPU 20 2 3
BLOCK 21 5
CPU 21 7 0
# CONTEXT CPU 1 21
# CONTEXT CPU 2 21
CPU 21 2 3
EXIT 22 2 3
UNBLOCK 22 5
CPU 22 7 0
# CONTEXT CPU 1 22
# CONTEXT CPU 2 22
# CONTEXT CPU 3 22
CPU 23 7 0
# CONTEXT CPU 1 23
# CONTEXT CPU 2 23
# CONTEXT CPU 3 23
BLOCK 24 7
# CONTEXT CPU 0 24
CPU 24 4 1
CPU 24 8 2
# CONTEXT CPU 3 24
BLOCK 25 4
UNBLOCK 25 7
CPU 25 10 0
# CONTEXT CPU 1 25
CPU 25 8 2
CPU 25 9 3
UNBLOCK 26 4
CPU 26 10 0
# CONTEXT CPU 1 26
CPU 26 8 2
CPU 26 9 3
BLOCK 27 10
# CONTEXT CPU 0 27
# CONTEXT CPU 1 27
CPU 27 8 2
CPU 27 9 3
UNBLOCK 28 10
# CONTEXT CPU 0 28
CPU 28 6 1
# CONTEXT CPU 2 28
CPU 28 9 3
BLOCK 29 6
BLOCK 29 9
# CONTEXT CPU 0 29
# CONTEXT CPU 1 29
# CONTEXT CPU 2 29
# CONTEXT CPU 3 29
UNBLOCK 30 6
UNBLOCK 30 9
CPU 30 13 0
# CONTEXT CPU 1 30
# CONTEXT CPU 2 30
CPU 30 14 3
BLOCK 31 13
BLOCK 31 14
# CONTEXT CPU 0 31
# CONTEXT CPU 1 31
CPU 31 11 2
# CONTEXT CPU 3 31
UNBLOCK 32 13
UNBLOCK 32 14
# CONTEXT CPU 0 32
CPU 32 12 1
CPU 32 11 2
# CONTEXT CPU 3 32
# CONTEXT CPU 0 33
# CONTEXT CPU 1 33
CPU 33 11 2
# CONTEXT CPU 3 33
CPU 34 1 0
# CONTEXT CPU 1 34
CPU 34 11 2
CPU 34 0 3
BLOCK 35 11
CPU 35 1 0
# CONTEXT CPU 1 35
# CONTEXT CPU 2 35
CPU 35 0 3
UNBLOCK 36 11
# CONTEXT CPU 0 36
CPU 36 3 1
# CONTEXT CPU 2 36
CPU 36 0 3
EXIT 37 0 3
CPU 37 7 0
CPU 37 3 1
# CONTEXT CPU 2 37
# CONTEXT CPU 3 37
EXIT 38 3 1
CPU 38 7 0
# CONTEXT CPU 1 38
CPU 38 5 2
# CONTEXT CPU 3 38
CPU 39 7 0
# CONTEXT CPU 1 39
# CONTEXT CPU 2 39
# CONTEXT CPU 3 39
CPU 40 7 0
# CONTEXT CPU 1 40
CPU 40 8 2
CPU 40 4 3
CPU 41 7 0
CPU 41 10 1
CPU 41 8 2
CPU 41 4 3
EXIT 42 7 0
# CONTEXT CPU 0 42
CPU 42 10 1
CPU 42 8 2
CPU 42 4 3
BLOCK 43 8
# CONTEXT CPU 0 43
CPU 43 10 1
# CONTEXT CPU 2 43
CPU 43 4 3
UNBLOCK 44 8
# CONTEXT CPU 0 44
CPU 44 10 1
# CONTEXT CPU 2 44
CPU 44 4 3
EXIT 45 4 3
CPU 45 6 0
# CONTEXT CPU 1 45
# CONTEXT CPU 2 45
# CONTEXT CPU 3 45
EXIT 46 6 0
# CONTEXT CPU 0 46
# CONTEXT CPU 1 46
CPU 46 9 2
CPU 46 14 3
BLOCK 47 14
# CONTEXT CPU 0 47
# CONTEXT CPU 1 47
CPU 47 9 2
# CONTEXT CPU 3 47
EXIT 48 9 2
UNBLOCK 48 14
# CONTEXT CPU 0 48
CPU 48 13 1
# CONTEXT CPU 2 48
# CONTEXT CPU 3 48
BLOCK 49 13
CPU 49 12 0
# CONTEXT CPU 1 49
# CONTEXT CPU 2 49
# CONTEXT CPU 3 49
BLOCK 50 12
UNBLOCK 50 13
# CONTEXT CPU 0 50
# CONTEXT CPU 1 50
# CONTEXT CPU 2 50
CPU 50 11 3
EXIT 51 11 3
UNBLOCK 51 12
# CONTEXT CPU 0 51
# CONTEXT CPU 1 51
CPU 51 1 2
# CONTEXT CPU 3 51
# CONTEXT CPU 0 52
CPU 52 5 1
CPU 52 1 2
# CONTEXT CPU 3 52
CPU 53 8 0
CPU 53 5 1
CPU 53 1 2
# CONTEXT CPU 3 53
EXIT 54 8 0
EXIT 54 5 1
EXIT 54 1 2
# CONTEXT CPU 0 54
# CONTEXT CPU 1 54
# CONTEXT CPU 2 54
CPU 54 10 3
EXIT 55 10 3
# CONTEXT CPU 0 55
CPU 55 13 1
# CONTEXT CPU 2 55
CPU 55 -1 3
BLOCK 56 13
# CONTEXT CPU 0 56
CPU 56 -1 1
# CONTEXT CPU 2 56
CPU 56 -1 3
UNBLOCK 57 13
CPU 57 14 0
# CONTEXT CPU 1 57
CPU 57 12 2
CPU 57 -1 3
BLOCK 58 14
BLOCK 58 12
CPU 58 -1 0
CPU 58 13 1
CPU 58 -1 2
CPU 58 -1 3
UNBLOCK 59 12
UNBLOCK 59 14
# CONTEXT CPU 0 59
CPU 59 13 1
# CONTEXT CPU 2 59
CPU 59 -1 3
# CONTEXT CPU 0 60
CPU 60 13 1
# CONTEXT CPU 2 60
CPU 60 -1 3
BLOCK 61 13
# CONTEXT CPU 0 61
CPU 61 -1 1
# CONTEXT CPU 2 61
CPU 61 -1 3
UNBLOCK 62 13
CPU 62 12 0
# CONTEXT CPU 1 62
CPU 62 14 2
CPU 62 -1 3
BLOCK 63 12
BLOCK 63 14
CPU 63 -1 0
CPU 63 13 1
CPU 63 -1 2
CPU 63 -1 3
EXIT 64 13 1
UNBLOCK 64 12
UNBLOCK 64 14
# CONTEXT CPU 0 64
# CONTEXT CPU 1 64
CPU 64 -1 2
CPU 64 -1 3
CPU 65 12 0
# CONTEXT CPU 1 65
CPU 65 -1 2
CPU 65 -1 3
CPU 66 12 0
# CONTEXT CPU 1 66
CPU 66 -1 2
CPU 66 -1 3
CPU 67 12 0
CPU 67 14 1
CPU 67 -1 2
CPU 67 -1 3
EXIT 68 12 0
BLOCK 68 14
CPU 68 -1 0
CPU 68 -1 1
CPU 68 -1 2
CPU 68 -1 3
UNBLOCK 69 14
# CONTEXT CPU 0 69
CPU 69 -1 1
CPU 69 -1 2
CPU 69 -1 3
# CONTEXT CPU 0 70
CPU 70 -1 1
CPU 70 -1 2
CPU 70 -1 3
# CONTEXT CPU 0 71
CPU 71 -1 1
CPU 71 -1 2
CPU 71 -1 3
CPU 72 14 0
CPU 72 -1 1
CPU 72 -1 2
CPU 72 -1 3
BLOCK 73 14
CPU 73 -1 0
CPU 73 -1 1
CPU 73 -1 2
CPU 73 -1 3
UNBLOCK 74 14
# CONTEXT CPU 0 74
CPU 74 -1 1
CPU 74 -1 2
CPU 74 -1 3
CPU 75 14 0
CPU 75 -1 1
CPU 75 -1 2
CPU 75 -1 3
BLOCK 76 14
CPU 76 -1 0
CPU 76 -1 1
CPU 76 -1 2
CPU 76 -1 3
UNBLOCK 77 14
# CONTEXT CPU 0 77
CPU 77 -1 1
CPU 77 -1 2
CPU 77 -1 3
CPU 78 14 0
CPU 78 -1 1
CPU 78 -1 2
CPU 78 -1 3
EXIT 79 14 0
CPU 79 -1 0
CPU 79 -1 1
CPU 79 -1 2
CPU 79 -1 3
