# SETTINGS ../simusched tareas.tsk 3 1 2 SchedRR 3 1 1 3
LOAD 0 0
LOAD 0 1
LOAD 0 2
LOAD 0 3
LOAD 0 4
LOAD 0 5
LOAD 0 6
LOAD 0 7
LOAD 0 8
LOAD 0 9
LOAD 0 10
LOAD 0 11
LOAD 0 12
LOAD 0 13
LOAD 0 14
# CONTEXT CPU 0 0
# CONTEXT CPU 1 0
# CONTEXT CPU 2 0
CPU 1 0 0
CPU 1 1 1
CPU 1 2 2
CPU 2 0 0
CPU 2 1 1
CPU 2 2 2
BLOCK 3 1
CPU 3 0 0
# CONTEXT CPU 1 3
# CONTEXT CPU 2 3
UNBLOCK 4 1
CPU 4 0 0
CPU 4 3 1
CPU 4 4 2
BLOCK 5 0
# CONTEXT CPU 0 5
# CONTEXT CPU 1 5
CPU 5 4 2
UNBLOCK 6 0
CPU 6 5 0
CPU 6 6 1
# CONTEXT CPU 2 6
# CONTEXT CPU 0 7
CPU 7 6 1
CPU 7 7 2
CPU 8 8 0
# CONTEXT CPU 1 8
CPU 8 7 2
CPU 9 8 0
CPU 9 9 1
# CONTEXT CPU 2 9
BLOCK 10 8
# CONTEXT CPU 0 10
CPU 10 9 1
CPU 10 10 2
BLOCK 11 10
UNBLOCK 11 8
CPU 11 11 0
# CONTEXT CPU 1 11
# CONTEXT CPU 2 11
UNBLOCK 12 10
CPU 12 11 0
CPU 12 12 1
CPU 12 13 2
CPU 13 11 0
CPU 13 12 1
CPU 13 13 2
BLOCK 14 11
BLOCK 14 12
# CONTEXT CPU 0 14
# CONTEXT CPU 1 14
# CONTEXT CPU 2 14
UNBLOCK 15 11
UNBLOCK 15 12
CPU 15 14 0
# CONTEXT CPU 1 15
# CONTEXT CPU 2 15
BLOCK 16 14
# CONTEXT CPU 0 16
# CONTEXT CPU 1 16
# CONTEXT CPU 2 16
UNBLOCK 17 14
# CONTEXT CPU 0 17
CPU 17 2 1
CPU 17 1 2
# CONTEXT CPU 0 18
# CONTEXT CPU 1 18
CPU 18 1 2
CPU 19 3 0
# CONTEXT CPU 1 19
# CONTEXT CPU 2 19
BLOCK 20 3
# CONTEXT CPU 0 20
# CONTEXT CPU 1 20
CPU 20 4 2
UNBLOCK 21 3
CPU 21 5 0
CPU 21 0 1
CPU 21 4 2
# CONTEXT CPU 0 22
CPU 22 0 1
# CONTEXT CPU 2 22
# CONTEXT CPU 0 23
# CONTEXT CPU 1 23
CPU 23 7 2
BLOCK 24 7
# CONTEXT CPU 0 24
# CONTEXT CPU 1 24
# CONTEXT CPU 2 24
UNBLOCK 25 7
CPU 25 6 0
# CONTEXT CPU 1 25
# CONTEXT CPU 2 25
CPU 26 6 0
CPU 26 8 1
# CONTEXT CPU 2 26
CPU 27 6 0
CPU 27 8 1
CPU 27 9 2
BLOCK 28 6
BLOCK 28 8
# CONTEXT CPU 0 28
# CONTEXT CPU 1 28
CPU 28 9 2
UNBLOCK 29 6
UNBLOCK 29 8
# CONTEXT CPU 0 29
# CONTEXT CPU 1 29
# CONTEXT CPU 2 29
# CONTEXT CPU 0 30
# CONTEXT CPU 1 30
# CONTEXT CPU 2 30
CPU 31 10 0
CPU 31 13 1
# CONTEXT CPU 2 31
BLOCK 32 13
CPU 32 10 0
# CONTEXT CPU 1 32
CPU 32 11 2
BLOCK 33 11
UNBLOCK 33 13
# CONTEXT CPU 0 33
CPU 33 12 1
# CONTEXT CPU 2 33
UNBLOCK 34 11
CPU 34 14 0
# CONTEXT CPU 1 34
# CONTEXT CPU 2 34
BLOCK 35 14
# CONTEXT CPU 0 35
# CONTEXT CPU 1 35
# CONTEXT CPU 2 35
UNBLOCK 36 14
CPU 36 3 0
# CONTEXT CPU 1 36
CPU 36 2 2
CPU 37 3 0
CPU 37 1 1
CPU 37 2 2
CPU 38 3 0
CPU 38 1 1
# CONTEXT CPU 2 38
CPU 39 3 0
# CONTEXT CPU 1 39
# CONTEXT CPU 2 39
# CONTEXT CPU 0 40
# CONTEXT CPU 1 40
# CONTEXT CPU 2 40
# CONTEXT CPU 0 41
# CONTEXT CPU 1 41
CPU 41 5 2
# CONTEXT CPU 0 42
CPU 42 4 1
CPU 42 5 2
BLOCK 43 4
CPU 43 0 0
# CONTEXT CPU 1 43
# CONTEXT CPU 2 43
UNBLOCK 44 4
CPU 44 0 0
# CONTEXT CPU 1 44
# CONTEXT CPU 2 44
CPU 45 0 0
# CONTEXT CPU 1 45
# CONTEXT CPU 2 45
EXIT 46 0 0
# CONTEXT CPU 0 46
CPU 46 7 1
CPU 46 6 2
# CONTEXT CPU 0 47
CPU 47 7 1
CPU 47 6 2
# CONTEXT CPU 0 48
# CONTEXT CPU 1 48
# CONTEXT CPU 2 48
CPU 49 8 0
# CONTEXT CPU 1 49
# CONTEXT CPU 2 49
CPU 50 8 0
# CONTEXT CPU 1 50
# CONTEXT CPU 2 50
CPU 51 8 0
CPU 51 9 1
CPU 51 13 2
BLOCK 52 9
CPU 52 8 0
# CONTEXT CPU 1 52
CPU 52 13 2
BLOCK 53 13
UNBLOCK 53 9
# CONTEXT CPU 0 53
# CONTEXT CPU 1 53
# CONTEXT CPU 2 53
UNBLOCK 54 13
# CONTEXT CPU 0 54
# CONTEXT CPU 1 54
# CONTEXT CPU 2 54
# CONTEXT CPU 0 55
CPU 55 10 1
# CONTEXT CPU 2 55
BLOCK 56 10
CPU 56 11 0
# CONTEXT CPU 1 56
CPU 56 12 2
UNBLOCK 57 10
CPU 57 11 0
# CONTEXT CPU 1 57
# CONTEXT CPU 2 57
CPU 58 11 0
# CONTEXT CPU 1 58
CPU 58 2 2
CPU 59 11 0
CPU 59 14 1
CPU 59 2 2
BLOCK 60 14
# CONTEXT CPU 0 60
# CONTEXT CPU 1 60
# CONTEXT CPU 2 60
UNBLOCK 61 14
# CONTEXT CPU 0 61
# CONTEXT CPU 1 61
CPU 61 5 2
# CONTEXT CPU 0 62
# CONTEXT CPU 1 62
CPU 62 5 2
CPU 63 1 0
CPU 63 3 1
# CONTEXT CPU 2 63
CPU 64 1 0
CPU 64 3 1
# CONTEXT CPU 2 64
CPU 65 1 0
# CONTEXT CPU 1 65
# CONTEXT CPU 2 65
EXIT 66 1 0
# CONTEXT CPU 0 66
CPU 66 7 1
CPU 66 4 2
# CONTEXT CPU 0 67
CPU 67 7 1
CPU 67 4 2
# CONTEXT CPU 0 68
# CONTEXT CPU 1 68
# CONTEXT CPU 2 68
CPU 69 6 0
CPU 69 9 1
# CONTEXT CPU 2 69
CPU 70 6 0
CPU 70 9 1
# CONTEXT CPU 2 70
EXIT 71 6 0
BLOCK 71 9
# CONTEXT CPU 0 71
# CONTEXT CPU 1 71
CPU 71 8 2
EXIT 72 8 2
UNBLOCK 72 9
# CONTEXT CPU 0 72
CPU 72 10 1
# CONTEXT CPU 2 72
# CONTEXT CPU 0 73
# CONTEXT CPU 1 73
CPU 73 12 2
BLOCK 74 12
CPU 74 13 0
# CONTEXT CPU 1 74
# CONTEXT CPU 2 74
BLOCK 75 13
UNBLOCK 75 12
# CONTEXT CPU 0 75
# CONTEXT CPU 1 75
CPU 75 2 2
BLOCK 76 2
UNBLOCK 76 13
# CONTEXT CPU 0 76
CPU 76 11 1
# CONTEXT CPU 2 76
EXIT 77 11 1
UNBLOCK 77 2
# CONTEXT CPU 0 77
# CONTEXT CPU 1 77
CPU 77 5 2
BLOCK 78 5
CPU 78 14 0
CPU 78 3 1
# CONTEXT CPU 2 78
BLOCK 79 14
EXIT 79 3 1
UNBLOCK 79 5
# CONTEXT CPU 0 79
# CONTEXT CPU 1 79
# CONTEXT CPU 2 79
UNBLOCK 80 14
# CONTEXT CPU 0 80
CPU 80 9 1
# CONTEXT CPU 2 80
# CONTEXT CPU 0 81
CPU 81 9 1
CPU 81 7 2
EXIT 82 9 1
CPU 82 4 0
# CONTEXT CPU 1 82
CPU 82 7 2
EXIT 83 7 2
CPU 83 4 0
CPU 83 10 1
# CONTEXT CPU 2 83
EXIT 84 4 0
# CONTEXT CPU 0 84
CPU 84 10 1
CPU 84 12 2
CPU 85 13 0
# CONTEXT CPU 1 85
CPU 85 12 2
BLOCK 86 12
CPU 86 13 0
# CONTEXT CPU 1 86
# CONTEXT CPU 2 86
BLOCK 87 13
UNBLOCK 87 12
# CONTEXT CPU 0 87
# CONTEXT CPU 1 87
CPU 87 5 2
UNBLOCK 88 13
CPU 88 14 0
CPU 88 2 1
# CONTEXT CPU 2 88
BLOCK 89 14
EXIT 89 2 1
# CONTEXT CPU 0 89
# CONTEXT CPU 1 89
# CONTEXT CPU 2 89
UNBLOCK 90 14
# CONTEXT CPU 0 90
# CONTEXT CPU 1 90
# CONTEXT CPU 2 90
# CONTEXT CPU 0 91
# CONTEXT CPU 1 91
CPU 91 10 2
CPU 92 12 0
CPU 92 13 1
CPU 92 10 2
BLOCK 93 12
EXIT 93 13 1
EXIT 93 10 2
# CONTEXT CPU 0 93
# CONTEXT CPU 1 93
CPU 93 -1 2
UNBLOCK 94 12
# CONTEXT CPU 0 94
# CONTEXT CPU 1 94
# CONTEXT CPU 2 94
# CONTEXT CPU 0 95
# CONTEXT CPU 1 95
# CONTEXT CPU 2 95
CPU 96 5 0
CPU 96 14 1
# CONTEXT CPU 2 96
EXIT 97 5 0
BLOCK 97 14
CPU 97 -1 0
CPU 97 -1 1
CPU 97 12 2
EXIT 98 12 2
UNBLOCK 98 14
# CONTEXT CPU 0 98
CPU 98 -1 1
CPU 98 -1 2
# CONTEXT CPU 0 99
CPU 99 -1 1
CPU 99 -1 2
# CONTEXT CPU 0 100
CPU 100 -1 1
CPU 100 -1 2
CPU 101 14 0
CPU 101 -1 1
CPU 101 -1 2
BLOCK 102 14
CPU 102 -1 0
CPU 102 -1 1
CPU 102 -1 2
UNBLOCK 103 14
# CONTEXT CPU 0 103
CPU 103 -1 1
CPU 103 -1 2
CPU 104 14 0
CPU 104 -1 1
CPU 104 -1 2
BLOCK 105 14
CPU 105 -1 0
CPU 105 -1 1
CPU 105 -1 2
UNBLOCK 106 14
# CONTEXT CPU 0 106
CPU 106 -1 1
CPU 106 -1 2
CPU 107 14 0
CPU 107 -1 1
CPU 107 -1 2
EXIT 108 14 0
CPU 108 -1 0
CPU 108 -1 1
CPU 108 -1 2
