# SETTINGS ../simusched tareas.tsk 3 1 2 SchedRR 3 1 7 8
LOAD 0 0
LOAD 0 1
LOAD 0 2
LOAD 0 3
LOAD 0 4
LOAD 0 5
LOAD 0 6
LOAD 0 7
LOAD 0 8
LOAD 0 9
LOAD 0 10
LOAD 0 11
LOAD 0 12
LOAD 0 13
LOAD 0 14
# CONTEXT CPU 0 0
# CONTEXT CPU 1 0
# CONTEXT CPU 2 0
CPU 1 0 0
CPU 1 1 1
CPU 1 2 2
CPU 2 0 0
CPU 2 1 1
CPU 2 2 2
BLOCK 3 1
CPU 3 0 0
# CONTEXT CPU 1 3
CPU 3 2 2
UNBLOCK 4 1
CPU 4 0 0
CPU 4 3 1
CPU 4 2 2
BLOCK 5 0
# CONTEXT CPU 0 5
# CONTEXT CPU 1 5
CPU 5 2 2
UNBLOCK 6 0
CPU 6 4 0
CPU 6 5 1
CPU 6 2 2
# CONTEXT CPU 0 7
CPU 7 5 1
CPU 7 2 2
CPU 8 6 0
# CONTEXT CPU 1 8
CPU 8 2 2
BLOCK 9 2
CPU 9 6 0
CPU 9 7 1
# CONTEXT CPU 2 9
UNBLOCK 10 2
CPU 10 6 0
CPU 10 7 1
CPU 10 8 2
CPU 11 6 0
# CONTEXT CPU 1 11
# CONTEXT CPU 2 11
# CONTEXT CPU 0 12
CPU 12 9 1
CPU 12 10 2
BLOCK 13 10
CPU 13 11 0
CPU 13 9 1
# CONTEXT CPU 2 13
UNBLOCK 14 10
CPU 14 11 0
# CONTEXT CPU 1 14
CPU 14 12 2
CPU 15 11 0
CPU 15 13 1
CPU 15 12 2
BLOCK 16 11
BLOCK 16 12
# CONTEXT CPU 0 16
CPU 16 13 1
# CONTEXT CPU 2 16
UNBLOCK 17 11
UNBLOCK 17 12
CPU 17 14 0
# CONTEXT CPU 1 17
# CONTEXT CPU 2 17
BLOCK 18 14
# CONTEXT CPU 0 18
CPU 18 3 1
# CONTEXT CPU 2 18
BLOCK 19 3
UNBLOCK 19 14
CPU 19 0 0
# CONTEXT CPU 1 19
CPU 19 1 2
UNBLOCK 20 3
CPU 20 0 0
# CONTEXT CPU 1 20
CPU 20 1 2
# CONTEXT CPU 0 21
# CONTEXT CPU 1 21
CPU 21 1 2
# CONTEXT CPU 0 22
CPU 22 4 1
CPU 22 1 2
# CONTEXT CPU 0 23
CPU 23 4 1
CPU 23 1 2
CPU 24 5 0
# CONTEXT CPU 1 24
CPU 24 1 2
CPU 25 5 0
# CONTEXT CPU 1 25
CPU 25 1 2
EXIT 26 1 2
CPU 26 5 0
# CONTEXT CPU 1 26
# CONTEXT CPU 2 26
CPU 27 5 0
CPU 27 2 1
# CONTEXT CPU 2 27
EXIT 28 2 1
# CONTEXT CPU 0 28
# CONTEXT CPU 1 28
# CONTEXT CPU 2 28
# CONTEXT CPU 0 29
# CONTEXT CPU 1 29
CPU 29 7 2
BLOCK 30 7
# CONTEXT CPU 0 30
# CONTEXT CPU 1 30
# CONTEXT CPU 2 30
UNBLOCK 31 7
CPU 31 8 0
CPU 31 6 1
CPU 31 10 2
BLOCK 32 8
BLOCK 32 6
# CONTEXT CPU 0 32
# CONTEXT CPU 1 32
CPU 32 10 2
UNBLOCK 33 6
UNBLOCK 33 8
# CONTEXT CPU 0 33
# CONTEXT CPU 1 33
CPU 33 10 2
BLOCK 34 10
# CONTEXT CPU 0 34
# CONTEXT CPU 1 34
# CONTEXT CPU 2 34
UNBLOCK 35 10
CPU 35 9 0
CPU 35 11 1
CPU 35 12 2
BLOCK 36 11
CPU 36 9 0
# CONTEXT CPU 1 36
CPU 36 12 2
UNBLOCK 37 11
CPU 37 9 0
CPU 37 13 1
CPU 37 12 2
BLOCK 38 9
BLOCK 38 13
BLOCK 38 12
# CONTEXT CPU 0 38
# CONTEXT CPU 1 38
# CONTEXT CPU 2 38
UNBLOCK 39 9
UNBLOCK 39 12
UNBLOCK 39 13
CPU 39 14 0
CPU 39 3 1
# CONTEXT CPU 2 39
BLOCK 40 14
# CONTEXT CPU 0 40
CPU 40 3 1
# CONTEXT CPU 2 40
UNBLOCK 41 14
# CONTEXT CPU 0 41
# CONTEXT CPU 1 41
CPU 41 0 2
# CONTEXT CPU 0 42
# CONTEXT CPU 1 42
CPU 42 0 2
CPU 43 4 0
# CONTEXT CPU 1 43
CPU 43 0 2
EXIT 44 0 2
CPU 44 4 0
CPU 44 5 1
# CONTEXT CPU 2 44
BLOCK 45 4
BLOCK 45 5
# CONTEXT CPU 0 45
# CONTEXT CPU 1 45
CPU 45 7 2
UNBLOCK 46 4
UNBLOCK 46 5
# CONTEXT CPU 0 46
# CONTEXT CPU 1 46
CPU 46 7 2
# CONTEXT CPU 0 47
# CONTEXT CPU 1 47
CPU 47 7 2
CPU 48 6 0
CPU 48 8 1
CPU 48 7 2
# CONTEXT CPU 0 49
CPU 49 8 1
CPU 49 7 2
BLOCK 50 8
# CONTEXT CPU 0 50
# CONTEXT CPU 1 50
CPU 50 7 2
EXIT 51 7 2
UNBLOCK 51 8
# CONTEXT CPU 0 51
CPU 51 11 1
# CONTEXT CPU 2 51
CPU 52 10 0
# CONTEXT CPU 1 52
# CONTEXT CPU 2 52
CPU 53 10 0
# CONTEXT CPU 1 53
# CONTEXT CPU 2 53
CPU 54 10 0
# CONTEXT CPU 1 54
CPU 54 9 2
CPU 55 10 0
CPU 55 12 1
CPU 55 9 2
BLOCK 56 9
# CONTEXT CPU 0 56
CPU 56 12 1
# CONTEXT CPU 2 56
BLOCK 57 12
UNBLOCK 57 9
# CONTEXT CPU 0 57
# CONTEXT CPU 1 57
# CONTEXT CPU 2 57
UNBLOCK 58 12
# CONTEXT CPU 0 58
CPU 58 3 1
# CONTEXT CPU 2 58
CPU 59 13 0
# CONTEXT CPU 1 59
CPU 59 14 2
BLOCK 60 14
CPU 60 13 0
# CONTEXT CPU 1 60
# CONTEXT CPU 2 60
BLOCK 61 13
UNBLOCK 61 14
# CONTEXT CPU 0 61
# CONTEXT CPU 1 61
# CONTEXT CPU 2 61
UNBLOCK 62 13
CPU 62 6 0
CPU 62 4 1
# CONTEXT CPU 2 62
CPU 63 6 0
CPU 63 4 1
CPU 63 5 2
CPU 64 6 0
# CONTEXT CPU 1 64
CPU 64 5 2
EXIT 65 6 0
EXIT 65 5 2
# CONTEXT CPU 0 65
CPU 65 8 1
# CONTEXT CPU 2 65
# CONTEXT CPU 0 66
CPU 66 8 1
# CONTEXT CPU 2 66
# CONTEXT CPU 0 67
# CONTEXT CPU 1 67
# CONTEXT CPU 2 67
CPU 68 11 0
# CONTEXT CPU 1 68
CPU 68 10 2
EXIT 69 10 2
CPU 69 11 0
# CONTEXT CPU 1 69
# CONTEXT CPU 2 69
CPU 70 11 0
CPU 70 9 1
# CONTEXT CPU 2 70
CPU 71 11 0
CPU 71 9 1
# CONTEXT CPU 2 71
EXIT 72 11 0
EXIT 72 9 1
# CONTEXT CPU 0 72
# CONTEXT CPU 1 72
CPU 72 12 2
BLOCK 73 12
# CONTEXT CPU 0 73
# CONTEXT CPU 1 73
# CONTEXT CPU 2 73
UNBLOCK 74 12
# CONTEXT CPU 0 74
# CONTEXT CPU 1 74
# CONTEXT CPU 2 74
CPU 75 3 0
CPU 75 14 1
# CONTEXT CPU 2 75
BLOCK 76 14
CPU 76 3 0
# CONTEXT CPU 1 76
CPU 76 13 2
BLOCK 77 13
UNBLOCK 77 14
CPU 77 3 0
CPU 77 4 1
# CONTEXT CPU 2 77
UNBLOCK 78 13
CPU 78 3 0
CPU 78 4 1
# CONTEXT CPU 2 78
EXIT 79 3 0
EXIT 79 4 1
# CONTEXT CPU 0 79
# CONTEXT CPU 1 79
# CONTEXT CPU 2 79
# CONTEXT CPU 0 80
CPU 80 14 1
CPU 80 8 2
BLOCK 81 14
# CONTEXT CPU 0 81
# CONTEXT CPU 1 81
CPU 81 8 2
UNBLOCK 82 14
CPU 82 12 0
# CONTEXT CPU 1 82
CPU 82 8 2
EXIT 83 12 0
EXIT 83 8 2
# CONTEXT CPU 0 83
# CONTEXT CPU 1 83
CPU 83 -1 2
# CONTEXT CPU 0 84
CPU 84 13 1
CPU 84 -1 2
# CONTEXT CPU 0 85
CPU 85 13 1
CPU 85 -1 2
BLOCK 86 13
CPU 86 14 0
CPU 86 -1 1
CPU 86 -1 2
BLOCK 87 14
UNBLOCK 87 13
# CONTEXT CPU 0 87
CPU 87 -1 1
CPU 87 -1 2
UNBLOCK 88 14
# CONTEXT CPU 0 88
# CONTEXT CPU 1 88
CPU 88 -1 2
# CONTEXT CPU 0 89
# CONTEXT CPU 1 89
CPU 89 -1 2
CPU 90 13 0
# CONTEXT CPU 1 90
CPU 90 -1 2
EXIT 91 13 0
CPU 91 -1 0
CPU 91 14 1
CPU 91 -1 2
BLOCK 92 14
CPU 92 -1 0
CPU 92 -1 1
CPU 92 -1 2
UNBLOCK 93 14
# CONTEXT CPU 0 93
CPU 93 -1 1
CPU 93 -1 2
# CONTEXT CPU 0 94
CPU 94 -1 1
CPU 94 -1 2
# CONTEXT CPU 0 95
CPU 95 -1 1
CPU 95 -1 2
CPU 96 14 0
CPU 96 -1 1
CPU 96 -1 2
BLOCK 97 14
CPU 97 -1 0
CPU 97 -1 1
CPU 97 -1 2
UNBLOCK 98 14
# CONTEXT CPU 0 98
CPU 98 -1 1
CPU 98 -1 2
CPU 99 14 0
CPU 99 -1 1
CPU 99 -1 2
EXIT 100 14 0
CPU 100 -1 0
CPU 100 -1 1
CPU 100 -1 2
