# SETTINGS ../simusched tareas.tsk 3 1 2 SchedRR 3 5 8 8
LOAD 0 0
LOAD 0 1
LOAD 0 2
LOAD 0 3
LOAD 0 4
LOAD 0 5
LOAD 0 6
LOAD 0 7
LOAD 0 8
LOAD 0 9
LOAD 0 10
LOAD 0 11
LOAD 0 12
LOAD 0 13
LOAD 0 14
# CONTEXT CPU 0 0
# CONTEXT CPU 1 0
# CONTEXT CPU 2 0
CPU 1 0 0
CPU 1 1 1
CPU 1 2 2
BLOCK 2 1
CPU 2 0 0
# CONTEXT CPU 1 2
CPU 2 2 2
UNBLOCK 3 1
CPU 3 0 0
CPU 3 3 1
CPU 3 2 2
BLOCK 4 3
CPU 4 0 0
# CONTEXT CPU 1 4
CPU 4 2 2
UNBLOCK 5 3
# CONTEXT CPU 0 5
CPU 5 4 1
CPU 5 2 2
CPU 6 5 0
CPU 6 4 1
CPU 6 2 2
CPU 7 5 0
CPU 7 4 1
CPU 7 2 2
BLOCK 8 2
CPU 8 5 0
CPU 8 4 1
# CONTEXT CPU 2 8
UNBLOCK 9 2
CPU 9 5 0
CPU 9 4 1
CPU 9 6 2
# CONTEXT CPU 0 10
CPU 10 4 1
CPU 10 6 2
CPU 11 7 0
# CONTEXT CPU 1 11
CPU 11 6 2
CPU 12 7 0
CPU 12 8 1
# CONTEXT CPU 2 12
CPU 13 7 0
CPU 13 8 1
CPU 13 9 2
CPU 14 7 0
CPU 14 8 1
CPU 14 9 2
BLOCK 15 9
# CONTEXT CPU 0 15
CPU 15 8 1
# CONTEXT CPU 2 15
UNBLOCK 16 9
CPU 16 10 0
CPU 16 8 1
CPU 16 11 2
CPU 17 10 0
CPU 17 8 1
CPU 17 11 2
BLOCK 18 10
# CONTEXT CPU 0 18
# CONTEXT CPU 1 18
CPU 18 11 2
BLOCK 19 11
UNBLOCK 19 10
CPU 19 12 0
CPU 19 13 1
# CONTEXT CPU 2 19
BLOCK 20 12
UNBLOCK 20 11
# CONTEXT CPU 0 20
CPU 20 13 1
CPU 20 14 2
BLOCK 21 13
BLOCK 21 14
UNBLOCK 21 12
# CONTEXT CPU 0 21
# CONTEXT CPU 1 21
# CONTEXT CPU 2 21
UNBLOCK 22 13
UNBLOCK 22 14
# CONTEXT CPU 0 22
CPU 22 3 1
# CONTEXT CPU 2 22
CPU 23 1 0
CPU 23 3 1
# CONTEXT CPU 2 23
CPU 24 1 0
CPU 24 3 1
CPU 24 0 2
BLOCK 25 0
CPU 25 1 0
CPU 25 3 1
# CONTEXT CPU 2 25
UNBLOCK 26 0
# CONTEXT CPU 0 26
CPU 26 3 1
CPU 26 2 2
CPU 27 5 0
# CONTEXT CPU 1 27
CPU 27 2 2
EXIT 28 2 2
CPU 28 5 0
CPU 28 4 1
# CONTEXT CPU 2 28
BLOCK 29 5
# CONTEXT CPU 0 29
CPU 29 4 1
CPU 29 6 2
BLOCK 30 4
UNBLOCK 30 5
CPU 30 7 0
# CONTEXT CPU 1 30
CPU 30 6 2
UNBLOCK 31 4
CPU 31 7 0
# CONTEXT CPU 1 31
CPU 31 6 2
BLOCK 32 6
CPU 32 7 0
# CONTEXT CPU 1 32
# CONTEXT CPU 2 32
BLOCK 33 7
UNBLOCK 33 6
# CONTEXT CPU 0 33
CPU 33 9 1
# CONTEXT CPU 2 33
UNBLOCK 34 7
CPU 34 10 0
CPU 34 9 1
# CONTEXT CPU 2 34
BLOCK 35 10
BLOCK 35 9
# CONTEXT CPU 0 35
# CONTEXT CPU 1 35
CPU 35 8 2
BLOCK 36 8
UNBLOCK 36 9
UNBLOCK 36 10
# CONTEXT CPU 0 36
# CONTEXT CPU 1 36
# CONTEXT CPU 2 36
UNBLOCK 37 8
# CONTEXT CPU 0 37
# CONTEXT CPU 1 37
# CONTEXT CPU 2 37
CPU 38 11 0
CPU 38 12 1
# CONTEXT CPU 2 38
BLOCK 39 12
# CONTEXT CPU 0 39
# CONTEXT CPU 1 39
CPU 39 13 2
UNBLOCK 40 12
# CONTEXT CPU 0 40
# CONTEXT CPU 1 40
CPU 40 13 2
BLOCK 41 13
# CONTEXT CPU 0 41
# CONTEXT CPU 1 41
# CONTEXT CPU 2 41
UNBLOCK 42 13
CPU 42 14 0
CPU 42 0 1
# CONTEXT CPU 2 42
BLOCK 43 14
# CONTEXT CPU 0 43
CPU 43 0 1
# CONTEXT CPU 2 43
UNBLOCK 44 14
# CONTEXT CPU 0 44
CPU 44 0 1
CPU 44 1 2
# CONTEXT CPU 0 45
CPU 45 0 1
CPU 45 1 2
EXIT 46 0 1
CPU 46 3 0
# CONTEXT CPU 1 46
CPU 46 1 2
CPU 47 3 0
# CONTEXT CPU 1 47
CPU 47 1 2
CPU 48 3 0
# CONTEXT CPU 1 48
CPU 48 1 2
EXIT 49 3 0
EXIT 49 1 2
# CONTEXT CPU 0 49
CPU 49 5 1
# CONTEXT CPU 2 49
# CONTEXT CPU 0 50
CPU 50 5 1
CPU 50 6 2
# CONTEXT CPU 0 51
CPU 51 5 1
CPU 51 6 2
EXIT 52 5 1
CPU 52 4 0
# CONTEXT CPU 1 52
CPU 52 6 2
EXIT 53 4 0
EXIT 53 6 2
# CONTEXT CPU 0 53
# CONTEXT CPU 1 53
# CONTEXT CPU 2 53
# CONTEXT CPU 0 54
# CONTEXT CPU 1 54
# CONTEXT CPU 2 54
# CONTEXT CPU 0 55
CPU 55 7 1
# CONTEXT CPU 2 55
CPU 56 9 0
CPU 56 7 1
CPU 56 10 2
EXIT 57 7 1
CPU 57 9 0
# CONTEXT CPU 1 57
CPU 57 10 2
CPU 58 9 0
# CONTEXT CPU 1 58
CPU 58 10 2
CPU 59 9 0
# CONTEXT CPU 1 59
CPU 59 10 2
# CONTEXT CPU 0 60
CPU 60 8 1
CPU 60 10 2
BLOCK 61 8
CPU 61 11 0
# CONTEXT CPU 1 61
CPU 61 10 2
EXIT 62 10 2
UNBLOCK 62 8
CPU 62 11 0
CPU 62 12 1
# CONTEXT CPU 2 62
BLOCK 63 12
CPU 63 11 0
# CONTEXT CPU 1 63
CPU 63 13 2
UNBLOCK 64 12
CPU 64 11 0
# CONTEXT CPU 1 64
CPU 64 13 2
BLOCK 65 11
BLOCK 65 13
# CONTEXT CPU 0 65
# CONTEXT CPU 1 65
# CONTEXT CPU 2 65
UNBLOCK 66 11
UNBLOCK 66 13
CPU 66 9 0
CPU 66 14 1
# CONTEXT CPU 2 66
EXIT 67 9 0
BLOCK 67 14
# CONTEXT CPU 0 67
# CONTEXT CPU 1 67
# CONTEXT CPU 2 67
UNBLOCK 68 14
# CONTEXT CPU 0 68
# CONTEXT CPU 1 68
CPU 68 8 2
EXIT 69 8 2
# CONTEXT CPU 0 69
# CONTEXT CPU 1 69
# CONTEXT CPU 2 69
CPU 70 12 0
CPU 70 11 1
CPU 70 13 2
EXIT 71 11 1
BLOCK 71 13
CPU 71 12 0
# CONTEXT CPU 1 71
CPU 71 -1 2
UNBLOCK 72 13
CPU 72 12 0
CPU 72 14 1
# CONTEXT CPU 2 72
BLOCK 73 14
CPU 73 12 0
CPU 73 -1 1
CPU 73 13 2
BLOCK 74 12
UNBLOCK 74 14
# CONTEXT CPU 0 74
CPU 74 -1 1
CPU 74 13 2
EXIT 75 13 2
UNBLOCK 75 12
# CONTEXT CPU 0 75
# CONTEXT CPU 1 75
CPU 75 -1 2
# CONTEXT CPU 0 76
# CONTEXT CPU 1 76
CPU 76 -1 2
CPU 77 14 0
# CONTEXT CPU 1 77
CPU 77 -1 2
BLOCK 78 14
CPU 78 -1 0
CPU 78 12 1
CPU 78 -1 2
UNBLOCK 79 14
# CONTEXT CPU 0 79
CPU 79 12 1
CPU 79 -1 2
EXIT 80 12 1
CPU 80 14 0
CPU 80 -1 1
CPU 80 -1 2
BLOCK 81 14
CPU 81 -1 0
CPU 81 -1 1
CPU 81 -1 2
UNBLOCK 82 14
# CONTEXT CPU 0 82
CPU 82 -1 1
CPU 82 -1 2
CPU 83 14 0
CPU 83 -1 1
CPU 83 -1 2
BLOCK 84 14
CPU 84 -1 0
CPU 84 -1 1
CPU 84 -1 2
UNBLOCK 85 14
# CONTEXT CPU 0 85
CPU 85 -1 1
CPU 85 -1 2
CPU 86 14 0
CPU 86 -1 1
CPU 86 -1 2
BLOCK 87 14
CPU 87 -1 0
CPU 87 -1 1
CPU 87 -1 2
UNBLOCK 88 14
# CONTEXT CPU 0 88
CPU 88 -1 1
CPU 88 -1 2
CPU 89 14 0
CPU 89 -1 1
CPU 89 -1 2
EXIT 90 14 0
CPU 90 -1 0
CPU 90 -1 1
CPU 90 -1 2
