# SETTINGS ../simusched tareas.tsk 4 1 2 SchedRR 4 1 2 5 6
LOAD 0 0
LOAD 0 1
LOAD 0 2
LOAD 0 3
LOAD 0 4
LOAD 0 5
LOAD 0 6
LOAD 0 7
LOAD 0 8
LOAD 0 9
LOAD 0 10
LOAD 0 11
LOAD 0 12
LOAD 0 13
LOAD 0 14
# CONTEXT CPU 0 0
# CONTEXT CPU 1 0
# CONTEXT CPU 2 0
# CONTEXT CPU 3 0
CPU 1 0 0
CPU 1 1 1
CPU 1 2 2
CPU 1 3 3
CPU 2 0 0
CPU 2 1 1
CPU 2 2 2
CPU 2 3 3
CPU 3 0 0
# CONTEXT CPU 1 3
CPU 3 2 2
CPU 3 3 3
BLOCK 4 0
# CONTEXT CPU 0 4
CPU 4 4 1
# CONTEXT CPU 2 4
CPU 4 3 3
UNBLOCK 5 0
CPU 5 5 0
CPU 5 4 1
CPU 5 6 2
CPU 5 3 3
BLOCK 6 3
CPU 6 5 0
# CONTEXT CPU 1 6
CPU 6 6 2
# CONTEXT CPU 3 6
BLOCK 7 5
UNBLOCK 7 3
# CONTEXT CPU 0 7
CPU 7 7 1
CPU 7 6 2
CPU 7 8 3
UNBLOCK 8 5
CPU 8 9 0
CPU 8 7 1
# CONTEXT CPU 2 8
CPU 8 8 3
BLOCK 9 9
BLOCK 9 8
# CONTEXT CPU 0 9
# CONTEXT CPU 1 9
CPU 9 10 2
# CONTEXT CPU 3 9
BLOCK 10 10
UNBLOCK 10 8
UNBLOCK 10 9
CPU 10 11 0
CPU 10 12 1
# CONTEXT CPU 2 10
CPU 10 13 3
UNBLOCK 11 10
CPU 11 11 0
CPU 11 12 1
CPU 11 14 2
# CONTEXT CPU 3 11
BLOCK 12 12
BLOCK 12 14
# CONTEXT CPU 0 12
# CONTEXT CPU 1 12
# CONTEXT CPU 2 12
# CONTEXT CPU 3 12
UNBLOCK 13 12
UNBLOCK 13 14
# CONTEXT CPU 0 13
# CONTEXT CPU 1 13
# CONTEXT CPU 2 13
# CONTEXT CPU 3 13
# CONTEXT CPU 0 14
# CONTEXT CPU 1 14
# CONTEXT CPU 2 14
CPU 14 1 3
CPU 15 2 0
CPU 15 0 1
CPU 15 4 2
CPU 15 1 3
CPU 16 2 0
# CONTEXT CPU 1 16
CPU 16 4 2
CPU 16 1 3
CPU 17 2 0
# CONTEXT CPU 1 17
CPU 17 4 2
CPU 17 1 3
CPU 18 2 0
# CONTEXT CPU 1 18
# CONTEXT CPU 2 18
CPU 18 1 3
BLOCK 19 2
# CONTEXT CPU 0 19
CPU 19 3 1
# CONTEXT CPU 2 19
CPU 19 1 3
BLOCK 20 1
UNBLOCK 20 2
# CONTEXT CPU 0 20
CPU 20 3 1
# CONTEXT CPU 2 20
# CONTEXT CPU 3 20
UNBLOCK 21 1
# CONTEXT CPU 0 21
# CONTEXT CPU 1 21
CPU 21 5 2
# CONTEXT CPU 3 21
CPU 22 6 0
# CONTEXT CPU 1 22
CPU 22 5 2
# CONTEXT CPU 3 22
BLOCK 23 6
# CONTEXT CPU 0 23
# CONTEXT CPU 1 23
CPU 23 5 2
CPU 23 7 3
UNBLOCK 24 6
CPU 24 9 0
CPU 24 8 1
# CONTEXT CPU 2 24
# CONTEXT CPU 3 24
CPU 25 9 0
CPU 25 8 1
CPU 25 10 2
CPU 25 13 3
BLOCK 26 8
# CONTEXT CPU 0 26
# CONTEXT CPU 1 26
CPU 26 10 2
CPU 26 13 3
BLOCK 27 10
UNBLOCK 27 8
CPU 27 11 0
CPU 27 12 1
# CONTEXT CPU 2 27
CPU 27 13 3
BLOCK 28 11
BLOCK 28 13
UNBLOCK 28 10
# CONTEXT CPU 0 28
# CONTEXT CPU 1 28
CPU 28 14 2
# CONTEXT CPU 3 28
BLOCK 29 14
UNBLOCK 29 11
UNBLOCK 29 13
# CONTEXT CPU 0 29
# CONTEXT CPU 1 29
# CONTEXT CPU 2 29
# CONTEXT CPU 3 29
UNBLOCK 30 14
# CONTEXT CPU 0 30
# CONTEXT CPU 1 30
# CONTEXT CPU 2 30
# CONTEXT CPU 3 30
CPU 31 0 0
CPU 31 4 1
# CONTEXT CPU 2 31
CPU 31 2 3
CPU 32 0 0
CPU 32 4 1
CPU 32 1 2
CPU 32 2 3
BLOCK 33 4
EXIT 33 1 2
EXIT 33 2 3
CPU 33 0 0
# CONTEXT CPU 1 33
# CONTEXT CPU 2 33
# CONTEXT CPU 3 33
UNBLOCK 34 4
CPU 34 0 0
CPU 34 3 1
# CONTEXT CPU 2 34
# CONTEXT CPU 3 34
CPU 35 0 0
# CONTEXT CPU 1 35
# CONTEXT CPU 2 35
# CONTEXT CPU 3 35
EXIT 36 0 0
# CONTEXT CPU 0 36
# CONTEXT CPU 1 36
CPU 36 6 2
CPU 36 5 3
CPU 37 9 0
# CONTEXT CPU 1 37
CPU 37 6 2
CPU 37 5 3
BLOCK 38 9
# CONTEXT CPU 0 38
CPU 38 7 1
CPU 38 6 2
CPU 38 5 3
UNBLOCK 39 9
# CONTEXT CPU 0 39
CPU 39 7 1
# CONTEXT CPU 2 39
CPU 39 5 3
EXIT 40 5 3
# CONTEXT CPU 0 40
# CONTEXT CPU 1 40
CPU 40 10 2
# CONTEXT CPU 3 40
CPU 41 8 0
CPU 41 12 1
CPU 41 10 2
# CONTEXT CPU 3 41
BLOCK 42 12
CPU 42 8 0
# CONTEXT CPU 1 42
CPU 42 10 2
# CONTEXT CPU 3 42
UNBLOCK 43 12
CPU 43 8 0
# CONTEXT CPU 1 43
# CONTEXT CPU 2 43
CPU 43 11 3
BLOCK 44 11
CPU 44 8 0
# CONTEXT CPU 1 44
CPU 44 14 2
# CONTEXT CPU 3 44
BLOCK 45 14
UNBLOCK 45 11
CPU 45 8 0
CPU 45 13 1
# CONTEXT CPU 2 45
# CONTEXT CPU 3 45
EXIT 46 8 0
BLOCK 46 13
UNBLOCK 46 14
# CONTEXT CPU 0 46
# CONTEXT CPU 1 46
# CONTEXT CPU 2 46
# CONTEXT CPU 3 46
UNBLOCK 47 13
CPU 47 9 0
# CONTEXT CPU 1 47
# CONTEXT CPU 2 47
CPU 47 4 3
CPU 48 9 0
# CONTEXT CPU 1 48
CPU 48 3 2
CPU 48 4 3
EXIT 49 3 2
EXIT 49 4 3
CPU 49 9 0
CPU 49 6 1
# CONTEXT CPU 2 49
# CONTEXT CPU 3 49
CPU 50 9 0
CPU 50 6 1
# CONTEXT CPU 2 50
# CONTEXT CPU 3 50
EXIT 51 6 1
CPU 51 9 0
# CONTEXT CPU 1 51
# CONTEXT CPU 2 51
# CONTEXT CPU 3 51
EXIT 52 9 0
# CONTEXT CPU 0 52
# CONTEXT CPU 1 52
CPU 52 7 2
CPU 52 12 3
# CONTEXT CPU 0 53
# CONTEXT CPU 1 53
CPU 53 7 2
CPU 53 12 3
# CONTEXT CPU 0 54
CPU 54 10 1
CPU 54 7 2
CPU 54 12 3
BLOCK 55 7
BLOCK 55 12
CPU 55 11 0
CPU 55 10 1
# CONTEXT CPU 2 55
# CONTEXT CPU 3 55
UNBLOCK 56 7
UNBLOCK 56 12
CPU 56 11 0
# CONTEXT CPU 1 56
CPU 56 14 2
# CONTEXT CPU 3 56
BLOCK 57 14
CPU 57 11 0
# CONTEXT CPU 1 57
# CONTEXT CPU 2 57
# CONTEXT CPU 3 57
UNBLOCK 58 14
CPU 58 11 0
# CONTEXT CPU 1 58
# CONTEXT CPU 2 58
CPU 58 13 3
BLOCK 59 13
CPU 59 11 0
CPU 59 7 1
# CONTEXT CPU 2 59
# CONTEXT CPU 3 59
EXIT 60 11 0
EXIT 60 7 1
UNBLOCK 60 13
# CONTEXT CPU 0 60
# CONTEXT CPU 1 60
CPU 60 12 2
# CONTEXT CPU 3 60
BLOCK 61 12
# CONTEXT CPU 0 61
# CONTEXT CPU 1 61
CPU 61 -1 2
# CONTEXT CPU 3 61
UNBLOCK 62 12
# CONTEXT CPU 0 62
# CONTEXT CPU 1 62
# CONTEXT CPU 2 62
CPU 62 10 3
EXIT 63 10 3
CPU 63 14 0
CPU 63 13 1
CPU 63 12 2
CPU 63 -1 3
BLOCK 64 14
BLOCK 64 13
EXIT 64 12 2
CPU 64 -1 0
CPU 64 -1 1
CPU 64 -1 2
CPU 64 -1 3
UNBLOCK 65 13
UNBLOCK 65 14
# CONTEXT CPU 0 65
# CONTEXT CPU 1 65
CPU 65 -1 2
CPU 65 -1 3
# CONTEXT CPU 0 66
# CONTEXT CPU 1 66
CPU 66 -1 2
CPU 66 -1 3
# CONTEXT CPU 0 67
# CONTEXT CPU 1 67
CPU 67 -1 2
CPU 67 -1 3
CPU 68 13 0
CPU 68 14 1
CPU 68 -1 2
CPU 68 -1 3
BLOCK 69 14
CPU 69 13 0
CPU 69 -1 1
CPU 69 -1 2
CPU 69 -1 3
EXIT 70 13 0
UNBLOCK 70 14
# CONTEXT CPU 0 70
CPU 70 -1 1
CPU 70 -1 2
CPU 70 -1 3
# CONTEXT CPU 0 71
CPU 71 -1 1
CPU 71 -1 2
CPU 71 -1 3
# CONTEXT CPU 0 72
CPU 72 -1 1
CPU 72 -1 2
CPU 72 -1 3
CPU 73 14 0
CPU 73 -1 1
CPU 73 -1 2
CPU 73 -1 3
BLOCK 74 14
CPU 74 -1 0
CPU 74 -1 1
CPU 74 -1 2
CPU 74 -1 3
UNBLOCK 75 14
# CONTEXT CPU 0 75
CPU 75 -1 1
CPU 75 -1 2
CPU 75 -1 3
CPU 76 14 0
CPU 76 -1 1
CPU 76 -1 2
CPU 76 -1 3
BLOCK 77 14
CPU 77 -1 0
CPU 77 -1 1
CPU 77 -1 2
CPU 77 -1 3
UNBLOCK 78 14
# CONTEXT CPU 0 78
CPU 78 -1 1
CPU 78 -1 2
CPU 78 -1 3
CPU 79 14 0
CPU 79 -1 1
CPU 79 -1 2
CPU 79 -1 3
EXIT 80 14 0
CPU 80 -1 0
CPU 80 -1 1
CPU 80 -1 2
CPU 80 -1 3
