# SETTINGS ../simusched tareas.tsk 3 1 2 SchedRR 3 8 8 8
LOAD 0 0
LOAD 0 1
LOAD 0 2
LOAD 0 3
LOAD 0 4
LOAD 0 5
LOAD 0 6
LOAD 0 7
LOAD 0 8
LOAD 0 9
LOAD 0 10
LOAD 0 11
LOAD 0 12
LOAD 0 13
LOAD 0 14
# CONTEXT CPU 0 0
# CONTEXT CPU 1 0
# CONTEXT CPU 2 0
CPU 1 0 0
CPU 1 1 1
CPU 1 2 2
BLOCK 2 1
CPU 2 0 0
# CONTEXT CPU 1 2
CPU 2 2 2
UNBLOCK 3 1
CPU 3 0 0
CPU 3 3 1
CPU 3 2 2
BLOCK 4 3
CPU 4 0 0
# CONTEXT CPU 1 4
CPU 4 2 2
UNBLOCK 5 3
# CONTEXT CPU 0 5
CPU 5 4 1
CPU 5 2 2
CPU 6 5 0
CPU 6 4 1
CPU 6 2 2
CPU 7 5 0
CPU 7 4 1
CPU 7 2 2
BLOCK 8 2
CPU 8 5 0
CPU 8 4 1
# CONTEXT CPU 2 8
UNBLOCK 9 2
CPU 9 5 0
CPU 9 4 1
CPU 9 6 2
# CONTEXT CPU 0 10
CPU 10 4 1
CPU 10 6 2
CPU 11 7 0
CPU 11 4 1
CPU 11 6 2
CPU 12 7 0
CPU 12 4 1
# CONTEXT CPU 2 12
BLOCK 13 4
CPU 13 7 0
# CONTEXT CPU 1 13
CPU 13 8 2
UNBLOCK 14 4
CPU 14 7 0
CPU 14 9 1
CPU 14 8 2
# CONTEXT CPU 0 15
CPU 15 9 1
CPU 15 8 2
BLOCK 16 9
CPU 16 10 0
# CONTEXT CPU 1 16
CPU 16 8 2
UNBLOCK 17 9
CPU 17 10 0
CPU 17 11 1
CPU 17 8 2
BLOCK 18 10
# CONTEXT CPU 0 18
# CONTEXT CPU 1 18
CPU 18 8 2
UNBLOCK 19 10
CPU 19 12 0
CPU 19 13 1
CPU 19 8 2
BLOCK 20 12
BLOCK 20 8
# CONTEXT CPU 0 20
CPU 20 13 1
# CONTEXT CPU 2 20
BLOCK 21 13
UNBLOCK 21 8
UNBLOCK 21 12
CPU 21 14 0
# CONTEXT CPU 1 21
# CONTEXT CPU 2 21
BLOCK 22 14
UNBLOCK 22 13
# CONTEXT CPU 0 22
CPU 22 3 1
# CONTEXT CPU 2 22
UNBLOCK 23 14
CPU 23 0 0
CPU 23 3 1
CPU 23 1 2
BLOCK 24 0
# CONTEXT CPU 0 24
CPU 24 3 1
CPU 24 1 2
UNBLOCK 25 0
# CONTEXT CPU 0 25
CPU 25 3 1
CPU 25 1 2
# CONTEXT CPU 0 26
CPU 26 3 1
# CONTEXT CPU 2 26
CPU 27 2 0
CPU 27 3 1
# CONTEXT CPU 2 27
CPU 28 2 0
CPU 28 3 1
# CONTEXT CPU 2 28
EXIT 29 2 0
# CONTEXT CPU 0 29
CPU 29 3 1
CPU 29 5 2
EXIT 30 3 1
# CONTEXT CPU 0 30
# CONTEXT CPU 1 30
CPU 30 5 2
BLOCK 31 5
# CONTEXT CPU 0 31
CPU 31 4 1
# CONTEXT CPU 2 31
EXIT 32 4 1
UNBLOCK 32 5
CPU 32 6 0
# CONTEXT CPU 1 32
# CONTEXT CPU 2 32
CPU 33 6 0
CPU 33 9 1
# CONTEXT CPU 2 33
CPU 34 6 0
CPU 34 9 1
CPU 34 7 2
BLOCK 35 6
BLOCK 35 9
# CONTEXT CPU 0 35
# CONTEXT CPU 1 35
CPU 35 7 2
UNBLOCK 36 6
UNBLOCK 36 9
# CONTEXT CPU 0 36
# CONTEXT CPU 1 36
CPU 36 7 2
BLOCK 37 7
# CONTEXT CPU 0 37
# CONTEXT CPU 1 37
# CONTEXT CPU 2 37
UNBLOCK 38 7
CPU 38 11 0
CPU 38 10 1
CPU 38 8 2
BLOCK 39 10
BLOCK 39 8
CPU 39 11 0
# CONTEXT CPU 1 39
# CONTEXT CPU 2 39
BLOCK 40 11
UNBLOCK 40 8
UNBLOCK 40 10
# CONTEXT CPU 0 40
# CONTEXT CPU 1 40
# CONTEXT CPU 2 40
UNBLOCK 41 11
CPU 41 14 0
# CONTEXT CPU 1 41
# CONTEXT CPU 2 41
BLOCK 42 14
# CONTEXT CPU 0 42
CPU 42 12 1
CPU 42 13 2
BLOCK 43 12
UNBLOCK 43 14
CPU 43 0 0
# CONTEXT CPU 1 43
CPU 43 13 2
BLOCK 44 13
UNBLOCK 44 12
# CONTEXT CPU 0 44
# CONTEXT CPU 1 44
# CONTEXT CPU 2 44
UNBLOCK 45 13
# CONTEXT CPU 0 45
# CONTEXT CPU 1 45
# CONTEXT CPU 2 45
# CONTEXT CPU 0 46
CPU 46 1 1
# CONTEXT CPU 2 46
CPU 47 5 0
CPU 47 1 1
CPU 47 6 2
CPU 48 5 0
CPU 48 1 1
CPU 48 6 2
CPU 49 5 0
CPU 49 1 1
CPU 49 6 2
EXIT 50 5 0
EXIT 50 6 2
# CONTEXT CPU 0 50
CPU 50 1 1
# CONTEXT CPU 2 50
EXIT 51 1 1
# CONTEXT CPU 0 51
# CONTEXT CPU 1 51
CPU 51 7 2
# CONTEXT CPU 0 52
# CONTEXT CPU 1 52
CPU 52 7 2
EXIT 53 7 2
CPU 53 9 0
# CONTEXT CPU 1 53
# CONTEXT CPU 2 53
CPU 54 9 0
CPU 54 8 1
# CONTEXT CPU 2 54
EXIT 55 8 1
CPU 55 9 0
# CONTEXT CPU 1 55
# CONTEXT CPU 2 55
CPU 56 9 0
# CONTEXT CPU 1 56
CPU 56 10 2
# CONTEXT CPU 0 57
# CONTEXT CPU 1 57
CPU 57 10 2
CPU 58 14 0
CPU 58 11 1
CPU 58 10 2
BLOCK 59 14
# CONTEXT CPU 0 59
CPU 59 11 1
CPU 59 10 2
UNBLOCK 60 14
# CONTEXT CPU 0 60
CPU 60 11 1
CPU 60 10 2
# CONTEXT CPU 0 61
CPU 61 11 1
CPU 61 10 2
EXIT 62 10 2
CPU 62 12 0
CPU 62 11 1
# CONTEXT CPU 2 62
BLOCK 63 12
BLOCK 63 11
# CONTEXT CPU 0 63
# CONTEXT CPU 1 63
# CONTEXT CPU 2 63
UNBLOCK 64 11
UNBLOCK 64 12
# CONTEXT CPU 0 64
# CONTEXT CPU 1 64
# CONTEXT CPU 2 64
# CONTEXT CPU 0 65
# CONTEXT CPU 1 65
CPU 65 0 2
CPU 66 13 0
CPU 66 9 1
CPU 66 0 2
EXIT 67 9 1
CPU 67 13 0
# CONTEXT CPU 1 67
CPU 67 0 2
BLOCK 68 13
EXIT 68 0 2
# CONTEXT CPU 0 68
# CONTEXT CPU 1 68
# CONTEXT CPU 2 68
UNBLOCK 69 13
# CONTEXT CPU 0 69
# CONTEXT CPU 1 69
# CONTEXT CPU 2 69
# CONTEXT CPU 0 70
CPU 70 14 1
# CONTEXT CPU 2 70
BLOCK 71 14
CPU 71 11 0
# CONTEXT CPU 1 71
CPU 71 12 2
EXIT 72 11 0
UNBLOCK 72 14
# CONTEXT CPU 0 72
# CONTEXT CPU 1 72
CPU 72 12 2
# CONTEXT CPU 0 73
# CONTEXT CPU 1 73
CPU 73 12 2
# CONTEXT CPU 0 74
CPU 74 13 1
CPU 74 12 2
BLOCK 75 13
BLOCK 75 12
CPU 75 14 0
CPU 75 -1 1
CPU 75 -1 2
BLOCK 76 14
UNBLOCK 76 12
UNBLOCK 76 13
# CONTEXT CPU 0 76
# CONTEXT CPU 1 76
CPU 76 -1 2
UNBLOCK 77 14
# CONTEXT CPU 0 77
CPU 77 13 1
# CONTEXT CPU 2 77
# CONTEXT CPU 0 78
CPU 78 13 1
# CONTEXT CPU 2 78
EXIT 79 13 1
CPU 79 12 0
CPU 79 -1 1
# CONTEXT CPU 2 79
CPU 80 12 0
CPU 80 -1 1
CPU 80 14 2
EXIT 81 12 0
BLOCK 81 14
CPU 81 -1 0
CPU 81 -1 1
CPU 81 -1 2
UNBLOCK 82 14
# CONTEXT CPU 0 82
CPU 82 -1 1
CPU 82 -1 2
# CONTEXT CPU 0 83
CPU 83 -1 1
CPU 83 -1 2
# CONTEXT CPU 0 84
CPU 84 -1 1
CPU 84 -1 2
CPU 85 14 0
CPU 85 -1 1
CPU 85 -1 2
BLOCK 86 14
CPU 86 -1 0
CPU 86 -1 1
CPU 86 -1 2
UNBLOCK 87 14
# CONTEXT CPU 0 87
CPU 87 -1 1
CPU 87 -1 2
CPU 88 14 0
CPU 88 -1 1
CPU 88 -1 2
BLOCK 89 14
CPU 89 -1 0
CPU 89 -1 1
CPU 89 -1 2
UNBLOCK 90 14
# CONTEXT CPU 0 90
CPU 90 -1 1
CPU 90 -1 2
CPU 91 14 0
CPU 91 -1 1
CPU 91 -1 2
EXIT 92 14 0
CPU 92 -1 0
CPU 92 -1 1
CPU 92 -1 2
