# SETTINGS ../simusched tareas.tsk 4 1 2 SchedRR 4 1 5 6 7
LOAD 0 0
LOAD 0 1
LOAD 0 2
LOAD 0 3
LOAD 0 4
LOAD 0 5
LOAD 0 6
LOAD 0 7
LOAD 0 8
LOAD 0 9
LOAD 0 10
LOAD 0 11
LOAD 0 12
LOAD 0 13
LOAD 0 14
# CONTEXT CPU 0 0
# CONTEXT CPU 1 0
# CONTEXT CPU 2 0
# CONTEXT CPU 3 0
CPU 1 0 0
CPU 1 1 1
CPU 1 2 2
CPU 1 3 3
CPU 2 0 0
CPU 2 1 1
CPU 2 2 2
CPU 2 3 3
BLOCK 3 0
# CONTEXT CPU 0 3
# CONTEXT CPU 1 3
CPU 3 2 2
CPU 3 3 3
BLOCK 4 2
UNBLOCK 4 0
CPU 4 4 0
CPU 4 5 1
# CONTEXT CPU 2 4
CPU 4 3 3
UNBLOCK 5 2
CPU 5 4 0
CPU 5 5 1
CPU 5 6 2
CPU 5 3 3
CPU 6 4 0
# CONTEXT CPU 1 6
CPU 6 6 2
CPU 6 3 3
CPU 7 4 0
CPU 7 7 1
CPU 7 6 2
CPU 7 3 3
BLOCK 8 7
BLOCK 8 3
# CONTEXT CPU 0 8
# CONTEXT CPU 1 8
CPU 8 6 2
# CONTEXT CPU 3 8
UNBLOCK 9 3
UNBLOCK 9 7
CPU 9 8 0
CPU 9 9 1
# CONTEXT CPU 2 9
CPU 9 10 3
BLOCK 10 8
# CONTEXT CPU 0 10
CPU 10 9 1
CPU 10 11 2
# CONTEXT CPU 3 10
UNBLOCK 11 8
CPU 11 12 0
# CONTEXT CPU 1 11
CPU 11 11 2
CPU 11 13 3
BLOCK 12 12
BLOCK 12 13
# CONTEXT CPU 0 12
CPU 12 14 1
CPU 12 11 2
# CONTEXT CPU 3 12
BLOCK 13 14
UNBLOCK 13 12
UNBLOCK 13 13
# CONTEXT CPU 0 13
# CONTEXT CPU 1 13
CPU 13 11 2
# CONTEXT CPU 3 13
BLOCK 14 11
UNBLOCK 14 14
# CONTEXT CPU 0 14
# CONTEXT CPU 1 14
# CONTEXT CPU 2 14
# CONTEXT CPU 3 14
UNBLOCK 15 11
CPU 15 1 0
# CONTEXT CPU 1 15
# CONTEXT CPU 2 15
CPU 15 0 3
CPU 16 1 0
CPU 16 2 1
# CONTEXT CPU 2 16
CPU 16 0 3
CPU 17 1 0
CPU 17 2 1
CPU 17 5 2
CPU 17 0 3
CPU 18 1 0
# CONTEXT CPU 1 18
CPU 18 5 2
CPU 18 0 3
BLOCK 19 5
CPU 19 1 0
# CONTEXT CPU 1 19
# CONTEXT CPU 2 19
CPU 19 0 3
UNBLOCK 20 5
# CONTEXT CPU 0 20
# CONTEXT CPU 1 20
# CONTEXT CPU 2 20
CPU 20 0 3
# CONTEXT CPU 0 21
CPU 21 4 1
# CONTEXT CPU 2 21
CPU 21 0 3
EXIT 22 0 3
# CONTEXT CPU 0 22
CPU 22 4 1
CPU 22 3 2
# CONTEXT CPU 3 22
CPU 23 7 0
# CONTEXT CPU 1 23
CPU 23 3 2
# CONTEXT CPU 3 23
EXIT 24 3 2
CPU 24 7 0
# CONTEXT CPU 1 24
# CONTEXT CPU 2 24
# CONTEXT CPU 3 24
CPU 25 7 0
# CONTEXT CPU 1 25
# CONTEXT CPU 2 25
CPU 25 6 3
CPU 26 7 0
CPU 26 10 1
# CONTEXT CPU 2 26
CPU 26 6 3
CPU 27 7 0
CPU 27 10 1
CPU 27 8 2
CPU 27 6 3
BLOCK 28 10
BLOCK 28 6
# CONTEXT CPU 0 28
# CONTEXT CPU 1 28
CPU 28 8 2
# CONTEXT CPU 3 28
UNBLOCK 29 6
UNBLOCK 29 10
# CONTEXT CPU 0 29
# CONTEXT CPU 1 29
CPU 29 8 2
CPU 29 13 3
BLOCK 30 13
# CONTEXT CPU 0 30
# CONTEXT CPU 1 30
CPU 30 8 2
# CONTEXT CPU 3 30
UNBLOCK 31 13
CPU 31 9 0
CPU 31 12 1
CPU 31 8 2
# CONTEXT CPU 3 31
BLOCK 32 12
CPU 32 9 0
# CONTEXT CPU 1 32
CPU 32 8 2
# CONTEXT CPU 3 32
BLOCK 33 8
UNBLOCK 33 12
CPU 33 9 0
# CONTEXT CPU 1 33
# CONTEXT CPU 2 33
CPU 33 14 3
BLOCK 34 14
UNBLOCK 34 8
CPU 34 9 0
# CONTEXT CPU 1 34
# CONTEXT CPU 2 34
# CONTEXT CPU 3 34
BLOCK 35 9
UNBLOCK 35 14
# CONTEXT CPU 0 35
CPU 35 11 1
# CONTEXT CPU 2 35
# CONTEXT CPU 3 35
UNBLOCK 36 9
CPU 36 1 0
# CONTEXT CPU 1 36
CPU 36 2 2
# CONTEXT CPU 3 36
BLOCK 37 1
# CONTEXT CPU 0 37
CPU 37 4 1
# CONTEXT CPU 2 37
CPU 37 5 3
UNBLOCK 38 1
CPU 38 7 0
CPU 38 4 1
# CONTEXT CPU 2 38
CPU 38 5 3
BLOCK 39 4
CPU 39 7 0
# CONTEXT CPU 1 39
# CONTEXT CPU 2 39
CPU 39 5 3
UNBLOCK 40 4
# CONTEXT CPU 0 40
CPU 40 10 1
CPU 40 6 2
CPU 40 5 3
# CONTEXT CPU 0 41
# CONTEXT CPU 1 41
CPU 41 6 2
CPU 41 5 3
EXIT 42 6 2
EXIT 42 5 3
# CONTEXT CPU 0 42
CPU 42 12 1
# CONTEXT CPU 2 42
# CONTEXT CPU 3 42
BLOCK 43 12
CPU 43 13 0
# CONTEXT CPU 1 43
CPU 43 8 2
CPU 43 14 3
BLOCK 44 14
UNBLOCK 44 12
CPU 44 13 0
# CONTEXT CPU 1 44
CPU 44 8 2
# CONTEXT CPU 3 44
EXIT 45 8 2
UNBLOCK 45 14
CPU 45 13 0
# CONTEXT CPU 1 45
# CONTEXT CPU 2 45
# CONTEXT CPU 3 45
CPU 46 13 0
CPU 46 9 1
CPU 46 2 2
# CONTEXT CPU 3 46
BLOCK 47 13
# CONTEXT CPU 0 47
CPU 47 9 1
CPU 47 2 2
CPU 47 11 3
BLOCK 48 9
UNBLOCK 48 13
CPU 48 1 0
# CONTEXT CPU 1 48
CPU 48 2 2
CPU 48 11 3
EXIT 49 1 0
EXIT 49 2 2
UNBLOCK 49 9
# CONTEXT CPU 0 49
CPU 49 4 1
# CONTEXT CPU 2 49
CPU 49 11 3
EXIT 50 4 1
BLOCK 50 11
CPU 50 7 0
# CONTEXT CPU 1 50
# CONTEXT CPU 2 50
# CONTEXT CPU 3 50
EXIT 51 7 0
UNBLOCK 51 11
# CONTEXT CPU 0 51
CPU 51 12 1
# CONTEXT CPU 2 51
CPU 51 14 3
BLOCK 52 14
CPU 52 13 0
CPU 52 12 1
CPU 52 10 2
# CONTEXT CPU 3 52
BLOCK 53 12
BLOCK 53 10
UNBLOCK 53 14
CPU 53 13 0
# CONTEXT CPU 1 53
# CONTEXT CPU 2 53
# CONTEXT CPU 3 53
BLOCK 54 13
UNBLOCK 54 10
UNBLOCK 54 12
# CONTEXT CPU 0 54
# CONTEXT CPU 1 54
# CONTEXT CPU 2 54
# CONTEXT CPU 3 54
UNBLOCK 55 13
# CONTEXT CPU 0 55
# CONTEXT CPU 1 55
# CONTEXT CPU 2 55
CPU 55 9 3
EXIT 56 9 3
# CONTEXT CPU 0 56
CPU 56 11 1
CPU 56 14 2
# CONTEXT CPU 3 56
EXIT 57 11 1
BLOCK 57 14
CPU 57 10 0
# CONTEXT CPU 1 57
CPU 57 -1 2
# CONTEXT CPU 3 57
UNBLOCK 58 14
CPU 58 10 0
# CONTEXT CPU 1 58
# CONTEXT CPU 2 58
# CONTEXT CPU 3 58
CPU 59 10 0
# CONTEXT CPU 1 59
CPU 59 14 2
CPU 59 12 3
BLOCK 60 14
CPU 60 10 0
CPU 60 13 1
CPU 60 -1 2
CPU 60 12 3
EXIT 61 10 0
EXIT 61 13 1
UNBLOCK 61 14
# CONTEXT CPU 0 61
CPU 61 -1 1
CPU 61 -1 2
CPU 61 12 3
# CONTEXT CPU 0 62
CPU 62 -1 1
CPU 62 -1 2
CPU 62 12 3
EXIT 63 12 3
# CONTEXT CPU 0 63
CPU 63 -1 1
CPU 63 -1 2
CPU 63 -1 3
CPU 64 14 0
CPU 64 -1 1
CPU 64 -1 2
CPU 64 -1 3
BLOCK 65 14
CPU 65 -1 0
CPU 65 -1 1
CPU 65 -1 2
CPU 65 -1 3
UNBLOCK 66 14
# CONTEXT CPU 0 66
CPU 66 -1 1
CPU 66 -1 2
CPU 66 -1 3
CPU 67 14 0
CPU 67 -1 1
CPU 67 -1 2
CPU 67 -1 3
BLOCK 68 14
CPU 68 -1 0
CPU 68 -1 1
CPU 68 -1 2
CPU 68 -1 3
UNBLOCK 69 14
# CONTEXT CPU 0 69
CPU 69 -1 1
CPU 69 -1 2
CPU 69 -1 3
CPU 70 14 0
CPU 70 -1 1
CPU 70 -1 2
CPU 70 -1 3
EXIT 71 14 0
CPU 71 -1 0
CPU 71 -1 1
CPU 71 -1 2
CPU 71 -1 3
