# SETTINGS ../simusched tareas.tsk 4 1 2 SchedRR 4 1 3 5 5
LOAD 0 0
LOAD 0 1
LOAD 0 2
LOAD 0 3
LOAD 0 4
LOAD 0 5
LOAD 0 6
LOAD 0 7
LOAD 0 8
LOAD 0 9
LOAD 0 10
LOAD 0 11
LOAD 0 12
LOAD 0 13
LOAD 0 14
# CONTEXT CPU 0 0
# CONTEXT CPU 1 0
# CONTEXT CPU 2 0
# CONTEXT CPU 3 0
CPU 1 0 0
CPU 1 1 1
CPU 1 2 2
CPU 1 3 3
CPU 2 0 0
CPU 2 1 1
CPU 2 2 2
CPU 2 3 3
BLOCK 3 0
# CONTEXT CPU 0 3
# CONTEXT CPU 1 3
CPU 3 2 2
CPU 3 3 3
BLOCK 4 2
UNBLOCK 4 0
CPU 4 4 0
CPU 4 5 1
# CONTEXT CPU 2 4
CPU 4 3 3
UNBLOCK 5 2
CPU 5 4 0
CPU 5 5 1
CPU 5 6 2
CPU 5 3 3
CPU 6 4 0
# CONTEXT CPU 1 6
CPU 6 6 2
CPU 6 3 3
CPU 7 4 0
CPU 7 7 1
# CONTEXT CPU 2 7
# CONTEXT CPU 3 7
BLOCK 8 7
# CONTEXT CPU 0 8
# CONTEXT CPU 1 8
CPU 8 8 2
CPU 8 9 3
BLOCK 9 8
UNBLOCK 9 7
CPU 9 10 0
CPU 9 11 1
# CONTEXT CPU 2 9
CPU 9 9 3
UNBLOCK 10 8
CPU 10 10 0
CPU 10 11 1
CPU 10 12 2
CPU 10 9 3
BLOCK 11 12
CPU 11 10 0
# CONTEXT CPU 1 11
# CONTEXT CPU 2 11
CPU 11 9 3
BLOCK 12 10
UNBLOCK 12 12
# CONTEXT CPU 0 12
CPU 12 13 1
CPU 12 14 2
CPU 12 9 3
BLOCK 13 13
BLOCK 13 14
UNBLOCK 13 10
# CONTEXT CPU 0 13
# CONTEXT CPU 1 13
# CONTEXT CPU 2 13
CPU 13 9 3
BLOCK 14 9
UNBLOCK 14 13
UNBLOCK 14 14
# CONTEXT CPU 0 14
# CONTEXT CPU 1 14
CPU 14 2 2
# CONTEXT CPU 3 14
UNBLOCK 15 9
CPU 15 1 0
# CONTEXT CPU 1 15
CPU 15 2 2
# CONTEXT CPU 3 15
CPU 16 1 0
CPU 16 0 1
CPU 16 2 2
# CONTEXT CPU 3 16
CPU 17 1 0
CPU 17 0 1
CPU 17 2 2
CPU 17 5 3
# CONTEXT CPU 0 18
# CONTEXT CPU 1 18
# CONTEXT CPU 2 18
# CONTEXT CPU 3 18
# CONTEXT CPU 0 19
# CONTEXT CPU 1 19
# CONTEXT CPU 2 19
# CONTEXT CPU 3 19
# CONTEXT CPU 0 20
# CONTEXT CPU 1 20
# CONTEXT CPU 2 20
# CONTEXT CPU 3 20
CPU 21 6 0
CPU 21 3 1
CPU 21 4 2
CPU 21 7 3
BLOCK 22 3
CPU 22 6 0
# CONTEXT CPU 1 22
CPU 22 4 2
CPU 22 7 3
UNBLOCK 23 3
CPU 23 6 0
# CONTEXT CPU 1 23
CPU 23 4 2
CPU 23 7 3
CPU 24 6 0
# CONTEXT CPU 1 24
CPU 24 4 2
CPU 24 7 3
BLOCK 25 4
CPU 25 6 0
CPU 25 8 1
# CONTEXT CPU 2 25
CPU 25 7 3
BLOCK 26 6
UNBLOCK 26 4
# CONTEXT CPU 0 26
CPU 26 8 1
# CONTEXT CPU 2 26
CPU 26 7 3
UNBLOCK 27 6
# CONTEXT CPU 0 27
# CONTEXT CPU 1 27
# CONTEXT CPU 2 27
# CONTEXT CPU 3 27
# CONTEXT CPU 0 28
# CONTEXT CPU 1 28
CPU 28 11 2
# CONTEXT CPU 3 28
CPU 29 12 0
# CONTEXT CPU 1 29
# CONTEXT CPU 2 29
# CONTEXT CPU 3 29
BLOCK 30 12
# CONTEXT CPU 0 30
CPU 30 10 1
CPU 30 14 2
CPU 30 13 3
BLOCK 31 14
BLOCK 31 13
UNBLOCK 31 12
# CONTEXT CPU 0 31
CPU 31 10 1
# CONTEXT CPU 2 31
# CONTEXT CPU 3 31
BLOCK 32 10
UNBLOCK 32 13
UNBLOCK 32 14
# CONTEXT CPU 0 32
# CONTEXT CPU 1 32
# CONTEXT CPU 2 32
# CONTEXT CPU 3 32
UNBLOCK 33 10
CPU 33 9 0
# CONTEXT CPU 1 33
# CONTEXT CPU 2 33
# CONTEXT CPU 3 33
# CONTEXT CPU 0 34
# CONTEXT CPU 1 34
CPU 34 1 2
CPU 34 0 3
# CONTEXT CPU 0 35
CPU 35 2 1
CPU 35 1 2
CPU 35 0 3
# CONTEXT CPU 0 36
# CONTEXT CPU 1 36
CPU 36 1 2
CPU 36 0 3
BLOCK 37 1
CPU 37 5 0
CPU 37 3 1
# CONTEXT CPU 2 37
CPU 37 0 3
BLOCK 38 5
UNBLOCK 38 1
# CONTEXT CPU 0 38
CPU 38 3 1
CPU 38 4 2
CPU 38 0 3
EXIT 39 3 1
EXIT 39 4 2
EXIT 39 0 3
UNBLOCK 39 5
CPU 39 6 0
# CONTEXT CPU 1 39
# CONTEXT CPU 2 39
# CONTEXT CPU 3 39
CPU 40 6 0
CPU 40 8 1
# CONTEXT CPU 2 40
# CONTEXT CPU 3 40
EXIT 41 6 0
# CONTEXT CPU 0 41
CPU 41 8 1
# CONTEXT CPU 2 41
# CONTEXT CPU 3 41
CPU 42 12 0
# CONTEXT CPU 1 42
CPU 42 7 2
CPU 42 11 3
BLOCK 43 12
BLOCK 43 11
# CONTEXT CPU 0 43
# CONTEXT CPU 1 43
CPU 43 7 2
# CONTEXT CPU 3 43
EXIT 44 7 2
UNBLOCK 44 11
UNBLOCK 44 12
# CONTEXT CPU 0 44
# CONTEXT CPU 1 44
# CONTEXT CPU 2 44
# CONTEXT CPU 3 44
# CONTEXT CPU 0 45
CPU 45 13 1
# CONTEXT CPU 2 45
# CONTEXT CPU 3 45
CPU 46 14 0
CPU 46 13 1
# CONTEXT CPU 2 46
CPU 46 10 3
BLOCK 47 14
# CONTEXT CPU 0 47
# CONTEXT CPU 1 47
CPU 47 9 2
CPU 47 10 3
BLOCK 48 9
UNBLOCK 48 14
# CONTEXT CPU 0 48
# CONTEXT CPU 1 48
# CONTEXT CPU 2 48
CPU 48 10 3
UNBLOCK 49 9
# CONTEXT CPU 0 49
# CONTEXT CPU 1 49
# CONTEXT CPU 2 49
CPU 49 10 3
EXIT 50 10 3
CPU 50 2 0
CPU 50 1 1
# CONTEXT CPU 2 50
# CONTEXT CPU 3 50
EXIT 51 2 0
EXIT 51 1 1
# CONTEXT CPU 0 51
# CONTEXT CPU 1 51
CPU 51 5 2
# CONTEXT CPU 3 51
# CONTEXT CPU 0 52
# CONTEXT CPU 1 52
CPU 52 5 2
# CONTEXT CPU 3 52
# CONTEXT CPU 0 53
# CONTEXT CPU 1 53
CPU 53 5 2
CPU 53 8 3
CPU 54 11 0
CPU 54 12 1
CPU 54 5 2
CPU 54 8 3
BLOCK 55 8
CPU 55 11 0
CPU 55 12 1
# CONTEXT CPU 2 55
# CONTEXT CPU 3 55
BLOCK 56 12
UNBLOCK 56 8
CPU 56 11 0
# CONTEXT CPU 1 56
# CONTEXT CPU 2 56
# CONTEXT CPU 3 56
UNBLOCK 57 12
CPU 57 11 0
# CONTEXT CPU 1 57
# CONTEXT CPU 2 57
# CONTEXT CPU 3 57
BLOCK 58 11
# CONTEXT CPU 0 58
# CONTEXT CPU 1 58
CPU 58 13 2
CPU 58 14 3
BLOCK 59 14
UNBLOCK 59 11
# CONTEXT CPU 0 59
CPU 59 9 1
CPU 59 13 2
# CONTEXT CPU 3 59
EXIT 60 9 1
BLOCK 60 13
UNBLOCK 60 14
# CONTEXT CPU 0 60
# CONTEXT CPU 1 60
# CONTEXT CPU 2 60
CPU 60 8 3
UNBLOCK 61 13
CPU 61 5 0
CPU 61 12 1
# CONTEXT CPU 2 61
CPU 61 8 3
EXIT 62 5 0
EXIT 62 8 3
# CONTEXT CPU 0 62
CPU 62 12 1
# CONTEXT CPU 2 62
# CONTEXT CPU 3 62
# CONTEXT CPU 0 63
CPU 63 12 1
CPU 63 11 2
# CONTEXT CPU 3 63
EXIT 64 11 2
# CONTEXT CPU 0 64
CPU 64 12 1
CPU 64 -1 2
# CONTEXT CPU 3 64
EXIT 65 12 1
CPU 65 14 0
CPU 65 -1 1
CPU 65 -1 2
CPU 65 13 3
BLOCK 66 14
CPU 66 -1 0
CPU 66 -1 1
CPU 66 -1 2
CPU 66 13 3
BLOCK 67 13
UNBLOCK 67 14
# CONTEXT CPU 0 67
CPU 67 -1 1
CPU 67 -1 2
CPU 67 -1 3
UNBLOCK 68 13
CPU 68 14 0
# CONTEXT CPU 1 68
CPU 68 -1 2
CPU 68 -1 3
BLOCK 69 14
CPU 69 -1 0
# CONTEXT CPU 1 69
CPU 69 -1 2
CPU 69 -1 3
UNBLOCK 70 14
# CONTEXT CPU 0 70
# CONTEXT CPU 1 70
CPU 70 -1 2
CPU 70 -1 3
CPU 71 14 0
CPU 71 13 1
CPU 71 -1 2
CPU 71 -1 3
BLOCK 72 14
EXIT 72 13 1
CPU 72 -1 0
CPU 72 -1 1
CPU 72 -1 2
CPU 72 -1 3
UNBLOCK 73 14
# CONTEXT CPU 0 73
CPU 73 -1 1
CPU 73 -1 2
CPU 73 -1 3
CPU 74 14 0
CPU 74 -1 1
CPU 74 -1 2
CPU 74 -1 3
BLOCK 75 14
CPU 75 -1 0
CPU 75 -1 1
CPU 75 -1 2
CPU 75 -1 3
UNBLOCK 76 14
# CONTEXT CPU 0 76
CPU 76 -1 1
CPU 76 -1 2
CPU 76 -1 3
CPU 77 14 0
CPU 77 -1 1
CPU 77 -1 2
CPU 77 -1 3
EXIT 78 14 0
CPU 78 -1 0
CPU 78 -1 1
CPU 78 -1 2
CPU 78 -1 3
