# SETTINGS ../simusched tareas.tsk 4 1 2 SchedRR 4 3 4 4 4
LOAD 0 0
LOAD 0 1
LOAD 0 2
LOAD 0 3
LOAD 0 4
LOAD 0 5
LOAD 0 6
LOAD 0 7
LOAD 0 8
LOAD 0 9
LOAD 0 10
LOAD 0 11
LOAD 0 12
LOAD 0 13
LOAD 0 14
# CONTEXT CPU 0 0
# CONTEXT CPU 1 0
# CONTEXT CPU 2 0
# CONTEXT CPU 3 0
CPU 1 0 0
CPU 1 1 1
CPU 1 2 2
CPU 1 3 3
CPU 2 0 0
CPU 2 1 1
CPU 2 2 2
CPU 2 3 3
CPU 3 0 0
CPU 3 1 1
CPU 3 2 2
CPU 3 3 3
BLOCK 4 0
BLOCK 4 1
BLOCK 4 3
# CONTEXT CPU 0 4
# CONTEXT CPU 1 4
CPU 4 2 2
# CONTEXT CPU 3 4
BLOCK 5 2
UNBLOCK 5 0
UNBLOCK 5 1
UNBLOCK 5 3
CPU 5 4 0
CPU 5 5 1
# CONTEXT CPU 2 5
CPU 5 6 3
UNBLOCK 6 2
CPU 6 4 0
CPU 6 5 1
CPU 6 7 2
CPU 6 6 3
CPU 7 4 0
# CONTEXT CPU 1 7
CPU 7 7 2
CPU 7 6 3
# CONTEXT CPU 0 8
CPU 8 8 1
# CONTEXT CPU 2 8
# CONTEXT CPU 3 8
BLOCK 9 8
CPU 9 9 0
# CONTEXT CPU 1 9
CPU 9 10 2
CPU 9 11 3
UNBLOCK 10 8
CPU 10 9 0
CPU 10 12 1
CPU 10 10 2
CPU 10 11 3
BLOCK 11 10
CPU 11 9 0
CPU 11 12 1
# CONTEXT CPU 2 11
CPU 11 11 3
BLOCK 12 9
BLOCK 12 12
UNBLOCK 12 10
# CONTEXT CPU 0 12
# CONTEXT CPU 1 12
CPU 12 13 2
CPU 12 11 3
BLOCK 13 11
UNBLOCK 13 9
UNBLOCK 13 12
CPU 13 14 0
# CONTEXT CPU 1 13
CPU 13 13 2
# CONTEXT CPU 3 13
BLOCK 14 14
UNBLOCK 14 11
# CONTEXT CPU 0 14
# CONTEXT CPU 1 14
CPU 14 13 2
# CONTEXT CPU 3 14
BLOCK 15 13
UNBLOCK 15 14
# CONTEXT CPU 0 15
CPU 15 0 1
# CONTEXT CPU 2 15
# CONTEXT CPU 3 15
UNBLOCK 16 13
# CONTEXT CPU 0 16
CPU 16 0 1
CPU 16 2 2
CPU 16 1 3
CPU 17 3 0
CPU 17 0 1
CPU 17 2 2
CPU 17 1 3
CPU 18 3 0
# CONTEXT CPU 1 18
# CONTEXT CPU 2 18
# CONTEXT CPU 3 18
CPU 19 3 0
CPU 19 5 1
# CONTEXT CPU 2 19
# CONTEXT CPU 3 19
# CONTEXT CPU 0 20
CPU 20 5 1
# CONTEXT CPU 2 20
# CONTEXT CPU 3 20
# CONTEXT CPU 0 21
CPU 21 5 1
CPU 21 4 2
CPU 21 7 3
BLOCK 22 4
# CONTEXT CPU 0 22
CPU 22 5 1
# CONTEXT CPU 2 22
CPU 22 7 3
BLOCK 23 5
BLOCK 23 7
UNBLOCK 23 4
CPU 23 6 0
# CONTEXT CPU 1 23
# CONTEXT CPU 2 23
# CONTEXT CPU 3 23
UNBLOCK 24 5
UNBLOCK 24 7
CPU 24 6 0
# CONTEXT CPU 1 24
# CONTEXT CPU 2 24
# CONTEXT CPU 3 24
CPU 25 6 0
# CONTEXT CPU 1 25
CPU 25 8 2
# CONTEXT CPU 3 25
CPU 26 6 0
CPU 26 10 1
CPU 26 8 2
CPU 26 9 3
CPU 27 6 0
# CONTEXT CPU 1 27
CPU 27 8 2
CPU 27 9 3
BLOCK 28 6
# CONTEXT CPU 0 28
CPU 28 12 1
CPU 28 8 2
CPU 28 9 3
UNBLOCK 29 6
# CONTEXT CPU 0 29
CPU 29 12 1
CPU 29 8 2
CPU 29 9 3
BLOCK 30 12
BLOCK 30 9
# CONTEXT CPU 0 30
# CONTEXT CPU 1 30
# CONTEXT CPU 2 30
# CONTEXT CPU 3 30
UNBLOCK 31 9
UNBLOCK 31 12
CPU 31 11 0
# CONTEXT CPU 1 31
CPU 31 13 2
# CONTEXT CPU 3 31
BLOCK 32 13
# CONTEXT CPU 0 32
# CONTEXT CPU 1 32
# CONTEXT CPU 2 32
# CONTEXT CPU 3 32
UNBLOCK 33 13
# CONTEXT CPU 0 33
CPU 33 14 1
# CONTEXT CPU 2 33
CPU 33 0 3
BLOCK 34 14
# CONTEXT CPU 0 34
# CONTEXT CPU 1 34
# CONTEXT CPU 2 34
# CONTEXT CPU 3 34
UNBLOCK 35 14
CPU 35 2 0
# CONTEXT CPU 1 35
CPU 35 1 2
# CONTEXT CPU 3 35
CPU 36 2 0
# CONTEXT CPU 1 36
CPU 36 1 2
# CONTEXT CPU 3 36
CPU 37 2 0
CPU 37 3 1
CPU 37 1 2
CPU 37 4 3
EXIT 38 2 0
# CONTEXT CPU 0 38
CPU 38 3 1
CPU 38 1 2
CPU 38 4 3
EXIT 39 1 2
# CONTEXT CPU 0 39
CPU 39 3 1
# CONTEXT CPU 2 39
CPU 39 4 3
EXIT 40 3 1
# CONTEXT CPU 0 40
# CONTEXT CPU 1 40
# CONTEXT CPU 2 40
CPU 40 4 3
CPU 41 5 0
CPU 41 10 1
# CONTEXT CPU 2 41
CPU 41 4 3
BLOCK 42 10
EXIT 42 4 3
CPU 42 5 0
# CONTEXT CPU 1 42
CPU 42 7 2
# CONTEXT CPU 3 42
UNBLOCK 43 10
CPU 43 5 0
# CONTEXT CPU 1 43
CPU 43 7 2
# CONTEXT CPU 3 43
EXIT 44 5 0
# CONTEXT CPU 0 44
# CONTEXT CPU 1 44
CPU 44 7 2
# CONTEXT CPU 3 44
# CONTEXT CPU 0 45
CPU 45 6 1
CPU 45 7 2
CPU 45 8 3
EXIT 46 6 1
# CONTEXT CPU 0 46
# CONTEXT CPU 1 46
CPU 46 7 2
CPU 46 8 3
EXIT 47 7 2
BLOCK 47 8
CPU 47 9 0
CPU 47 12 1
# CONTEXT CPU 2 47
# CONTEXT CPU 3 47
BLOCK 48 12
UNBLOCK 48 8
CPU 48 9 0
# CONTEXT CPU 1 48
# CONTEXT CPU 2 48
# CONTEXT CPU 3 48
EXIT 49 9 0
UNBLOCK 49 12
# CONTEXT CPU 0 49
# CONTEXT CPU 1 49
# CONTEXT CPU 2 49
# CONTEXT CPU 3 49
# CONTEXT CPU 0 50
# CONTEXT CPU 1 50
CPU 50 11 2
CPU 50 13 3
BLOCK 51 13
# CONTEXT CPU 0 51
CPU 51 0 1
CPU 51 11 2
# CONTEXT CPU 3 51
UNBLOCK 52 13
CPU 52 14 0
CPU 52 0 1
CPU 52 11 2
# CONTEXT CPU 3 52
BLOCK 53 14
EXIT 53 0 1
BLOCK 53 11
# CONTEXT CPU 0 53
# CONTEXT CPU 1 53
# CONTEXT CPU 2 53
# CONTEXT CPU 3 53
UNBLOCK 54 11
UNBLOCK 54 14
# CONTEXT CPU 0 54
CPU 54 12 1
# CONTEXT CPU 2 54
CPU 54 10 3
BLOCK 55 12
# CONTEXT CPU 0 55
# CONTEXT CPU 1 55
# CONTEXT CPU 2 55
CPU 55 10 3
UNBLOCK 56 12
CPU 56 8 0
# CONTEXT CPU 1 56
CPU 56 13 2
CPU 56 10 3
EXIT 57 8 0
# CONTEXT CPU 0 57
# CONTEXT CPU 1 57
CPU 57 13 2
CPU 57 10 3
CPU 58 14 0
CPU 58 11 1
CPU 58 13 2
# CONTEXT CPU 3 58
BLOCK 59 14
EXIT 59 11 1
BLOCK 59 13
# CONTEXT CPU 0 59
CPU 59 -1 1
CPU 59 -1 2
# CONTEXT CPU 3 59
UNBLOCK 60 13
UNBLOCK 60 14
# CONTEXT CPU 0 60
# CONTEXT CPU 1 60
# CONTEXT CPU 2 60
# CONTEXT CPU 3 60
# CONTEXT CPU 0 61
# CONTEXT CPU 1 61
# CONTEXT CPU 2 61
CPU 61 12 3
CPU 62 10 0
# CONTEXT CPU 1 62
# CONTEXT CPU 2 62
CPU 62 12 3
EXIT 63 10 0
CPU 63 -1 0
CPU 63 13 1
CPU 63 14 2
CPU 63 12 3
EXIT 64 13 1
BLOCK 64 14
EXIT 64 12 3
CPU 64 -1 0
CPU 64 -1 1
CPU 64 -1 2
CPU 64 -1 3
UNBLOCK 65 14
# CONTEXT CPU 0 65
CPU 65 -1 1
CPU 65 -1 2
CPU 65 -1 3
# CONTEXT CPU 0 66
CPU 66 -1 1
CPU 66 -1 2
CPU 66 -1 3
# CONTEXT CPU 0 67
CPU 67 -1 1
CPU 67 -1 2
CPU 67 -1 3
CPU 68 14 0
CPU 68 -1 1
CPU 68 -1 2
CPU 68 -1 3
BLOCK 69 14
CPU 69 -1 0
CPU 69 -1 1
CPU 69 -1 2
CPU 69 -1 3
UNBLOCK 70 14
# CONTEXT CPU 0 70
CPU 70 -1 1
CPU 70 -1 2
CPU 70 -1 3
CPU 71 14 0
CPU 71 -1 1
CPU 71 -1 2
CPU 71 -1 3
BLOCK 72 14
CPU 72 -1 0
CPU 72 -1 1
CPU 72 -1 2
CPU 72 -1 3
UNBLOCK 73 14
# CONTEXT CPU 0 73
CPU 73 -1 1
CPU 73 -1 2
CPU 73 -1 3
CPU 74 14 0
CPU 74 -1 1
CPU 74 -1 2
CPU 74 -1 3
BLOCK 75 14
CPU 75 -1 0
CPU 75 -1 1
CPU 75 -1 2
CPU 75 -1 3
UNBLOCK 76 14
# CONTEXT CPU 0 76
CPU 76 -1 1
CPU 76 -1 2
CPU 76 -1 3
CPU 77 14 0
CPU 77 -1 1
CPU 77 -1 2
CPU 77 -1 3
EXIT 78 14 0
CPU 78 -1 0
CPU 78 -1 1
CPU 78 -1 2
CPU 78 -1 3
