# SETTINGS ../simusched tareas.tsk 4 1 2 SchedRR 4 5 5 8 8
LOAD 0 0
LOAD 0 1
LOAD 0 2
LOAD 0 3
LOAD 0 4
LOAD 0 5
LOAD 0 6
LOAD 0 7
LOAD 0 8
LOAD 0 9
LOAD 0 10
LOAD 0 11
LOAD 0 12
LOAD 0 13
LOAD 0 14
# CONTEXT CPU 0 0
# CONTEXT CPU 1 0
# CONTEXT CPU 2 0
# CONTEXT CPU 3 0
CPU 1 0 0
CPU 1 1 1
CPU 1 2 2
CPU 1 3 3
CPU 2 0 0
CPU 2 1 1
CPU 2 2 2
CPU 2 3 3
BLOCK 3 1
CPU 3 0 0
# CONTEXT CPU 1 3
CPU 3 2 2
CPU 3 3 3
BLOCK 4 3
UNBLOCK 4 1
CPU 4 0 0
CPU 4 4 1
CPU 4 2 2
# CONTEXT CPU 3 4
UNBLOCK 5 3
CPU 5 0 0
CPU 5 4 1
CPU 5 2 2
CPU 5 5 3
BLOCK 6 0
# CONTEXT CPU 0 6
CPU 6 4 1
CPU 6 2 2
CPU 6 5 3
BLOCK 7 2
UNBLOCK 7 0
CPU 7 6 0
CPU 7 4 1
# CONTEXT CPU 2 7
CPU 7 5 3
UNBLOCK 8 2
# CONTEXT CPU 0 8
CPU 8 4 1
CPU 8 7 2
CPU 8 5 3
BLOCK 9 4
CPU 9 8 0
# CONTEXT CPU 1 9
# CONTEXT CPU 2 9
CPU 9 5 3
BLOCK 10 8
UNBLOCK 10 4
# CONTEXT CPU 0 10
CPU 10 9 1
CPU 10 10 2
CPU 10 5 3
BLOCK 11 5
UNBLOCK 11 8
CPU 11 11 0
# CONTEXT CPU 1 11
CPU 11 10 2
# CONTEXT CPU 3 11
UNBLOCK 12 5
CPU 12 11 0
CPU 12 12 1
CPU 12 10 2
CPU 12 13 3
BLOCK 13 10
CPU 13 11 0
CPU 13 12 1
# CONTEXT CPU 2 13
CPU 13 13 3
BLOCK 14 11
BLOCK 14 12
UNBLOCK 14 10
# CONTEXT CPU 0 14
# CONTEXT CPU 1 14
CPU 14 14 2
# CONTEXT CPU 3 14
BLOCK 15 14
UNBLOCK 15 11
UNBLOCK 15 12
# CONTEXT CPU 0 15
# CONTEXT CPU 1 15
# CONTEXT CPU 2 15
# CONTEXT CPU 3 15
UNBLOCK 16 14
# CONTEXT CPU 0 16
# CONTEXT CPU 1 16
CPU 16 2 2
# CONTEXT CPU 3 16
CPU 17 1 0
CPU 17 3 1
CPU 17 2 2
CPU 17 0 3
CPU 18 1 0
CPU 18 3 1
CPU 18 2 2
CPU 18 0 3
EXIT 19 2 2
CPU 19 1 0
CPU 19 3 1
# CONTEXT CPU 2 19
CPU 19 0 3
# CONTEXT CPU 0 20
CPU 20 3 1
# CONTEXT CPU 2 20
CPU 20 0 3
EXIT 21 0 3
# CONTEXT CPU 0 21
CPU 21 3 1
# CONTEXT CPU 2 21
# CONTEXT CPU 3 21
# CONTEXT CPU 0 22
# CONTEXT CPU 1 22
CPU 22 6 2
# CONTEXT CPU 3 22
CPU 23 7 0
# CONTEXT CPU 1 23
CPU 23 6 2
# CONTEXT CPU 3 23
BLOCK 24 6
CPU 24 7 0
# CONTEXT CPU 1 24
# CONTEXT CPU 2 24
CPU 24 4 3
UNBLOCK 25 6
CPU 25 7 0
CPU 25 8 1
# CONTEXT CPU 2 25
CPU 25 4 3
CPU 26 7 0
CPU 26 8 1
# CONTEXT CPU 2 26
CPU 26 4 3
BLOCK 27 7
# CONTEXT CPU 0 27
CPU 27 8 1
CPU 27 9 2
CPU 27 4 3
BLOCK 28 9
EXIT 28 4 3
UNBLOCK 28 7
# CONTEXT CPU 0 28
CPU 28 8 1
# CONTEXT CPU 2 28
# CONTEXT CPU 3 28
UNBLOCK 29 9
# CONTEXT CPU 0 29
CPU 29 8 1
CPU 29 10 2
CPU 29 13 3
BLOCK 30 8
BLOCK 30 13
CPU 30 5 0
# CONTEXT CPU 1 30
CPU 30 10 2
# CONTEXT CPU 3 30
BLOCK 31 10
UNBLOCK 31 8
UNBLOCK 31 13
CPU 31 5 0
# CONTEXT CPU 1 31
# CONTEXT CPU 2 31
# CONTEXT CPU 3 31
UNBLOCK 32 10
# CONTEXT CPU 0 32
# CONTEXT CPU 1 32
CPU 32 14 2
# CONTEXT CPU 3 32
BLOCK 33 14
CPU 33 1 0
CPU 33 11 1
# CONTEXT CPU 2 33
CPU 33 12 3
BLOCK 34 12
UNBLOCK 34 14
CPU 34 1 0
CPU 34 11 1
# CONTEXT CPU 2 34
# CONTEXT CPU 3 34
BLOCK 35 11
UNBLOCK 35 12
CPU 35 1 0
# CONTEXT CPU 1 35
# CONTEXT CPU 2 35
# CONTEXT CPU 3 35
UNBLOCK 36 11
CPU 36 1 0
# CONTEXT CPU 1 36
CPU 36 3 2
# CONTEXT CPU 3 36
EXIT 37 1 0
EXIT 37 3 2
# CONTEXT CPU 0 37
# CONTEXT CPU 1 37
# CONTEXT CPU 2 37
CPU 37 6 3
# CONTEXT CPU 0 38
CPU 38 7 1
# CONTEXT CPU 2 38
CPU 38 6 3
# CONTEXT CPU 0 39
# CONTEXT CPU 1 39
# CONTEXT CPU 2 39
CPU 39 6 3
CPU 40 9 0
# CONTEXT CPU 1 40
CPU 40 8 2
CPU 40 6 3
CPU 41 9 0
# CONTEXT CPU 1 41
CPU 41 8 2
CPU 41 6 3
CPU 42 9 0
CPU 42 13 1
CPU 42 8 2
CPU 42 6 3
EXIT 43 8 2
EXIT 43 6 3
CPU 43 9 0
CPU 43 13 1
# CONTEXT CPU 2 43
# CONTEXT CPU 3 43
BLOCK 44 13
CPU 44 9 0
# CONTEXT CPU 1 44
CPU 44 10 2
# CONTEXT CPU 3 44
UNBLOCK 45 13
# CONTEXT CPU 0 45
# CONTEXT CPU 1 45
CPU 45 10 2
# CONTEXT CPU 3 45
# CONTEXT CPU 0 46
# CONTEXT CPU 1 46
CPU 46 10 2
CPU 46 5 3
EXIT 47 5 3
# CONTEXT CPU 0 47
CPU 47 14 1
CPU 47 10 2
# CONTEXT CPU 3 47
BLOCK 48 14
EXIT 48 10 2
CPU 48 12 0
# CONTEXT CPU 1 48
# CONTEXT CPU 2 48
# CONTEXT CPU 3 48
BLOCK 49 12
UNBLOCK 49 14
# CONTEXT CPU 0 49
CPU 49 7 1
# CONTEXT CPU 2 49
# CONTEXT CPU 3 49
UNBLOCK 50 12
CPU 50 9 0
CPU 50 7 1
# CONTEXT CPU 2 50
CPU 50 11 3
BLOCK 51 9
# CONTEXT CPU 0 51
CPU 51 7 1
CPU 51 13 2
CPU 51 11 3
EXIT 52 7 1
BLOCK 52 13
UNBLOCK 52 9
# CONTEXT CPU 0 52
# CONTEXT CPU 1 52
# CONTEXT CPU 2 52
CPU 52 11 3
UNBLOCK 53 13
# CONTEXT CPU 0 53
# CONTEXT CPU 1 53
# CONTEXT CPU 2 53
CPU 53 11 3
EXIT 54 11 3
CPU 54 14 0
# CONTEXT CPU 1 54
# CONTEXT CPU 2 54
# CONTEXT CPU 3 54
BLOCK 55 14
CPU 55 -1 0
CPU 55 12 1
CPU 55 9 2
# CONTEXT CPU 3 55
EXIT 56 9 2
UNBLOCK 56 14
# CONTEXT CPU 0 56
CPU 56 12 1
CPU 56 -1 2
# CONTEXT CPU 3 56
BLOCK 57 12
CPU 57 14 0
CPU 57 -1 1
CPU 57 -1 2
CPU 57 13 3
BLOCK 58 14
BLOCK 58 13
UNBLOCK 58 12
# CONTEXT CPU 0 58
CPU 58 -1 1
CPU 58 -1 2
CPU 58 -1 3
UNBLOCK 59 13
UNBLOCK 59 14
# CONTEXT CPU 0 59
# CONTEXT CPU 1 59
# CONTEXT CPU 2 59
CPU 59 -1 3
# CONTEXT CPU 0 60
# CONTEXT CPU 1 60
# CONTEXT CPU 2 60
CPU 60 -1 3
CPU 61 12 0
# CONTEXT CPU 1 61
# CONTEXT CPU 2 61
CPU 61 -1 3
CPU 62 12 0
CPU 62 13 1
CPU 62 14 2
CPU 62 -1 3
BLOCK 63 14
CPU 63 12 0
CPU 63 13 1
CPU 63 -1 2
CPU 63 -1 3
EXIT 64 12 0
EXIT 64 13 1
UNBLOCK 64 14
# CONTEXT CPU 0 64
CPU 64 -1 1
CPU 64 -1 2
CPU 64 -1 3
# CONTEXT CPU 0 65
CPU 65 -1 1
CPU 65 -1 2
CPU 65 -1 3
# CONTEXT CPU 0 66
CPU 66 -1 1
CPU 66 -1 2
CPU 66 -1 3
CPU 67 14 0
CPU 67 -1 1
CPU 67 -1 2
CPU 67 -1 3
BLOCK 68 14
CPU 68 -1 0
CPU 68 -1 1
CPU 68 -1 2
CPU 68 -1 3
UNBLOCK 69 14
# CONTEXT CPU 0 69
CPU 69 -1 1
CPU 69 -1 2
CPU 69 -1 3
CPU 70 14 0
CPU 70 -1 1
CPU 70 -1 2
CPU 70 -1 3
BLOCK 71 14
CPU 71 -1 0
CPU 71 -1 1
CPU 71 -1 2
CPU 71 -1 3
UNBLOCK 72 14
# CONTEXT CPU 0 72
CPU 72 -1 1
CPU 72 -1 2
CPU 72 -1 3
CPU 73 14 0
CPU 73 -1 1
CPU 73 -1 2
CPU 73 -1 3
EXIT 74 14 0
CPU 74 -1 0
CPU 74 -1 1
CPU 74 -1 2
CPU 74 -1 3
