# SETTINGS ../simusched tareas.tsk 3 1 2 SchedRR 3 3 5 6
LOAD 0 0
LOAD 0 1
LOAD 0 2
LOAD 0 3
LOAD 0 4
LOAD 0 5
LOAD 0 6
LOAD 0 7
LOAD 0 8
LOAD 0 9
LOAD 0 10
LOAD 0 11
LOAD 0 12
LOAD 0 13
LOAD 0 14
# CONTEXT CPU 0 0
# CONTEXT CPU 1 0
# CONTEXT CPU 2 0
CPU 1 0 0
CPU 1 1 1
CPU 1 2 2
BLOCK 2 1
CPU 2 0 0
# CONTEXT CPU 1 2
CPU 2 2 2
UNBLOCK 3 1
CPU 3 0 0
CPU 3 3 1
CPU 3 2 2
BLOCK 4 3
CPU 4 0 0
# CONTEXT CPU 1 4
CPU 4 2 2
UNBLOCK 5 3
# CONTEXT CPU 0 5
CPU 5 4 1
CPU 5 2 2
CPU 6 5 0
CPU 6 4 1
CPU 6 2 2
CPU 7 5 0
CPU 7 4 1
# CONTEXT CPU 2 7
CPU 8 5 0
CPU 8 4 1
CPU 8 6 2
CPU 9 5 0
# CONTEXT CPU 1 9
CPU 9 6 2
# CONTEXT CPU 0 10
CPU 10 7 1
CPU 10 6 2
CPU 11 8 0
CPU 11 7 1
CPU 11 6 2
CPU 12 8 0
CPU 12 7 1
CPU 12 6 2
CPU 13 8 0
CPU 13 7 1
CPU 13 6 2
BLOCK 14 6
CPU 14 8 0
# CONTEXT CPU 1 14
# CONTEXT CPU 2 14
UNBLOCK 15 6
# CONTEXT CPU 0 15
CPU 15 9 1
CPU 15 10 2
CPU 16 11 0
CPU 16 9 1
# CONTEXT CPU 2 16
BLOCK 17 9
CPU 17 11 0
# CONTEXT CPU 1 17
CPU 17 12 2
BLOCK 18 12
UNBLOCK 18 9
CPU 18 11 0
CPU 18 13 1
# CONTEXT CPU 2 18
BLOCK 19 11
UNBLOCK 19 12
# CONTEXT CPU 0 19
CPU 19 13 1
CPU 19 14 2
BLOCK 20 13
BLOCK 20 14
UNBLOCK 20 11
# CONTEXT CPU 0 20
# CONTEXT CPU 1 20
# CONTEXT CPU 2 20
UNBLOCK 21 13
UNBLOCK 21 14
# CONTEXT CPU 0 21
CPU 21 3 1
# CONTEXT CPU 2 21
CPU 22 1 0
CPU 22 3 1
# CONTEXT CPU 2 22
CPU 23 1 0
# CONTEXT CPU 1 23
CPU 23 0 2
BLOCK 24 0
# CONTEXT CPU 0 24
# CONTEXT CPU 1 24
# CONTEXT CPU 2 24
UNBLOCK 25 0
# CONTEXT CPU 0 25
# CONTEXT CPU 1 25
# CONTEXT CPU 2 25
# CONTEXT CPU 0 26
CPU 26 2 1
# CONTEXT CPU 2 26
BLOCK 27 2
CPU 27 4 0
# CONTEXT CPU 1 27
CPU 27 5 2
UNBLOCK 28 2
CPU 28 4 0
CPU 28 7 1
CPU 28 5 2
BLOCK 29 5
CPU 29 4 0
CPU 29 7 1
# CONTEXT CPU 2 29
UNBLOCK 30 5
CPU 30 4 0
CPU 30 7 1
CPU 30 6 2
BLOCK 31 4
BLOCK 31 7
# CONTEXT CPU 0 31
# CONTEXT CPU 1 31
CPU 31 6 2
UNBLOCK 32 4
UNBLOCK 32 7
CPU 32 8 0
# CONTEXT CPU 1 32
CPU 32 6 2
EXIT 33 6 2
# CONTEXT CPU 0 33
# CONTEXT CPU 1 33
# CONTEXT CPU 2 33
# CONTEXT CPU 0 34
CPU 34 10 1
CPU 34 12 2
BLOCK 35 10
BLOCK 35 12
# CONTEXT CPU 0 35
# CONTEXT CPU 1 35
# CONTEXT CPU 2 35
UNBLOCK 36 10
UNBLOCK 36 12
CPU 36 9 0
# CONTEXT CPU 1 36
# CONTEXT CPU 2 36
CPU 37 9 0
# CONTEXT CPU 1 37
# CONTEXT CPU 2 37
BLOCK 38 9
# CONTEXT CPU 0 38
CPU 38 11 1
CPU 38 13 2
UNBLOCK 39 9
# CONTEXT CPU 0 39
CPU 39 11 1
CPU 39 13 2
BLOCK 40 13
# CONTEXT CPU 0 40
# CONTEXT CPU 1 40
# CONTEXT CPU 2 40
UNBLOCK 41 13
CPU 41 14 0
CPU 41 3 1
# CONTEXT CPU 2 41
BLOCK 42 14
# CONTEXT CPU 0 42
CPU 42 3 1
# CONTEXT CPU 2 42
UNBLOCK 43 14
# CONTEXT CPU 0 43
CPU 43 3 1
CPU 43 1 2
# CONTEXT CPU 0 44
CPU 44 3 1
CPU 44 1 2
CPU 45 0 0
# CONTEXT CPU 1 45
CPU 45 1 2
CPU 46 0 0
CPU 46 2 1
CPU 46 1 2
CPU 47 0 0
CPU 47 2 1
CPU 47 1 2
EXIT 48 2 1
# CONTEXT CPU 0 48
# CONTEXT CPU 1 48
# CONTEXT CPU 2 48
# CONTEXT CPU 0 49
# CONTEXT CPU 1 49
# CONTEXT CPU 2 49
# CONTEXT CPU 0 50
# CONTEXT CPU 1 50
# CONTEXT CPU 2 50
CPU 51 5 0
CPU 51 4 1
CPU 51 7 2
EXIT 52 4 1
CPU 52 5 0
# CONTEXT CPU 1 52
CPU 52 7 2
EXIT 53 7 2
CPU 53 5 0
# CONTEXT CPU 1 53
# CONTEXT CPU 2 53
EXIT 54 5 0
# CONTEXT CPU 0 54
# CONTEXT CPU 1 54
# CONTEXT CPU 2 54
# CONTEXT CPU 0 55
CPU 55 8 1
# CONTEXT CPU 2 55
# CONTEXT CPU 0 56
CPU 56 8 1
CPU 56 10 2
BLOCK 57 8
BLOCK 57 10
CPU 57 12 0
# CONTEXT CPU 1 57
# CONTEXT CPU 2 57
BLOCK 58 12
UNBLOCK 58 8
UNBLOCK 58 10
# CONTEXT CPU 0 58
# CONTEXT CPU 1 58
# CONTEXT CPU 2 58
UNBLOCK 59 12
# CONTEXT CPU 0 59
# CONTEXT CPU 1 59
# CONTEXT CPU 2 59
# CONTEXT CPU 0 60
CPU 60 9 1
CPU 60 11 2
CPU 61 13 0
CPU 61 9 1
CPU 61 11 2
CPU 62 13 0
CPU 62 9 1
CPU 62 11 2
BLOCK 63 13
BLOCK 63 11
# CONTEXT CPU 0 63
# CONTEXT CPU 1 63
# CONTEXT CPU 2 63
UNBLOCK 64 11
UNBLOCK 64 13
CPU 64 14 0
CPU 64 3 1
# CONTEXT CPU 2 64
BLOCK 65 14
# CONTEXT CPU 0 65
CPU 65 3 1
# CONTEXT CPU 2 65
EXIT 66 3 1
UNBLOCK 66 14
# CONTEXT CPU 0 66
# CONTEXT CPU 1 66
CPU 66 0 2
EXIT 67 0 2
# CONTEXT CPU 0 67
CPU 67 8 1
# CONTEXT CPU 2 67
BLOCK 68 8
CPU 68 1 0
# CONTEXT CPU 1 68
CPU 68 10 2
EXIT 69 1 0
UNBLOCK 69 8
# CONTEXT CPU 0 69
# CONTEXT CPU 1 69
CPU 69 10 2
# CONTEXT CPU 0 70
# CONTEXT CPU 1 70
CPU 70 10 2
# CONTEXT CPU 0 71
CPU 71 12 1
CPU 71 10 2
CPU 72 9 0
CPU 72 12 1
CPU 72 10 2
CPU 73 9 0
CPU 73 12 1
CPU 73 10 2
EXIT 74 9 0
EXIT 74 10 2
# CONTEXT CPU 0 74
CPU 74 12 1
# CONTEXT CPU 2 74
BLOCK 75 12
# CONTEXT CPU 0 75
# CONTEXT CPU 1 75
# CONTEXT CPU 2 75
UNBLOCK 76 12
# CONTEXT CPU 0 76
# CONTEXT CPU 1 76
# CONTEXT CPU 2 76
CPU 77 11 0
# CONTEXT CPU 1 77
CPU 77 13 2
EXIT 78 11 0
BLOCK 78 13
# CONTEXT CPU 0 78
CPU 78 14 1
# CONTEXT CPU 2 78
BLOCK 79 14
UNBLOCK 79 13
# CONTEXT CPU 0 79
# CONTEXT CPU 1 79
# CONTEXT CPU 2 79
UNBLOCK 80 14
# CONTEXT CPU 0 80
# CONTEXT CPU 1 80
# CONTEXT CPU 2 80
CPU 81 8 0
# CONTEXT CPU 1 81
CPU 81 12 2
EXIT 82 8 0
# CONTEXT CPU 0 82
CPU 82 13 1
CPU 82 12 2
EXIT 83 12 2
# CONTEXT CPU 0 83
CPU 83 13 1
CPU 83 -1 2
EXIT 84 13 1
# CONTEXT CPU 0 84
CPU 84 -1 1
CPU 84 -1 2
CPU 85 14 0
CPU 85 -1 1
CPU 85 -1 2
BLOCK 86 14
CPU 86 -1 0
CPU 86 -1 1
CPU 86 -1 2
UNBLOCK 87 14
# CONTEXT CPU 0 87
CPU 87 -1 1
CPU 87 -1 2
CPU 88 14 0
CPU 88 -1 1
CPU 88 -1 2
BLOCK 89 14
CPU 89 -1 0
CPU 89 -1 1
CPU 89 -1 2
UNBLOCK 90 14
# CONTEXT CPU 0 90
CPU 90 -1 1
CPU 90 -1 2
CPU 91 14 0
CPU 91 -1 1
CPU 91 -1 2
BLOCK 92 14
CPU 92 -1 0
CPU 92 -1 1
CPU 92 -1 2
UNBLOCK 93 14
# CONTEXT CPU 0 93
CPU 93 -1 1
CPU 93 -1 2
CPU 94 14 0
CPU 94 -1 1
CPU 94 -1 2
BLOCK 95 14
CPU 95 -1 0
CPU 95 -1 1
CPU 95 -1 2
UNBLOCK 96 14
# CONTEXT CPU 0 96
CPU 96 -1 1
CPU 96 -1 2
CPU 97 14 0
CPU 97 -1 1
CPU 97 -1 2
EXIT 98 14 0
CPU 98 -1 0
CPU 98 -1 1
CPU 98 -1 2
