# SETTINGS ../simusched tareas.tsk 4 1 2 SchedRR 4 4 5 6 6
LOAD 0 0
LOAD 0 1
LOAD 0 2
LOAD 0 3
LOAD 0 4
LOAD 0 5
LOAD 0 6
LOAD 0 7
LOAD 0 8
LOAD 0 9
LOAD 0 10
LOAD 0 11
LOAD 0 12
LOAD 0 13
LOAD 0 14
# CONTEXT CPU 0 0
# CONTEXT CPU 1 0
# CONTEXT CPU 2 0
# CONTEXT CPU 3 0
CPU 1 0 0
CPU 1 1 1
CPU 1 2 2
CPU 1 3 3
CPU 2 0 0
CPU 2 1 1
CPU 2 2 2
CPU 2 3 3
BLOCK 3 1
CPU 3 0 0
# CONTEXT CPU 1 3
CPU 3 2 2
CPU 3 3 3
BLOCK 4 3
UNBLOCK 4 1
CPU 4 0 0
CPU 4 4 1
CPU 4 2 2
# CONTEXT CPU 3 4
UNBLOCK 5 3
CPU 5 0 0
CPU 5 4 1
CPU 5 2 2
CPU 5 5 3
BLOCK 6 0
# CONTEXT CPU 0 6
CPU 6 4 1
CPU 6 2 2
CPU 6 5 3
BLOCK 7 2
UNBLOCK 7 0
CPU 7 6 0
CPU 7 4 1
# CONTEXT CPU 2 7
CPU 7 5 3
UNBLOCK 8 2
# CONTEXT CPU 0 8
# CONTEXT CPU 1 8
CPU 8 7 2
CPU 8 5 3
CPU 9 8 0
CPU 9 9 1
# CONTEXT CPU 2 9
CPU 9 5 3
BLOCK 10 8
# CONTEXT CPU 0 10
CPU 10 9 1
CPU 10 10 2
# CONTEXT CPU 3 10
BLOCK 11 9
UNBLOCK 11 8
CPU 11 11 0
# CONTEXT CPU 1 11
CPU 11 10 2
CPU 11 12 3
UNBLOCK 12 9
CPU 12 11 0
CPU 12 13 1
CPU 12 10 2
CPU 12 12 3
BLOCK 13 10
BLOCK 13 12
CPU 13 11 0
CPU 13 13 1
# CONTEXT CPU 2 13
# CONTEXT CPU 3 13
BLOCK 14 11
UNBLOCK 14 10
UNBLOCK 14 12
# CONTEXT CPU 0 14
CPU 14 13 1
CPU 14 14 2
# CONTEXT CPU 3 14
BLOCK 15 13
BLOCK 15 14
UNBLOCK 15 11
# CONTEXT CPU 0 15
# CONTEXT CPU 1 15
# CONTEXT CPU 2 15
# CONTEXT CPU 3 15
UNBLOCK 16 13
UNBLOCK 16 14
# CONTEXT CPU 0 16
# CONTEXT CPU 1 16
CPU 16 2 2
CPU 16 1 3
CPU 17 3 0
# CONTEXT CPU 1 17
CPU 17 2 2
CPU 17 1 3
CPU 18 3 0
CPU 18 0 1
CPU 18 2 2
CPU 18 1 3
EXIT 19 2 2
CPU 19 3 0
CPU 19 0 1
# CONTEXT CPU 2 19
CPU 19 1 3
# CONTEXT CPU 0 20
# CONTEXT CPU 1 20
# CONTEXT CPU 2 20
CPU 20 1 3
# CONTEXT CPU 0 21
# CONTEXT CPU 1 21
# CONTEXT CPU 2 21
CPU 21 1 3
# CONTEXT CPU 0 22
# CONTEXT CPU 1 22
CPU 22 6 2
# CONTEXT CPU 3 22
CPU 23 4 0
CPU 23 7 1
CPU 23 6 2
CPU 23 5 3
BLOCK 24 4
BLOCK 24 6
BLOCK 24 5
# CONTEXT CPU 0 24
CPU 24 7 1
# CONTEXT CPU 2 24
# CONTEXT CPU 3 24
UNBLOCK 25 4
UNBLOCK 25 5
UNBLOCK 25 6
CPU 25 8 0
CPU 25 7 1
# CONTEXT CPU 2 25
# CONTEXT CPU 3 25
CPU 26 8 0
CPU 26 7 1
# CONTEXT CPU 2 26
# CONTEXT CPU 3 26
BLOCK 27 7
CPU 27 8 0
# CONTEXT CPU 1 27
CPU 27 9 2
CPU 27 10 3
UNBLOCK 28 7
CPU 28 8 0
# CONTEXT CPU 1 28
CPU 28 9 2
CPU 28 10 3
BLOCK 29 10
CPU 29 8 0
# CONTEXT CPU 1 29
CPU 29 9 2
# CONTEXT CPU 3 29
BLOCK 30 8
UNBLOCK 30 10
# CONTEXT CPU 0 30
CPU 30 12 1
CPU 30 9 2
# CONTEXT CPU 3 30
BLOCK 31 12
UNBLOCK 31 8
# CONTEXT CPU 0 31
# CONTEXT CPU 1 31
CPU 31 9 2
# CONTEXT CPU 3 31
UNBLOCK 32 12
# CONTEXT CPU 0 32
# CONTEXT CPU 1 32
# CONTEXT CPU 2 32
CPU 32 11 3
CPU 33 13 0
# CONTEXT CPU 1 33
# CONTEXT CPU 2 33
CPU 33 11 3
BLOCK 34 11
# CONTEXT CPU 0 34
CPU 34 14 1
# CONTEXT CPU 2 34
# CONTEXT CPU 3 34
BLOCK 35 14
UNBLOCK 35 11
# CONTEXT CPU 0 35
# CONTEXT CPU 1 35
CPU 35 3 2
CPU 35 1 3
EXIT 36 1 3
UNBLOCK 36 14
# CONTEXT CPU 0 36
# CONTEXT CPU 1 36
CPU 36 3 2
# CONTEXT CPU 3 36
CPU 37 0 0
# CONTEXT CPU 1 37
CPU 37 3 2
CPU 37 5 3
EXIT 38 3 2
CPU 38 0 0
CPU 38 4 1
# CONTEXT CPU 2 38
CPU 38 5 3
EXIT 39 0 0
# CONTEXT CPU 0 39
CPU 39 4 1
CPU 39 6 2
CPU 39 5 3
EXIT 40 5 3
# CONTEXT CPU 0 40
# CONTEXT CPU 1 40
CPU 40 6 2
# CONTEXT CPU 3 40
# CONTEXT CPU 0 41
# CONTEXT CPU 1 41
CPU 41 6 2
# CONTEXT CPU 3 41
CPU 42 7 0
# CONTEXT CPU 1 42
CPU 42 6 2
# CONTEXT CPU 3 42
CPU 43 7 0
CPU 43 10 1
CPU 43 6 2
CPU 43 8 3
CPU 44 7 0
CPU 44 10 1
CPU 44 6 2
CPU 44 8 3
EXIT 45 6 2
CPU 45 7 0
CPU 45 10 1
# CONTEXT CPU 2 45
CPU 45 8 3
EXIT 46 7 0
EXIT 46 8 3
# CONTEXT CPU 0 46
CPU 46 10 1
# CONTEXT CPU 2 46
# CONTEXT CPU 3 46
EXIT 47 10 1
# CONTEXT CPU 0 47
# CONTEXT CPU 1 47
# CONTEXT CPU 2 47
# CONTEXT CPU 3 47
# CONTEXT CPU 0 48
# CONTEXT CPU 1 48
CPU 48 12 2
# CONTEXT CPU 3 48
BLOCK 49 12
CPU 49 9 0
# CONTEXT CPU 1 49
# CONTEXT CPU 2 49
CPU 49 13 3
BLOCK 50 9
BLOCK 50 13
UNBLOCK 50 12
# CONTEXT CPU 0 50
CPU 50 11 1
# CONTEXT CPU 2 50
# CONTEXT CPU 3 50
UNBLOCK 51 9
UNBLOCK 51 13
# CONTEXT CPU 0 51
CPU 51 11 1
# CONTEXT CPU 2 51
# CONTEXT CPU 3 51
# CONTEXT CPU 0 52
CPU 52 11 1
CPU 52 14 2
# CONTEXT CPU 3 52
BLOCK 53 14
CPU 53 4 0
CPU 53 11 1
# CONTEXT CPU 2 53
CPU 53 12 3
EXIT 54 11 1
UNBLOCK 54 14
CPU 54 4 0
# CONTEXT CPU 1 54
# CONTEXT CPU 2 54
CPU 54 12 3
EXIT 55 4 0
BLOCK 55 12
# CONTEXT CPU 0 55
# CONTEXT CPU 1 55
# CONTEXT CPU 2 55
CPU 55 -1 3
UNBLOCK 56 12
# CONTEXT CPU 0 56
# CONTEXT CPU 1 56
CPU 56 9 2
# CONTEXT CPU 3 56
EXIT 57 9 2
# CONTEXT CPU 0 57
CPU 57 13 1
CPU 57 -1 2
CPU 57 12 3
BLOCK 58 13
CPU 58 14 0
CPU 58 -1 1
CPU 58 -1 2
CPU 58 12 3
BLOCK 59 14
UNBLOCK 59 13
# CONTEXT CPU 0 59
CPU 59 -1 1
CPU 59 -1 2
CPU 59 12 3
EXIT 60 12 3
UNBLOCK 60 14
# CONTEXT CPU 0 60
# CONTEXT CPU 1 60
CPU 60 -1 2
CPU 60 -1 3
# CONTEXT CPU 0 61
# CONTEXT CPU 1 61
CPU 61 -1 2
CPU 61 -1 3
CPU 62 13 0
# CONTEXT CPU 1 62
CPU 62 -1 2
CPU 62 -1 3
BLOCK 63 13
CPU 63 -1 0
CPU 63 14 1
CPU 63 -1 2
CPU 63 -1 3
BLOCK 64 14
UNBLOCK 64 13
# CONTEXT CPU 0 64
CPU 64 -1 1
CPU 64 -1 2
CPU 64 -1 3
UNBLOCK 65 14
CPU 65 13 0
# CONTEXT CPU 1 65
CPU 65 -1 2
CPU 65 -1 3
CPU 66 13 0
CPU 66 14 1
CPU 66 -1 2
CPU 66 -1 3
EXIT 67 13 0
BLOCK 67 14
CPU 67 -1 0
CPU 67 -1 1
CPU 67 -1 2
CPU 67 -1 3
UNBLOCK 68 14
# CONTEXT CPU 0 68
CPU 68 -1 1
CPU 68 -1 2
CPU 68 -1 3
# CONTEXT CPU 0 69
CPU 69 -1 1
CPU 69 -1 2
CPU 69 -1 3
# CONTEXT CPU 0 70
CPU 70 -1 1
CPU 70 -1 2
CPU 70 -1 3
CPU 71 14 0
CPU 71 -1 1
CPU 71 -1 2
CPU 71 -1 3
BLOCK 72 14
CPU 72 -1 0
CPU 72 -1 1
CPU 72 -1 2
CPU 72 -1 3
UNBLOCK 73 14
# CONTEXT CPU 0 73
CPU 73 -1 1
CPU 73 -1 2
CPU 73 -1 3
CPU 74 14 0
CPU 74 -1 1
CPU 74 -1 2
CPU 74 -1 3
BLOCK 75 14
CPU 75 -1 0
CPU 75 -1 1
CPU 75 -1 2
CPU 75 -1 3
UNBLOCK 76 14
# CONTEXT CPU 0 76
CPU 76 -1 1
CPU 76 -1 2
CPU 76 -1 3
CPU 77 14 0
CPU 77 -1 1
CPU 77 -1 2
CPU 77 -1 3
EXIT 78 14 0
CPU 78 -1 0
CPU 78 -1 1
CPU 78 -1 2
CPU 78 -1 3
