# SETTINGS ../simusched tareas.tsk 4 1 2 SchedRR 4 3 3 5 7
LOAD 0 0
LOAD 0 1
LOAD 0 2
LOAD 0 3
LOAD 0 4
LOAD 0 5
LOAD 0 6
LOAD 0 7
LOAD 0 8
LOAD 0 9
LOAD 0 10
LOAD 0 11
LOAD 0 12
LOAD 0 13
LOAD 0 14
# CONTEXT CPU 0 0
# CONTEXT CPU 1 0
# CONTEXT CPU 2 0
# CONTEXT CPU 3 0
CPU 1 0 0
CPU 1 1 1
CPU 1 2 2
CPU 1 3 3
CPU 2 0 0
CPU 2 1 1
CPU 2 2 2
CPU 2 3 3
CPU 3 0 0
CPU 3 1 1
CPU 3 2 2
CPU 3 3 3
BLOCK 4 0
BLOCK 4 1
BLOCK 4 3
# CONTEXT CPU 0 4
# CONTEXT CPU 1 4
CPU 4 2 2
# CONTEXT CPU 3 4
BLOCK 5 2
UNBLOCK 5 0
UNBLOCK 5 1
UNBLOCK 5 3
CPU 5 4 0
CPU 5 5 1
# CONTEXT CPU 2 5
CPU 5 6 3
UNBLOCK 6 2
CPU 6 4 0
CPU 6 5 1
CPU 6 7 2
CPU 6 6 3
CPU 7 4 0
# CONTEXT CPU 1 7
# CONTEXT CPU 2 7
CPU 7 6 3
# CONTEXT CPU 0 8
CPU 8 8 1
CPU 8 9 2
CPU 8 6 3
BLOCK 9 8
CPU 9 10 0
# CONTEXT CPU 1 9
CPU 9 9 2
# CONTEXT CPU 3 9
UNBLOCK 10 8
CPU 10 10 0
CPU 10 11 1
CPU 10 9 2
CPU 10 12 3
BLOCK 11 10
BLOCK 11 9
# CONTEXT CPU 0 11
CPU 11 11 1
# CONTEXT CPU 2 11
CPU 11 12 3
BLOCK 12 12
UNBLOCK 12 9
UNBLOCK 12 10
CPU 12 13 0
CPU 12 11 1
CPU 12 14 2
# CONTEXT CPU 3 12
BLOCK 13 14
UNBLOCK 13 12
CPU 13 13 0
CPU 13 11 1
# CONTEXT CPU 2 13
# CONTEXT CPU 3 13
BLOCK 14 11
UNBLOCK 14 14
CPU 14 13 0
# CONTEXT CPU 1 14
# CONTEXT CPU 2 14
# CONTEXT CPU 3 14
BLOCK 15 13
UNBLOCK 15 11
# CONTEXT CPU 0 15
# CONTEXT CPU 1 15
# CONTEXT CPU 2 15
CPU 15 0 3
UNBLOCK 16 13
# CONTEXT CPU 0 16
# CONTEXT CPU 1 16
CPU 16 1 2
CPU 16 0 3
# CONTEXT CPU 0 17
CPU 17 3 1
CPU 17 1 2
CPU 17 0 3
CPU 18 2 0
# CONTEXT CPU 1 18
# CONTEXT CPU 2 18
CPU 18 0 3
CPU 19 2 0
CPU 19 5 1
CPU 19 7 2
CPU 19 0 3
# CONTEXT CPU 0 20
CPU 20 5 1
CPU 20 7 2
# CONTEXT CPU 3 20
CPU 21 4 0
CPU 21 5 1
CPU 21 7 2
CPU 21 6 3
BLOCK 22 4
BLOCK 22 7
# CONTEXT CPU 0 22
CPU 22 5 1
# CONTEXT CPU 2 22
CPU 22 6 3
BLOCK 23 5
UNBLOCK 23 4
UNBLOCK 23 7
# CONTEXT CPU 0 23
# CONTEXT CPU 1 23
CPU 23 9 2
CPU 23 6 3
UNBLOCK 24 5
# CONTEXT CPU 0 24
# CONTEXT CPU 1 24
CPU 24 9 2
CPU 24 6 3
BLOCK 25 6
CPU 25 8 0
# CONTEXT CPU 1 25
# CONTEXT CPU 2 25
# CONTEXT CPU 3 25
UNBLOCK 26 6
CPU 26 8 0
CPU 26 10 1
# CONTEXT CPU 2 26
# CONTEXT CPU 3 26
CPU 27 8 0
# CONTEXT CPU 1 27
# CONTEXT CPU 2 27
# CONTEXT CPU 3 27
CPU 28 8 0
CPU 28 11 1
CPU 28 12 2
CPU 28 14 3
BLOCK 29 14
CPU 29 8 0
CPU 29 11 1
CPU 29 12 2
# CONTEXT CPU 3 29
BLOCK 30 12
UNBLOCK 30 14
# CONTEXT CPU 0 30
CPU 30 11 1
# CONTEXT CPU 2 30
# CONTEXT CPU 3 30
UNBLOCK 31 12
# CONTEXT CPU 0 31
CPU 31 11 1
CPU 31 1 2
# CONTEXT CPU 3 31
BLOCK 32 11
# CONTEXT CPU 0 32
# CONTEXT CPU 1 32
CPU 32 1 2
CPU 32 13 3
BLOCK 33 13
UNBLOCK 33 11
CPU 33 3 0
# CONTEXT CPU 1 33
CPU 33 1 2
# CONTEXT CPU 3 33
UNBLOCK 34 13
CPU 34 3 0
# CONTEXT CPU 1 34
# CONTEXT CPU 2 34
CPU 34 0 3
EXIT 35 0 3
CPU 35 3 0
CPU 35 2 1
# CONTEXT CPU 2 35
# CONTEXT CPU 3 35
CPU 36 3 0
# CONTEXT CPU 1 36
# CONTEXT CPU 2 36
# CONTEXT CPU 3 36
CPU 37 3 0
CPU 37 5 1
CPU 37 4 2
# CONTEXT CPU 3 37
EXIT 38 3 0
# CONTEXT CPU 0 38
CPU 38 5 1
CPU 38 4 2
CPU 38 7 3
# CONTEXT CPU 0 39
CPU 39 5 1
CPU 39 4 2
CPU 39 7 3
EXIT 40 5 1
# CONTEXT CPU 0 40
# CONTEXT CPU 1 40
CPU 40 4 2
CPU 40 7 3
CPU 41 9 0
# CONTEXT CPU 1 41
# CONTEXT CPU 2 41
CPU 41 7 3
CPU 42 9 0
# CONTEXT CPU 1 42
# CONTEXT CPU 2 42
CPU 42 7 3
BLOCK 43 9
EXIT 43 7 3
# CONTEXT CPU 0 43
CPU 43 6 1
# CONTEXT CPU 2 43
# CONTEXT CPU 3 43
EXIT 44 6 1
UNBLOCK 44 9
# CONTEXT CPU 0 44
# CONTEXT CPU 1 44
CPU 44 10 2
# CONTEXT CPU 3 44
BLOCK 45 10
# CONTEXT CPU 0 45
# CONTEXT CPU 1 45
# CONTEXT CPU 2 45
# CONTEXT CPU 3 45
UNBLOCK 46 10
CPU 46 14 0
# CONTEXT CPU 1 46
# CONTEXT CPU 2 46
CPU 46 8 3
BLOCK 47 14
# CONTEXT CPU 0 47
CPU 47 12 1
# CONTEXT CPU 2 47
CPU 47 8 3
BLOCK 48 12
BLOCK 48 8
UNBLOCK 48 14
# CONTEXT CPU 0 48
# CONTEXT CPU 1 48
CPU 48 11 2
# CONTEXT CPU 3 48
EXIT 49 11 2
UNBLOCK 49 8
UNBLOCK 49 12
# CONTEXT CPU 0 49
# CONTEXT CPU 1 49
# CONTEXT CPU 2 49
# CONTEXT CPU 3 49
CPU 50 13 0
# CONTEXT CPU 1 50
CPU 50 4 2
# CONTEXT CPU 3 50
BLOCK 51 13
EXIT 51 4 2
# CONTEXT CPU 0 51
CPU 51 1 1
# CONTEXT CPU 2 51
CPU 51 2 3
EXIT 52 1 1
UNBLOCK 52 13
CPU 52 9 0
# CONTEXT CPU 1 52
CPU 52 10 2
CPU 52 2 3
EXIT 53 2 3
CPU 53 9 0
# CONTEXT CPU 1 53
CPU 53 10 2
# CONTEXT CPU 3 53
EXIT 54 9 0
# CONTEXT CPU 0 54
# CONTEXT CPU 1 54
CPU 54 10 2
CPU 54 8 3
EXIT 55 8 3
# CONTEXT CPU 0 55
CPU 55 14 1
CPU 55 10 2
# CONTEXT CPU 3 55
BLOCK 56 14
# CONTEXT CPU 0 56
CPU 56 -1 1
CPU 56 10 2
# CONTEXT CPU 3 56
EXIT 57 10 2
UNBLOCK 57 14
CPU 57 12 0
# CONTEXT CPU 1 57
CPU 57 -1 2
# CONTEXT CPU 3 57
BLOCK 58 12
CPU 58 -1 0
CPU 58 14 1
CPU 58 -1 2
CPU 58 13 3
BLOCK 59 14
UNBLOCK 59 12
# CONTEXT CPU 0 59
CPU 59 -1 1
CPU 59 -1 2
CPU 59 13 3
UNBLOCK 60 14
CPU 60 12 0
# CONTEXT CPU 1 60
CPU 60 -1 2
CPU 60 13 3
BLOCK 61 13
CPU 61 12 0
CPU 61 14 1
CPU 61 -1 2
CPU 61 -1 3
BLOCK 62 14
UNBLOCK 62 13
CPU 62 12 0
# CONTEXT CPU 1 62
CPU 62 -1 2
CPU 62 -1 3
EXIT 63 12 0
UNBLOCK 63 14
# CONTEXT CPU 0 63
# CONTEXT CPU 1 63
CPU 63 -1 2
CPU 63 -1 3
# CONTEXT CPU 0 64
# CONTEXT CPU 1 64
CPU 64 -1 2
CPU 64 -1 3
# CONTEXT CPU 0 65
CPU 65 13 1
CPU 65 -1 2
CPU 65 -1 3
EXIT 66 13 1
CPU 66 14 0
CPU 66 -1 1
CPU 66 -1 2
CPU 66 -1 3
BLOCK 67 14
CPU 67 -1 0
CPU 67 -1 1
CPU 67 -1 2
CPU 67 -1 3
UNBLOCK 68 14
# CONTEXT CPU 0 68
CPU 68 -1 1
CPU 68 -1 2
CPU 68 -1 3
CPU 69 14 0
CPU 69 -1 1
CPU 69 -1 2
CPU 69 -1 3
BLOCK 70 14
CPU 70 -1 0
CPU 70 -1 1
CPU 70 -1 2
CPU 70 -1 3
UNBLOCK 71 14
# CONTEXT CPU 0 71
CPU 71 -1 1
CPU 71 -1 2
CPU 71 -1 3
CPU 72 14 0
CPU 72 -1 1
CPU 72 -1 2
CPU 72 -1 3
EXIT 73 14 0
CPU 73 -1 0
CPU 73 -1 1
CPU 73 -1 2
CPU 73 -1 3
