# SETTINGS ../simusched tareas.tsk 1 1 2 SchedRR 1 5
LOAD 0 0
LOAD 0 1
LOAD 0 2
LOAD 0 3
# CONTEXT CPU 0 0
CPU 1 0 0
BLOCK 2 0
# CONTEXT CPU 0 2
UNBLOCK 3 0
CPU 3 1 0
CPU 4 1 0
BLOCK 5 1
# CONTEXT CPU 0 5
UNBLOCK 6 1
CPU 6 2 0
# CONTEXT CPU 0 7
CPU 8 3 0
BLOCK 9 3
# CONTEXT CPU 0 9
UNBLOCK 10 3
CPU 10 0 0
CPU 11 0 0
# CONTEXT CPU 0 12
CPU 13 1 0
CPU 14 1 0
# CONTEXT CPU 0 15
CPU 16 2 0
BLOCK 17 2
# CONTEXT CPU 0 17
UNBLOCK 18 2
CPU 18 3 0
BLOCK 19 3
# CONTEXT CPU 0 19
UNBLOCK 20 3
CPU 20 0 0
CPU 21 0 0
# CONTEXT CPU 0 22
CPU 23 1 0
CPU 24 1 0
BLOCK 25 1
# CONTEXT CPU 0 25
UNBLOCK 26 1
CPU 26 2 0
# CONTEXT CPU 0 27
CPU 28 3 0
BLOCK 29 3
# CONTEXT CPU 0 29
UNBLOCK 30 3
CPU 30 0 0
CPU 31 0 0
# CONTEXT CPU 0 32
CPU 33 1 0
CPU 34 1 0
# CONTEXT CPU 0 35
CPU 36 2 0
CPU 37 2 0
BLOCK 38 2
# CONTEXT CPU 0 38
UNBLOCK 39 2
CPU 39 3 0
BLOCK 40 3
# CONTEXT CPU 0 40
UNBLOCK 41 3
CPU 41 0 0
# CONTEXT CPU 0 42
CPU 43 1 0
EXIT 44 1 0
# CONTEXT CPU 0 44
CPU 45 2 0
BLOCK 46 2
# CONTEXT CPU 0 46
UNBLOCK 47 2
CPU 47 3 0
BLOCK 48 3
# CONTEXT CPU 0 48
UNBLOCK 49 3
CPU 49 0 0
EXIT 50 0 0
# CONTEXT CPU 0 50
CPU 51 2 0
CPU 52 2 0
BLOCK 53 2
# CONTEXT CPU 0 53
UNBLOCK 54 2
CPU 54 3 0
BLOCK 55 3
# CONTEXT CPU 0 55
UNBLOCK 56 3
CPU 56 2 0
EXIT 57 2 0
# CONTEXT CPU 0 57
CPU 58 3 0
BLOCK 59 3
CPU 59 -1 0
UNBLOCK 60 3
# CONTEXT CPU 0 60
CPU 61 3 0
BLOCK 62 3
CPU 62 -1 0
UNBLOCK 63 3
# CONTEXT CPU 0 63
CPU 64 3 0
EXIT 65 3 0
CPU 65 -1 0
