# SETTINGS ../simusched tareas.tsk 3 1 2 SchedRR 3 7 7 7
LOAD 0 0
LOAD 0 1
LOAD 0 2
LOAD 0 3
LOAD 0 4
LOAD 0 5
LOAD 0 6
LOAD 0 7
LOAD 0 8
LOAD 0 9
LOAD 0 10
LOAD 0 11
LOAD 0 12
LOAD 0 13
LOAD 0 14
# CONTEXT CPU 0 0
# CONTEXT CPU 1 0
# CONTEXT CPU 2 0
CPU 1 0 0
CPU 1 1 1
CPU 1 2 2
BLOCK 2 1
CPU 2 0 0
# CONTEXT CPU 1 2
CPU 2 2 2
UNBLOCK 3 1
CPU 3 0 0
CPU 3 3 1
CPU 3 2 2
BLOCK 4 3
CPU 4 0 0
# CONTEXT CPU 1 4
CPU 4 2 2
UNBLOCK 5 3
# CONTEXT CPU 0 5
CPU 5 4 1
CPU 5 2 2
CPU 6 5 0
CPU 6 4 1
CPU 6 2 2
CPU 7 5 0
CPU 7 4 1
CPU 7 2 2
BLOCK 8 2
CPU 8 5 0
CPU 8 4 1
# CONTEXT CPU 2 8
UNBLOCK 9 2
CPU 9 5 0
CPU 9 4 1
CPU 9 6 2
# CONTEXT CPU 0 10
CPU 10 4 1
CPU 10 6 2
CPU 11 7 0
CPU 11 4 1
# CONTEXT CPU 2 11
CPU 12 7 0
CPU 12 4 1
CPU 12 8 2
BLOCK 13 4
CPU 13 7 0
# CONTEXT CPU 1 13
CPU 13 8 2
UNBLOCK 14 4
CPU 14 7 0
CPU 14 9 1
CPU 14 8 2
# CONTEXT CPU 0 15
# CONTEXT CPU 1 15
CPU 15 8 2
CPU 16 10 0
CPU 16 11 1
CPU 16 8 2
CPU 17 10 0
CPU 17 11 1
CPU 17 8 2
BLOCK 18 10
# CONTEXT CPU 0 18
CPU 18 11 1
CPU 18 8 2
BLOCK 19 11
BLOCK 19 8
UNBLOCK 19 10
CPU 19 12 0
# CONTEXT CPU 1 19
# CONTEXT CPU 2 19
BLOCK 20 12
UNBLOCK 20 8
UNBLOCK 20 11
# CONTEXT CPU 0 20
CPU 20 13 1
CPU 20 14 2
BLOCK 21 14
UNBLOCK 21 12
# CONTEXT CPU 0 21
CPU 21 13 1
# CONTEXT CPU 2 21
BLOCK 22 13
UNBLOCK 22 14
# CONTEXT CPU 0 22
# CONTEXT CPU 1 22
# CONTEXT CPU 2 22
UNBLOCK 23 13
CPU 23 1 0
# CONTEXT CPU 1 23
# CONTEXT CPU 2 23
CPU 24 1 0
# CONTEXT CPU 1 24
CPU 24 3 2
CPU 25 1 0
CPU 25 0 1
CPU 25 3 2
BLOCK 26 0
# CONTEXT CPU 0 26
# CONTEXT CPU 1 26
# CONTEXT CPU 2 26
UNBLOCK 27 0
# CONTEXT CPU 0 27
# CONTEXT CPU 1 27
CPU 27 6 2
# CONTEXT CPU 0 28
# CONTEXT CPU 1 28
CPU 28 6 2
CPU 29 2 0
CPU 29 5 1
CPU 29 6 2
CPU 30 2 0
CPU 30 5 1
CPU 30 6 2
EXIT 31 2 0
BLOCK 31 5
BLOCK 31 6
# CONTEXT CPU 0 31
# CONTEXT CPU 1 31
# CONTEXT CPU 2 31
UNBLOCK 32 5
UNBLOCK 32 6
# CONTEXT CPU 0 32
# CONTEXT CPU 1 32
# CONTEXT CPU 2 32
# CONTEXT CPU 0 33
# CONTEXT CPU 1 33
# CONTEXT CPU 2 33
CPU 34 4 0
CPU 34 7 1
CPU 34 9 2
EXIT 35 4 0
BLOCK 35 9
# CONTEXT CPU 0 35
CPU 35 7 1
# CONTEXT CPU 2 35
UNBLOCK 36 9
CPU 36 10 0
CPU 36 7 1
CPU 36 8 2
BLOCK 37 10
BLOCK 37 7
BLOCK 37 8
# CONTEXT CPU 0 37
# CONTEXT CPU 1 37
# CONTEXT CPU 2 37
UNBLOCK 38 7
UNBLOCK 38 8
UNBLOCK 38 10
# CONTEXT CPU 0 38
# CONTEXT CPU 1 38
CPU 38 14 2
BLOCK 39 14
# CONTEXT CPU 0 39
# CONTEXT CPU 1 39
# CONTEXT CPU 2 39
UNBLOCK 40 14
CPU 40 11 0
CPU 40 12 1
# CONTEXT CPU 2 40
BLOCK 41 12
CPU 41 11 0
# CONTEXT CPU 1 41
# CONTEXT CPU 2 41
UNBLOCK 42 12
CPU 42 11 0
# CONTEXT CPU 1 42
CPU 42 13 2
CPU 43 11 0
# CONTEXT CPU 1 43
CPU 43 13 2
BLOCK 44 13
# CONTEXT CPU 0 44
CPU 44 1 1
# CONTEXT CPU 2 44
UNBLOCK 45 13
# CONTEXT CPU 0 45
CPU 45 1 1
# CONTEXT CPU 2 45
# CONTEXT CPU 0 46
# CONTEXT CPU 1 46
# CONTEXT CPU 2 46
CPU 47 3 0
CPU 47 5 1
CPU 47 0 2
CPU 48 3 0
CPU 48 5 1
CPU 48 0 2
CPU 49 3 0
CPU 49 5 1
CPU 49 0 2
EXIT 50 5 1
CPU 50 3 0
# CONTEXT CPU 1 50
CPU 50 0 2
EXIT 51 0 2
# CONTEXT CPU 0 51
# CONTEXT CPU 1 51
# CONTEXT CPU 2 51
# CONTEXT CPU 0 52
# CONTEXT CPU 1 52
# CONTEXT CPU 2 52
# CONTEXT CPU 0 53
CPU 53 6 1
# CONTEXT CPU 2 53
CPU 54 9 0
CPU 54 6 1
CPU 54 7 2
CPU 55 9 0
CPU 55 6 1
CPU 55 7 2
BLOCK 56 9
EXIT 56 6 1
EXIT 56 7 2
# CONTEXT CPU 0 56
# CONTEXT CPU 1 56
# CONTEXT CPU 2 56
UNBLOCK 57 9
# CONTEXT CPU 0 57
# CONTEXT CPU 1 57
CPU 57 14 2
BLOCK 58 14
# CONTEXT CPU 0 58
# CONTEXT CPU 1 58
# CONTEXT CPU 2 58
UNBLOCK 59 14
CPU 59 8 0
CPU 59 10 1
# CONTEXT CPU 2 59
EXIT 60 8 0
# CONTEXT CPU 0 60
CPU 60 10 1
# CONTEXT CPU 2 60
CPU 61 11 0
CPU 61 10 1
CPU 61 12 2
BLOCK 62 11
BLOCK 62 12
# CONTEXT CPU 0 62
CPU 62 10 1
# CONTEXT CPU 2 62
UNBLOCK 63 11
UNBLOCK 63 12
# CONTEXT CPU 0 63
CPU 63 10 1
# CONTEXT CPU 2 63
# CONTEXT CPU 0 64
CPU 64 10 1
# CONTEXT CPU 2 64
EXIT 65 10 1
CPU 65 13 0
# CONTEXT CPU 1 65
CPU 65 1 2
CPU 66 13 0
# CONTEXT CPU 1 66
CPU 66 1 2
BLOCK 67 13
# CONTEXT CPU 0 67
# CONTEXT CPU 1 67
CPU 67 1 2
EXIT 68 1 2
UNBLOCK 68 13
CPU 68 9 0
CPU 68 3 1
# CONTEXT CPU 2 68
CPU 69 9 0
CPU 69 3 1
CPU 69 14 2
EXIT 70 3 1
BLOCK 70 14
CPU 70 9 0
# CONTEXT CPU 1 70
# CONTEXT CPU 2 70
UNBLOCK 71 14
# CONTEXT CPU 0 71
# CONTEXT CPU 1 71
CPU 71 12 2
CPU 72 13 0
# CONTEXT CPU 1 72
CPU 72 12 2
BLOCK 73 13
# CONTEXT CPU 0 73
CPU 73 11 1
CPU 73 12 2
EXIT 74 11 1
UNBLOCK 74 13
# CONTEXT CPU 0 74
# CONTEXT CPU 1 74
CPU 74 12 2
BLOCK 75 12
# CONTEXT CPU 0 75
# CONTEXT CPU 1 75
# CONTEXT CPU 2 75
UNBLOCK 76 12
CPU 76 14 0
# CONTEXT CPU 1 76
# CONTEXT CPU 2 76
BLOCK 77 14
# CONTEXT CPU 0 77
CPU 77 9 1
# CONTEXT CPU 2 77
UNBLOCK 78 14
# CONTEXT CPU 0 78
CPU 78 9 1
CPU 78 13 2
EXIT 79 9 1
# CONTEXT CPU 0 79
# CONTEXT CPU 1 79
CPU 79 13 2
EXIT 80 13 2
CPU 80 12 0
# CONTEXT CPU 1 80
CPU 80 -1 2
CPU 81 12 0
# CONTEXT CPU 1 81
CPU 81 -1 2
EXIT 82 12 0
CPU 82 -1 0
CPU 82 14 1
CPU 82 -1 2
BLOCK 83 14
CPU 83 -1 0
CPU 83 -1 1
CPU 83 -1 2
UNBLOCK 84 14
# CONTEXT CPU 0 84
CPU 84 -1 1
CPU 84 -1 2
# CONTEXT CPU 0 85
CPU 85 -1 1
CPU 85 -1 2
# CONTEXT CPU 0 86
CPU 86 -1 1
CPU 86 -1 2
CPU 87 14 0
CPU 87 -1 1
CPU 87 -1 2
BLOCK 88 14
CPU 88 -1 0
CPU 88 -1 1
CPU 88 -1 2
UNBLOCK 89 14
# CONTEXT CPU 0 89
CPU 89 -1 1
CPU 89 -1 2
CPU 90 14 0
CPU 90 -1 1
CPU 90 -1 2
BLOCK 91 14
CPU 91 -1 0
CPU 91 -1 1
CPU 91 -1 2
UNBLOCK 92 14
# CONTEXT CPU 0 92
CPU 92 -1 1
CPU 92 -1 2
CPU 93 14 0
CPU 93 -1 1
CPU 93 -1 2
EXIT 94 14 0
CPU 94 -1 0
CPU 94 -1 1
CPU 94 -1 2
