# SETTINGS ../simusched tareas.tsk 4 1 2 SchedRR 4 1 5 8 8
LOAD 0 0
LOAD 0 1
LOAD 0 2
LOAD 0 3
LOAD 0 4
LOAD 0 5
LOAD 0 6
LOAD 0 7
LOAD 0 8
LOAD 0 9
LOAD 0 10
LOAD 0 11
LOAD 0 12
LOAD 0 13
LOAD 0 14
# CONTEXT CPU 0 0
# CONTEXT CPU 1 0
# CONTEXT CPU 2 0
# CONTEXT CPU 3 0
CPU 1 0 0
CPU 1 1 1
CPU 1 2 2
CPU 1 3 3
CPU 2 0 0
CPU 2 1 1
CPU 2 2 2
CPU 2 3 3
BLOCK 3 0
# CONTEXT CPU 0 3
# CONTEXT CPU 1 3
CPU 3 2 2
CPU 3 3 3
BLOCK 4 2
UNBLOCK 4 0
CPU 4 4 0
CPU 4 5 1
# CONTEXT CPU 2 4
CPU 4 3 3
UNBLOCK 5 2
CPU 5 4 0
CPU 5 5 1
CPU 5 6 2
CPU 5 3 3
CPU 6 4 0
# CONTEXT CPU 1 6
CPU 6 6 2
CPU 6 3 3
CPU 7 4 0
CPU 7 7 1
CPU 7 6 2
CPU 7 3 3
BLOCK 8 7
BLOCK 8 3
# CONTEXT CPU 0 8
# CONTEXT CPU 1 8
CPU 8 6 2
# CONTEXT CPU 3 8
UNBLOCK 9 3
UNBLOCK 9 7
CPU 9 8 0
CPU 9 9 1
# CONTEXT CPU 2 9
CPU 9 10 3
BLOCK 10 8
# CONTEXT CPU 0 10
CPU 10 9 1
CPU 10 11 2
CPU 10 10 3
UNBLOCK 11 8
CPU 11 12 0
# CONTEXT CPU 1 11
CPU 11 11 2
CPU 11 10 3
BLOCK 12 12
BLOCK 12 10
# CONTEXT CPU 0 12
CPU 12 13 1
CPU 12 11 2
# CONTEXT CPU 3 12
BLOCK 13 13
UNBLOCK 13 10
UNBLOCK 13 12
CPU 13 14 0
# CONTEXT CPU 1 13
CPU 13 11 2
# CONTEXT CPU 3 13
BLOCK 14 14
BLOCK 14 11
UNBLOCK 14 13
# CONTEXT CPU 0 14
# CONTEXT CPU 1 14
# CONTEXT CPU 2 14
# CONTEXT CPU 3 14
UNBLOCK 15 11
UNBLOCK 15 14
# CONTEXT CPU 0 15
# CONTEXT CPU 1 15
# CONTEXT CPU 2 15
CPU 15 1 3
# CONTEXT CPU 0 16
CPU 16 0 1
# CONTEXT CPU 2 16
# CONTEXT CPU 3 16
CPU 17 2 0
CPU 17 0 1
CPU 17 5 2
# CONTEXT CPU 3 17
CPU 18 2 0
# CONTEXT CPU 1 18
CPU 18 5 2
# CONTEXT CPU 3 18
BLOCK 19 5
CPU 19 2 0
# CONTEXT CPU 1 19
# CONTEXT CPU 2 19
CPU 19 4 3
UNBLOCK 20 5
CPU 20 2 0
# CONTEXT CPU 1 20
# CONTEXT CPU 2 20
CPU 20 4 3
CPU 21 2 0
CPU 21 3 1
# CONTEXT CPU 2 21
CPU 21 4 3
# CONTEXT CPU 0 22
CPU 22 3 1
CPU 22 7 2
CPU 22 4 3
EXIT 23 3 1
BLOCK 23 4
# CONTEXT CPU 0 23
# CONTEXT CPU 1 23
CPU 23 7 2
# CONTEXT CPU 3 23
UNBLOCK 24 4
# CONTEXT CPU 0 24
# CONTEXT CPU 1 24
# CONTEXT CPU 2 24
# CONTEXT CPU 3 24
CPU 25 6 0
# CONTEXT CPU 1 25
# CONTEXT CPU 2 25
# CONTEXT CPU 3 25
CPU 26 6 0
CPU 26 8 1
# CONTEXT CPU 2 26
CPU 26 9 3
CPU 27 6 0
CPU 27 8 1
CPU 27 10 2
CPU 27 9 3
BLOCK 28 6
# CONTEXT CPU 0 28
# CONTEXT CPU 1 28
CPU 28 10 2
CPU 28 9 3
BLOCK 29 10
UNBLOCK 29 6
CPU 29 12 0
CPU 29 13 1
# CONTEXT CPU 2 29
CPU 29 9 3
BLOCK 30 12
BLOCK 30 13
BLOCK 30 9
UNBLOCK 30 10
# CONTEXT CPU 0 30
# CONTEXT CPU 1 30
CPU 30 11 2
# CONTEXT CPU 3 30
UNBLOCK 31 9
UNBLOCK 31 12
UNBLOCK 31 13
CPU 31 14 0
# CONTEXT CPU 1 31
CPU 31 11 2
# CONTEXT CPU 3 31
BLOCK 32 14
# CONTEXT CPU 0 32
# CONTEXT CPU 1 32
CPU 32 11 2
# CONTEXT CPU 3 32
UNBLOCK 33 14
# CONTEXT CPU 0 33
CPU 33 1 1
CPU 33 11 2
CPU 33 0 3
BLOCK 34 11
# CONTEXT CPU 0 34
CPU 34 1 1
# CONTEXT CPU 2 34
CPU 34 0 3
UNBLOCK 35 11
CPU 35 5 0
# CONTEXT CPU 1 35
# CONTEXT CPU 2 35
CPU 35 0 3
CPU 36 5 0
# CONTEXT CPU 1 36
# CONTEXT CPU 2 36
# CONTEXT CPU 3 36
CPU 37 5 0
# CONTEXT CPU 1 37
CPU 37 2 2
# CONTEXT CPU 3 37
EXIT 38 2 2
# CONTEXT CPU 0 38
CPU 38 4 1
# CONTEXT CPU 2 38
# CONTEXT CPU 3 38
EXIT 39 4 1
# CONTEXT CPU 0 39
# CONTEXT CPU 1 39
# CONTEXT CPU 2 39
CPU 39 7 3
# CONTEXT CPU 0 40
# CONTEXT CPU 1 40
# CONTEXT CPU 2 40
CPU 40 7 3
CPU 41 8 0
# CONTEXT CPU 1 41
CPU 41 6 2
CPU 41 7 3
CPU 42 8 0
CPU 42 10 1
CPU 42 6 2
CPU 42 7 3
EXIT 43 6 2
CPU 43 8 0
CPU 43 10 1
# CONTEXT CPU 2 43
CPU 43 7 3
CPU 44 8 0
# CONTEXT CPU 1 44
# CONTEXT CPU 2 44
CPU 44 7 3
BLOCK 45 8
EXIT 45 7 3
# CONTEXT CPU 0 45
# CONTEXT CPU 1 45
# CONTEXT CPU 2 45
# CONTEXT CPU 3 45
UNBLOCK 46 8
# CONTEXT CPU 0 46
# CONTEXT CPU 1 46
CPU 46 9 2
# CONTEXT CPU 3 46
# CONTEXT CPU 0 47
CPU 47 12 1
CPU 47 9 2
# CONTEXT CPU 3 47
BLOCK 48 12
BLOCK 48 9
CPU 48 13 0
# CONTEXT CPU 1 48
# CONTEXT CPU 2 48
CPU 48 14 3
BLOCK 49 14
UNBLOCK 49 9
UNBLOCK 49 12
CPU 49 13 0
# CONTEXT CPU 1 49
# CONTEXT CPU 2 49
# CONTEXT CPU 3 49
UNBLOCK 50 14
# CONTEXT CPU 0 50
# CONTEXT CPU 1 50
# CONTEXT CPU 2 50
CPU 50 0 3
CPU 51 5 0
CPU 51 11 1
CPU 51 1 2
CPU 51 0 3
EXIT 52 11 1
EXIT 52 0 3
CPU 52 5 0
# CONTEXT CPU 1 52
CPU 52 1 2
# CONTEXT CPU 3 52
EXIT 53 5 0
# CONTEXT CPU 0 53
CPU 53 10 1
CPU 53 1 2
# CONTEXT CPU 3 53
BLOCK 54 1
# CONTEXT CPU 0 54
CPU 54 10 1
# CONTEXT CPU 2 54
# CONTEXT CPU 3 54
EXIT 55 10 1
UNBLOCK 55 1
# CONTEXT CPU 0 55
# CONTEXT CPU 1 55
# CONTEXT CPU 2 55
CPU 55 8 3
CPU 56 9 0
# CONTEXT CPU 1 56
# CONTEXT CPU 2 56
CPU 56 8 3
EXIT 57 9 0
EXIT 57 8 3
# CONTEXT CPU 0 57
# CONTEXT CPU 1 57
CPU 57 12 2
# CONTEXT CPU 3 57
CPU 58 13 0
CPU 58 14 1
CPU 58 12 2
# CONTEXT CPU 3 58
BLOCK 59 14
BLOCK 59 12
CPU 59 13 0
CPU 59 -1 1
CPU 59 -1 2
# CONTEXT CPU 3 59
BLOCK 60 13
UNBLOCK 60 12
UNBLOCK 60 14
# CONTEXT CPU 0 60
# CONTEXT CPU 1 60
CPU 60 -1 2
CPU 60 1 3
EXIT 61 1 3
UNBLOCK 61 13
# CONTEXT CPU 0 61
CPU 61 14 1
# CONTEXT CPU 2 61
CPU 61 -1 3
BLOCK 62 14
# CONTEXT CPU 0 62
CPU 62 -1 1
# CONTEXT CPU 2 62
CPU 62 -1 3
UNBLOCK 63 14
CPU 63 12 0
# CONTEXT CPU 1 63
# CONTEXT CPU 2 63
CPU 63 -1 3
CPU 64 12 0
CPU 64 14 1
CPU 64 13 2
CPU 64 -1 3
BLOCK 65 14
CPU 65 12 0
CPU 65 -1 1
CPU 65 13 2
CPU 65 -1 3
BLOCK 66 13
UNBLOCK 66 14
CPU 66 12 0
# CONTEXT CPU 1 66
CPU 66 -1 2
CPU 66 -1 3
EXIT 67 12 0
UNBLOCK 67 13
# CONTEXT CPU 0 67
CPU 67 14 1
CPU 67 -1 2
CPU 67 -1 3
BLOCK 68 14
# CONTEXT CPU 0 68
CPU 68 -1 1
CPU 68 -1 2
CPU 68 -1 3
UNBLOCK 69 14
# CONTEXT CPU 0 69
# CONTEXT CPU 1 69
CPU 69 -1 2
CPU 69 -1 3
CPU 70 13 0
CPU 70 14 1
CPU 70 -1 2
CPU 70 -1 3
EXIT 71 13 0
BLOCK 71 14
CPU 71 -1 0
CPU 71 -1 1
CPU 71 -1 2
CPU 71 -1 3
UNBLOCK 72 14
# CONTEXT CPU 0 72
CPU 72 -1 1
CPU 72 -1 2
CPU 72 -1 3
# CONTEXT CPU 0 73
CPU 73 -1 1
CPU 73 -1 2
CPU 73 -1 3
# CONTEXT CPU 0 74
CPU 74 -1 1
CPU 74 -1 2
CPU 74 -1 3
CPU 75 14 0
CPU 75 -1 1
CPU 75 -1 2
CPU 75 -1 3
EXIT 76 14 0
CPU 76 -1 0
CPU 76 -1 1
CPU 76 -1 2
CPU 76 -1 3
