# SETTINGS ../simusched tareas.tsk 4 1 2 SchedRR 4 1 2 4 6
LOAD 0 0
LOAD 0 1
LOAD 0 2
LOAD 0 3
LOAD 0 4
LOAD 0 5
LOAD 0 6
LOAD 0 7
LOAD 0 8
LOAD 0 9
LOAD 0 10
LOAD 0 11
LOAD 0 12
LOAD 0 13
LOAD 0 14
# CONTEXT CPU 0 0
# CONTEXT CPU 1 0
# CONTEXT CPU 2 0
# CONTEXT CPU 3 0
CPU 1 0 0
CPU 1 1 1
CPU 1 2 2
CPU 1 3 3
CPU 2 0 0
CPU 2 1 1
CPU 2 2 2
CPU 2 3 3
CPU 3 0 0
# CONTEXT CPU 1 3
CPU 3 2 2
CPU 3 3 3
BLOCK 4 0
# CONTEXT CPU 0 4
CPU 4 4 1
# CONTEXT CPU 2 4
CPU 4 3 3
UNBLOCK 5 0
CPU 5 5 0
CPU 5 4 1
CPU 5 6 2
CPU 5 3 3
BLOCK 6 3
CPU 6 5 0
# CONTEXT CPU 1 6
CPU 6 6 2
# CONTEXT CPU 3 6
BLOCK 7 5
UNBLOCK 7 3
# CONTEXT CPU 0 7
CPU 7 7 1
CPU 7 6 2
CPU 7 8 3
UNBLOCK 8 5
CPU 8 9 0
CPU 8 7 1
# CONTEXT CPU 2 8
# CONTEXT CPU 3 8
BLOCK 9 9
# CONTEXT CPU 0 9
# CONTEXT CPU 1 9
CPU 9 10 2
CPU 9 11 3
BLOCK 10 10
UNBLOCK 10 9
CPU 10 12 0
CPU 10 13 1
# CONTEXT CPU 2 10
CPU 10 11 3
UNBLOCK 11 10
CPU 11 12 0
CPU 11 13 1
CPU 11 14 2
CPU 11 11 3
BLOCK 12 12
BLOCK 12 14
BLOCK 12 11
# CONTEXT CPU 0 12
# CONTEXT CPU 1 12
# CONTEXT CPU 2 12
# CONTEXT CPU 3 12
UNBLOCK 13 11
UNBLOCK 13 12
UNBLOCK 13 14
# CONTEXT CPU 0 13
# CONTEXT CPU 1 13
# CONTEXT CPU 2 13
# CONTEXT CPU 3 13
# CONTEXT CPU 0 14
# CONTEXT CPU 1 14
# CONTEXT CPU 2 14
# CONTEXT CPU 3 14
CPU 15 1 0
CPU 15 2 1
CPU 15 0 2
CPU 15 4 3
# CONTEXT CPU 0 16
CPU 16 2 1
CPU 16 0 2
CPU 16 4 3
# CONTEXT CPU 0 17
# CONTEXT CPU 1 17
CPU 17 0 2
CPU 17 4 3
# CONTEXT CPU 0 18
# CONTEXT CPU 1 18
# CONTEXT CPU 2 18
# CONTEXT CPU 3 18
CPU 19 3 0
# CONTEXT CPU 1 19
CPU 19 6 2
CPU 19 8 3
BLOCK 20 6
BLOCK 20 8
CPU 20 3 0
CPU 20 5 1
# CONTEXT CPU 2 20
# CONTEXT CPU 3 20
UNBLOCK 21 6
UNBLOCK 21 8
CPU 21 3 0
CPU 21 5 1
# CONTEXT CPU 2 21
# CONTEXT CPU 3 21
CPU 22 3 0
# CONTEXT CPU 1 22
# CONTEXT CPU 2 22
# CONTEXT CPU 3 22
EXIT 23 3 0
# CONTEXT CPU 0 23
# CONTEXT CPU 1 23
CPU 23 7 2
CPU 23 9 3
# CONTEXT CPU 0 24
# CONTEXT CPU 1 24
CPU 24 7 2
CPU 24 9 3
# CONTEXT CPU 0 25
CPU 25 10 1
CPU 25 7 2
CPU 25 9 3
BLOCK 26 9
CPU 26 13 0
CPU 26 10 1
# CONTEXT CPU 2 26
# CONTEXT CPU 3 26
BLOCK 27 10
UNBLOCK 27 9
CPU 27 13 0
# CONTEXT CPU 1 27
# CONTEXT CPU 2 27
# CONTEXT CPU 3 27
BLOCK 28 13
UNBLOCK 28 10
# CONTEXT CPU 0 28
# CONTEXT CPU 1 28
# CONTEXT CPU 2 28
# CONTEXT CPU 3 28
UNBLOCK 29 13
CPU 29 1 0
# CONTEXT CPU 1 29
CPU 29 11 2
CPU 29 12 3
BLOCK 30 11
CPU 30 1 0
CPU 30 14 1
# CONTEXT CPU 2 30
CPU 30 12 3
BLOCK 31 14
BLOCK 31 12
UNBLOCK 31 11
CPU 31 1 0
# CONTEXT CPU 1 31
# CONTEXT CPU 2 31
# CONTEXT CPU 3 31
UNBLOCK 32 12
UNBLOCK 32 14
CPU 32 1 0
# CONTEXT CPU 1 32
# CONTEXT CPU 2 32
CPU 32 4 3
# CONTEXT CPU 0 33
# CONTEXT CPU 1 33
CPU 33 2 2
CPU 33 4 3
BLOCK 34 4
# CONTEXT CPU 0 34
CPU 34 0 1
CPU 34 2 2
# CONTEXT CPU 3 34
BLOCK 35 2
UNBLOCK 35 4
# CONTEXT CPU 0 35
# CONTEXT CPU 1 35
# CONTEXT CPU 2 35
CPU 35 8 3
UNBLOCK 36 2
CPU 36 6 0
CPU 36 5 1
CPU 36 7 2
# CONTEXT CPU 3 36
CPU 37 6 0
CPU 37 5 1
CPU 37 7 2
CPU 37 9 3
CPU 38 6 0
# CONTEXT CPU 1 38
# CONTEXT CPU 2 38
CPU 38 9 3
CPU 39 6 0
CPU 39 10 1
# CONTEXT CPU 2 39
CPU 39 9 3
CPU 40 6 0
CPU 40 10 1
# CONTEXT CPU 2 40
CPU 40 9 3
EXIT 41 6 0
# CONTEXT CPU 0 41
# CONTEXT CPU 1 41
CPU 41 13 2
CPU 41 9 3
BLOCK 42 13
EXIT 42 9 3
# CONTEXT CPU 0 42
# CONTEXT CPU 1 42
# CONTEXT CPU 2 42
# CONTEXT CPU 3 42
UNBLOCK 43 13
# CONTEXT CPU 0 43
# CONTEXT CPU 1 43
# CONTEXT CPU 2 43
# CONTEXT CPU 3 43
CPU 44 11 0
CPU 44 12 1
# CONTEXT CPU 2 44
# CONTEXT CPU 3 44
CPU 45 11 0
CPU 45 12 1
CPU 45 14 2
CPU 45 1 3
BLOCK 46 14
BLOCK 46 1
CPU 46 11 0
# CONTEXT CPU 1 46
# CONTEXT CPU 2 46
# CONTEXT CPU 3 46
UNBLOCK 47 1
UNBLOCK 47 14
CPU 47 11 0
# CONTEXT CPU 1 47
# CONTEXT CPU 2 47
# CONTEXT CPU 3 47
CPU 48 11 0
# CONTEXT CPU 1 48
# CONTEXT CPU 2 48
# CONTEXT CPU 3 48
EXIT 49 11 0
# CONTEXT CPU 0 49
CPU 49 4 1
CPU 49 0 2
CPU 49 2 3
# CONTEXT CPU 0 50
CPU 50 4 1
CPU 50 0 2
CPU 50 2 3
EXIT 51 4 1
EXIT 51 0 2
EXIT 51 2 3
# CONTEXT CPU 0 51
# CONTEXT CPU 1 51
# CONTEXT CPU 2 51
# CONTEXT CPU 3 51
CPU 52 8 0
CPU 52 5 1
CPU 52 7 2
# CONTEXT CPU 3 52
BLOCK 53 8
BLOCK 53 7
# CONTEXT CPU 0 53
CPU 53 5 1
# CONTEXT CPU 2 53
# CONTEXT CPU 3 53
UNBLOCK 54 7
UNBLOCK 54 8
# CONTEXT CPU 0 54
# CONTEXT CPU 1 54
# CONTEXT CPU 2 54
CPU 54 10 3
# CONTEXT CPU 0 55
# CONTEXT CPU 1 55
# CONTEXT CPU 2 55
CPU 55 10 3
CPU 56 13 0
# CONTEXT CPU 1 56
CPU 56 12 2
CPU 56 10 3
BLOCK 57 13
BLOCK 57 12
# CONTEXT CPU 0 57
CPU 57 1 1
# CONTEXT CPU 2 57
CPU 57 10 3
EXIT 58 1 1
EXIT 58 10 3
UNBLOCK 58 12
UNBLOCK 58 13
# CONTEXT CPU 0 58
# CONTEXT CPU 1 58
CPU 58 7 2
# CONTEXT CPU 3 58
EXIT 59 7 2
# CONTEXT CPU 0 59
# CONTEXT CPU 1 59
# CONTEXT CPU 2 59
# CONTEXT CPU 3 59
CPU 60 14 0
# CONTEXT CPU 1 60
CPU 60 12 2
# CONTEXT CPU 3 60
BLOCK 61 14
BLOCK 61 12
# CONTEXT CPU 0 61
CPU 61 8 1
CPU 61 -1 2
CPU 61 5 3
EXIT 62 5 3
UNBLOCK 62 12
UNBLOCK 62 14
CPU 62 13 0
CPU 62 8 1
# CONTEXT CPU 2 62
# CONTEXT CPU 3 62
BLOCK 63 13
CPU 63 -1 0
CPU 63 8 1
CPU 63 12 2
# CONTEXT CPU 3 63
EXIT 64 12 2
UNBLOCK 64 13
# CONTEXT CPU 0 64
CPU 64 8 1
CPU 64 -1 2
# CONTEXT CPU 3 64
CPU 65 13 0
CPU 65 8 1
CPU 65 -1 2
CPU 65 14 3
EXIT 66 8 1
BLOCK 66 14
CPU 66 13 0
CPU 66 -1 1
CPU 66 -1 2
CPU 66 -1 3
EXIT 67 13 0
UNBLOCK 67 14
# CONTEXT CPU 0 67
CPU 67 -1 1
CPU 67 -1 2
CPU 67 -1 3
# CONTEXT CPU 0 68
CPU 68 -1 1
CPU 68 -1 2
CPU 68 -1 3
# CONTEXT CPU 0 69
CPU 69 -1 1
CPU 69 -1 2
CPU 69 -1 3
CPU 70 14 0
CPU 70 -1 1
CPU 70 -1 2
CPU 70 -1 3
BLOCK 71 14
CPU 71 -1 0
CPU 71 -1 1
CPU 71 -1 2
CPU 71 -1 3
UNBLOCK 72 14
# CONTEXT CPU 0 72
CPU 72 -1 1
CPU 72 -1 2
CPU 72 -1 3
CPU 73 14 0
CPU 73 -1 1
CPU 73 -1 2
CPU 73 -1 3
BLOCK 74 14
CPU 74 -1 0
CPU 74 -1 1
CPU 74 -1 2
CPU 74 -1 3
UNBLOCK 75 14
# CONTEXT CPU 0 75
CPU 75 -1 1
CPU 75 -1 2
CPU 75 -1 3
CPU 76 14 0
CPU 76 -1 1
CPU 76 -1 2
CPU 76 -1 3
BLOCK 77 14
CPU 77 -1 0
CPU 77 -1 1
CPU 77 -1 2
CPU 77 -1 3
UNBLOCK 78 14
# CONTEXT CPU 0 78
CPU 78 -1 1
CPU 78 -1 2
CPU 78 -1 3
CPU 79 14 0
CPU 79 -1 1
CPU 79 -1 2
CPU 79 -1 3
EXIT 80 14 0
CPU 80 -1 0
CPU 80 -1 1
CPU 80 -1 2
CPU 80 -1 3
