# SETTINGS ../simusched tareas.tsk 3 1 2 SchedRR 3 3 8 8
LOAD 0 0
LOAD 0 1
LOAD 0 2
LOAD 0 3
LOAD 0 4
LOAD 0 5
LOAD 0 6
LOAD 0 7
LOAD 0 8
LOAD 0 9
LOAD 0 10
LOAD 0 11
LOAD 0 12
LOAD 0 13
LOAD 0 14
# CONTEXT CPU 0 0
# CONTEXT CPU 1 0
# CONTEXT CPU 2 0
CPU 1 0 0
CPU 1 1 1
CPU 1 2 2
BLOCK 2 1
CPU 2 0 0
# CONTEXT CPU 1 2
CPU 2 2 2
UNBLOCK 3 1
CPU 3 0 0
CPU 3 3 1
CPU 3 2 2
BLOCK 4 3
CPU 4 0 0
# CONTEXT CPU 1 4
CPU 4 2 2
UNBLOCK 5 3
# CONTEXT CPU 0 5
CPU 5 4 1
CPU 5 2 2
CPU 6 5 0
CPU 6 4 1
CPU 6 2 2
CPU 7 5 0
CPU 7 4 1
CPU 7 2 2
BLOCK 8 2
CPU 8 5 0
CPU 8 4 1
# CONTEXT CPU 2 8
UNBLOCK 9 2
CPU 9 5 0
# CONTEXT CPU 1 9
CPU 9 6 2
# CONTEXT CPU 0 10
CPU 10 7 1
CPU 10 6 2
CPU 11 8 0
CPU 11 7 1
CPU 11 6 2
CPU 12 8 0
CPU 12 7 1
# CONTEXT CPU 2 12
CPU 13 8 0
CPU 13 7 1
CPU 13 9 2
CPU 14 8 0
# CONTEXT CPU 1 14
CPU 14 9 2
BLOCK 15 9
# CONTEXT CPU 0 15
CPU 15 10 1
# CONTEXT CPU 2 15
UNBLOCK 16 9
CPU 16 11 0
CPU 16 10 1
CPU 16 12 2
BLOCK 17 10
BLOCK 17 12
CPU 17 11 0
# CONTEXT CPU 1 17
# CONTEXT CPU 2 17
UNBLOCK 18 10
UNBLOCK 18 12
CPU 18 11 0
CPU 18 13 1
CPU 18 14 2
BLOCK 19 11
BLOCK 19 14
# CONTEXT CPU 0 19
CPU 19 13 1
# CONTEXT CPU 2 19
BLOCK 20 13
UNBLOCK 20 11
UNBLOCK 20 14
# CONTEXT CPU 0 20
# CONTEXT CPU 1 20
# CONTEXT CPU 2 20
UNBLOCK 21 13
# CONTEXT CPU 0 21
# CONTEXT CPU 1 21
# CONTEXT CPU 2 21
CPU 22 1 0
# CONTEXT CPU 1 22
CPU 22 3 2
CPU 23 1 0
CPU 23 0 1
CPU 23 3 2
BLOCK 24 0
# CONTEXT CPU 0 24
# CONTEXT CPU 1 24
CPU 24 3 2
UNBLOCK 25 0
# CONTEXT CPU 0 25
CPU 25 4 1
CPU 25 3 2
# CONTEXT CPU 0 26
CPU 26 4 1
CPU 26 3 2
CPU 27 2 0
# CONTEXT CPU 1 27
CPU 27 3 2
CPU 28 2 0
# CONTEXT CPU 1 28
CPU 28 3 2
EXIT 29 2 0
# CONTEXT CPU 0 29
# CONTEXT CPU 1 29
CPU 29 3 2
EXIT 30 3 2
# CONTEXT CPU 0 30
CPU 30 5 1
# CONTEXT CPU 2 30
# CONTEXT CPU 0 31
CPU 31 5 1
# CONTEXT CPU 2 31
BLOCK 32 5
CPU 32 6 0
# CONTEXT CPU 1 32
# CONTEXT CPU 2 32
UNBLOCK 33 5
CPU 33 6 0
# CONTEXT CPU 1 33
CPU 33 7 2
CPU 34 6 0
# CONTEXT CPU 1 34
CPU 34 7 2
BLOCK 35 6
# CONTEXT CPU 0 35
CPU 35 8 1
CPU 35 7 2
BLOCK 36 7
UNBLOCK 36 6
# CONTEXT CPU 0 36
CPU 36 8 1
# CONTEXT CPU 2 36
UNBLOCK 37 7
# CONTEXT CPU 0 37
CPU 37 8 1
# CONTEXT CPU 2 37
BLOCK 38 8
CPU 38 9 0
# CONTEXT CPU 1 38
# CONTEXT CPU 2 38
UNBLOCK 39 8
CPU 39 9 0
# CONTEXT CPU 1 39
CPU 39 10 2
BLOCK 40 9
BLOCK 40 10
# CONTEXT CPU 0 40
# CONTEXT CPU 1 40
# CONTEXT CPU 2 40
UNBLOCK 41 9
UNBLOCK 41 10
CPU 41 11 0
CPU 41 12 1
CPU 41 14 2
BLOCK 42 12
BLOCK 42 14
# CONTEXT CPU 0 42
# CONTEXT CPU 1 42
# CONTEXT CPU 2 42
UNBLOCK 43 12
UNBLOCK 43 14
# CONTEXT CPU 0 43
# CONTEXT CPU 1 43
# CONTEXT CPU 2 43
# CONTEXT CPU 0 44
# CONTEXT CPU 1 44
# CONTEXT CPU 2 44
CPU 45 13 0
CPU 45 1 1
CPU 45 0 2
CPU 46 13 0
# CONTEXT CPU 1 46
CPU 46 0 2
BLOCK 47 13
# CONTEXT CPU 0 47
CPU 47 4 1
CPU 47 0 2
UNBLOCK 48 13
# CONTEXT CPU 0 48
CPU 48 4 1
CPU 48 0 2
BLOCK 49 4
EXIT 49 0 2
# CONTEXT CPU 0 49
# CONTEXT CPU 1 49
# CONTEXT CPU 2 49
UNBLOCK 50 4
CPU 50 5 0
# CONTEXT CPU 1 50
CPU 50 7 2
CPU 51 5 0
# CONTEXT CPU 1 51
CPU 51 7 2
EXIT 52 7 2
CPU 52 5 0
CPU 52 6 1
# CONTEXT CPU 2 52
EXIT 53 5 0
# CONTEXT CPU 0 53
CPU 53 6 1
# CONTEXT CPU 2 53
CPU 54 9 0
CPU 54 6 1
# CONTEXT CPU 2 54
EXIT 55 6 1
CPU 55 9 0
# CONTEXT CPU 1 55
CPU 55 8 2
BLOCK 56 8
CPU 56 9 0
# CONTEXT CPU 1 56
# CONTEXT CPU 2 56
UNBLOCK 57 8
CPU 57 9 0
# CONTEXT CPU 1 57
# CONTEXT CPU 2 57
# CONTEXT CPU 0 58
CPU 58 10 1
# CONTEXT CPU 2 58
# CONTEXT CPU 0 59
CPU 59 10 1
CPU 59 11 2
# CONTEXT CPU 0 60
CPU 60 10 1
CPU 60 11 2
CPU 61 12 0
CPU 61 10 1
CPU 61 11 2
BLOCK 62 12
# CONTEXT CPU 0 62
# CONTEXT CPU 1 62
CPU 62 11 2
BLOCK 63 11
UNBLOCK 63 12
# CONTEXT CPU 0 63
CPU 63 1 1
# CONTEXT CPU 2 63
UNBLOCK 64 11
# CONTEXT CPU 0 64
CPU 64 1 1
# CONTEXT CPU 2 64
CPU 65 14 0
CPU 65 1 1
# CONTEXT CPU 2 65
BLOCK 66 14
# CONTEXT CPU 0 66
CPU 66 1 1
CPU 66 13 2
UNBLOCK 67 14
# CONTEXT CPU 0 67
# CONTEXT CPU 1 67
CPU 67 13 2
BLOCK 68 13
# CONTEXT CPU 0 68
# CONTEXT CPU 1 68
# CONTEXT CPU 2 68
UNBLOCK 69 13
CPU 69 4 0
# CONTEXT CPU 1 69
# CONTEXT CPU 2 69
EXIT 70 4 0
# CONTEXT CPU 0 70
CPU 70 8 1
# CONTEXT CPU 2 70
EXIT 71 8 1
# CONTEXT CPU 0 71
# CONTEXT CPU 1 71
CPU 71 9 2
EXIT 72 9 2
# CONTEXT CPU 0 72
# CONTEXT CPU 1 72
# CONTEXT CPU 2 72
CPU 73 10 0
# CONTEXT CPU 1 73
CPU 73 11 2
EXIT 74 11 2
CPU 74 10 0
CPU 74 12 1
# CONTEXT CPU 2 74
EXIT 75 10 0
# CONTEXT CPU 0 75
CPU 75 12 1
# CONTEXT CPU 2 75
# CONTEXT CPU 0 76
CPU 76 12 1
# CONTEXT CPU 2 76
# CONTEXT CPU 0 77
CPU 77 12 1
CPU 77 14 2
BLOCK 78 12
BLOCK 78 14
CPU 78 1 0
# CONTEXT CPU 1 78
CPU 78 -1 2
EXIT 79 1 0
UNBLOCK 79 12
UNBLOCK 79 14
# CONTEXT CPU 0 79
# CONTEXT CPU 1 79
# CONTEXT CPU 2 79
# CONTEXT CPU 0 80
# CONTEXT CPU 1 80
CPU 80 14 2
BLOCK 81 14
# CONTEXT CPU 0 81
CPU 81 13 1
CPU 81 -1 2
BLOCK 82 13
UNBLOCK 82 14
CPU 82 12 0
# CONTEXT CPU 1 82
CPU 82 -1 2
UNBLOCK 83 13
CPU 83 12 0
# CONTEXT CPU 1 83
# CONTEXT CPU 2 83
EXIT 84 12 0
CPU 84 -1 0
# CONTEXT CPU 1 84
# CONTEXT CPU 2 84
CPU 85 -1 0
CPU 85 14 1
# CONTEXT CPU 2 85
BLOCK 86 14
CPU 86 -1 0
CPU 86 -1 1
CPU 86 13 2
UNBLOCK 87 14
# CONTEXT CPU 0 87
CPU 87 -1 1
CPU 87 13 2
EXIT 88 13 2
# CONTEXT CPU 0 88
CPU 88 -1 1
CPU 88 -1 2
# CONTEXT CPU 0 89
CPU 89 -1 1
CPU 89 -1 2
CPU 90 14 0
CPU 90 -1 1
CPU 90 -1 2
BLOCK 91 14
CPU 91 -1 0
CPU 91 -1 1
CPU 91 -1 2
UNBLOCK 92 14
# CONTEXT CPU 0 92
CPU 92 -1 1
CPU 92 -1 2
CPU 93 14 0
CPU 93 -1 1
CPU 93 -1 2
BLOCK 94 14
CPU 94 -1 0
CPU 94 -1 1
CPU 94 -1 2
UNBLOCK 95 14
# CONTEXT CPU 0 95
CPU 95 -1 1
CPU 95 -1 2
CPU 96 14 0
CPU 96 -1 1
CPU 96 -1 2
EXIT 97 14 0
CPU 97 -1 0
CPU 97 -1 1
CPU 97 -1 2
