# SETTINGS ../simusched tareas.tsk 4 1 2 SchedRR 4 1 6 6 7
LOAD 0 0
LOAD 0 1
LOAD 0 2
LOAD 0 3
LOAD 0 4
LOAD 0 5
LOAD 0 6
LOAD 0 7
LOAD 0 8
LOAD 0 9
LOAD 0 10
LOAD 0 11
LOAD 0 12
LOAD 0 13
LOAD 0 14
# CONTEXT CPU 0 0
# CONTEXT CPU 1 0
# CONTEXT CPU 2 0
# CONTEXT CPU 3 0
CPU 1 0 0
CPU 1 1 1
CPU 1 2 2
CPU 1 3 3
CPU 2 0 0
CPU 2 1 1
CPU 2 2 2
CPU 2 3 3
BLOCK 3 0
# CONTEXT CPU 0 3
# CONTEXT CPU 1 3
CPU 3 2 2
CPU 3 3 3
BLOCK 4 2
UNBLOCK 4 0
CPU 4 4 0
CPU 4 5 1
# CONTEXT CPU 2 4
CPU 4 3 3
UNBLOCK 5 2
CPU 5 4 0
CPU 5 5 1
CPU 5 6 2
CPU 5 3 3
CPU 6 4 0
# CONTEXT CPU 1 6
CPU 6 6 2
CPU 6 3 3
CPU 7 4 0
CPU 7 7 1
CPU 7 6 2
CPU 7 3 3
BLOCK 8 7
BLOCK 8 3
# CONTEXT CPU 0 8
# CONTEXT CPU 1 8
CPU 8 6 2
# CONTEXT CPU 3 8
UNBLOCK 9 3
UNBLOCK 9 7
CPU 9 8 0
CPU 9 9 1
CPU 9 6 2
CPU 9 10 3
BLOCK 10 8
# CONTEXT CPU 0 10
CPU 10 9 1
# CONTEXT CPU 2 10
# CONTEXT CPU 3 10
UNBLOCK 11 8
CPU 11 11 0
# CONTEXT CPU 1 11
CPU 11 12 2
CPU 11 13 3
BLOCK 12 12
BLOCK 12 13
CPU 12 11 0
CPU 12 14 1
# CONTEXT CPU 2 12
# CONTEXT CPU 3 12
BLOCK 13 14
UNBLOCK 13 12
UNBLOCK 13 13
CPU 13 11 0
# CONTEXT CPU 1 13
# CONTEXT CPU 2 13
# CONTEXT CPU 3 13
UNBLOCK 14 14
CPU 14 11 0
# CONTEXT CPU 1 14
# CONTEXT CPU 2 14
# CONTEXT CPU 3 14
BLOCK 15 11
# CONTEXT CPU 0 15
# CONTEXT CPU 1 15
CPU 15 1 2
CPU 15 0 3
UNBLOCK 16 11
# CONTEXT CPU 0 16
CPU 16 2 1
CPU 16 1 2
CPU 16 0 3
# CONTEXT CPU 0 17
CPU 17 2 1
CPU 17 1 2
CPU 17 0 3
CPU 18 5 0
# CONTEXT CPU 1 18
CPU 18 1 2
CPU 18 0 3
CPU 19 5 0
# CONTEXT CPU 1 19
CPU 19 1 2
CPU 19 0 3
BLOCK 20 5
# CONTEXT CPU 0 20
# CONTEXT CPU 1 20
CPU 20 1 2
CPU 20 0 3
BLOCK 21 1
UNBLOCK 21 5
# CONTEXT CPU 0 21
CPU 21 4 1
# CONTEXT CPU 2 21
CPU 21 0 3
EXIT 22 0 3
UNBLOCK 22 1
# CONTEXT CPU 0 22
CPU 22 4 1
# CONTEXT CPU 2 22
# CONTEXT CPU 3 22
CPU 23 3 0
# CONTEXT CPU 1 23
# CONTEXT CPU 2 23
# CONTEXT CPU 3 23
# CONTEXT CPU 0 24
# CONTEXT CPU 1 24
CPU 24 7 2
# CONTEXT CPU 3 24
CPU 25 8 0
# CONTEXT CPU 1 25
CPU 25 7 2
CPU 25 6 3
CPU 26 8 0
CPU 26 10 1
# CONTEXT CPU 2 26
CPU 26 6 3
BLOCK 27 6
CPU 27 8 0
CPU 27 10 1
# CONTEXT CPU 2 27
# CONTEXT CPU 3 27
BLOCK 28 10
UNBLOCK 28 6
CPU 28 8 0
# CONTEXT CPU 1 28
# CONTEXT CPU 2 28
# CONTEXT CPU 3 28
UNBLOCK 29 10
CPU 29 8 0
# CONTEXT CPU 1 29
CPU 29 9 2
# CONTEXT CPU 3 29
# CONTEXT CPU 0 30
# CONTEXT CPU 1 30
CPU 30 9 2
CPU 30 12 3
BLOCK 31 12
# CONTEXT CPU 0 31
CPU 31 13 1
CPU 31 9 2
# CONTEXT CPU 3 31
BLOCK 32 13
UNBLOCK 32 12
# CONTEXT CPU 0 32
# CONTEXT CPU 1 32
CPU 32 9 2
# CONTEXT CPU 3 32
BLOCK 33 9
UNBLOCK 33 13
CPU 33 14 0
CPU 33 2 1
# CONTEXT CPU 2 33
# CONTEXT CPU 3 33
BLOCK 34 14
UNBLOCK 34 9
# CONTEXT CPU 0 34
# CONTEXT CPU 1 34
# CONTEXT CPU 2 34
CPU 34 11 3
UNBLOCK 35 14
# CONTEXT CPU 0 35
CPU 35 4 1
# CONTEXT CPU 2 35
CPU 35 11 3
# CONTEXT CPU 0 36
CPU 36 4 1
CPU 36 5 2
CPU 36 11 3
BLOCK 37 4
CPU 37 1 0
# CONTEXT CPU 1 37
CPU 37 5 2
CPU 37 11 3
EXIT 38 1 0
BLOCK 38 11
UNBLOCK 38 4
# CONTEXT CPU 0 38
# CONTEXT CPU 1 38
CPU 38 5 2
# CONTEXT CPU 3 38
UNBLOCK 39 11
# CONTEXT CPU 0 39
# CONTEXT CPU 1 39
CPU 39 5 2
CPU 39 6 3
# CONTEXT CPU 0 40
CPU 40 3 1
# CONTEXT CPU 2 40
CPU 40 6 3
EXIT 41 3 1
EXIT 41 6 3
CPU 41 7 0
# CONTEXT CPU 1 41
# CONTEXT CPU 2 41
# CONTEXT CPU 3 41
CPU 42 7 0
# CONTEXT CPU 1 42
# CONTEXT CPU 2 42
CPU 42 12 3
BLOCK 43 12
CPU 43 7 0
# CONTEXT CPU 1 43
CPU 43 10 2
# CONTEXT CPU 3 43
UNBLOCK 44 12
CPU 44 7 0
CPU 44 8 1
CPU 44 10 2
# CONTEXT CPU 3 44
BLOCK 45 8
BLOCK 45 10
CPU 45 7 0
# CONTEXT CPU 1 45
# CONTEXT CPU 2 45
# CONTEXT CPU 3 45
UNBLOCK 46 8
UNBLOCK 46 10
# CONTEXT CPU 0 46
# CONTEXT CPU 1 46
# CONTEXT CPU 2 46
CPU 46 13 3
CPU 47 14 0
# CONTEXT CPU 1 47
# CONTEXT CPU 2 47
CPU 47 13 3
BLOCK 48 14
# CONTEXT CPU 0 48
CPU 48 9 1
CPU 48 2 2
CPU 48 13 3
UNBLOCK 49 14
# CONTEXT CPU 0 49
CPU 49 9 1
CPU 49 2 2
CPU 49 13 3
BLOCK 50 9
BLOCK 50 13
# CONTEXT CPU 0 50
# CONTEXT CPU 1 50
CPU 50 2 2
# CONTEXT CPU 3 50
EXIT 51 2 2
UNBLOCK 51 9
UNBLOCK 51 13
CPU 51 4 0
# CONTEXT CPU 1 51
# CONTEXT CPU 2 51
# CONTEXT CPU 3 51
EXIT 52 4 0
# CONTEXT CPU 0 52
# CONTEXT CPU 1 52
# CONTEXT CPU 2 52
# CONTEXT CPU 3 52
# CONTEXT CPU 0 53
CPU 53 11 1
# CONTEXT CPU 2 53
CPU 53 5 3
EXIT 54 11 1
EXIT 54 5 3
# CONTEXT CPU 0 54
# CONTEXT CPU 1 54
CPU 54 12 2
# CONTEXT CPU 3 54
CPU 55 8 0
# CONTEXT CPU 1 55
CPU 55 12 2
# CONTEXT CPU 3 55
BLOCK 56 12
CPU 56 8 0
# CONTEXT CPU 1 56
# CONTEXT CPU 2 56
# CONTEXT CPU 3 56
EXIT 57 8 0
UNBLOCK 57 12
# CONTEXT CPU 0 57
CPU 57 10 1
# CONTEXT CPU 2 57
CPU 57 7 3
EXIT 58 7 3
# CONTEXT CPU 0 58
CPU 58 10 1
# CONTEXT CPU 2 58
# CONTEXT CPU 3 58
# CONTEXT CPU 0 59
# CONTEXT CPU 1 59
CPU 59 14 2
CPU 59 13 3
BLOCK 60 14
CPU 60 9 0
# CONTEXT CPU 1 60
# CONTEXT CPU 2 60
CPU 60 13 3
EXIT 61 9 0
BLOCK 61 13
UNBLOCK 61 14
# CONTEXT CPU 0 61
# CONTEXT CPU 1 61
# CONTEXT CPU 2 61
CPU 61 -1 3
UNBLOCK 62 13
# CONTEXT CPU 0 62
CPU 62 12 1
# CONTEXT CPU 2 62
# CONTEXT CPU 3 62
# CONTEXT CPU 0 63
CPU 63 12 1
CPU 63 10 2
CPU 63 13 3
EXIT 64 13 3
CPU 64 14 0
CPU 64 12 1
CPU 64 10 2
CPU 64 -1 3
BLOCK 65 14
EXIT 65 10 2
CPU 65 -1 0
CPU 65 12 1
CPU 65 -1 2
CPU 65 -1 3
EXIT 66 12 1
UNBLOCK 66 14
# CONTEXT CPU 0 66
CPU 66 -1 1
CPU 66 -1 2
CPU 66 -1 3
CPU 67 14 0
CPU 67 -1 1
CPU 67 -1 2
CPU 67 -1 3
BLOCK 68 14
CPU 68 -1 0
CPU 68 -1 1
CPU 68 -1 2
CPU 68 -1 3
UNBLOCK 69 14
# CONTEXT CPU 0 69
CPU 69 -1 1
CPU 69 -1 2
CPU 69 -1 3
CPU 70 14 0
CPU 70 -1 1
CPU 70 -1 2
CPU 70 -1 3
BLOCK 71 14
CPU 71 -1 0
CPU 71 -1 1
CPU 71 -1 2
CPU 71 -1 3
UNBLOCK 72 14
# CONTEXT CPU 0 72
CPU 72 -1 1
CPU 72 -1 2
CPU 72 -1 3
CPU 73 14 0
CPU 73 -1 1
CPU 73 -1 2
CPU 73 -1 3
BLOCK 74 14
CPU 74 -1 0
CPU 74 -1 1
CPU 74 -1 2
CPU 74 -1 3
UNBLOCK 75 14
# CONTEXT CPU 0 75
CPU 75 -1 1
CPU 75 -1 2
CPU 75 -1 3
CPU 76 14 0
CPU 76 -1 1
CPU 76 -1 2
CPU 76 -1 3
EXIT 77 14 0
CPU 77 -1 0
CPU 77 -1 1
CPU 77 -1 2
CPU 77 -1 3
