# SETTINGS ../simusched tareas.tsk 4 1 2 SchedRR 4 1 1 5 7
LOAD 0 0
LOAD 0 1
LOAD 0 2
LOAD 0 3
LOAD 0 4
LOAD 0 5
LOAD 0 6
LOAD 0 7
LOAD 0 8
LOAD 0 9
LOAD 0 10
LOAD 0 11
LOAD 0 12
LOAD 0 13
LOAD 0 14
# CONTEXT CPU 0 0
# CONTEXT CPU 1 0
# CONTEXT CPU 2 0
# CONTEXT CPU 3 0
CPU 1 0 0
CPU 1 1 1
CPU 1 2 2
CPU 1 3 3
CPU 2 0 0
CPU 2 1 1
CPU 2 2 2
CPU 2 3 3
CPU 3 0 0
# CONTEXT CPU 1 3
# CONTEXT CPU 2 3
CPU 3 3 3
BLOCK 4 0
# CONTEXT CPU 0 4
CPU 4 4 1
CPU 4 5 2
CPU 4 3 3
UNBLOCK 5 0
CPU 5 6 0
CPU 5 4 1
CPU 5 5 2
CPU 5 3 3
BLOCK 6 5
BLOCK 6 3
CPU 6 6 0
# CONTEXT CPU 1 6
# CONTEXT CPU 2 6
# CONTEXT CPU 3 6
UNBLOCK 7 3
UNBLOCK 7 5
CPU 7 6 0
CPU 7 7 1
CPU 7 8 2
CPU 7 9 3
BLOCK 8 9
# CONTEXT CPU 0 8
CPU 8 7 1
# CONTEXT CPU 2 8
# CONTEXT CPU 3 8
UNBLOCK 9 9
CPU 9 10 0
# CONTEXT CPU 1 9
CPU 9 11 2
CPU 9 12 3
BLOCK 10 10
# CONTEXT CPU 0 10
CPU 10 13 1
CPU 10 11 2
CPU 10 12 3
BLOCK 11 12
UNBLOCK 11 10
CPU 11 14 0
CPU 11 13 1
# CONTEXT CPU 2 11
# CONTEXT CPU 3 11
BLOCK 12 14
UNBLOCK 12 12
# CONTEXT CPU 0 12
# CONTEXT CPU 1 12
# CONTEXT CPU 2 12
# CONTEXT CPU 3 12
UNBLOCK 13 14
CPU 13 0 0
CPU 13 4 1
# CONTEXT CPU 2 13
# CONTEXT CPU 3 13
CPU 14 0 0
CPU 14 4 1
CPU 14 1 2
CPU 14 2 3
CPU 15 0 0
# CONTEXT CPU 1 15
CPU 15 1 2
# CONTEXT CPU 3 15
CPU 16 0 0
# CONTEXT CPU 1 16
# CONTEXT CPU 2 16
# CONTEXT CPU 3 16
CPU 17 0 0
# CONTEXT CPU 1 17
# CONTEXT CPU 2 17
# CONTEXT CPU 3 17
# CONTEXT CPU 0 18
CPU 18 3 1
# CONTEXT CPU 2 18
CPU 18 5 3
# CONTEXT CPU 0 19
CPU 19 3 1
CPU 19 6 2
CPU 19 5 3
BLOCK 20 6
# CONTEXT CPU 0 20
# CONTEXT CPU 1 20
# CONTEXT CPU 2 20
CPU 20 5 3
UNBLOCK 21 6
CPU 21 8 0
# CONTEXT CPU 1 21
# CONTEXT CPU 2 21
CPU 21 5 3
BLOCK 22 8
# CONTEXT CPU 0 22
# CONTEXT CPU 1 22
# CONTEXT CPU 2 22
CPU 22 5 3
UNBLOCK 23 8
CPU 23 10 0
CPU 23 9 1
CPU 23 7 2
CPU 23 5 3
CPU 24 10 0
CPU 24 9 1
CPU 24 7 2
# CONTEXT CPU 3 24
BLOCK 25 10
# CONTEXT CPU 0 25
# CONTEXT CPU 1 25
# CONTEXT CPU 2 25
# CONTEXT CPU 3 25
UNBLOCK 26 10
# CONTEXT CPU 0 26
CPU 26 13 1
# CONTEXT CPU 2 26
# CONTEXT CPU 3 26
# CONTEXT CPU 0 27
CPU 27 13 1
# CONTEXT CPU 2 27
CPU 27 11 3
BLOCK 28 13
BLOCK 28 11
CPU 28 12 0
# CONTEXT CPU 1 28
CPU 28 14 2
# CONTEXT CPU 3 28
BLOCK 29 14
UNBLOCK 29 11
UNBLOCK 29 13
CPU 29 12 0
CPU 29 4 1
# CONTEXT CPU 2 29
CPU 29 2 3
BLOCK 30 12
UNBLOCK 30 14
# CONTEXT CPU 0 30
# CONTEXT CPU 1 30
CPU 30 1 2
CPU 30 2 3
UNBLOCK 31 12
CPU 31 0 0
CPU 31 3 1
CPU 31 1 2
CPU 31 2 3
EXIT 32 0 0
# CONTEXT CPU 0 32
CPU 32 3 1
# CONTEXT CPU 2 32
CPU 32 2 3
EXIT 33 3 1
BLOCK 33 2
# CONTEXT CPU 0 33
# CONTEXT CPU 1 33
# CONTEXT CPU 2 33
# CONTEXT CPU 3 33
UNBLOCK 34 2
# CONTEXT CPU 0 34
# CONTEXT CPU 1 34
# CONTEXT CPU 2 34
# CONTEXT CPU 3 34
CPU 35 6 0
# CONTEXT CPU 1 35
CPU 35 8 2
# CONTEXT CPU 3 35
CPU 36 6 0
CPU 36 5 1
CPU 36 8 2
CPU 36 9 3
EXIT 37 5 1
BLOCK 37 8
BLOCK 37 9
CPU 37 6 0
# CONTEXT CPU 1 37
# CONTEXT CPU 2 37
# CONTEXT CPU 3 37
UNBLOCK 38 8
UNBLOCK 38 9
CPU 38 6 0
# CONTEXT CPU 1 38
# CONTEXT CPU 2 38
CPU 38 11 3
BLOCK 39 11
CPU 39 6 0
# CONTEXT CPU 1 39
# CONTEXT CPU 2 39
# CONTEXT CPU 3 39
EXIT 40 6 0
UNBLOCK 40 11
# CONTEXT CPU 0 40
CPU 40 7 1
CPU 40 10 2
# CONTEXT CPU 3 40
# CONTEXT CPU 0 41
CPU 41 7 1
# CONTEXT CPU 2 41
# CONTEXT CPU 3 41
# CONTEXT CPU 0 42
# CONTEXT CPU 1 42
# CONTEXT CPU 2 42
CPU 42 13 3
BLOCK 43 13
CPU 43 14 0
# CONTEXT CPU 1 43
# CONTEXT CPU 2 43
# CONTEXT CPU 3 43
BLOCK 44 14
UNBLOCK 44 13
# CONTEXT CPU 0 44
# CONTEXT CPU 1 44
CPU 44 4 2
# CONTEXT CPU 3 44
UNBLOCK 45 14
# CONTEXT CPU 0 45
CPU 45 12 1
CPU 45 4 2
# CONTEXT CPU 3 45
BLOCK 46 4
# CONTEXT CPU 0 46
CPU 46 12 1
# CONTEXT CPU 2 46
CPU 46 1 3
UNBLOCK 47 4
CPU 47 2 0
# CONTEXT CPU 1 47
CPU 47 8 2
CPU 47 1 3
BLOCK 48 1
CPU 48 2 0
# CONTEXT CPU 1 48
# CONTEXT CPU 2 48
# CONTEXT CPU 3 48
EXIT 49 2 0
UNBLOCK 49 1
# CONTEXT CPU 0 49
# CONTEXT CPU 1 49
# CONTEXT CPU 2 49
# CONTEXT CPU 3 49
# CONTEXT CPU 0 50
CPU 50 9 1
# CONTEXT CPU 2 50
# CONTEXT CPU 3 50
# CONTEXT CPU 0 51
CPU 51 9 1
CPU 51 11 2
CPU 51 10 3
CPU 52 7 0
# CONTEXT CPU 1 52
CPU 52 11 2
CPU 52 10 3
CPU 53 7 0
# CONTEXT CPU 1 53
# CONTEXT CPU 2 53
# CONTEXT CPU 3 53
BLOCK 54 7
# CONTEXT CPU 0 54
# CONTEXT CPU 1 54
# CONTEXT CPU 2 54
# CONTEXT CPU 3 54
UNBLOCK 55 7
# CONTEXT CPU 0 55
CPU 55 13 1
# CONTEXT CPU 2 55
# CONTEXT CPU 3 55
BLOCK 56 13
# CONTEXT CPU 0 56
# CONTEXT CPU 1 56
CPU 56 14 2
CPU 56 4 3
BLOCK 57 14
UNBLOCK 57 13
CPU 57 12 0
# CONTEXT CPU 1 57
# CONTEXT CPU 2 57
CPU 57 4 3
BLOCK 58 12
EXIT 58 4 3
UNBLOCK 58 14
# CONTEXT CPU 0 58
# CONTEXT CPU 1 58
# CONTEXT CPU 2 58
# CONTEXT CPU 3 58
UNBLOCK 59 12
# CONTEXT CPU 0 59
CPU 59 8 1
# CONTEXT CPU 2 59
# CONTEXT CPU 3 59
# CONTEXT CPU 0 60
CPU 60 8 1
CPU 60 1 2
# CONTEXT CPU 3 60
EXIT 61 1 2
CPU 61 9 0
# CONTEXT CPU 1 61
# CONTEXT CPU 2 61
CPU 61 11 3
CPU 62 9 0
# CONTEXT CPU 1 62
# CONTEXT CPU 2 62
CPU 62 11 3
CPU 63 9 0
# CONTEXT CPU 1 63
# CONTEXT CPU 2 63
CPU 63 11 3
EXIT 64 9 0
EXIT 64 11 3
# CONTEXT CPU 0 64
CPU 64 10 1
CPU 64 7 2
# CONTEXT CPU 3 64
EXIT 65 7 2
# CONTEXT CPU 0 65
CPU 65 10 1
# CONTEXT CPU 2 65
# CONTEXT CPU 3 65
# CONTEXT CPU 0 66
# CONTEXT CPU 1 66
# CONTEXT CPU 2 66
# CONTEXT CPU 3 66
CPU 67 13 0
CPU 67 8 1
# CONTEXT CPU 2 67
CPU 67 14 3
BLOCK 68 13
BLOCK 68 14
# CONTEXT CPU 0 68
CPU 68 8 1
CPU 68 12 2
CPU 68 -1 3
EXIT 69 8 1
BLOCK 69 12
UNBLOCK 69 13
UNBLOCK 69 14
# CONTEXT CPU 0 69
# CONTEXT CPU 1 69
# CONTEXT CPU 2 69
CPU 69 -1 3
UNBLOCK 70 12
# CONTEXT CPU 0 70
# CONTEXT CPU 1 70
# CONTEXT CPU 2 70
# CONTEXT CPU 3 70
CPU 71 10 0
# CONTEXT CPU 1 71
# CONTEXT CPU 2 71
# CONTEXT CPU 3 71
EXIT 72 10 0
CPU 72 -1 0
CPU 72 13 1
CPU 72 14 2
# CONTEXT CPU 3 72
BLOCK 73 14
CPU 73 -1 0
CPU 73 13 1
CPU 73 -1 2
CPU 73 12 3
EXIT 74 13 1
EXIT 74 12 3
UNBLOCK 74 14
# CONTEXT CPU 0 74
CPU 74 -1 1
CPU 74 -1 2
CPU 74 -1 3
# CONTEXT CPU 0 75
CPU 75 -1 1
CPU 75 -1 2
CPU 75 -1 3
# CONTEXT CPU 0 76
CPU 76 -1 1
CPU 76 -1 2
CPU 76 -1 3
CPU 77 14 0
CPU 77 -1 1
CPU 77 -1 2
CPU 77 -1 3
BLOCK 78 14
CPU 78 -1 0
CPU 78 -1 1
CPU 78 -1 2
CPU 78 -1 3
UNBLOCK 79 14
# CONTEXT CPU 0 79
CPU 79 -1 1
CPU 79 -1 2
CPU 79 -1 3
CPU 80 14 0
CPU 80 -1 1
CPU 80 -1 2
CPU 80 -1 3
BLOCK 81 14
CPU 81 -1 0
CPU 81 -1 1
CPU 81 -1 2
CPU 81 -1 3
UNBLOCK 82 14
# CONTEXT CPU 0 82
CPU 82 -1 1
CPU 82 -1 2
CPU 82 -1 3
CPU 83 14 0
CPU 83 -1 1
CPU 83 -1 2
CPU 83 -1 3
EXIT 84 14 0
CPU 84 -1 0
CPU 84 -1 1
CPU 84 -1 2
CPU 84 -1 3
