# SETTINGS ../simusched tareas.tsk 2 1 2 SchedRR 2 2 8
LOAD 0 0
LOAD 0 1
LOAD 0 2
LOAD 0 3
LOAD 0 4
LOAD 0 5
LOAD 0 6
LOAD 0 7
LOAD 0 8
LOAD 0 9
LOAD 0 10
LOAD 0 11
LOAD 0 12
LOAD 0 13
LOAD 0 14
# CONTEXT CPU 0 0
# CONTEXT CPU 1 0
CPU 1 0 0
CPU 1 1 1
BLOCK 2 0
# CONTEXT CPU 0 2
CPU 2 1 1
UNBLOCK 3 0
CPU 3 2 0
CPU 3 1 1
BLOCK 4 2
# CONTEXT CPU 0 4
# CONTEXT CPU 1 4
UNBLOCK 5 2
CPU 5 3 0
CPU 5 4 1
CPU 6 3 0
CPU 6 4 1
CPU 7 3 0
CPU 7 4 1
BLOCK 8 3
# CONTEXT CPU 0 8
# CONTEXT CPU 1 8
UNBLOCK 9 3
CPU 9 5 0
CPU 9 6 1
# CONTEXT CPU 0 10
CPU 10 6 1
CPU 11 7 0
CPU 11 6 1
CPU 12 7 0
# CONTEXT CPU 1 12
CPU 13 7 0
CPU 13 8 1
# CONTEXT CPU 0 14
CPU 14 8 1
CPU 15 9 0
CPU 15 8 1
BLOCK 16 8
CPU 16 9 0
# CONTEXT CPU 1 16
UNBLOCK 17 8
CPU 17 9 0
CPU 17 10 1
BLOCK 18 9
# CONTEXT CPU 0 18
# CONTEXT CPU 1 18
UNBLOCK 19 9
CPU 19 11 0
CPU 19 12 1
BLOCK 20 12
# CONTEXT CPU 0 20
# CONTEXT CPU 1 20
UNBLOCK 21 12
CPU 21 13 0
CPU 21 14 1
BLOCK 22 14
CPU 22 13 0
# CONTEXT CPU 1 22
BLOCK 23 13
UNBLOCK 23 14
# CONTEXT CPU 0 23
# CONTEXT CPU 1 23
UNBLOCK 24 13
# CONTEXT CPU 0 24
# CONTEXT CPU 1 24
# CONTEXT CPU 0 25
CPU 25 0 1
CPU 26 1 0
CPU 26 0 1
CPU 27 1 0
CPU 27 0 1
# CONTEXT CPU 0 28
# CONTEXT CPU 1 28
CPU 29 2 0
CPU 29 4 1
CPU 30 2 0
CPU 30 4 1
BLOCK 31 4
CPU 31 2 0
# CONTEXT CPU 1 31
UNBLOCK 32 4
# CONTEXT CPU 0 32
# CONTEXT CPU 1 32
CPU 33 5 0
# CONTEXT CPU 1 33
CPU 34 5 0
CPU 34 3 1
CPU 35 5 0
CPU 35 3 1
# CONTEXT CPU 0 36
# CONTEXT CPU 1 36
# CONTEXT CPU 0 37
# CONTEXT CPU 1 37
# CONTEXT CPU 0 38
# CONTEXT CPU 1 38
CPU 39 6 0
CPU 39 7 1
CPU 40 6 0
CPU 40 7 1
BLOCK 41 7
CPU 41 6 0
# CONTEXT CPU 1 41
UNBLOCK 42 7
# CONTEXT CPU 0 42
CPU 42 8 1
# CONTEXT CPU 0 43
CPU 43 8 1
# CONTEXT CPU 0 44
# CONTEXT CPU 1 44
CPU 45 10 0
# CONTEXT CPU 1 45
BLOCK 46 10
# CONTEXT CPU 0 46
# CONTEXT CPU 1 46
UNBLOCK 47 10
CPU 47 11 0
CPU 47 9 1
CPU 48 11 0
CPU 48 9 1
BLOCK 49 9
CPU 49 11 0
# CONTEXT CPU 1 49
BLOCK 50 11
UNBLOCK 50 9
# CONTEXT CPU 0 50
CPU 50 12 1
UNBLOCK 51 11
# CONTEXT CPU 0 51
CPU 51 12 1
# CONTEXT CPU 0 52
# CONTEXT CPU 1 52
CPU 53 14 0
# CONTEXT CPU 1 53
BLOCK 54 14
# CONTEXT CPU 0 54
# CONTEXT CPU 1 54
UNBLOCK 55 14
CPU 55 1 0
CPU 55 13 1
BLOCK 56 1
# CONTEXT CPU 0 56
CPU 56 13 1
UNBLOCK 57 1
# CONTEXT CPU 0 57
CPU 57 13 1
# CONTEXT CPU 0 58
# CONTEXT CPU 1 58
CPU 59 0 0
CPU 59 4 1
# CONTEXT CPU 0 60
CPU 60 4 1
CPU 61 2 0
CPU 61 4 1
CPU 62 2 0
# CONTEXT CPU 1 62
CPU 63 2 0
# CONTEXT CPU 1 63
# CONTEXT CPU 0 64
# CONTEXT CPU 1 64
# CONTEXT CPU 0 65
CPU 65 5 1
# CONTEXT CPU 0 66
CPU 66 5 1
BLOCK 67 5
CPU 67 3 0
# CONTEXT CPU 1 67
UNBLOCK 68 5
CPU 68 3 0
CPU 68 7 1
CPU 69 3 0
CPU 69 7 1
# CONTEXT CPU 0 70
# CONTEXT CPU 1 70
CPU 71 6 0
CPU 71 8 1
BLOCK 72 8
CPU 72 6 0
# CONTEXT CPU 1 72
BLOCK 73 6
UNBLOCK 73 8
# CONTEXT CPU 0 73
# CONTEXT CPU 1 73
UNBLOCK 74 6
# CONTEXT CPU 0 74
# CONTEXT CPU 1 74
# CONTEXT CPU 0 75
CPU 75 10 1
CPU 76 9 0
CPU 76 10 1
CPU 77 9 0
CPU 77 10 1
BLOCK 78 10
# CONTEXT CPU 0 78
# CONTEXT CPU 1 78
UNBLOCK 79 10
CPU 79 11 0
CPU 79 12 1
CPU 80 11 0
# CONTEXT CPU 1 80
CPU 81 11 0
# CONTEXT CPU 1 81
BLOCK 82 11
# CONTEXT CPU 0 82
# CONTEXT CPU 1 82
UNBLOCK 83 11
CPU 83 1 0
CPU 83 14 1
BLOCK 84 14
# CONTEXT CPU 0 84
# CONTEXT CPU 1 84
UNBLOCK 85 14
# CONTEXT CPU 0 85
# CONTEXT CPU 1 85
# CONTEXT CPU 0 86
# CONTEXT CPU 1 86
CPU 87 13 0
CPU 87 0 1
BLOCK 88 13
# CONTEXT CPU 0 88
CPU 88 0 1
UNBLOCK 89 13
# CONTEXT CPU 0 89
CPU 89 0 1
# CONTEXT CPU 0 90
# CONTEXT CPU 1 90
CPU 91 4 0
# CONTEXT CPU 1 91
EXIT 92 4 0
# CONTEXT CPU 0 92
# CONTEXT CPU 1 92
# CONTEXT CPU 0 93
CPU 93 2 1
# CONTEXT CPU 0 94
CPU 94 2 1
EXIT 95 2 1
CPU 95 5 0
# CONTEXT CPU 1 95
CPU 96 5 0
# CONTEXT CPU 1 96
CPU 97 5 0
# CONTEXT CPU 1 97
EXIT 98 5 0
# CONTEXT CPU 0 98
CPU 98 3 1
EXIT 99 3 1
# CONTEXT CPU 0 99
# CONTEXT CPU 1 99
# CONTEXT CPU 0 100
CPU 100 8 1
CPU 101 7 0
CPU 101 8 1
CPU 102 7 0
CPU 102 8 1
EXIT 103 7 0
EXIT 103 8 1
# CONTEXT CPU 0 103
# CONTEXT CPU 1 103
CPU 104 6 0
# CONTEXT CPU 1 104
EXIT 105 6 0
# CONTEXT CPU 0 105
# CONTEXT CPU 1 105
# CONTEXT CPU 0 106
CPU 106 9 1
# CONTEXT CPU 0 107
CPU 107 9 1
EXIT 108 9 1
CPU 108 10 0
# CONTEXT CPU 1 108
CPU 109 10 0
CPU 109 12 1
BLOCK 110 12
CPU 110 10 0
# CONTEXT CPU 1 110
UNBLOCK 111 12
# CONTEXT CPU 0 111
# CONTEXT CPU 1 111
CPU 112 1 0
# CONTEXT CPU 1 112
CPU 113 1 0
CPU 113 11 1
EXIT 114 1 0
# CONTEXT CPU 0 114
CPU 114 11 1
EXIT 115 11 1
# CONTEXT CPU 0 115
# CONTEXT CPU 1 115
# CONTEXT CPU 0 116
# CONTEXT CPU 1 116
CPU 117 14 0
# CONTEXT CPU 1 117
BLOCK 118 14
# CONTEXT CPU 0 118
CPU 118 13 1
BLOCK 119 13
UNBLOCK 119 14
# CONTEXT CPU 0 119
# CONTEXT CPU 1 119
UNBLOCK 120 13
# CONTEXT CPU 0 120
CPU 120 12 1
BLOCK 121 12
CPU 121 0 0
# CONTEXT CPU 1 121
EXIT 122 0 0
UNBLOCK 122 12
# CONTEXT CPU 0 122
# CONTEXT CPU 1 122
CPU 123 14 0
# CONTEXT CPU 1 123
BLOCK 124 14
# CONTEXT CPU 0 124
CPU 124 10 1
EXIT 125 10 1
UNBLOCK 125 14
# CONTEXT CPU 0 125
# CONTEXT CPU 1 125
# CONTEXT CPU 0 126
CPU 126 12 1
CPU 127 13 0
CPU 127 12 1
BLOCK 128 13
BLOCK 128 12
# CONTEXT CPU 0 128
CPU 128 -1 1
UNBLOCK 129 12
UNBLOCK 129 13
CPU 129 14 0
# CONTEXT CPU 1 129
BLOCK 130 14
# CONTEXT CPU 0 130
CPU 130 12 1
EXIT 131 12 1
UNBLOCK 131 14
CPU 131 13 0
# CONTEXT CPU 1 131
EXIT 132 13 0
CPU 132 -1 0
# CONTEXT CPU 1 132
CPU 133 -1 0
# CONTEXT CPU 1 133
CPU 134 -1 0
CPU 134 14 1
BLOCK 135 14
CPU 135 -1 0
CPU 135 -1 1
UNBLOCK 136 14
# CONTEXT CPU 0 136
CPU 136 -1 1
# CONTEXT CPU 0 137
CPU 137 -1 1
# CONTEXT CPU 0 138
CPU 138 -1 1
CPU 139 14 0
CPU 139 -1 1
BLOCK 140 14
CPU 140 -1 0
CPU 140 -1 1
UNBLOCK 141 14
# CONTEXT CPU 0 141
CPU 141 -1 1
CPU 142 14 0
CPU 142 -1 1
EXIT 143 14 0
CPU 143 -1 0
CPU 143 -1 1
