# SETTINGS ../simusched tareas.tsk 3 1 2 SchedRR 3 2 3 7
LOAD 0 0
LOAD 0 1
LOAD 0 2
LOAD 0 3
LOAD 0 4
LOAD 0 5
LOAD 0 6
LOAD 0 7
LOAD 0 8
LOAD 0 9
LOAD 0 10
LOAD 0 11
LOAD 0 12
LOAD 0 13
LOAD 0 14
# CONTEXT CPU 0 0
# CONTEXT CPU 1 0
# CONTEXT CPU 2 0
CPU 1 0 0
CPU 1 1 1
CPU 1 2 2
CPU 2 0 0
CPU 2 1 1
CPU 2 2 2
BLOCK 3 1
CPU 3 0 0
# CONTEXT CPU 1 3
CPU 3 2 2
UNBLOCK 4 1
CPU 4 0 0
CPU 4 3 1
CPU 4 2 2
BLOCK 5 0
# CONTEXT CPU 0 5
CPU 5 3 1
# CONTEXT CPU 2 5
BLOCK 6 3
UNBLOCK 6 0
CPU 6 4 0
# CONTEXT CPU 1 6
CPU 6 5 2
UNBLOCK 7 3
# CONTEXT CPU 0 7
CPU 7 6 1
CPU 7 5 2
CPU 8 7 0
# CONTEXT CPU 1 8
CPU 8 5 2
CPU 9 7 0
CPU 9 8 1
CPU 9 5 2
CPU 10 7 0
CPU 10 8 1
# CONTEXT CPU 2 10
BLOCK 11 7
BLOCK 11 8
# CONTEXT CPU 0 11
# CONTEXT CPU 1 11
CPU 11 9 2
UNBLOCK 12 7
UNBLOCK 12 8
CPU 12 10 0
CPU 12 11 1
CPU 12 9 2
BLOCK 13 10
# CONTEXT CPU 0 13
CPU 13 11 1
CPU 13 9 2
UNBLOCK 14 10
CPU 14 12 0
# CONTEXT CPU 1 14
CPU 14 9 2
CPU 15 12 0
CPU 15 13 1
# CONTEXT CPU 2 15
BLOCK 16 12
# CONTEXT CPU 0 16
CPU 16 13 1
CPU 16 14 2
BLOCK 17 14
UNBLOCK 17 12
# CONTEXT CPU 0 17
CPU 17 13 1
# CONTEXT CPU 2 17
BLOCK 18 13
UNBLOCK 18 14
# CONTEXT CPU 0 18
# CONTEXT CPU 1 18
CPU 18 2 2
UNBLOCK 19 13
CPU 19 1 0
# CONTEXT CPU 1 19
CPU 19 2 2
# CONTEXT CPU 0 20
# CONTEXT CPU 1 20
CPU 20 2 2
# CONTEXT CPU 0 21
CPU 21 0 1
CPU 21 2 2
BLOCK 22 2
# CONTEXT CPU 0 22
# CONTEXT CPU 1 22
# CONTEXT CPU 2 22
UNBLOCK 23 2
CPU 23 3 0
# CONTEXT CPU 1 23
# CONTEXT CPU 2 23
CPU 24 3 0
# CONTEXT CPU 1 24
# CONTEXT CPU 2 24
CPU 25 3 0
CPU 25 4 1
CPU 25 6 2
CPU 26 3 0
CPU 26 4 1
# CONTEXT CPU 2 26
# CONTEXT CPU 0 27
CPU 27 4 1
CPU 27 5 2
CPU 28 7 0
# CONTEXT CPU 1 28
CPU 28 5 2
CPU 29 7 0
CPU 29 8 1
CPU 29 5 2
BLOCK 30 5
CPU 30 7 0
CPU 30 8 1
# CONTEXT CPU 2 30
BLOCK 31 8
UNBLOCK 31 5
CPU 31 7 0
# CONTEXT CPU 1 31
# CONTEXT CPU 2 31
UNBLOCK 32 8
# CONTEXT CPU 0 32
CPU 32 11 1
# CONTEXT CPU 2 32
BLOCK 33 11
# CONTEXT CPU 0 33
# CONTEXT CPU 1 33
CPU 33 10 2
UNBLOCK 34 11
# CONTEXT CPU 0 34
# CONTEXT CPU 1 34
CPU 34 10 2
CPU 35 9 0
# CONTEXT CPU 1 35
# CONTEXT CPU 2 35
BLOCK 36 9
# CONTEXT CPU 0 36
CPU 36 12 1
CPU 36 14 2
BLOCK 37 14
UNBLOCK 37 9
# CONTEXT CPU 0 37
CPU 37 12 1
# CONTEXT CPU 2 37
UNBLOCK 38 14
# CONTEXT CPU 0 38
# CONTEXT CPU 1 38
# CONTEXT CPU 2 38
CPU 39 13 0
CPU 39 0 1
# CONTEXT CPU 2 39
CPU 40 13 0
CPU 40 0 1
CPU 40 1 2
BLOCK 41 13
# CONTEXT CPU 0 41
CPU 41 0 1
CPU 41 1 2
UNBLOCK 42 13
# CONTEXT CPU 0 42
# CONTEXT CPU 1 42
CPU 42 1 2
# CONTEXT CPU 0 43
# CONTEXT CPU 1 43
CPU 43 1 2
CPU 44 2 0
# CONTEXT CPU 1 44
# CONTEXT CPU 2 44
EXIT 45 2 0
# CONTEXT CPU 0 45
CPU 45 6 1
# CONTEXT CPU 2 45
# CONTEXT CPU 0 46
CPU 46 6 1
# CONTEXT CPU 2 46
# CONTEXT CPU 0 47
CPU 47 6 1
CPU 47 3 2
BLOCK 48 6
CPU 48 4 0
# CONTEXT CPU 1 48
CPU 48 3 2
BLOCK 49 4
UNBLOCK 49 6
# CONTEXT CPU 0 49
# CONTEXT CPU 1 49
CPU 49 3 2
EXIT 50 3 2
UNBLOCK 50 4
# CONTEXT CPU 0 50
# CONTEXT CPU 1 50
# CONTEXT CPU 2 50
# CONTEXT CPU 0 51
CPU 51 5 1
# CONTEXT CPU 2 51
CPU 52 8 0
# CONTEXT CPU 1 52
# CONTEXT CPU 2 52
CPU 53 8 0
CPU 53 11 1
CPU 53 7 2
BLOCK 54 11
CPU 54 8 0
# CONTEXT CPU 1 54
CPU 54 7 2
EXIT 55 7 2
UNBLOCK 55 11
CPU 55 8 0
# CONTEXT CPU 1 55
# CONTEXT CPU 2 55
# CONTEXT CPU 0 56
# CONTEXT CPU 1 56
# CONTEXT CPU 2 56
# CONTEXT CPU 0 57
CPU 57 10 1
# CONTEXT CPU 2 57
BLOCK 58 10
# CONTEXT CPU 0 58
# CONTEXT CPU 1 58
CPU 58 9 2
UNBLOCK 59 10
CPU 59 14 0
CPU 59 12 1
CPU 59 9 2
BLOCK 60 14
BLOCK 60 12
BLOCK 60 9
# CONTEXT CPU 0 60
# CONTEXT CPU 1 60
# CONTEXT CPU 2 60
UNBLOCK 61 9
UNBLOCK 61 12
UNBLOCK 61 14
CPU 61 13 0
CPU 61 0 1
CPU 61 1 2
BLOCK 62 13
EXIT 62 0 1
# CONTEXT CPU 0 62
# CONTEXT CPU 1 62
CPU 62 1 2
EXIT 63 1 2
UNBLOCK 63 13
# CONTEXT CPU 0 63
# CONTEXT CPU 1 63
# CONTEXT CPU 2 63
# CONTEXT CPU 0 64
# CONTEXT CPU 1 64
# CONTEXT CPU 2 64
CPU 65 6 0
CPU 65 4 1
# CONTEXT CPU 2 65
CPU 66 6 0
CPU 66 4 1
CPU 66 5 2
EXIT 67 5 2
CPU 67 6 0
CPU 67 4 1
# CONTEXT CPU 2 67
CPU 68 6 0
# CONTEXT CPU 1 68
# CONTEXT CPU 2 68
EXIT 69 6 0
# CONTEXT CPU 0 69
# CONTEXT CPU 1 69
# CONTEXT CPU 2 69
# CONTEXT CPU 0 70
# CONTEXT CPU 1 70
CPU 70 11 2
# CONTEXT CPU 0 71
CPU 71 8 1
CPU 71 11 2
EXIT 72 8 1
CPU 72 10 0
# CONTEXT CPU 1 72
CPU 72 11 2
CPU 73 10 0
# CONTEXT CPU 1 73
CPU 73 11 2
CPU 74 10 0
# CONTEXT CPU 1 74
# CONTEXT CPU 2 74
CPU 75 10 0
CPU 75 9 1
# CONTEXT CPU 2 75
# CONTEXT CPU 0 76
CPU 76 9 1
# CONTEXT CPU 2 76
EXIT 77 9 1
CPU 77 14 0
# CONTEXT CPU 1 77
CPU 77 12 2
BLOCK 78 14
# CONTEXT CPU 0 78
# CONTEXT CPU 1 78
CPU 78 12 2
BLOCK 79 12
UNBLOCK 79 14
# CONTEXT CPU 0 79
# CONTEXT CPU 1 79
# CONTEXT CPU 2 79
UNBLOCK 80 12
# CONTEXT CPU 0 80
CPU 80 13 1
CPU 80 11 2
EXIT 81 11 2
CPU 81 4 0
CPU 81 13 1
# CONTEXT CPU 2 81
EXIT 82 4 0
BLOCK 82 13
# CONTEXT CPU 0 82
# CONTEXT CPU 1 82
# CONTEXT CPU 2 82
UNBLOCK 83 13
CPU 83 14 0
# CONTEXT CPU 1 83
# CONTEXT CPU 2 83
BLOCK 84 14
# CONTEXT CPU 0 84
# CONTEXT CPU 1 84
CPU 84 10 2
EXIT 85 10 2
UNBLOCK 85 14
# CONTEXT CPU 0 85
CPU 85 12 1
# CONTEXT CPU 2 85
BLOCK 86 12
# CONTEXT CPU 0 86
CPU 86 -1 1
# CONTEXT CPU 2 86
UNBLOCK 87 12
CPU 87 13 0
# CONTEXT CPU 1 87
# CONTEXT CPU 2 87
EXIT 88 13 0
CPU 88 -1 0
CPU 88 12 1
CPU 88 14 2
EXIT 89 12 1
BLOCK 89 14
CPU 89 -1 0
CPU 89 -1 1
CPU 89 -1 2
UNBLOCK 90 14
# CONTEXT CPU 0 90
CPU 90 -1 1
CPU 90 -1 2
# CONTEXT CPU 0 91
CPU 91 -1 1
CPU 91 -1 2
# CONTEXT CPU 0 92
CPU 92 -1 1
CPU 92 -1 2
CPU 93 14 0
CPU 93 -1 1
CPU 93 -1 2
BLOCK 94 14
CPU 94 -1 0
CPU 94 -1 1
CPU 94 -1 2
UNBLOCK 95 14
# CONTEXT CPU 0 95
CPU 95 -1 1
CPU 95 -1 2
CPU 96 14 0
CPU 96 -1 1
CPU 96 -1 2
BLOCK 97 14
CPU 97 -1 0
CPU 97 -1 1
CPU 97 -1 2
UNBLOCK 98 14
# CONTEXT CPU 0 98
CPU 98 -1 1
CPU 98 -1 2
CPU 99 14 0
CPU 99 -1 1
CPU 99 -1 2
EXIT 100 14 0
CPU 100 -1 0
CPU 100 -1 1
CPU 100 -1 2
