# SETTINGS ../simusched tareas.tsk 4 1 2 SchedRR 4 3 5 5 6
LOAD 0 0
LOAD 0 1
LOAD 0 2
LOAD 0 3
LOAD 0 4
LOAD 0 5
LOAD 0 6
LOAD 0 7
LOAD 0 8
LOAD 0 9
LOAD 0 10
LOAD 0 11
LOAD 0 12
LOAD 0 13
LOAD 0 14
# CONTEXT CPU 0 0
# CONTEXT CPU 1 0
# CONTEXT CPU 2 0
# CONTEXT CPU 3 0
CPU 1 0 0
CPU 1 1 1
CPU 1 2 2
CPU 1 3 3
CPU 2 0 0
CPU 2 1 1
CPU 2 2 2
CPU 2 3 3
CPU 3 0 0
CPU 3 1 1
CPU 3 2 2
CPU 3 3 3
BLOCK 4 0
BLOCK 4 1
BLOCK 4 3
# CONTEXT CPU 0 4
# CONTEXT CPU 1 4
CPU 4 2 2
# CONTEXT CPU 3 4
BLOCK 5 2
UNBLOCK 5 0
UNBLOCK 5 1
UNBLOCK 5 3
CPU 5 4 0
CPU 5 5 1
# CONTEXT CPU 2 5
CPU 5 6 3
UNBLOCK 6 2
CPU 6 4 0
CPU 6 5 1
CPU 6 7 2
CPU 6 6 3
CPU 7 4 0
# CONTEXT CPU 1 7
CPU 7 7 2
CPU 7 6 3
# CONTEXT CPU 0 8
CPU 8 8 1
CPU 8 7 2
CPU 8 6 3
BLOCK 9 8
CPU 9 9 0
# CONTEXT CPU 1 9
# CONTEXT CPU 2 9
# CONTEXT CPU 3 9
UNBLOCK 10 8
CPU 10 9 0
CPU 10 10 1
CPU 10 11 2
CPU 10 12 3
CPU 11 9 0
CPU 11 10 1
CPU 11 11 2
CPU 11 12 3
BLOCK 12 9
BLOCK 12 10
BLOCK 12 12
# CONTEXT CPU 0 12
# CONTEXT CPU 1 12
CPU 12 11 2
# CONTEXT CPU 3 12
UNBLOCK 13 9
UNBLOCK 13 10
UNBLOCK 13 12
CPU 13 13 0
CPU 13 14 1
CPU 13 11 2
# CONTEXT CPU 3 13
BLOCK 14 14
BLOCK 14 11
CPU 14 13 0
# CONTEXT CPU 1 14
# CONTEXT CPU 2 14
# CONTEXT CPU 3 14
UNBLOCK 15 11
UNBLOCK 15 14
CPU 15 13 0
CPU 15 1 1
# CONTEXT CPU 2 15
CPU 15 0 3
BLOCK 16 13
# CONTEXT CPU 0 16
CPU 16 1 1
# CONTEXT CPU 2 16
CPU 16 0 3
UNBLOCK 17 13
# CONTEXT CPU 0 17
CPU 17 1 1
CPU 17 3 2
CPU 17 0 3
# CONTEXT CPU 0 18
# CONTEXT CPU 1 18
CPU 18 3 2
CPU 18 0 3
CPU 19 2 0
CPU 19 5 1
CPU 19 3 2
CPU 19 0 3
# CONTEXT CPU 0 20
CPU 20 5 1
# CONTEXT CPU 2 20
# CONTEXT CPU 3 20
CPU 21 4 0
CPU 21 5 1
CPU 21 7 2
CPU 21 6 3
BLOCK 22 4
BLOCK 22 7
# CONTEXT CPU 0 22
CPU 22 5 1
# CONTEXT CPU 2 22
CPU 22 6 3
BLOCK 23 5
UNBLOCK 23 4
UNBLOCK 23 7
# CONTEXT CPU 0 23
# CONTEXT CPU 1 23
# CONTEXT CPU 2 23
CPU 23 6 3
UNBLOCK 24 5
# CONTEXT CPU 0 24
CPU 24 10 1
# CONTEXT CPU 2 24
CPU 24 6 3
BLOCK 25 6
CPU 25 8 0
# CONTEXT CPU 1 25
CPU 25 9 2
# CONTEXT CPU 3 25
UNBLOCK 26 6
CPU 26 8 0
# CONTEXT CPU 1 26
CPU 26 9 2
# CONTEXT CPU 3 26
CPU 27 8 0
# CONTEXT CPU 1 27
CPU 27 9 2
# CONTEXT CPU 3 27
CPU 28 8 0
CPU 28 12 1
CPU 28 9 2
CPU 28 11 3
BLOCK 29 9
CPU 29 8 0
CPU 29 12 1
# CONTEXT CPU 2 29
CPU 29 11 3
BLOCK 30 12
UNBLOCK 30 9
# CONTEXT CPU 0 30
# CONTEXT CPU 1 30
# CONTEXT CPU 2 30
CPU 30 11 3
UNBLOCK 31 12
CPU 31 13 0
CPU 31 1 1
# CONTEXT CPU 2 31
# CONTEXT CPU 3 31
BLOCK 32 13
# CONTEXT CPU 0 32
CPU 32 1 1
CPU 32 14 2
# CONTEXT CPU 3 32
BLOCK 33 14
UNBLOCK 33 13
# CONTEXT CPU 0 33
CPU 33 1 1
# CONTEXT CPU 2 33
# CONTEXT CPU 3 33
EXIT 34 1 1
UNBLOCK 34 14
# CONTEXT CPU 0 34
# CONTEXT CPU 1 34
# CONTEXT CPU 2 34
CPU 34 2 3
CPU 35 3 0
# CONTEXT CPU 1 35
# CONTEXT CPU 2 35
CPU 35 2 3
CPU 36 3 0
# CONTEXT CPU 1 36
CPU 36 0 2
CPU 36 2 3
EXIT 37 0 2
CPU 37 3 0
CPU 37 4 1
# CONTEXT CPU 2 37
CPU 37 2 3
EXIT 38 3 0
EXIT 38 2 3
# CONTEXT CPU 0 38
CPU 38 4 1
CPU 38 7 2
# CONTEXT CPU 3 38
# CONTEXT CPU 0 39
CPU 39 4 1
CPU 39 7 2
# CONTEXT CPU 3 39
# CONTEXT CPU 0 40
CPU 40 4 1
CPU 40 7 2
# CONTEXT CPU 3 40
CPU 41 5 0
# CONTEXT CPU 1 41
CPU 41 7 2
CPU 41 10 3
BLOCK 42 10
CPU 42 5 0
# CONTEXT CPU 1 42
CPU 42 7 2
# CONTEXT CPU 3 42
EXIT 43 7 2
UNBLOCK 43 10
CPU 43 5 0
# CONTEXT CPU 1 43
# CONTEXT CPU 2 43
# CONTEXT CPU 3 43
EXIT 44 5 0
# CONTEXT CPU 0 44
CPU 44 6 1
# CONTEXT CPU 2 44
# CONTEXT CPU 3 44
EXIT 45 6 1
# CONTEXT CPU 0 45
# CONTEXT CPU 1 45
# CONTEXT CPU 2 45
CPU 45 9 3
# CONTEXT CPU 0 46
# CONTEXT CPU 1 46
CPU 46 8 2
CPU 46 9 3
EXIT 47 9 3
CPU 47 12 0
# CONTEXT CPU 1 47
CPU 47 8 2
# CONTEXT CPU 3 47
BLOCK 48 12
BLOCK 48 8
# CONTEXT CPU 0 48
CPU 48 11 1
# CONTEXT CPU 2 48
# CONTEXT CPU 3 48
BLOCK 49 11
UNBLOCK 49 8
UNBLOCK 49 12
# CONTEXT CPU 0 49
# CONTEXT CPU 1 49
# CONTEXT CPU 2 49
# CONTEXT CPU 3 49
UNBLOCK 50 11
# CONTEXT CPU 0 50
# CONTEXT CPU 1 50
# CONTEXT CPU 2 50
CPU 50 13 3
BLOCK 51 13
CPU 51 14 0
# CONTEXT CPU 1 51
CPU 51 4 2
# CONTEXT CPU 3 51
BLOCK 52 14
EXIT 52 4 2
UNBLOCK 52 13
# CONTEXT CPU 0 52
CPU 52 10 1
# CONTEXT CPU 2 52
# CONTEXT CPU 3 52
UNBLOCK 53 14
CPU 53 12 0
CPU 53 10 1
# CONTEXT CPU 2 53
# CONTEXT CPU 3 53
BLOCK 54 12
# CONTEXT CPU 0 54
CPU 54 10 1
# CONTEXT CPU 2 54
CPU 54 8 3
EXIT 55 8 3
UNBLOCK 55 12
# CONTEXT CPU 0 55
CPU 55 10 1
CPU 55 11 2
# CONTEXT CPU 3 55
EXIT 56 11 2
# CONTEXT CPU 0 56
# CONTEXT CPU 1 56
# CONTEXT CPU 2 56
# CONTEXT CPU 3 56
CPU 57 13 0
# CONTEXT CPU 1 57
# CONTEXT CPU 2 57
# CONTEXT CPU 3 57
CPU 58 13 0
# CONTEXT CPU 1 58
# CONTEXT CPU 2 58
CPU 58 14 3
BLOCK 59 14
CPU 59 13 0
CPU 59 12 1
CPU 59 10 2
CPU 59 -1 3
BLOCK 60 13
EXIT 60 10 2
UNBLOCK 60 14
# CONTEXT CPU 0 60
CPU 60 12 1
CPU 60 -1 2
CPU 60 -1 3
UNBLOCK 61 13
# CONTEXT CPU 0 61
CPU 61 12 1
# CONTEXT CPU 2 61
CPU 61 -1 3
EXIT 62 12 1
# CONTEXT CPU 0 62
CPU 62 -1 1
# CONTEXT CPU 2 62
CPU 62 -1 3
CPU 63 14 0
CPU 63 -1 1
# CONTEXT CPU 2 63
CPU 63 -1 3
BLOCK 64 14
CPU 64 -1 0
CPU 64 -1 1
CPU 64 13 2
CPU 64 -1 3
EXIT 65 13 2
UNBLOCK 65 14
# CONTEXT CPU 0 65
CPU 65 -1 1
CPU 65 -1 2
CPU 65 -1 3
CPU 66 14 0
CPU 66 -1 1
CPU 66 -1 2
CPU 66 -1 3
BLOCK 67 14
CPU 67 -1 0
CPU 67 -1 1
CPU 67 -1 2
CPU 67 -1 3
UNBLOCK 68 14
# CONTEXT CPU 0 68
CPU 68 -1 1
CPU 68 -1 2
CPU 68 -1 3
CPU 69 14 0
CPU 69 -1 1
CPU 69 -1 2
CPU 69 -1 3
BLOCK 70 14
CPU 70 -1 0
CPU 70 -1 1
CPU 70 -1 2
CPU 70 -1 3
UNBLOCK 71 14
# CONTEXT CPU 0 71
CPU 71 -1 1
CPU 71 -1 2
CPU 71 -1 3
CPU 72 14 0
CPU 72 -1 1
CPU 72 -1 2
CPU 72 -1 3
BLOCK 73 14
CPU 73 -1 0
CPU 73 -1 1
CPU 73 -1 2
CPU 73 -1 3
UNBLOCK 74 14
# CONTEXT CPU 0 74
CPU 74 -1 1
CPU 74 -1 2
CPU 74 -1 3
CPU 75 14 0
CPU 75 -1 1
CPU 75 -1 2
CPU 75 -1 3
EXIT 76 14 0
CPU 76 -1 0
CPU 76 -1 1
CPU 76 -1 2
CPU 76 -1 3
