# SETTINGS ../simusched tareas.tsk 4 1 2 SchedRR 4 1 4 8 8
LOAD 0 0
LOAD 0 1
LOAD 0 2
LOAD 0 3
LOAD 0 4
LOAD 0 5
LOAD 0 6
LOAD 0 7
LOAD 0 8
LOAD 0 9
LOAD 0 10
LOAD 0 11
LOAD 0 12
LOAD 0 13
LOAD 0 14
# CONTEXT CPU 0 0
# CONTEXT CPU 1 0
# CONTEXT CPU 2 0
# CONTEXT CPU 3 0
CPU 1 0 0
CPU 1 1 1
CPU 1 2 2
CPU 1 3 3
CPU 2 0 0
CPU 2 1 1
CPU 2 2 2
CPU 2 3 3
BLOCK 3 0
# CONTEXT CPU 0 3
# CONTEXT CPU 1 3
CPU 3 2 2
CPU 3 3 3
BLOCK 4 2
UNBLOCK 4 0
CPU 4 4 0
CPU 4 5 1
# CONTEXT CPU 2 4
CPU 4 3 3
UNBLOCK 5 2
CPU 5 4 0
CPU 5 5 1
CPU 5 6 2
CPU 5 3 3
CPU 6 4 0
# CONTEXT CPU 1 6
CPU 6 6 2
CPU 6 3 3
CPU 7 4 0
CPU 7 7 1
CPU 7 6 2
CPU 7 3 3
BLOCK 8 7
BLOCK 8 3
# CONTEXT CPU 0 8
# CONTEXT CPU 1 8
# CONTEXT CPU 2 8
# CONTEXT CPU 3 8
UNBLOCK 9 3
UNBLOCK 9 7
CPU 9 8 0
CPU 9 9 1
CPU 9 10 2
CPU 9 11 3
BLOCK 10 8
# CONTEXT CPU 0 10
CPU 10 9 1
CPU 10 10 2
CPU 10 11 3
UNBLOCK 11 8
CPU 11 12 0
# CONTEXT CPU 1 11
CPU 11 10 2
CPU 11 11 3
BLOCK 12 12
BLOCK 12 10
# CONTEXT CPU 0 12
CPU 12 13 1
# CONTEXT CPU 2 12
# CONTEXT CPU 3 12
BLOCK 13 13
UNBLOCK 13 10
UNBLOCK 13 12
CPU 13 14 0
# CONTEXT CPU 1 13
# CONTEXT CPU 2 13
# CONTEXT CPU 3 13
BLOCK 14 14
UNBLOCK 14 13
# CONTEXT CPU 0 14
# CONTEXT CPU 1 14
# CONTEXT CPU 2 14
# CONTEXT CPU 3 14
UNBLOCK 15 14
# CONTEXT CPU 0 15
# CONTEXT CPU 1 15
CPU 15 1 2
CPU 15 0 3
# CONTEXT CPU 0 16
CPU 16 2 1
CPU 16 1 2
CPU 16 0 3
CPU 17 5 0
CPU 17 2 1
CPU 17 1 2
CPU 17 0 3
CPU 18 5 0
# CONTEXT CPU 1 18
# CONTEXT CPU 2 18
CPU 18 0 3
BLOCK 19 5
# CONTEXT CPU 0 19
# CONTEXT CPU 1 19
CPU 19 6 2
CPU 19 0 3
UNBLOCK 20 5
# CONTEXT CPU 0 20
# CONTEXT CPU 1 20
CPU 20 6 2
CPU 20 0 3
# CONTEXT CPU 0 21
CPU 21 4 1
CPU 21 6 2
CPU 21 0 3
EXIT 22 0 3
CPU 22 3 0
CPU 22 4 1
CPU 22 6 2
# CONTEXT CPU 3 22
BLOCK 23 6
CPU 23 3 0
# CONTEXT CPU 1 23
# CONTEXT CPU 2 23
# CONTEXT CPU 3 23
EXIT 24 3 0
UNBLOCK 24 6
# CONTEXT CPU 0 24
# CONTEXT CPU 1 24
# CONTEXT CPU 2 24
# CONTEXT CPU 3 24
# CONTEXT CPU 0 25
# CONTEXT CPU 1 25
# CONTEXT CPU 2 25
CPU 25 7 3
# CONTEXT CPU 0 26
CPU 26 8 1
CPU 26 9 2
CPU 26 7 3
CPU 27 11 0
CPU 27 8 1
CPU 27 9 2
CPU 27 7 3
BLOCK 28 11
# CONTEXT CPU 0 28
# CONTEXT CPU 1 28
# CONTEXT CPU 2 28
CPU 28 7 3
UNBLOCK 29 11
# CONTEXT CPU 0 29
# CONTEXT CPU 1 29
# CONTEXT CPU 2 29
CPU 29 7 3
# CONTEXT CPU 0 30
# CONTEXT CPU 1 30
# CONTEXT CPU 2 30
CPU 30 7 3
CPU 31 10 0
CPU 31 12 1
CPU 31 13 2
CPU 31 7 3
BLOCK 32 12
BLOCK 32 13
CPU 32 10 0
# CONTEXT CPU 1 32
# CONTEXT CPU 2 32
CPU 32 7 3
BLOCK 33 10
EXIT 33 7 3
UNBLOCK 33 12
UNBLOCK 33 13
# CONTEXT CPU 0 33
# CONTEXT CPU 1 33
# CONTEXT CPU 2 33
# CONTEXT CPU 3 33
UNBLOCK 34 10
# CONTEXT CPU 0 34
# CONTEXT CPU 1 34
# CONTEXT CPU 2 34
# CONTEXT CPU 3 34
# CONTEXT CPU 0 35
CPU 35 14 1
CPU 35 2 2
# CONTEXT CPU 3 35
BLOCK 36 14
CPU 36 1 0
# CONTEXT CPU 1 36
CPU 36 2 2
CPU 36 5 3
UNBLOCK 37 14
CPU 37 1 0
CPU 37 4 1
CPU 37 2 2
CPU 37 5 3
CPU 38 1 0
CPU 38 4 1
CPU 38 2 2
CPU 38 5 3
BLOCK 39 1
BLOCK 39 4
EXIT 39 2 2
# CONTEXT CPU 0 39
# CONTEXT CPU 1 39
# CONTEXT CPU 2 39
CPU 39 5 3
UNBLOCK 40 1
UNBLOCK 40 4
# CONTEXT CPU 0 40
CPU 40 8 1
CPU 40 9 2
CPU 40 5 3
EXIT 41 5 3
# CONTEXT CPU 0 41
# CONTEXT CPU 1 41
CPU 41 9 2
# CONTEXT CPU 3 41
BLOCK 42 9
CPU 42 6 0
# CONTEXT CPU 1 42
# CONTEXT CPU 2 42
# CONTEXT CPU 3 42
UNBLOCK 43 9
CPU 43 6 0
# CONTEXT CPU 1 43
CPU 43 13 2
# CONTEXT CPU 3 43
EXIT 44 6 0
# CONTEXT CPU 0 44
CPU 44 11 1
CPU 44 13 2
CPU 44 12 3
BLOCK 45 12
CPU 45 10 0
CPU 45 11 1
CPU 45 13 2
# CONTEXT CPU 3 45
UNBLOCK 46 12
CPU 46 10 0
# CONTEXT CPU 1 46
CPU 46 13 2
# CONTEXT CPU 3 46
BLOCK 47 13
CPU 47 10 0
# CONTEXT CPU 1 47
# CONTEXT CPU 2 47
# CONTEXT CPU 3 47
UNBLOCK 48 13
CPU 48 10 0
# CONTEXT CPU 1 48
# CONTEXT CPU 2 48
CPU 48 14 3
EXIT 49 10 0
BLOCK 49 14
# CONTEXT CPU 0 49
CPU 49 1 1
# CONTEXT CPU 2 49
# CONTEXT CPU 3 49
EXIT 50 1 1
UNBLOCK 50 14
# CONTEXT CPU 0 50
# CONTEXT CPU 1 50
CPU 50 4 2
# CONTEXT CPU 3 50
EXIT 51 4 2
# CONTEXT CPU 0 51
# CONTEXT CPU 1 51
# CONTEXT CPU 2 51
# CONTEXT CPU 3 51
CPU 52 8 0
# CONTEXT CPU 1 52
# CONTEXT CPU 2 52
CPU 52 9 3
CPU 53 8 0
CPU 53 12 1
# CONTEXT CPU 2 53
CPU 53 9 3
BLOCK 54 9
CPU 54 8 0
CPU 54 12 1
CPU 54 11 2
# CONTEXT CPU 3 54
BLOCK 55 8
BLOCK 55 12
UNBLOCK 55 9
# CONTEXT CPU 0 55
# CONTEXT CPU 1 55
CPU 55 11 2
# CONTEXT CPU 3 55
BLOCK 56 11
UNBLOCK 56 8
UNBLOCK 56 12
# CONTEXT CPU 0 56
# CONTEXT CPU 1 56
# CONTEXT CPU 2 56
# CONTEXT CPU 3 56
UNBLOCK 57 11
# CONTEXT CPU 0 57
# CONTEXT CPU 1 57
# CONTEXT CPU 2 57
CPU 57 13 3
CPU 58 14 0
CPU 58 9 1
# CONTEXT CPU 2 58
CPU 58 13 3
BLOCK 59 14
EXIT 59 9 1
BLOCK 59 13
# CONTEXT CPU 0 59
# CONTEXT CPU 1 59
CPU 59 8 2
CPU 59 -1 3
UNBLOCK 60 13
UNBLOCK 60 14
# CONTEXT CPU 0 60
# CONTEXT CPU 1 60
CPU 60 8 2
# CONTEXT CPU 3 60
EXIT 61 8 2
# CONTEXT CPU 0 61
# CONTEXT CPU 1 61
# CONTEXT CPU 2 61
CPU 61 13 3
EXIT 62 13 3
CPU 62 12 0
CPU 62 11 1
# CONTEXT CPU 2 62
CPU 62 -1 3
EXIT 63 11 1
CPU 63 12 0
CPU 63 -1 1
# CONTEXT CPU 2 63
CPU 63 -1 3
CPU 64 12 0
CPU 64 -1 1
CPU 64 14 2
CPU 64 -1 3
BLOCK 65 14
CPU 65 12 0
CPU 65 -1 1
CPU 65 -1 2
CPU 65 -1 3
EXIT 66 12 0
UNBLOCK 66 14
# CONTEXT CPU 0 66
CPU 66 -1 1
CPU 66 -1 2
CPU 66 -1 3
# CONTEXT CPU 0 67
CPU 67 -1 1
CPU 67 -1 2
CPU 67 -1 3
# CONTEXT CPU 0 68
CPU 68 -1 1
CPU 68 -1 2
CPU 68 -1 3
CPU 69 14 0
CPU 69 -1 1
CPU 69 -1 2
CPU 69 -1 3
BLOCK 70 14
CPU 70 -1 0
CPU 70 -1 1
CPU 70 -1 2
CPU 70 -1 3
UNBLOCK 71 14
# CONTEXT CPU 0 71
CPU 71 -1 1
CPU 71 -1 2
CPU 71 -1 3
CPU 72 14 0
CPU 72 -1 1
CPU 72 -1 2
CPU 72 -1 3
BLOCK 73 14
CPU 73 -1 0
CPU 73 -1 1
CPU 73 -1 2
CPU 73 -1 3
UNBLOCK 74 14
# CONTEXT CPU 0 74
CPU 74 -1 1
CPU 74 -1 2
CPU 74 -1 3
CPU 75 14 0
CPU 75 -1 1
CPU 75 -1 2
CPU 75 -1 3
BLOCK 76 14
CPU 76 -1 0
CPU 76 -1 1
CPU 76 -1 2
CPU 76 -1 3
UNBLOCK 77 14
# CONTEXT CPU 0 77
CPU 77 -1 1
CPU 77 -1 2
CPU 77 -1 3
CPU 78 14 0
CPU 78 -1 1
CPU 78 -1 2
CPU 78 -1 3
EXIT 79 14 0
CPU 79 -1 0
CPU 79 -1 1
CPU 79 -1 2
CPU 79 -1 3
