# SETTINGS ../simusched tareas.tsk 2 1 2 SchedRR 2 7 8
LOAD 0 0
LOAD 0 1
LOAD 0 2
LOAD 0 3
LOAD 0 4
LOAD 0 5
LOAD 0 6
LOAD 0 7
LOAD 0 8
LOAD 0 9
LOAD 0 10
LOAD 0 11
LOAD 0 12
LOAD 0 13
LOAD 0 14
# CONTEXT CPU 0 0
# CONTEXT CPU 1 0
CPU 1 0 0
CPU 1 1 1
BLOCK 2 0
# CONTEXT CPU 0 2
CPU 2 1 1
UNBLOCK 3 0
CPU 3 2 0
CPU 3 1 1
BLOCK 4 2
# CONTEXT CPU 0 4
CPU 4 1 1
UNBLOCK 5 2
CPU 5 3 0
CPU 5 1 1
CPU 6 3 0
CPU 6 1 1
BLOCK 7 1
CPU 7 3 0
# CONTEXT CPU 1 7
BLOCK 8 3
UNBLOCK 8 1
# CONTEXT CPU 0 8
CPU 8 4 1
UNBLOCK 9 3
CPU 9 5 0
CPU 9 4 1
# CONTEXT CPU 0 10
CPU 10 4 1
CPU 11 6 0
# CONTEXT CPU 1 11
CPU 12 6 0
CPU 12 7 1
CPU 13 6 0
CPU 13 7 1
# CONTEXT CPU 0 14
CPU 14 7 1
CPU 15 8 0
CPU 15 7 1
CPU 16 8 0
CPU 16 7 1
BLOCK 17 7
CPU 17 8 0
# CONTEXT CPU 1 17
BLOCK 18 8
UNBLOCK 18 7
# CONTEXT CPU 0 18
CPU 18 9 1
UNBLOCK 19 8
CPU 19 10 0
CPU 19 9 1
# CONTEXT CPU 0 20
CPU 20 9 1
BLOCK 21 9
CPU 21 11 0
# CONTEXT CPU 1 21
UNBLOCK 22 9
CPU 22 11 0
CPU 22 12 1
BLOCK 23 12
CPU 23 11 0
# CONTEXT CPU 1 23
UNBLOCK 24 12
# CONTEXT CPU 0 24
CPU 24 13 1
CPU 25 14 0
CPU 25 13 1
BLOCK 26 14
BLOCK 26 13
# CONTEXT CPU 0 26
# CONTEXT CPU 1 26
UNBLOCK 27 13
UNBLOCK 27 14
CPU 27 0 0
# CONTEXT CPU 1 27
CPU 28 0 0
# CONTEXT CPU 1 28
CPU 29 0 0
CPU 29 2 1
# CONTEXT CPU 0 30
# CONTEXT CPU 1 30
# CONTEXT CPU 0 31
# CONTEXT CPU 1 31
# CONTEXT CPU 0 32
# CONTEXT CPU 1 32
CPU 33 1 0
CPU 33 3 1
CPU 34 1 0
CPU 34 3 1
CPU 35 1 0
CPU 35 3 1
EXIT 36 1 0
# CONTEXT CPU 0 36
CPU 36 3 1
CPU 37 5 0
CPU 37 3 1
CPU 38 5 0
CPU 38 3 1
EXIT 39 3 1
CPU 39 5 0
# CONTEXT CPU 1 39
# CONTEXT CPU 0 40
CPU 40 4 1
CPU 41 6 0
CPU 41 4 1
BLOCK 42 4
CPU 42 6 0
# CONTEXT CPU 1 42
UNBLOCK 43 4
CPU 43 6 0
CPU 43 7 1
# CONTEXT CPU 0 44
CPU 44 7 1
CPU 45 8 0
CPU 45 7 1
CPU 46 8 0
CPU 46 7 1
EXIT 47 7 1
CPU 47 8 0
# CONTEXT CPU 1 47
BLOCK 48 8
# CONTEXT CPU 0 48
# CONTEXT CPU 1 48
UNBLOCK 49 8
# CONTEXT CPU 0 49
# CONTEXT CPU 1 49
# CONTEXT CPU 0 50
CPU 50 10 1
BLOCK 51 10
CPU 51 9 0
# CONTEXT CPU 1 51
UNBLOCK 52 10
# CONTEXT CPU 0 52
CPU 52 12 1
CPU 53 11 0
CPU 53 12 1
BLOCK 54 11
# CONTEXT CPU 0 54
CPU 54 12 1
UNBLOCK 55 11
# CONTEXT CPU 0 55
CPU 55 12 1
BLOCK 56 12
# CONTEXT CPU 0 56
# CONTEXT CPU 1 56
UNBLOCK 57 12
CPU 57 13 0
# CONTEXT CPU 1 57
CPU 58 13 0
# CONTEXT CPU 1 58
CPU 59 13 0
CPU 59 14 1
BLOCK 60 14
# CONTEXT CPU 0 60
# CONTEXT CPU 1 60
UNBLOCK 61 14
CPU 61 0 0
CPU 61 2 1
CPU 62 0 0
CPU 62 2 1
CPU 63 0 0
CPU 63 2 1
# CONTEXT CPU 0 64
CPU 64 2 1
CPU 65 5 0
CPU 65 2 1
CPU 66 5 0
# CONTEXT CPU 1 66
BLOCK 67 5
# CONTEXT CPU 0 67
CPU 67 4 1
UNBLOCK 68 5
CPU 68 6 0
CPU 68 4 1
CPU 69 6 0
CPU 69 4 1
BLOCK 70 6
# CONTEXT CPU 0 70
CPU 70 4 1
EXIT 71 4 1
UNBLOCK 71 6
CPU 71 8 0
# CONTEXT CPU 1 71
# CONTEXT CPU 0 72
CPU 72 10 1
CPU 73 9 0
CPU 73 10 1
BLOCK 74 9
# CONTEXT CPU 0 74
CPU 74 10 1
BLOCK 75 10
UNBLOCK 75 9
CPU 75 11 0
# CONTEXT CPU 1 75
UNBLOCK 76 10
CPU 76 11 0
CPU 76 12 1
BLOCK 77 12
CPU 77 11 0
# CONTEXT CPU 1 77
BLOCK 78 11
UNBLOCK 78 12
# CONTEXT CPU 0 78
# CONTEXT CPU 1 78
UNBLOCK 79 11
# CONTEXT CPU 0 79
# CONTEXT CPU 1 79
# CONTEXT CPU 0 80
CPU 80 13 1
BLOCK 81 13
CPU 81 14 0
# CONTEXT CPU 1 81
BLOCK 82 14
UNBLOCK 82 13
# CONTEXT CPU 0 82
# CONTEXT CPU 1 82
UNBLOCK 83 14
# CONTEXT CPU 0 83
# CONTEXT CPU 1 83
# CONTEXT CPU 0 84
CPU 84 0 1
CPU 85 2 0
CPU 85 0 1
EXIT 86 0 1
# CONTEXT CPU 0 86
# CONTEXT CPU 1 86
CPU 87 5 0
# CONTEXT CPU 1 87
CPU 88 5 0
# CONTEXT CPU 1 88
CPU 89 5 0
CPU 89 6 1
EXIT 90 5 0
EXIT 90 6 1
# CONTEXT CPU 0 90
# CONTEXT CPU 1 90
CPU 91 8 0
# CONTEXT CPU 1 91
CPU 92 8 0
# CONTEXT CPU 1 92
EXIT 93 8 0
# CONTEXT CPU 0 93
CPU 93 9 1
# CONTEXT CPU 0 94
CPU 94 9 1
# CONTEXT CPU 0 95
CPU 95 9 1
CPU 96 10 0
CPU 96 9 1
EXIT 97 9 1
CPU 97 10 0
# CONTEXT CPU 1 97
CPU 98 10 0
CPU 98 12 1
# CONTEXT CPU 0 99
CPU 99 12 1
BLOCK 100 12
CPU 100 11 0
# CONTEXT CPU 1 100
UNBLOCK 101 12
CPU 101 11 0
CPU 101 13 1
EXIT 102 11 0
BLOCK 102 13
# CONTEXT CPU 0 102
# CONTEXT CPU 1 102
UNBLOCK 103 13
CPU 103 14 0
# CONTEXT CPU 1 103
BLOCK 104 14
# CONTEXT CPU 0 104
# CONTEXT CPU 1 104
UNBLOCK 105 14
CPU 105 10 0
CPU 105 2 1
EXIT 106 10 0
EXIT 106 2 1
# CONTEXT CPU 0 106
# CONTEXT CPU 1 106
# CONTEXT CPU 0 107
CPU 107 13 1
BLOCK 108 13
# CONTEXT CPU 0 108
# CONTEXT CPU 1 108
UNBLOCK 109 13
CPU 109 12 0
# CONTEXT CPU 1 109
EXIT 110 12 0
# CONTEXT CPU 0 110
# CONTEXT CPU 1 110
# CONTEXT CPU 0 111
CPU 111 14 1
BLOCK 112 14
# CONTEXT CPU 0 112
CPU 112 -1 1
UNBLOCK 113 14
CPU 113 13 0
# CONTEXT CPU 1 113
EXIT 114 13 0
CPU 114 -1 0
CPU 114 14 1
BLOCK 115 14
CPU 115 -1 0
CPU 115 -1 1
UNBLOCK 116 14
# CONTEXT CPU 0 116
CPU 116 -1 1
# CONTEXT CPU 0 117
CPU 117 -1 1
# CONTEXT CPU 0 118
CPU 118 -1 1
CPU 119 14 0
CPU 119 -1 1
BLOCK 120 14
CPU 120 -1 0
CPU 120 -1 1
UNBLOCK 121 14
# CONTEXT CPU 0 121
CPU 121 -1 1
CPU 122 14 0
CPU 122 -1 1
BLOCK 123 14
CPU 123 -1 0
CPU 123 -1 1
UNBLOCK 124 14
# CONTEXT CPU 0 124
CPU 124 -1 1
CPU 125 14 0
CPU 125 -1 1
EXIT 126 14 0
CPU 126 -1 0
CPU 126 -1 1
