# SETTINGS ../simusched tareas.tsk 3 1 2 SchedRR 3 5 5 8
LOAD 0 0
LOAD 0 1
LOAD 0 2
LOAD 0 3
LOAD 0 4
LOAD 0 5
LOAD 0 6
LOAD 0 7
LOAD 0 8
LOAD 0 9
LOAD 0 10
LOAD 0 11
LOAD 0 12
LOAD 0 13
LOAD 0 14
# CONTEXT CPU 0 0
# CONTEXT CPU 1 0
# CONTEXT CPU 2 0
CPU 1 0 0
CPU 1 1 1
CPU 1 2 2
BLOCK 2 1
CPU 2 0 0
# CONTEXT CPU 1 2
CPU 2 2 2
UNBLOCK 3 1
CPU 3 0 0
CPU 3 3 1
CPU 3 2 2
BLOCK 4 3
CPU 4 0 0
# CONTEXT CPU 1 4
CPU 4 2 2
UNBLOCK 5 3
# CONTEXT CPU 0 5
CPU 5 4 1
CPU 5 2 2
CPU 6 5 0
CPU 6 4 1
CPU 6 2 2
CPU 7 5 0
CPU 7 4 1
# CONTEXT CPU 2 7
CPU 8 5 0
CPU 8 4 1
CPU 8 6 2
CPU 9 5 0
CPU 9 4 1
CPU 9 6 2
# CONTEXT CPU 0 10
CPU 10 4 1
CPU 10 6 2
CPU 11 7 0
# CONTEXT CPU 1 11
CPU 11 6 2
CPU 12 7 0
CPU 12 8 1
CPU 12 6 2
CPU 13 7 0
CPU 13 8 1
CPU 13 6 2
BLOCK 14 6
CPU 14 7 0
CPU 14 8 1
# CONTEXT CPU 2 14
UNBLOCK 15 6
# CONTEXT CPU 0 15
CPU 15 8 1
CPU 15 9 2
CPU 16 10 0
CPU 16 8 1
# CONTEXT CPU 2 16
CPU 17 10 0
CPU 17 8 1
CPU 17 11 2
BLOCK 18 10
# CONTEXT CPU 0 18
# CONTEXT CPU 1 18
CPU 18 11 2
UNBLOCK 19 10
CPU 19 12 0
CPU 19 13 1
CPU 19 11 2
BLOCK 20 12
BLOCK 20 11
# CONTEXT CPU 0 20
CPU 20 13 1
# CONTEXT CPU 2 20
BLOCK 21 13
UNBLOCK 21 11
UNBLOCK 21 12
CPU 21 14 0
# CONTEXT CPU 1 21
# CONTEXT CPU 2 21
BLOCK 22 14
UNBLOCK 22 13
# CONTEXT CPU 0 22
CPU 22 3 1
# CONTEXT CPU 2 22
UNBLOCK 23 14
CPU 23 0 0
CPU 23 3 1
CPU 23 1 2
BLOCK 24 0
# CONTEXT CPU 0 24
CPU 24 3 1
CPU 24 1 2
UNBLOCK 25 0
# CONTEXT CPU 0 25
CPU 25 3 1
CPU 25 1 2
# CONTEXT CPU 0 26
CPU 26 3 1
CPU 26 1 2
CPU 27 2 0
# CONTEXT CPU 1 27
# CONTEXT CPU 2 27
BLOCK 28 2
# CONTEXT CPU 0 28
# CONTEXT CPU 1 28
# CONTEXT CPU 2 28
UNBLOCK 29 2
# CONTEXT CPU 0 29
# CONTEXT CPU 1 29
# CONTEXT CPU 2 29
# CONTEXT CPU 0 30
CPU 30 5 1
CPU 30 4 2
CPU 31 6 0
CPU 31 5 1
CPU 31 4 2
BLOCK 32 5
BLOCK 32 4
CPU 32 6 0
# CONTEXT CPU 1 32
# CONTEXT CPU 2 32
UNBLOCK 33 4
UNBLOCK 33 5
CPU 33 6 0
# CONTEXT CPU 1 33
CPU 33 9 2
EXIT 34 6 0
BLOCK 34 9
# CONTEXT CPU 0 34
# CONTEXT CPU 1 34
# CONTEXT CPU 2 34
UNBLOCK 35 9
# CONTEXT CPU 0 35
CPU 35 7 1
# CONTEXT CPU 2 35
# CONTEXT CPU 0 36
CPU 36 7 1
# CONTEXT CPU 2 36
CPU 37 8 0
CPU 37 7 1
CPU 37 10 2
BLOCK 38 8
BLOCK 38 7
BLOCK 38 10
# CONTEXT CPU 0 38
# CONTEXT CPU 1 38
# CONTEXT CPU 2 38
UNBLOCK 39 7
UNBLOCK 39 8
UNBLOCK 39 10
# CONTEXT CPU 0 39
# CONTEXT CPU 1 39
# CONTEXT CPU 2 39
# CONTEXT CPU 0 40
# CONTEXT CPU 1 40
# CONTEXT CPU 2 40
CPU 41 11 0
CPU 41 12 1
CPU 41 13 2
BLOCK 42 12
CPU 42 11 0
# CONTEXT CPU 1 42
CPU 42 13 2
BLOCK 43 13
UNBLOCK 43 12
CPU 43 11 0
# CONTEXT CPU 1 43
# CONTEXT CPU 2 43
UNBLOCK 44 13
CPU 44 11 0
# CONTEXT CPU 1 44
# CONTEXT CPU 2 44
# CONTEXT CPU 0 45
CPU 45 14 1
# CONTEXT CPU 2 45
BLOCK 46 14
# CONTEXT CPU 0 46
# CONTEXT CPU 1 46
CPU 46 0 2
UNBLOCK 47 14
# CONTEXT CPU 0 47
# CONTEXT CPU 1 47
CPU 47 0 2
CPU 48 3 0
# CONTEXT CPU 1 48
CPU 48 0 2
CPU 49 3 0
CPU 49 1 1
CPU 49 0 2
EXIT 50 0 2
CPU 50 3 0
CPU 50 1 1
# CONTEXT CPU 2 50
EXIT 51 3 0
# CONTEXT CPU 0 51
CPU 51 1 1
# CONTEXT CPU 2 51
# CONTEXT CPU 0 52
# CONTEXT CPU 1 52
# CONTEXT CPU 2 52
# CONTEXT CPU 0 53
CPU 53 5 1
CPU 53 2 2
CPU 54 4 0
CPU 54 5 1
CPU 54 2 2
EXIT 55 4 0
EXIT 55 2 2
# CONTEXT CPU 0 55
CPU 55 5 1
# CONTEXT CPU 2 55
EXIT 56 5 1
# CONTEXT CPU 0 56
# CONTEXT CPU 1 56
# CONTEXT CPU 2 56
# CONTEXT CPU 0 57
# CONTEXT CPU 1 57
# CONTEXT CPU 2 57
CPU 58 9 0
# CONTEXT CPU 1 58
CPU 58 7 2
CPU 59 9 0
CPU 59 8 1
CPU 59 7 2
BLOCK 60 9
BLOCK 60 8
EXIT 60 7 2
# CONTEXT CPU 0 60
# CONTEXT CPU 1 60
# CONTEXT CPU 2 60
UNBLOCK 61 8
UNBLOCK 61 9
# CONTEXT CPU 0 61
CPU 61 12 1
CPU 61 13 2
BLOCK 62 12
# CONTEXT CPU 0 62
# CONTEXT CPU 1 62
CPU 62 13 2
BLOCK 63 13
UNBLOCK 63 12
CPU 63 10 0
# CONTEXT CPU 1 63
# CONTEXT CPU 2 63
UNBLOCK 64 13
CPU 64 10 0
# CONTEXT CPU 1 64
# CONTEXT CPU 2 64
CPU 65 10 0
CPU 65 11 1
# CONTEXT CPU 2 65
BLOCK 66 11
# CONTEXT CPU 0 66
# CONTEXT CPU 1 66
CPU 66 14 2
BLOCK 67 14
UNBLOCK 67 11
# CONTEXT CPU 0 67
CPU 67 8 1
# CONTEXT CPU 2 67
EXIT 68 8 1
UNBLOCK 68 14
# CONTEXT CPU 0 68
# CONTEXT CPU 1 68
# CONTEXT CPU 2 68
CPU 69 1 0
CPU 69 12 1
# CONTEXT CPU 2 69
EXIT 70 1 0
# CONTEXT CPU 0 70
CPU 70 12 1
CPU 70 9 2
# CONTEXT CPU 0 71
CPU 71 12 1
CPU 71 9 2
# CONTEXT CPU 0 72
CPU 72 12 1
CPU 72 9 2
BLOCK 73 12
CPU 73 13 0
# CONTEXT CPU 1 73
CPU 73 9 2
BLOCK 74 13
UNBLOCK 74 12
# CONTEXT CPU 0 74
# CONTEXT CPU 1 74
CPU 74 9 2
EXIT 75 9 2
UNBLOCK 75 13
# CONTEXT CPU 0 75
# CONTEXT CPU 1 75
# CONTEXT CPU 2 75
# CONTEXT CPU 0 76
CPU 76 10 1
CPU 76 14 2
BLOCK 77 14
CPU 77 11 0
CPU 77 10 1
# CONTEXT CPU 2 77
EXIT 78 11 0
UNBLOCK 78 14
# CONTEXT CPU 0 78
CPU 78 10 1
# CONTEXT CPU 2 78
EXIT 79 10 1
CPU 79 13 0
# CONTEXT CPU 1 79
# CONTEXT CPU 2 79
CPU 80 13 0
# CONTEXT CPU 1 80
CPU 80 12 2
EXIT 81 13 0
CPU 81 -1 0
# CONTEXT CPU 1 81
CPU 81 12 2
EXIT 82 12 2
CPU 82 -1 0
CPU 82 14 1
CPU 82 -1 2
BLOCK 83 14
CPU 83 -1 0
CPU 83 -1 1
CPU 83 -1 2
UNBLOCK 84 14
# CONTEXT CPU 0 84
CPU 84 -1 1
CPU 84 -1 2
# CONTEXT CPU 0 85
CPU 85 -1 1
CPU 85 -1 2
# CONTEXT CPU 0 86
CPU 86 -1 1
CPU 86 -1 2
CPU 87 14 0
CPU 87 -1 1
CPU 87 -1 2
BLOCK 88 14
CPU 88 -1 0
CPU 88 -1 1
CPU 88 -1 2
UNBLOCK 89 14
# CONTEXT CPU 0 89
CPU 89 -1 1
CPU 89 -1 2
CPU 90 14 0
CPU 90 -1 1
CPU 90 -1 2
BLOCK 91 14
CPU 91 -1 0
CPU 91 -1 1
CPU 91 -1 2
UNBLOCK 92 14
# CONTEXT CPU 0 92
CPU 92 -1 1
CPU 92 -1 2
CPU 93 14 0
CPU 93 -1 1
CPU 93 -1 2
BLOCK 94 14
CPU 94 -1 0
CPU 94 -1 1
CPU 94 -1 2
UNBLOCK 95 14
# CONTEXT CPU 0 95
CPU 95 -1 1
CPU 95 -1 2
CPU 96 14 0
CPU 96 -1 1
CPU 96 -1 2
EXIT 97 14 0
CPU 97 -1 0
CPU 97 -1 1
CPU 97 -1 2
