# SETTINGS ../simusched tareas.tsk 4 1 2 SchedRR 4 2 3 6 7
LOAD 0 0
LOAD 0 1
LOAD 0 2
LOAD 0 3
LOAD 0 4
LOAD 0 5
LOAD 0 6
LOAD 0 7
LOAD 0 8
LOAD 0 9
LOAD 0 10
LOAD 0 11
LOAD 0 12
LOAD 0 13
LOAD 0 14
# CONTEXT CPU 0 0
# CONTEXT CPU 1 0
# CONTEXT CPU 2 0
# CONTEXT CPU 3 0
CPU 1 0 0
CPU 1 1 1
CPU 1 2 2
CPU 1 3 3
BLOCK 2 3
CPU 2 0 0
CPU 2 1 1
CPU 2 2 2
# CONTEXT CPU 3 2
UNBLOCK 3 3
CPU 3 0 0
CPU 3 1 1
CPU 3 2 2
CPU 3 4 3
CPU 4 0 0
# CONTEXT CPU 1 4
CPU 4 2 2
CPU 4 4 3
CPU 5 0 0
CPU 5 5 1
# CONTEXT CPU 2 5
CPU 5 4 3
# CONTEXT CPU 0 6
CPU 6 5 1
CPU 6 6 2
CPU 6 4 3
BLOCK 7 4
CPU 7 7 0
CPU 7 5 1
CPU 7 6 2
# CONTEXT CPU 3 7
BLOCK 8 7
UNBLOCK 8 4
# CONTEXT CPU 0 8
# CONTEXT CPU 1 8
CPU 8 6 2
CPU 8 8 3
BLOCK 9 8
UNBLOCK 9 7
CPU 9 9 0
CPU 9 10 1
CPU 9 6 2
# CONTEXT CPU 3 9
UNBLOCK 10 8
CPU 10 9 0
CPU 10 10 1
# CONTEXT CPU 2 10
CPU 10 11 3
BLOCK 11 10
BLOCK 11 11
CPU 11 9 0
# CONTEXT CPU 1 11
CPU 11 12 2
# CONTEXT CPU 3 11
BLOCK 12 12
UNBLOCK 12 10
UNBLOCK 12 11
CPU 12 9 0
CPU 12 13 1
# CONTEXT CPU 2 12
CPU 12 14 3
BLOCK 13 13
BLOCK 13 14
UNBLOCK 13 12
CPU 13 9 0
# CONTEXT CPU 1 13
# CONTEXT CPU 2 13
# CONTEXT CPU 3 13
BLOCK 14 9
UNBLOCK 14 13
UNBLOCK 14 14
# CONTEXT CPU 0 14
CPU 14 1 1
# CONTEXT CPU 2 14
# CONTEXT CPU 3 14
UNBLOCK 15 9
CPU 15 0 0
CPU 15 1 1
CPU 15 3 2
# CONTEXT CPU 3 15
BLOCK 16 0
# CONTEXT CPU 0 16
# CONTEXT CPU 1 16
CPU 16 3 2
CPU 16 2 3
UNBLOCK 17 0
# CONTEXT CPU 0 17
CPU 17 5 1
CPU 17 3 2
CPU 17 2 3
BLOCK 18 5
# CONTEXT CPU 0 18
# CONTEXT CPU 1 18
CPU 18 3 2
CPU 18 2 3
BLOCK 19 2
UNBLOCK 19 5
CPU 19 4 0
# CONTEXT CPU 1 19
# CONTEXT CPU 2 19
# CONTEXT CPU 3 19
UNBLOCK 20 2
# CONTEXT CPU 0 20
# CONTEXT CPU 1 20
# CONTEXT CPU 2 20
# CONTEXT CPU 3 20
# CONTEXT CPU 0 21
CPU 21 7 1
# CONTEXT CPU 2 21
# CONTEXT CPU 3 21
# CONTEXT CPU 0 22
CPU 22 7 1
CPU 22 8 2
CPU 22 6 3
CPU 23 10 0
CPU 23 7 1
CPU 23 8 2
CPU 23 6 3
BLOCK 24 10
BLOCK 24 6
# CONTEXT CPU 0 24
# CONTEXT CPU 1 24
CPU 24 8 2
# CONTEXT CPU 3 24
BLOCK 25 8
UNBLOCK 25 6
UNBLOCK 25 10
# CONTEXT CPU 0 25
# CONTEXT CPU 1 25
# CONTEXT CPU 2 25
# CONTEXT CPU 3 25
UNBLOCK 26 8
# CONTEXT CPU 0 26
# CONTEXT CPU 1 26
# CONTEXT CPU 2 26
# CONTEXT CPU 3 26
CPU 27 11 0
CPU 27 12 1
# CONTEXT CPU 2 27
CPU 27 13 3
BLOCK 28 12
CPU 28 11 0
# CONTEXT CPU 1 28
CPU 28 14 2
# CONTEXT CPU 3 28
BLOCK 29 11
BLOCK 29 14
UNBLOCK 29 12
# CONTEXT CPU 0 29
# CONTEXT CPU 1 29
# CONTEXT CPU 2 29
# CONTEXT CPU 3 29
UNBLOCK 30 11
UNBLOCK 30 14
CPU 30 0 0
# CONTEXT CPU 1 30
# CONTEXT CPU 2 30
# CONTEXT CPU 3 30
CPU 31 0 0
CPU 31 9 1
# CONTEXT CPU 2 31
CPU 31 1 3
BLOCK 32 9
CPU 32 0 0
# CONTEXT CPU 1 32
CPU 32 5 2
CPU 32 1 3
EXIT 33 0 0
BLOCK 33 1
UNBLOCK 33 9
# CONTEXT CPU 0 33
# CONTEXT CPU 1 33
CPU 33 5 2
# CONTEXT CPU 3 33
UNBLOCK 34 1
# CONTEXT CPU 0 34
# CONTEXT CPU 1 34
# CONTEXT CPU 2 34
# CONTEXT CPU 3 34
# CONTEXT CPU 0 35
CPU 35 3 1
# CONTEXT CPU 2 35
# CONTEXT CPU 3 35
CPU 36 2 0
CPU 36 3 1
# CONTEXT CPU 2 36
CPU 36 4 3
CPU 37 2 0
CPU 37 3 1
CPU 37 7 2
CPU 37 4 3
EXIT 38 2 0
# CONTEXT CPU 0 38
# CONTEXT CPU 1 38
CPU 38 7 2
CPU 38 4 3
# CONTEXT CPU 0 39
# CONTEXT CPU 1 39
CPU 39 7 2
CPU 39 4 3
EXIT 40 4 3
# CONTEXT CPU 0 40
# CONTEXT CPU 1 40
CPU 40 7 2
# CONTEXT CPU 3 40
CPU 41 6 0
CPU 41 10 1
# CONTEXT CPU 2 41
# CONTEXT CPU 3 41
CPU 42 6 0
CPU 42 10 1
# CONTEXT CPU 2 42
# CONTEXT CPU 3 42
CPU 43 6 0
CPU 43 10 1
# CONTEXT CPU 2 43
CPU 43 8 3
EXIT 44 6 0
# CONTEXT CPU 0 44
# CONTEXT CPU 1 44
CPU 44 13 2
CPU 44 8 3
# CONTEXT CPU 0 45
# CONTEXT CPU 1 45
CPU 45 13 2
CPU 45 8 3
# CONTEXT CPU 0 46
# CONTEXT CPU 1 46
CPU 46 13 2
CPU 46 8 3
BLOCK 47 13
CPU 47 12 0
CPU 47 11 1
# CONTEXT CPU 2 47
CPU 47 8 3
BLOCK 48 12
EXIT 48 8 3
UNBLOCK 48 13
# CONTEXT CPU 0 48
CPU 48 11 1
CPU 48 14 2
# CONTEXT CPU 3 48
BLOCK 49 14
UNBLOCK 49 12
# CONTEXT CPU 0 49
CPU 49 11 1
# CONTEXT CPU 2 49
CPU 49 1 3
UNBLOCK 50 14
# CONTEXT CPU 0 50
# CONTEXT CPU 1 50
CPU 50 5 2
CPU 50 1 3
EXIT 51 1 3
CPU 51 9 0
CPU 51 3 1
CPU 51 5 2
# CONTEXT CPU 3 51
EXIT 52 3 1
CPU 52 9 0
# CONTEXT CPU 1 52
# CONTEXT CPU 2 52
# CONTEXT CPU 3 52
CPU 53 9 0
CPU 53 10 1
CPU 53 13 2
# CONTEXT CPU 3 53
EXIT 54 9 0
BLOCK 54 13
# CONTEXT CPU 0 54
CPU 54 10 1
# CONTEXT CPU 2 54
CPU 54 7 3
EXIT 55 7 3
UNBLOCK 55 13
CPU 55 12 0
CPU 55 10 1
CPU 55 14 2
# CONTEXT CPU 3 55
BLOCK 56 12
EXIT 56 10 1
BLOCK 56 14
# CONTEXT CPU 0 56
# CONTEXT CPU 1 56
CPU 56 -1 2
# CONTEXT CPU 3 56
UNBLOCK 57 12
UNBLOCK 57 14
# CONTEXT CPU 0 57
# CONTEXT CPU 1 57
# CONTEXT CPU 2 57
# CONTEXT CPU 3 57
# CONTEXT CPU 0 58
# CONTEXT CPU 1 58
# CONTEXT CPU 2 58
CPU 58 11 3
CPU 59 5 0
CPU 59 13 1
# CONTEXT CPU 2 59
CPU 59 11 3
EXIT 60 5 0
# CONTEXT CPU 0 60
CPU 60 13 1
CPU 60 12 2
CPU 60 11 3
BLOCK 61 13
EXIT 61 11 3
# CONTEXT CPU 0 61
CPU 61 -1 1
CPU 61 12 2
CPU 61 -1 3
UNBLOCK 62 13
# CONTEXT CPU 0 62
# CONTEXT CPU 1 62
CPU 62 12 2
CPU 62 -1 3
CPU 63 14 0
CPU 63 13 1
CPU 63 12 2
CPU 63 -1 3
BLOCK 64 14
EXIT 64 13 1
CPU 64 -1 0
CPU 64 -1 1
CPU 64 12 2
CPU 64 -1 3
EXIT 65 12 2
UNBLOCK 65 14
# CONTEXT CPU 0 65
CPU 65 -1 1
CPU 65 -1 2
CPU 65 -1 3
CPU 66 14 0
CPU 66 -1 1
CPU 66 -1 2
CPU 66 -1 3
BLOCK 67 14
CPU 67 -1 0
CPU 67 -1 1
CPU 67 -1 2
CPU 67 -1 3
UNBLOCK 68 14
# CONTEXT CPU 0 68
CPU 68 -1 1
CPU 68 -1 2
CPU 68 -1 3
CPU 69 14 0
CPU 69 -1 1
CPU 69 -1 2
CPU 69 -1 3
BLOCK 70 14
CPU 70 -1 0
CPU 70 -1 1
CPU 70 -1 2
CPU 70 -1 3
UNBLOCK 71 14
# CONTEXT CPU 0 71
CPU 71 -1 1
CPU 71 -1 2
CPU 71 -1 3
CPU 72 14 0
CPU 72 -1 1
CPU 72 -1 2
CPU 72 -1 3
BLOCK 73 14
CPU 73 -1 0
CPU 73 -1 1
CPU 73 -1 2
CPU 73 -1 3
UNBLOCK 74 14
# CONTEXT CPU 0 74
CPU 74 -1 1
CPU 74 -1 2
CPU 74 -1 3
CPU 75 14 0
CPU 75 -1 1
CPU 75 -1 2
CPU 75 -1 3
EXIT 76 14 0
CPU 76 -1 0
CPU 76 -1 1
CPU 76 -1 2
CPU 76 -1 3
