# SETTINGS ../simusched tareas.tsk 4 1 2 SchedRR 4 2 4 7 7
LOAD 0 0
LOAD 0 1
LOAD 0 2
LOAD 0 3
LOAD 0 4
LOAD 0 5
LOAD 0 6
LOAD 0 7
LOAD 0 8
LOAD 0 9
LOAD 0 10
LOAD 0 11
LOAD 0 12
LOAD 0 13
LOAD 0 14
# CONTEXT CPU 0 0
# CONTEXT CPU 1 0
# CONTEXT CPU 2 0
# CONTEXT CPU 3 0
CPU 1 0 0
CPU 1 1 1
CPU 1 2 2
CPU 1 3 3
BLOCK 2 3
CPU 2 0 0
CPU 2 1 1
CPU 2 2 2
# CONTEXT CPU 3 2
UNBLOCK 3 3
CPU 3 0 0
CPU 3 1 1
CPU 3 2 2
CPU 3 4 3
CPU 4 0 0
# CONTEXT CPU 1 4
CPU 4 2 2
CPU 4 4 3
CPU 5 0 0
CPU 5 5 1
CPU 5 2 2
CPU 5 4 3
# CONTEXT CPU 0 6
CPU 6 5 1
# CONTEXT CPU 2 6
CPU 6 4 3
BLOCK 7 4
CPU 7 6 0
CPU 7 5 1
CPU 7 7 2
# CONTEXT CPU 3 7
BLOCK 8 7
UNBLOCK 8 4
CPU 8 6 0
# CONTEXT CPU 1 8
# CONTEXT CPU 2 8
CPU 8 8 3
BLOCK 9 8
UNBLOCK 9 7
CPU 9 6 0
CPU 9 9 1
CPU 9 10 2
# CONTEXT CPU 3 9
UNBLOCK 10 8
CPU 10 6 0
CPU 10 9 1
CPU 10 10 2
CPU 10 11 3
BLOCK 11 10
BLOCK 11 11
CPU 11 6 0
CPU 11 9 1
# CONTEXT CPU 2 11
# CONTEXT CPU 3 11
UNBLOCK 12 10
UNBLOCK 12 11
# CONTEXT CPU 0 12
# CONTEXT CPU 1 12
CPU 12 12 2
CPU 12 13 3
BLOCK 13 12
BLOCK 13 13
CPU 13 14 0
# CONTEXT CPU 1 13
# CONTEXT CPU 2 13
# CONTEXT CPU 3 13
BLOCK 14 14
UNBLOCK 14 12
UNBLOCK 14 13
# CONTEXT CPU 0 14
# CONTEXT CPU 1 14
# CONTEXT CPU 2 14
# CONTEXT CPU 3 14
UNBLOCK 15 14
# CONTEXT CPU 0 15
CPU 15 3 1
# CONTEXT CPU 2 15
# CONTEXT CPU 3 15
# CONTEXT CPU 0 16
CPU 16 3 1
CPU 16 1 2
CPU 16 0 3
BLOCK 17 0
CPU 17 2 0
CPU 17 3 1
CPU 17 1 2
# CONTEXT CPU 3 17
UNBLOCK 18 0
CPU 18 2 0
# CONTEXT CPU 1 18
CPU 18 1 2
CPU 18 4 3
BLOCK 19 2
# CONTEXT CPU 0 19
CPU 19 5 1
CPU 19 1 2
CPU 19 4 3
BLOCK 20 5
BLOCK 20 1
UNBLOCK 20 2
# CONTEXT CPU 0 20
# CONTEXT CPU 1 20
# CONTEXT CPU 2 20
CPU 20 4 3
UNBLOCK 21 1
UNBLOCK 21 5
# CONTEXT CPU 0 21
# CONTEXT CPU 1 21
CPU 21 10 2
CPU 21 4 3
BLOCK 22 10
CPU 22 7 0
# CONTEXT CPU 1 22
# CONTEXT CPU 2 22
CPU 22 4 3
EXIT 23 4 3
UNBLOCK 23 10
CPU 23 7 0
CPU 23 8 1
# CONTEXT CPU 2 23
# CONTEXT CPU 3 23
CPU 24 7 0
CPU 24 8 1
# CONTEXT CPU 2 24
# CONTEXT CPU 3 24
CPU 25 7 0
CPU 25 8 1
CPU 25 11 2
# CONTEXT CPU 3 25
BLOCK 26 8
# CONTEXT CPU 0 26
# CONTEXT CPU 1 26
# CONTEXT CPU 2 26
CPU 26 6 3
BLOCK 27 6
UNBLOCK 27 8
# CONTEXT CPU 0 27
# CONTEXT CPU 1 27
# CONTEXT CPU 2 27
# CONTEXT CPU 3 27
UNBLOCK 28 6
# CONTEXT CPU 0 28
# CONTEXT CPU 1 28
# CONTEXT CPU 2 28
# CONTEXT CPU 3 28
CPU 29 9 0
CPU 29 12 1
CPU 29 13 2
# CONTEXT CPU 3 29
BLOCK 30 12
CPU 30 9 0
# CONTEXT CPU 1 30
CPU 30 13 2
CPU 30 14 3
BLOCK 31 9
BLOCK 31 14
UNBLOCK 31 12
# CONTEXT CPU 0 31
# CONTEXT CPU 1 31
CPU 31 13 2
# CONTEXT CPU 3 31
UNBLOCK 32 9
UNBLOCK 32 14
# CONTEXT CPU 0 32
# CONTEXT CPU 1 32
CPU 32 13 2
# CONTEXT CPU 3 32
BLOCK 33 13
# CONTEXT CPU 0 33
CPU 33 0 1
# CONTEXT CPU 2 33
# CONTEXT CPU 3 33
UNBLOCK 34 13
CPU 34 3 0
# CONTEXT CPU 1 34
CPU 34 1 2
CPU 34 2 3
CPU 35 3 0
CPU 35 5 1
CPU 35 1 2
CPU 35 2 3
EXIT 36 1 2
EXIT 36 2 3
CPU 36 3 0
CPU 36 5 1
# CONTEXT CPU 2 36
# CONTEXT CPU 3 36
CPU 37 3 0
CPU 37 5 1
CPU 37 10 2
# CONTEXT CPU 3 37
# CONTEXT CPU 0 38
# CONTEXT CPU 1 38
CPU 38 10 2
# CONTEXT CPU 3 38
# CONTEXT CPU 0 39
CPU 39 8 1
CPU 39 10 2
CPU 39 7 3
# CONTEXT CPU 0 40
CPU 40 8 1
CPU 40 10 2
CPU 40 7 3
CPU 41 11 0
CPU 41 8 1
CPU 41 10 2
CPU 41 7 3
BLOCK 42 11
# CONTEXT CPU 0 42
# CONTEXT CPU 1 42
# CONTEXT CPU 2 42
CPU 42 7 3
EXIT 43 7 3
UNBLOCK 43 11
# CONTEXT CPU 0 43
CPU 43 12 1
# CONTEXT CPU 2 43
# CONTEXT CPU 3 43
BLOCK 44 12
# CONTEXT CPU 0 44
# CONTEXT CPU 1 44
# CONTEXT CPU 2 44
CPU 44 14 3
BLOCK 45 14
UNBLOCK 45 12
CPU 45 6 0
# CONTEXT CPU 1 45
CPU 45 9 2
# CONTEXT CPU 3 45
BLOCK 46 9
UNBLOCK 46 14
CPU 46 6 0
# CONTEXT CPU 1 46
# CONTEXT CPU 2 46
# CONTEXT CPU 3 46
UNBLOCK 47 9
CPU 47 6 0
CPU 47 13 1
# CONTEXT CPU 2 47
# CONTEXT CPU 3 47
EXIT 48 6 0
BLOCK 48 13
# CONTEXT CPU 0 48
# CONTEXT CPU 1 48
# CONTEXT CPU 2 48
CPU 48 0 3
UNBLOCK 49 13
# CONTEXT CPU 0 49
CPU 49 8 1
CPU 49 3 2
CPU 49 0 3
EXIT 50 3 2
EXIT 50 0 3
# CONTEXT CPU 0 50
CPU 50 8 1
# CONTEXT CPU 2 50
# CONTEXT CPU 3 50
EXIT 51 8 1
CPU 51 5 0
# CONTEXT CPU 1 51
CPU 51 10 2
# CONTEXT CPU 3 51
EXIT 52 10 2
CPU 52 5 0
CPU 52 12 1
# CONTEXT CPU 2 52
# CONTEXT CPU 3 52
EXIT 53 5 0
BLOCK 53 12
# CONTEXT CPU 0 53
# CONTEXT CPU 1 53
# CONTEXT CPU 2 53
CPU 53 11 3
UNBLOCK 54 12
# CONTEXT CPU 0 54
CPU 54 13 1
# CONTEXT CPU 2 54
CPU 54 11 3
# CONTEXT CPU 0 55
CPU 55 13 1
CPU 55 14 2
CPU 55 11 3
BLOCK 56 13
BLOCK 56 14
CPU 56 9 0
# CONTEXT CPU 1 56
CPU 56 -1 2
CPU 56 11 3
UNBLOCK 57 13
UNBLOCK 57 14
CPU 57 9 0
CPU 57 12 1
# CONTEXT CPU 2 57
CPU 57 11 3
CPU 58 9 0
CPU 58 12 1
# CONTEXT CPU 2 58
CPU 58 11 3
EXIT 59 9 0
EXIT 59 11 3
# CONTEXT CPU 0 59
CPU 59 12 1
# CONTEXT CPU 2 59
CPU 59 -1 3
# CONTEXT CPU 0 60
CPU 60 12 1
CPU 60 13 2
CPU 60 -1 3
EXIT 61 13 2
# CONTEXT CPU 0 61
CPU 61 12 1
CPU 61 -1 2
CPU 61 -1 3
EXIT 62 12 1
CPU 62 14 0
CPU 62 -1 1
CPU 62 -1 2
CPU 62 -1 3
BLOCK 63 14
CPU 63 -1 0
CPU 63 -1 1
CPU 63 -1 2
CPU 63 -1 3
UNBLOCK 64 14
# CONTEXT CPU 0 64
CPU 64 -1 1
CPU 64 -1 2
CPU 64 -1 3
CPU 65 14 0
CPU 65 -1 1
CPU 65 -1 2
CPU 65 -1 3
BLOCK 66 14
CPU 66 -1 0
CPU 66 -1 1
CPU 66 -1 2
CPU 66 -1 3
UNBLOCK 67 14
# CONTEXT CPU 0 67
CPU 67 -1 1
CPU 67 -1 2
CPU 67 -1 3
CPU 68 14 0
CPU 68 -1 1
CPU 68 -1 2
CPU 68 -1 3
BLOCK 69 14
CPU 69 -1 0
CPU 69 -1 1
CPU 69 -1 2
CPU 69 -1 3
UNBLOCK 70 14
# CONTEXT CPU 0 70
CPU 70 -1 1
CPU 70 -1 2
CPU 70 -1 3
CPU 71 14 0
CPU 71 -1 1
CPU 71 -1 2
CPU 71 -1 3
BLOCK 72 14
CPU 72 -1 0
CPU 72 -1 1
CPU 72 -1 2
CPU 72 -1 3
UNBLOCK 73 14
# CONTEXT CPU 0 73
CPU 73 -1 1
CPU 73 -1 2
CPU 73 -1 3
CPU 74 14 0
CPU 74 -1 1
CPU 74 -1 2
CPU 74 -1 3
EXIT 75 14 0
CPU 75 -1 0
CPU 75 -1 1
CPU 75 -1 2
CPU 75 -1 3
