# SETTINGS ../simusched tareas.tsk 3 1 2 SchedRR 3 2 8 8
LOAD 0 0
LOAD 0 1
LOAD 0 2
LOAD 0 3
LOAD 0 4
LOAD 0 5
LOAD 0 6
LOAD 0 7
LOAD 0 8
LOAD 0 9
LOAD 0 10
LOAD 0 11
LOAD 0 12
LOAD 0 13
LOAD 0 14
# CONTEXT CPU 0 0
# CONTEXT CPU 1 0
# CONTEXT CPU 2 0
CPU 1 0 0
CPU 1 1 1
CPU 1 2 2
BLOCK 2 1
CPU 2 0 0
# CONTEXT CPU 1 2
CPU 2 2 2
UNBLOCK 3 1
CPU 3 0 0
CPU 3 3 1
CPU 3 2 2
BLOCK 4 3
CPU 4 0 0
# CONTEXT CPU 1 4
CPU 4 2 2
UNBLOCK 5 3
# CONTEXT CPU 0 5
CPU 5 4 1
CPU 5 2 2
CPU 6 5 0
CPU 6 4 1
CPU 6 2 2
CPU 7 5 0
CPU 7 4 1
CPU 7 2 2
BLOCK 8 2
CPU 8 5 0
# CONTEXT CPU 1 8
# CONTEXT CPU 2 8
UNBLOCK 9 2
CPU 9 5 0
CPU 9 6 1
CPU 9 7 2
# CONTEXT CPU 0 10
CPU 10 6 1
CPU 10 7 2
CPU 11 8 0
CPU 11 6 1
CPU 11 7 2
CPU 12 8 0
# CONTEXT CPU 1 12
# CONTEXT CPU 2 12
CPU 13 8 0
CPU 13 9 1
CPU 13 10 2
CPU 14 8 0
CPU 14 9 1
CPU 14 10 2
BLOCK 15 9
BLOCK 15 10
# CONTEXT CPU 0 15
# CONTEXT CPU 1 15
# CONTEXT CPU 2 15
UNBLOCK 16 9
UNBLOCK 16 10
CPU 16 11 0
CPU 16 12 1
CPU 16 13 2
BLOCK 17 12
CPU 17 11 0
# CONTEXT CPU 1 17
CPU 17 13 2
BLOCK 18 13
UNBLOCK 18 12
CPU 18 11 0
CPU 18 14 1
# CONTEXT CPU 2 18
BLOCK 19 11
BLOCK 19 14
UNBLOCK 19 13
# CONTEXT CPU 0 19
# CONTEXT CPU 1 19
# CONTEXT CPU 2 19
UNBLOCK 20 11
UNBLOCK 20 14
# CONTEXT CPU 0 20
# CONTEXT CPU 1 20
# CONTEXT CPU 2 20
# CONTEXT CPU 0 21
# CONTEXT CPU 1 21
CPU 21 1 2
CPU 22 3 0
CPU 22 0 1
CPU 22 1 2
BLOCK 23 0
CPU 23 3 0
# CONTEXT CPU 1 23
CPU 23 1 2
UNBLOCK 24 0
# CONTEXT CPU 0 24
CPU 24 4 1
CPU 24 1 2
# CONTEXT CPU 0 25
CPU 25 4 1
CPU 25 1 2
# CONTEXT CPU 0 26
# CONTEXT CPU 1 26
CPU 26 1 2
CPU 27 2 0
# CONTEXT CPU 1 27
CPU 27 1 2
CPU 28 2 0
# CONTEXT CPU 1 28
# CONTEXT CPU 2 28
EXIT 29 2 0
# CONTEXT CPU 0 29
CPU 29 5 1
# CONTEXT CPU 2 29
# CONTEXT CPU 0 30
CPU 30 5 1
# CONTEXT CPU 2 30
BLOCK 31 5
# CONTEXT CPU 0 31
# CONTEXT CPU 1 31
CPU 31 6 2
UNBLOCK 32 5
CPU 32 7 0
# CONTEXT CPU 1 32
CPU 32 6 2
CPU 33 7 0
# CONTEXT CPU 1 33
CPU 33 6 2
BLOCK 34 6
CPU 34 7 0
CPU 34 8 1
# CONTEXT CPU 2 34
UNBLOCK 35 6
CPU 35 7 0
CPU 35 8 1
# CONTEXT CPU 2 35
BLOCK 36 7
# CONTEXT CPU 0 36
# CONTEXT CPU 1 36
# CONTEXT CPU 2 36
UNBLOCK 37 7
# CONTEXT CPU 0 37
CPU 37 12 1
CPU 37 9 2
BLOCK 38 12
# CONTEXT CPU 0 38
# CONTEXT CPU 1 38
CPU 38 9 2
BLOCK 39 9
UNBLOCK 39 12
CPU 39 10 0
# CONTEXT CPU 1 39
# CONTEXT CPU 2 39
BLOCK 40 10
UNBLOCK 40 9
# CONTEXT CPU 0 40
# CONTEXT CPU 1 40
# CONTEXT CPU 2 40
UNBLOCK 41 10
# CONTEXT CPU 0 41
CPU 41 13 1
# CONTEXT CPU 2 41
# CONTEXT CPU 0 42
CPU 42 13 1
CPU 42 11 2
BLOCK 43 13
CPU 43 14 0
# CONTEXT CPU 1 43
CPU 43 11 2
BLOCK 44 14
UNBLOCK 44 13
# CONTEXT CPU 0 44
CPU 44 0 1
CPU 44 11 2
UNBLOCK 45 14
CPU 45 3 0
CPU 45 0 1
CPU 45 11 2
# CONTEXT CPU 0 46
# CONTEXT CPU 1 46
CPU 46 11 2
BLOCK 47 11
# CONTEXT CPU 0 47
# CONTEXT CPU 1 47
# CONTEXT CPU 2 47
UNBLOCK 48 11
# CONTEXT CPU 0 48
# CONTEXT CPU 1 48
# CONTEXT CPU 2 48
CPU 49 4 0
CPU 49 1 1
# CONTEXT CPU 2 49
EXIT 50 1 1
CPU 50 4 0
# CONTEXT CPU 1 50
CPU 50 5 2
CPU 51 4 0
# CONTEXT CPU 1 51
CPU 51 5 2
BLOCK 52 4
# CONTEXT CPU 0 52
# CONTEXT CPU 1 52
# CONTEXT CPU 2 52
UNBLOCK 53 4
# CONTEXT CPU 0 53
CPU 53 6 1
# CONTEXT CPU 2 53
# CONTEXT CPU 0 54
CPU 54 6 1
# CONTEXT CPU 2 54
CPU 55 8 0
CPU 55 6 1
CPU 55 7 2
BLOCK 56 8
EXIT 56 6 1
# CONTEXT CPU 0 56
# CONTEXT CPU 1 56
CPU 56 7 2
EXIT 57 7 2
UNBLOCK 57 8
# CONTEXT CPU 0 57
# CONTEXT CPU 1 57
# CONTEXT CPU 2 57
# CONTEXT CPU 0 58
# CONTEXT CPU 1 58
# CONTEXT CPU 2 58
CPU 59 12 0
CPU 59 9 1
# CONTEXT CPU 2 59
BLOCK 60 12
# CONTEXT CPU 0 60
CPU 60 9 1
CPU 60 10 2
UNBLOCK 61 12
# CONTEXT CPU 0 61
CPU 61 9 1
CPU 61 10 2
# CONTEXT CPU 0 62
# CONTEXT CPU 1 62
CPU 62 10 2
CPU 63 13 0
# CONTEXT CPU 1 63
CPU 63 10 2
CPU 64 13 0
# CONTEXT CPU 1 64
CPU 64 10 2
BLOCK 65 13
# CONTEXT CPU 0 65
CPU 65 14 1
CPU 65 10 2
BLOCK 66 14
EXIT 66 10 2
UNBLOCK 66 13
CPU 66 3 0
# CONTEXT CPU 1 66
# CONTEXT CPU 2 66
UNBLOCK 67 14
# CONTEXT CPU 0 67
CPU 67 0 1
CPU 67 11 2
EXIT 68 11 2
# CONTEXT CPU 0 68
CPU 68 0 1
# CONTEXT CPU 2 68
EXIT 69 0 1
# CONTEXT CPU 0 69
# CONTEXT CPU 1 69
# CONTEXT CPU 2 69
CPU 70 5 0
# CONTEXT CPU 1 70
# CONTEXT CPU 2 70
EXIT 71 5 0
# CONTEXT CPU 0 71
# CONTEXT CPU 1 71
CPU 71 4 2
EXIT 72 4 2
CPU 72 12 0
CPU 72 8 1
# CONTEXT CPU 2 72
BLOCK 73 8
CPU 73 12 0
# CONTEXT CPU 1 73
# CONTEXT CPU 2 73
UNBLOCK 74 8
CPU 74 12 0
# CONTEXT CPU 1 74
# CONTEXT CPU 2 74
CPU 75 12 0
# CONTEXT CPU 1 75
CPU 75 9 2
BLOCK 76 12
# CONTEXT CPU 0 76
CPU 76 13 1
CPU 76 9 2
BLOCK 77 13
EXIT 77 9 2
UNBLOCK 77 12
# CONTEXT CPU 0 77
# CONTEXT CPU 1 77
# CONTEXT CPU 2 77
UNBLOCK 78 13
# CONTEXT CPU 0 78
# CONTEXT CPU 1 78
# CONTEXT CPU 2 78
CPU 79 14 0
# CONTEXT CPU 1 79
# CONTEXT CPU 2 79
BLOCK 80 14
# CONTEXT CPU 0 80
CPU 80 3 1
CPU 80 8 2
EXIT 81 8 2
UNBLOCK 81 14
CPU 81 12 0
CPU 81 3 1
# CONTEXT CPU 2 81
# CONTEXT CPU 0 82
CPU 82 3 1
# CONTEXT CPU 2 82
CPU 83 14 0
# CONTEXT CPU 1 83
# CONTEXT CPU 2 83
BLOCK 84 14
# CONTEXT CPU 0 84
# CONTEXT CPU 1 84
CPU 84 13 2
UNBLOCK 85 14
# CONTEXT CPU 0 85
# CONTEXT CPU 1 85
CPU 85 13 2
EXIT 86 13 2
# CONTEXT CPU 0 86
CPU 86 12 1
# CONTEXT CPU 2 86
EXIT 87 12 1
CPU 87 3 0
CPU 87 -1 1
# CONTEXT CPU 2 87
EXIT 88 3 0
CPU 88 -1 0
CPU 88 -1 1
# CONTEXT CPU 2 88
CPU 89 -1 0
CPU 89 -1 1
CPU 89 14 2
BLOCK 90 14
CPU 90 -1 0
CPU 90 -1 1
CPU 90 -1 2
UNBLOCK 91 14
# CONTEXT CPU 0 91
CPU 91 -1 1
CPU 91 -1 2
# CONTEXT CPU 0 92
CPU 92 -1 1
CPU 92 -1 2
# CONTEXT CPU 0 93
CPU 93 -1 1
CPU 93 -1 2
CPU 94 14 0
CPU 94 -1 1
CPU 94 -1 2
BLOCK 95 14
CPU 95 -1 0
CPU 95 -1 1
CPU 95 -1 2
UNBLOCK 96 14
# CONTEXT CPU 0 96
CPU 96 -1 1
CPU 96 -1 2
CPU 97 14 0
CPU 97 -1 1
CPU 97 -1 2
BLOCK 98 14
CPU 98 -1 0
CPU 98 -1 1
CPU 98 -1 2
UNBLOCK 99 14
# CONTEXT CPU 0 99
CPU 99 -1 1
CPU 99 -1 2
CPU 100 14 0
CPU 100 -1 1
CPU 100 -1 2
EXIT 101 14 0
CPU 101 -1 0
CPU 101 -1 1
CPU 101 -1 2
