# SETTINGS ../simusched tareas.tsk 4 1 2 SchedRR 4 1 1 3 3
LOAD 0 0
LOAD 0 1
LOAD 0 2
LOAD 0 3
LOAD 0 4
LOAD 0 5
LOAD 0 6
LOAD 0 7
LOAD 0 8
LOAD 0 9
LOAD 0 10
LOAD 0 11
LOAD 0 12
LOAD 0 13
LOAD 0 14
# CONTEXT CPU 0 0
# CONTEXT CPU 1 0
# CONTEXT CPU 2 0
# CONTEXT CPU 3 0
CPU 1 0 0
CPU 1 1 1
CPU 1 2 2
CPU 1 3 3
CPU 2 0 0
CPU 2 1 1
CPU 2 2 2
CPU 2 3 3
CPU 3 0 0
# CONTEXT CPU 1 3
# CONTEXT CPU 2 3
CPU 3 3 3
BLOCK 4 0
# CONTEXT CPU 0 4
CPU 4 4 1
CPU 4 5 2
CPU 4 3 3
UNBLOCK 5 0
CPU 5 6 0
CPU 5 4 1
CPU 5 5 2
# CONTEXT CPU 3 5
BLOCK 6 5
CPU 6 6 0
# CONTEXT CPU 1 6
# CONTEXT CPU 2 6
CPU 6 7 3
UNBLOCK 7 5
CPU 7 6 0
CPU 7 8 1
CPU 7 9 2
CPU 7 7 3
BLOCK 8 9
# CONTEXT CPU 0 8
CPU 8 8 1
# CONTEXT CPU 2 8
CPU 8 7 3
BLOCK 9 8
UNBLOCK 9 9
CPU 9 10 0
# CONTEXT CPU 1 9
CPU 9 11 2
CPU 9 7 3
BLOCK 10 10
UNBLOCK 10 8
# CONTEXT CPU 0 10
CPU 10 12 1
# CONTEXT CPU 2 10
# CONTEXT CPU 3 10
UNBLOCK 11 10
CPU 11 13 0
# CONTEXT CPU 1 11
CPU 11 14 2
# CONTEXT CPU 3 11
BLOCK 12 14
CPU 12 13 0
# CONTEXT CPU 1 12
# CONTEXT CPU 2 12
# CONTEXT CPU 3 12
UNBLOCK 13 14
CPU 13 13 0
# CONTEXT CPU 1 13
# CONTEXT CPU 2 13
CPU 13 1 3
CPU 14 13 0
CPU 14 2 1
# CONTEXT CPU 2 14
CPU 14 1 3
BLOCK 15 13
# CONTEXT CPU 0 15
CPU 15 2 1
CPU 15 0 2
CPU 15 1 3
UNBLOCK 16 13
# CONTEXT CPU 0 16
# CONTEXT CPU 1 16
CPU 16 0 2
CPU 16 1 3
# CONTEXT CPU 0 17
CPU 17 4 1
# CONTEXT CPU 2 17
# CONTEXT CPU 3 17
CPU 18 3 0
CPU 18 4 1
CPU 18 5 2
# CONTEXT CPU 3 18
BLOCK 19 3
# CONTEXT CPU 0 19
# CONTEXT CPU 1 19
CPU 19 5 2
# CONTEXT CPU 3 19
UNBLOCK 20 3
# CONTEXT CPU 0 20
CPU 20 8 1
# CONTEXT CPU 2 20
CPU 20 6 3
BLOCK 21 6
# CONTEXT CPU 0 21
CPU 21 8 1
CPU 21 11 2
# CONTEXT CPU 3 21
BLOCK 22 8
UNBLOCK 22 6
CPU 22 9 0
# CONTEXT CPU 1 22
CPU 22 11 2
CPU 22 7 3
BLOCK 23 11
UNBLOCK 23 8
CPU 23 9 0
# CONTEXT CPU 1 23
# CONTEXT CPU 2 23
CPU 23 7 3
UNBLOCK 24 11
# CONTEXT CPU 0 24
# CONTEXT CPU 1 24
# CONTEXT CPU 2 24
CPU 24 7 3
# CONTEXT CPU 0 25
CPU 25 10 1
# CONTEXT CPU 2 25
CPU 25 7 3
BLOCK 26 7
# CONTEXT CPU 0 26
# CONTEXT CPU 1 26
CPU 26 12 2
# CONTEXT CPU 3 26
BLOCK 27 12
UNBLOCK 27 7
CPU 27 14 0
# CONTEXT CPU 1 27
# CONTEXT CPU 2 27
# CONTEXT CPU 3 27
BLOCK 28 14
UNBLOCK 28 12
# CONTEXT CPU 0 28
# CONTEXT CPU 1 28
CPU 28 0 2
# CONTEXT CPU 3 28
UNBLOCK 29 14
# CONTEXT CPU 0 29
CPU 29 13 1
# CONTEXT CPU 2 29
CPU 29 2 3
BLOCK 30 13
# CONTEXT CPU 0 30
# CONTEXT CPU 1 30
# CONTEXT CPU 2 30
# CONTEXT CPU 3 30
UNBLOCK 31 13
CPU 31 1 0
# CONTEXT CPU 1 31
# CONTEXT CPU 2 31
# CONTEXT CPU 3 31
CPU 32 1 0
# CONTEXT CPU 1 32
CPU 32 4 2
# CONTEXT CPU 3 32
BLOCK 33 1
# CONTEXT CPU 0 33
CPU 33 3 1
CPU 33 4 2
CPU 33 5 3
UNBLOCK 34 1
# CONTEXT CPU 0 34
CPU 34 3 1
# CONTEXT CPU 2 34
CPU 34 5 3
# CONTEXT CPU 0 35
# CONTEXT CPU 1 35
# CONTEXT CPU 2 35
CPU 35 5 3
CPU 36 6 0
# CONTEXT CPU 1 36
# CONTEXT CPU 2 36
CPU 36 5 3
CPU 37 6 0
# CONTEXT CPU 1 37
CPU 37 8 2
# CONTEXT CPU 3 37
CPU 38 6 0
CPU 38 11 1
CPU 38 8 2
# CONTEXT CPU 3 38
BLOCK 39 11
CPU 39 6 0
# CONTEXT CPU 1 39
# CONTEXT CPU 2 39
# CONTEXT CPU 3 39
UNBLOCK 40 11
# CONTEXT CPU 0 40
CPU 40 10 1
# CONTEXT CPU 2 40
CPU 40 9 3
BLOCK 41 10
BLOCK 41 9
# CONTEXT CPU 0 41
# CONTEXT CPU 1 41
# CONTEXT CPU 2 41
# CONTEXT CPU 3 41
UNBLOCK 42 9
UNBLOCK 42 10
# CONTEXT CPU 0 42
# CONTEXT CPU 1 42
CPU 42 7 2
# CONTEXT CPU 3 42
EXIT 43 7 2
CPU 43 12 0
# CONTEXT CPU 1 43
# CONTEXT CPU 2 43
# CONTEXT CPU 3 43
CPU 44 12 0
CPU 44 14 1
# CONTEXT CPU 2 44
CPU 44 0 3
BLOCK 45 12
BLOCK 45 14
# CONTEXT CPU 0 45
# CONTEXT CPU 1 45
# CONTEXT CPU 2 45
CPU 45 0 3
UNBLOCK 46 12
UNBLOCK 46 14
# CONTEXT CPU 0 46
# CONTEXT CPU 1 46
CPU 46 2 2
CPU 46 0 3
EXIT 47 0 3
# CONTEXT CPU 0 47
# CONTEXT CPU 1 47
CPU 47 2 2
# CONTEXT CPU 3 47
BLOCK 48 2
CPU 48 13 0
CPU 48 1 1
# CONTEXT CPU 2 48
# CONTEXT CPU 3 48
BLOCK 49 13
EXIT 49 1 1
UNBLOCK 49 2
# CONTEXT CPU 0 49
# CONTEXT CPU 1 49
# CONTEXT CPU 2 49
# CONTEXT CPU 3 49
UNBLOCK 50 13
# CONTEXT CPU 0 50
# CONTEXT CPU 1 50
# CONTEXT CPU 2 50
CPU 50 4 3
BLOCK 51 4
# CONTEXT CPU 0 51
# CONTEXT CPU 1 51
CPU 51 3 2
# CONTEXT CPU 3 51
UNBLOCK 52 4
CPU 52 5 0
CPU 52 8 1
# CONTEXT CPU 2 52
# CONTEXT CPU 3 52
EXIT 53 5 0
# CONTEXT CPU 0 53
CPU 53 8 1
# CONTEXT CPU 2 53
# CONTEXT CPU 3 53
# CONTEXT CPU 0 54
# CONTEXT CPU 1 54
# CONTEXT CPU 2 54
CPU 54 11 3
# CONTEXT CPU 0 55
CPU 55 10 1
CPU 55 6 2
CPU 55 11 3
EXIT 56 6 2
CPU 56 9 0
CPU 56 10 1
# CONTEXT CPU 2 56
CPU 56 11 3
CPU 57 9 0
# CONTEXT CPU 1 57
# CONTEXT CPU 2 57
CPU 57 11 3
CPU 58 9 0
CPU 58 14 1
# CONTEXT CPU 2 58
# CONTEXT CPU 3 58
BLOCK 59 14
CPU 59 9 0
# CONTEXT CPU 1 59
CPU 59 12 2
# CONTEXT CPU 3 59
UNBLOCK 60 14
CPU 60 9 0
# CONTEXT CPU 1 60
CPU 60 12 2
# CONTEXT CPU 3 60
EXIT 61 9 0
# CONTEXT CPU 0 61
# CONTEXT CPU 1 61
# CONTEXT CPU 2 61
CPU 61 2 3
# CONTEXT CPU 0 62
CPU 62 13 1
CPU 62 3 2
CPU 62 2 3
BLOCK 63 13
EXIT 63 3 2
EXIT 63 2 3
# CONTEXT CPU 0 63
# CONTEXT CPU 1 63
# CONTEXT CPU 2 63
# CONTEXT CPU 3 63
UNBLOCK 64 13
CPU 64 4 0
CPU 64 8 1
# CONTEXT CPU 2 64
CPU 64 11 3
EXIT 65 8 1
EXIT 65 11 3
CPU 65 4 0
# CONTEXT CPU 1 65
# CONTEXT CPU 2 65
# CONTEXT CPU 3 65
EXIT 66 4 0
# CONTEXT CPU 0 66
CPU 66 14 1
CPU 66 10 2
# CONTEXT CPU 3 66
BLOCK 67 14
# CONTEXT CPU 0 67
CPU 67 -1 1
CPU 67 10 2
# CONTEXT CPU 3 67
UNBLOCK 68 14
# CONTEXT CPU 0 68
# CONTEXT CPU 1 68
CPU 68 10 2
CPU 68 12 3
BLOCK 69 12
CPU 69 13 0
CPU 69 14 1
CPU 69 10 2
CPU 69 -1 3
BLOCK 70 14
EXIT 70 10 2
UNBLOCK 70 12
CPU 70 13 0
# CONTEXT CPU 1 70
CPU 70 -1 2
CPU 70 -1 3
EXIT 71 13 0
UNBLOCK 71 14
# CONTEXT CPU 0 71
# CONTEXT CPU 1 71
CPU 71 -1 2
CPU 71 -1 3
# CONTEXT CPU 0 72
# CONTEXT CPU 1 72
CPU 72 -1 2
CPU 72 -1 3
# CONTEXT CPU 0 73
CPU 73 12 1
CPU 73 -1 2
CPU 73 -1 3
BLOCK 74 12
CPU 74 14 0
CPU 74 -1 1
CPU 74 -1 2
CPU 74 -1 3
BLOCK 75 14
UNBLOCK 75 12
# CONTEXT CPU 0 75
CPU 75 -1 1
CPU 75 -1 2
CPU 75 -1 3
UNBLOCK 76 14
# CONTEXT CPU 0 76
# CONTEXT CPU 1 76
CPU 76 -1 2
CPU 76 -1 3
# CONTEXT CPU 0 77
# CONTEXT CPU 1 77
CPU 77 -1 2
CPU 77 -1 3
CPU 78 12 0
# CONTEXT CPU 1 78
CPU 78 -1 2
CPU 78 -1 3
EXIT 79 12 0
CPU 79 -1 0
CPU 79 14 1
CPU 79 -1 2
CPU 79 -1 3
BLOCK 80 14
CPU 80 -1 0
CPU 80 -1 1
CPU 80 -1 2
CPU 80 -1 3
UNBLOCK 81 14
# CONTEXT CPU 0 81
CPU 81 -1 1
CPU 81 -1 2
CPU 81 -1 3
# CONTEXT CPU 0 82
CPU 82 -1 1
CPU 82 -1 2
CPU 82 -1 3
# CONTEXT CPU 0 83
CPU 83 -1 1
CPU 83 -1 2
CPU 83 -1 3
CPU 84 14 0
CPU 84 -1 1
CPU 84 -1 2
CPU 84 -1 3
EXIT 85 14 0
CPU 85 -1 0
CPU 85 -1 1
CPU 85 -1 2
CPU 85 -1 3
