# SETTINGS ../simusched tareas.tsk 4 1 2 SchedRR 4 3 5 8 8
LOAD 0 0
LOAD 0 1
LOAD 0 2
LOAD 0 3
LOAD 0 4
LOAD 0 5
LOAD 0 6
LOAD 0 7
LOAD 0 8
LOAD 0 9
LOAD 0 10
LOAD 0 11
LOAD 0 12
LOAD 0 13
LOAD 0 14
# CONTEXT CPU 0 0
# CONTEXT CPU 1 0
# CONTEXT CPU 2 0
# CONTEXT CPU 3 0
CPU 1 0 0
CPU 1 1 1
CPU 1 2 2
CPU 1 3 3
CPU 2 0 0
CPU 2 1 1
CPU 2 2 2
CPU 2 3 3
CPU 3 0 0
CPU 3 1 1
CPU 3 2 2
CPU 3 3 3
BLOCK 4 0
BLOCK 4 1
BLOCK 4 3
# CONTEXT CPU 0 4
# CONTEXT CPU 1 4
CPU 4 2 2
# CONTEXT CPU 3 4
BLOCK 5 2
UNBLOCK 5 0
UNBLOCK 5 1
UNBLOCK 5 3
CPU 5 4 0
CPU 5 5 1
# CONTEXT CPU 2 5
CPU 5 6 3
UNBLOCK 6 2
CPU 6 4 0
CPU 6 5 1
CPU 6 7 2
CPU 6 6 3
CPU 7 4 0
# CONTEXT CPU 1 7
CPU 7 7 2
CPU 7 6 3
# CONTEXT CPU 0 8
CPU 8 8 1
CPU 8 7 2
CPU 8 6 3
BLOCK 9 8
CPU 9 9 0
# CONTEXT CPU 1 9
# CONTEXT CPU 2 9
CPU 9 6 3
UNBLOCK 10 8
CPU 10 9 0
CPU 10 10 1
CPU 10 11 2
CPU 10 6 3
CPU 11 9 0
CPU 11 10 1
CPU 11 11 2
CPU 11 6 3
BLOCK 12 9
BLOCK 12 10
# CONTEXT CPU 0 12
# CONTEXT CPU 1 12
CPU 12 11 2
# CONTEXT CPU 3 12
UNBLOCK 13 9
UNBLOCK 13 10
CPU 13 12 0
CPU 13 13 1
CPU 13 11 2
CPU 13 14 3
BLOCK 14 11
BLOCK 14 14
CPU 14 12 0
CPU 14 13 1
# CONTEXT CPU 2 14
# CONTEXT CPU 3 14
BLOCK 15 12
UNBLOCK 15 11
UNBLOCK 15 14
# CONTEXT CPU 0 15
CPU 15 13 1
# CONTEXT CPU 2 15
# CONTEXT CPU 3 15
BLOCK 16 13
UNBLOCK 16 12
# CONTEXT CPU 0 16
# CONTEXT CPU 1 16
# CONTEXT CPU 2 16
# CONTEXT CPU 3 16
UNBLOCK 17 13
# CONTEXT CPU 0 17
# CONTEXT CPU 1 17
CPU 17 0 2
CPU 17 1 3
CPU 18 3 0
# CONTEXT CPU 1 18
CPU 18 0 2
CPU 18 1 3
CPU 19 3 0
CPU 19 2 1
CPU 19 0 2
CPU 19 1 3
# CONTEXT CPU 0 20
# CONTEXT CPU 1 20
# CONTEXT CPU 2 20
CPU 20 1 3
# CONTEXT CPU 0 21
# CONTEXT CPU 1 21
CPU 21 7 2
CPU 21 1 3
BLOCK 22 7
# CONTEXT CPU 0 22
# CONTEXT CPU 1 22
# CONTEXT CPU 2 22
CPU 22 1 3
EXIT 23 1 3
UNBLOCK 23 7
CPU 23 5 0
CPU 23 4 1
# CONTEXT CPU 2 23
# CONTEXT CPU 3 23
BLOCK 24 4
CPU 24 5 0
# CONTEXT CPU 1 24
# CONTEXT CPU 2 24
CPU 24 6 3
BLOCK 25 6
UNBLOCK 25 4
CPU 25 5 0
# CONTEXT CPU 1 25
CPU 25 8 2
# CONTEXT CPU 3 25
UNBLOCK 26 6
CPU 26 5 0
# CONTEXT CPU 1 26
CPU 26 8 2
# CONTEXT CPU 3 26
BLOCK 27 5
# CONTEXT CPU 0 27
CPU 27 9 1
CPU 27 8 2
# CONTEXT CPU 3 27
UNBLOCK 28 5
# CONTEXT CPU 0 28
CPU 28 9 1
CPU 28 8 2
CPU 28 10 3
# CONTEXT CPU 0 29
CPU 29 9 1
CPU 29 8 2
CPU 29 10 3
BLOCK 30 10
CPU 30 11 0
CPU 30 9 1
CPU 30 8 2
# CONTEXT CPU 3 30
BLOCK 31 9
UNBLOCK 31 10
CPU 31 11 0
# CONTEXT CPU 1 31
# CONTEXT CPU 2 31
CPU 31 14 3
BLOCK 32 14
UNBLOCK 32 9
# CONTEXT CPU 0 32
# CONTEXT CPU 1 32
# CONTEXT CPU 2 32
# CONTEXT CPU 3 32
UNBLOCK 33 14
CPU 33 3 0
# CONTEXT CPU 1 33
# CONTEXT CPU 2 33
# CONTEXT CPU 3 33
CPU 34 3 0
CPU 34 12 1
CPU 34 13 2
# CONTEXT CPU 3 34
BLOCK 35 13
CPU 35 3 0
# CONTEXT CPU 1 35
# CONTEXT CPU 2 35
CPU 35 2 3
UNBLOCK 36 13
CPU 36 3 0
# CONTEXT CPU 1 36
CPU 36 7 2
CPU 36 2 3
EXIT 37 3 0
# CONTEXT CPU 0 37
# CONTEXT CPU 1 37
CPU 37 7 2
CPU 37 2 3
# CONTEXT CPU 0 38
CPU 38 0 1
CPU 38 7 2
CPU 38 2 3
EXIT 39 2 3
# CONTEXT CPU 0 39
CPU 39 0 1
CPU 39 7 2
# CONTEXT CPU 3 39
CPU 40 4 0
CPU 40 0 1
CPU 40 7 2
CPU 40 6 3
EXIT 41 0 1
EXIT 41 7 2
EXIT 41 6 3
CPU 41 4 0
# CONTEXT CPU 1 41
# CONTEXT CPU 2 41
# CONTEXT CPU 3 41
CPU 42 4 0
# CONTEXT CPU 1 42
# CONTEXT CPU 2 42
# CONTEXT CPU 3 42
CPU 43 4 0
# CONTEXT CPU 1 43
# CONTEXT CPU 2 43
# CONTEXT CPU 3 43
CPU 44 4 0
CPU 44 5 1
CPU 44 10 2
CPU 44 8 3
EXIT 45 4 0
BLOCK 45 8
# CONTEXT CPU 0 45
CPU 45 5 1
CPU 45 10 2
# CONTEXT CPU 3 45
UNBLOCK 46 8
# CONTEXT CPU 0 46
CPU 46 5 1
CPU 46 10 2
# CONTEXT CPU 3 46
EXIT 47 5 1
# CONTEXT CPU 0 47
# CONTEXT CPU 1 47
CPU 47 10 2
# CONTEXT CPU 3 47
CPU 48 9 0
# CONTEXT CPU 1 48
CPU 48 10 2
CPU 48 11 3
EXIT 49 10 2
CPU 49 9 0
# CONTEXT CPU 1 49
# CONTEXT CPU 2 49
CPU 49 11 3
EXIT 50 9 0
BLOCK 50 11
# CONTEXT CPU 0 50
CPU 50 14 1
# CONTEXT CPU 2 50
# CONTEXT CPU 3 50
BLOCK 51 14
UNBLOCK 51 11
# CONTEXT CPU 0 51
# CONTEXT CPU 1 51
# CONTEXT CPU 2 51
CPU 51 8 3
EXIT 52 8 3
UNBLOCK 52 14
# CONTEXT CPU 0 52
# CONTEXT CPU 1 52
CPU 52 12 2
# CONTEXT CPU 3 52
BLOCK 53 12
CPU 53 13 0
# CONTEXT CPU 1 53
CPU 53 -1 2
# CONTEXT CPU 3 53
BLOCK 54 13
UNBLOCK 54 12
# CONTEXT CPU 0 54
CPU 54 11 1
CPU 54 -1 2
# CONTEXT CPU 3 54
EXIT 55 11 1
UNBLOCK 55 13
# CONTEXT CPU 0 55
# CONTEXT CPU 1 55
CPU 55 -1 2
CPU 55 14 3
BLOCK 56 14
# CONTEXT CPU 0 56
# CONTEXT CPU 1 56
CPU 56 -1 2
CPU 56 -1 3
UNBLOCK 57 14
CPU 57 12 0
# CONTEXT CPU 1 57
# CONTEXT CPU 2 57
CPU 57 -1 3
BLOCK 58 12
CPU 58 -1 0
CPU 58 13 1
# CONTEXT CPU 2 58
CPU 58 -1 3
UNBLOCK 59 12
# CONTEXT CPU 0 59
CPU 59 13 1
# CONTEXT CPU 2 59
CPU 59 -1 3
CPU 60 12 0
CPU 60 13 1
CPU 60 14 2
CPU 60 -1 3
BLOCK 61 12
BLOCK 61 13
BLOCK 61 14
CPU 61 -1 0
CPU 61 -1 1
CPU 61 -1 2
CPU 61 -1 3
UNBLOCK 62 12
UNBLOCK 62 13
UNBLOCK 62 14
# CONTEXT CPU 0 62
# CONTEXT CPU 1 62
# CONTEXT CPU 2 62
CPU 62 -1 3
CPU 63 12 0
CPU 63 13 1
CPU 63 14 2
CPU 63 -1 3
EXIT 64 13 1
BLOCK 64 14
CPU 64 12 0
CPU 64 -1 1
CPU 64 -1 2
CPU 64 -1 3
UNBLOCK 65 14
CPU 65 12 0
# CONTEXT CPU 1 65
CPU 65 -1 2
CPU 65 -1 3
EXIT 66 12 0
CPU 66 -1 0
# CONTEXT CPU 1 66
CPU 66 -1 2
CPU 66 -1 3
CPU 67 -1 0
# CONTEXT CPU 1 67
CPU 67 -1 2
CPU 67 -1 3
CPU 68 -1 0
CPU 68 14 1
CPU 68 -1 2
CPU 68 -1 3
BLOCK 69 14
CPU 69 -1 0
CPU 69 -1 1
CPU 69 -1 2
CPU 69 -1 3
UNBLOCK 70 14
# CONTEXT CPU 0 70
CPU 70 -1 1
CPU 70 -1 2
CPU 70 -1 3
# CONTEXT CPU 0 71
CPU 71 -1 1
CPU 71 -1 2
CPU 71 -1 3
# CONTEXT CPU 0 72
CPU 72 -1 1
CPU 72 -1 2
CPU 72 -1 3
CPU 73 14 0
CPU 73 -1 1
CPU 73 -1 2
CPU 73 -1 3
BLOCK 74 14
CPU 74 -1 0
CPU 74 -1 1
CPU 74 -1 2
CPU 74 -1 3
UNBLOCK 75 14
# CONTEXT CPU 0 75
CPU 75 -1 1
CPU 75 -1 2
CPU 75 -1 3
CPU 76 14 0
CPU 76 -1 1
CPU 76 -1 2
CPU 76 -1 3
EXIT 77 14 0
CPU 77 -1 0
CPU 77 -1 1
CPU 77 -1 2
CPU 77 -1 3
