# SETTINGS ../simusched tareas.tsk 4 1 2 SchedRR 4 1 1 8 8
LOAD 0 0
LOAD 0 1
LOAD 0 2
LOAD 0 3
LOAD 0 4
LOAD 0 5
LOAD 0 6
LOAD 0 7
LOAD 0 8
LOAD 0 9
LOAD 0 10
LOAD 0 11
LOAD 0 12
LOAD 0 13
LOAD 0 14
# CONTEXT CPU 0 0
# CONTEXT CPU 1 0
# CONTEXT CPU 2 0
# CONTEXT CPU 3 0
CPU 1 0 0
CPU 1 1 1
CPU 1 2 2
CPU 1 3 3
CPU 2 0 0
CPU 2 1 1
CPU 2 2 2
CPU 2 3 3
CPU 3 0 0
# CONTEXT CPU 1 3
# CONTEXT CPU 2 3
CPU 3 3 3
BLOCK 4 0
# CONTEXT CPU 0 4
CPU 4 4 1
CPU 4 5 2
CPU 4 3 3
UNBLOCK 5 0
CPU 5 6 0
CPU 5 4 1
CPU 5 5 2
CPU 5 3 3
BLOCK 6 5
BLOCK 6 3
CPU 6 6 0
# CONTEXT CPU 1 6
# CONTEXT CPU 2 6
# CONTEXT CPU 3 6
UNBLOCK 7 3
UNBLOCK 7 5
CPU 7 6 0
CPU 7 7 1
CPU 7 8 2
CPU 7 9 3
BLOCK 8 9
# CONTEXT CPU 0 8
CPU 8 7 1
# CONTEXT CPU 2 8
# CONTEXT CPU 3 8
UNBLOCK 9 9
CPU 9 10 0
# CONTEXT CPU 1 9
CPU 9 11 2
CPU 9 12 3
BLOCK 10 10
# CONTEXT CPU 0 10
CPU 10 13 1
CPU 10 11 2
CPU 10 12 3
BLOCK 11 12
UNBLOCK 11 10
CPU 11 14 0
CPU 11 13 1
# CONTEXT CPU 2 11
# CONTEXT CPU 3 11
BLOCK 12 14
UNBLOCK 12 12
# CONTEXT CPU 0 12
# CONTEXT CPU 1 12
# CONTEXT CPU 2 12
# CONTEXT CPU 3 12
UNBLOCK 13 14
CPU 13 0 0
CPU 13 4 1
# CONTEXT CPU 2 13
# CONTEXT CPU 3 13
CPU 14 0 0
CPU 14 4 1
CPU 14 1 2
CPU 14 2 3
CPU 15 0 0
# CONTEXT CPU 1 15
CPU 15 1 2
CPU 15 2 3
CPU 16 0 0
# CONTEXT CPU 1 16
# CONTEXT CPU 2 16
CPU 16 2 3
CPU 17 0 0
# CONTEXT CPU 1 17
CPU 17 5 2
CPU 17 2 3
# CONTEXT CPU 0 18
CPU 18 3 1
CPU 18 5 2
# CONTEXT CPU 3 18
CPU 19 6 0
CPU 19 3 1
# CONTEXT CPU 2 19
# CONTEXT CPU 3 19
BLOCK 20 6
# CONTEXT CPU 0 20
# CONTEXT CPU 1 20
# CONTEXT CPU 2 20
# CONTEXT CPU 3 20
UNBLOCK 21 6
# CONTEXT CPU 0 21
# CONTEXT CPU 1 21
# CONTEXT CPU 2 21
CPU 21 8 3
BLOCK 22 8
# CONTEXT CPU 0 22
# CONTEXT CPU 1 22
CPU 22 9 2
# CONTEXT CPU 3 22
UNBLOCK 23 8
CPU 23 7 0
CPU 23 10 1
CPU 23 9 2
# CONTEXT CPU 3 23
CPU 24 7 0
CPU 24 10 1
# CONTEXT CPU 2 24
# CONTEXT CPU 3 24
BLOCK 25 10
CPU 25 7 0
# CONTEXT CPU 1 25
# CONTEXT CPU 2 25
CPU 25 11 3
BLOCK 26 11
UNBLOCK 26 10
CPU 26 7 0
CPU 26 13 1
# CONTEXT CPU 2 26
# CONTEXT CPU 3 26
UNBLOCK 27 11
CPU 27 7 0
# CONTEXT CPU 1 27
CPU 27 12 2
# CONTEXT CPU 3 27
# CONTEXT CPU 0 28
CPU 28 4 1
CPU 28 12 2
# CONTEXT CPU 3 28
BLOCK 29 12
# CONTEXT CPU 0 29
CPU 29 4 1
# CONTEXT CPU 2 29
CPU 29 14 3
BLOCK 30 14
UNBLOCK 30 12
# CONTEXT CPU 0 30
# CONTEXT CPU 1 30
# CONTEXT CPU 2 30
# CONTEXT CPU 3 30
UNBLOCK 31 14
CPU 31 1 0
# CONTEXT CPU 1 31
# CONTEXT CPU 2 31
# CONTEXT CPU 3 31
CPU 32 1 0
# CONTEXT CPU 1 32
CPU 32 0 2
# CONTEXT CPU 3 32
EXIT 33 0 2
CPU 33 1 0
CPU 33 2 1
# CONTEXT CPU 2 33
CPU 33 5 3
BLOCK 34 2
CPU 34 1 0
# CONTEXT CPU 1 34
# CONTEXT CPU 2 34
CPU 34 5 3
BLOCK 35 1
UNBLOCK 35 2
# CONTEXT CPU 0 35
# CONTEXT CPU 1 35
# CONTEXT CPU 2 35
CPU 35 5 3
UNBLOCK 36 1
# CONTEXT CPU 0 36
# CONTEXT CPU 1 36
CPU 36 3 2
CPU 36 5 3
# CONTEXT CPU 0 37
CPU 37 6 1
CPU 37 3 2
CPU 37 5 3
EXIT 38 3 2
EXIT 38 5 3
CPU 38 8 0
CPU 38 6 1
# CONTEXT CPU 2 38
# CONTEXT CPU 3 38
CPU 39 8 0
# CONTEXT CPU 1 39
CPU 39 9 2
# CONTEXT CPU 3 39
BLOCK 40 8
BLOCK 40 9
# CONTEXT CPU 0 40
# CONTEXT CPU 1 40
# CONTEXT CPU 2 40
# CONTEXT CPU 3 40
UNBLOCK 41 8
UNBLOCK 41 9
# CONTEXT CPU 0 41
# CONTEXT CPU 1 41
# CONTEXT CPU 2 41
CPU 41 10 3
# CONTEXT CPU 0 42
CPU 42 11 1
# CONTEXT CPU 2 42
CPU 42 10 3
BLOCK 43 11
CPU 43 13 0
# CONTEXT CPU 1 43
CPU 43 7 2
CPU 43 10 3
BLOCK 44 13
BLOCK 44 7
UNBLOCK 44 11
# CONTEXT CPU 0 44
# CONTEXT CPU 1 44
# CONTEXT CPU 2 44
CPU 44 10 3
UNBLOCK 45 7
UNBLOCK 45 13
# CONTEXT CPU 0 45
# CONTEXT CPU 1 45
# CONTEXT CPU 2 45
CPU 45 10 3
# CONTEXT CPU 0 46
CPU 46 12 1
# CONTEXT CPU 2 46
CPU 46 10 3
EXIT 47 10 3
CPU 47 4 0
CPU 47 12 1
CPU 47 14 2
# CONTEXT CPU 3 47
BLOCK 48 4
BLOCK 48 14
# CONTEXT CPU 0 48
# CONTEXT CPU 1 48
# CONTEXT CPU 2 48
# CONTEXT CPU 3 48
UNBLOCK 49 4
UNBLOCK 49 14
CPU 49 1 0
CPU 49 6 1
# CONTEXT CPU 2 49
# CONTEXT CPU 3 49
EXIT 50 1 0
# CONTEXT CPU 0 50
CPU 50 6 1
# CONTEXT CPU 2 50
CPU 50 2 3
# CONTEXT CPU 0 51
# CONTEXT CPU 1 51
CPU 51 8 2
CPU 51 2 3
EXIT 52 2 3
# CONTEXT CPU 0 52
CPU 52 11 1
CPU 52 8 2
# CONTEXT CPU 3 52
CPU 53 9 0
CPU 53 11 1
# CONTEXT CPU 2 53
# CONTEXT CPU 3 53
CPU 54 9 0
# CONTEXT CPU 1 54
# CONTEXT CPU 2 54
# CONTEXT CPU 3 54
CPU 55 9 0
CPU 55 12 1
# CONTEXT CPU 2 55
CPU 55 7 3
BLOCK 56 12
EXIT 56 7 3
CPU 56 9 0
# CONTEXT CPU 1 56
CPU 56 13 2
# CONTEXT CPU 3 56
BLOCK 57 13
UNBLOCK 57 12
CPU 57 9 0
# CONTEXT CPU 1 57
# CONTEXT CPU 2 57
# CONTEXT CPU 3 57
EXIT 58 9 0
UNBLOCK 58 13
# CONTEXT CPU 0 58
# CONTEXT CPU 1 58
# CONTEXT CPU 2 58
# CONTEXT CPU 3 58
# CONTEXT CPU 0 59
CPU 59 4 1
# CONTEXT CPU 2 59
CPU 59 14 3
BLOCK 60 14
# CONTEXT CPU 0 60
CPU 60 4 1
CPU 60 6 2
# CONTEXT CPU 3 60
EXIT 61 4 1
EXIT 61 6 2
UNBLOCK 61 14
CPU 61 8 0
# CONTEXT CPU 1 61
# CONTEXT CPU 2 61
# CONTEXT CPU 3 61
CPU 62 8 0
CPU 62 12 1
CPU 62 13 2
# CONTEXT CPU 3 62
BLOCK 63 12
BLOCK 63 13
CPU 63 8 0
# CONTEXT CPU 1 63
CPU 63 -1 2
CPU 63 11 3
EXIT 64 8 0
UNBLOCK 64 12
UNBLOCK 64 13
# CONTEXT CPU 0 64
# CONTEXT CPU 1 64
# CONTEXT CPU 2 64
CPU 64 11 3
# CONTEXT CPU 0 65
# CONTEXT CPU 1 65
CPU 65 13 2
CPU 65 11 3
BLOCK 66 13
EXIT 66 11 3
# CONTEXT CPU 0 66
CPU 66 14 1
CPU 66 -1 2
CPU 66 -1 3
BLOCK 67 14
UNBLOCK 67 13
CPU 67 12 0
# CONTEXT CPU 1 67
CPU 67 -1 2
CPU 67 -1 3
EXIT 68 12 0
UNBLOCK 68 14
# CONTEXT CPU 0 68
# CONTEXT CPU 1 68
CPU 68 -1 2
CPU 68 -1 3
# CONTEXT CPU 0 69
# CONTEXT CPU 1 69
CPU 69 -1 2
CPU 69 -1 3
# CONTEXT CPU 0 70
CPU 70 13 1
CPU 70 -1 2
CPU 70 -1 3
CPU 71 14 0
CPU 71 13 1
CPU 71 -1 2
CPU 71 -1 3
BLOCK 72 14
EXIT 72 13 1
CPU 72 -1 0
CPU 72 -1 1
CPU 72 -1 2
CPU 72 -1 3
UNBLOCK 73 14
# CONTEXT CPU 0 73
CPU 73 -1 1
CPU 73 -1 2
CPU 73 -1 3
CPU 74 14 0
CPU 74 -1 1
CPU 74 -1 2
CPU 74 -1 3
BLOCK 75 14
CPU 75 -1 0
CPU 75 -1 1
CPU 75 -1 2
CPU 75 -1 3
UNBLOCK 76 14
# CONTEXT CPU 0 76
CPU 76 -1 1
CPU 76 -1 2
CPU 76 -1 3
CPU 77 14 0
CPU 77 -1 1
CPU 77 -1 2
CPU 77 -1 3
BLOCK 78 14
CPU 78 -1 0
CPU 78 -1 1
CPU 78 -1 2
CPU 78 -1 3
UNBLOCK 79 14
# CONTEXT CPU 0 79
CPU 79 -1 1
CPU 79 -1 2
CPU 79 -1 3
CPU 80 14 0
CPU 80 -1 1
CPU 80 -1 2
CPU 80 -1 3
EXIT 81 14 0
CPU 81 -1 0
CPU 81 -1 1
CPU 81 -1 2
CPU 81 -1 3
