# SETTINGS ../simusched tareas.tsk 2 1 2 SchedRR 2 5 7
LOAD 0 0
LOAD 0 1
LOAD 0 2
LOAD 0 3
# CONTEXT CPU 0 0
# CONTEXT CPU 1 0
CPU 1 0 0
CPU 1 1 1
BLOCK 2 0
# CONTEXT CPU 0 2
CPU 2 1 1
BLOCK 3 1
UNBLOCK 3 0
CPU 3 2 0
# CONTEXT CPU 1 3
UNBLOCK 4 1
CPU 4 2 0
CPU 4 3 1
BLOCK 5 2
BLOCK 5 3
# CONTEXT CPU 0 5
# CONTEXT CPU 1 5
UNBLOCK 6 2
UNBLOCK 6 3
CPU 6 0 0
CPU 6 1 1
CPU 7 0 0
CPU 7 1 1
# CONTEXT CPU 0 8
CPU 8 1 1
CPU 9 2 0
CPU 9 1 1
BLOCK 10 1
CPU 10 2 0
# CONTEXT CPU 1 10
UNBLOCK 11 1
CPU 11 2 0
CPU 11 3 1
BLOCK 12 2
BLOCK 12 3
# CONTEXT CPU 0 12
# CONTEXT CPU 1 12
UNBLOCK 13 2
UNBLOCK 13 3
CPU 13 0 0
CPU 13 1 1
# CONTEXT CPU 0 14
CPU 14 1 1
CPU 15 2 0
# CONTEXT CPU 1 15
BLOCK 16 2
# CONTEXT CPU 0 16
CPU 16 3 1
BLOCK 17 3
UNBLOCK 17 2
CPU 17 0 0
# CONTEXT CPU 1 17
UNBLOCK 18 3
CPU 18 0 0
CPU 18 1 1
EXIT 19 1 1
CPU 19 0 0
# CONTEXT CPU 1 19
# CONTEXT CPU 0 20
# CONTEXT CPU 1 20
# CONTEXT CPU 0 21
# CONTEXT CPU 1 21
# CONTEXT CPU 0 22
CPU 22 2 1
CPU 23 3 0
CPU 23 2 1
BLOCK 24 3
BLOCK 24 2
# CONTEXT CPU 0 24
CPU 24 -1 1
UNBLOCK 25 2
UNBLOCK 25 3
CPU 25 0 0
# CONTEXT CPU 1 25
CPU 26 0 0
CPU 26 2 1
EXIT 27 0 0
EXIT 27 2 1
# CONTEXT CPU 0 27
CPU 27 -1 1
CPU 28 3 0
CPU 28 -1 1
BLOCK 29 3
CPU 29 -1 0
CPU 29 -1 1
UNBLOCK 30 3
# CONTEXT CPU 0 30
CPU 30 -1 1
CPU 31 3 0
CPU 31 -1 1
BLOCK 32 3
CPU 32 -1 0
CPU 32 -1 1
UNBLOCK 33 3
# CONTEXT CPU 0 33
CPU 33 -1 1
CPU 34 3 0
CPU 34 -1 1
BLOCK 35 3
CPU 35 -1 0
CPU 35 -1 1
UNBLOCK 36 3
# CONTEXT CPU 0 36
CPU 36 -1 1
CPU 37 3 0
CPU 37 -1 1
BLOCK 38 3
CPU 38 -1 0
CPU 38 -1 1
UNBLOCK 39 3
# CONTEXT CPU 0 39
CPU 39 -1 1
CPU 40 3 0
CPU 40 -1 1
EXIT 41 3 0
CPU 41 -1 0
CPU 41 -1 1
