# SETTINGS ../simusched tareas.tsk 4 1 2 SchedRR 4 1 7 7 8
LOAD 0 0
LOAD 0 1
LOAD 0 2
LOAD 0 3
LOAD 0 4
LOAD 0 5
LOAD 0 6
LOAD 0 7
LOAD 0 8
LOAD 0 9
LOAD 0 10
LOAD 0 11
LOAD 0 12
LOAD 0 13
LOAD 0 14
# CONTEXT CPU 0 0
# CONTEXT CPU 1 0
# CONTEXT CPU 2 0
# CONTEXT CPU 3 0
CPU 1 0 0
CPU 1 1 1
CPU 1 2 2
CPU 1 3 3
CPU 2 0 0
CPU 2 1 1
CPU 2 2 2
CPU 2 3 3
BLOCK 3 0
# CONTEXT CPU 0 3
# CONTEXT CPU 1 3
CPU 3 2 2
CPU 3 3 3
BLOCK 4 2
UNBLOCK 4 0
CPU 4 4 0
CPU 4 5 1
# CONTEXT CPU 2 4
CPU 4 3 3
UNBLOCK 5 2
CPU 5 4 0
CPU 5 5 1
CPU 5 6 2
CPU 5 3 3
CPU 6 4 0
# CONTEXT CPU 1 6
CPU 6 6 2
CPU 6 3 3
CPU 7 4 0
CPU 7 7 1
CPU 7 6 2
CPU 7 3 3
BLOCK 8 7
BLOCK 8 3
# CONTEXT CPU 0 8
# CONTEXT CPU 1 8
CPU 8 6 2
# CONTEXT CPU 3 8
UNBLOCK 9 3
UNBLOCK 9 7
CPU 9 8 0
CPU 9 9 1
CPU 9 6 2
CPU 9 10 3
BLOCK 10 8
# CONTEXT CPU 0 10
CPU 10 9 1
CPU 10 6 2
CPU 10 10 3
UNBLOCK 11 8
CPU 11 11 0
# CONTEXT CPU 1 11
# CONTEXT CPU 2 11
# CONTEXT CPU 3 11
CPU 12 11 0
CPU 12 12 1
CPU 12 13 2
CPU 12 14 3
BLOCK 13 12
BLOCK 13 13
BLOCK 13 14
CPU 13 11 0
# CONTEXT CPU 1 13
# CONTEXT CPU 2 13
# CONTEXT CPU 3 13
UNBLOCK 14 12
UNBLOCK 14 13
UNBLOCK 14 14
CPU 14 11 0
CPU 14 1 1
# CONTEXT CPU 2 14
# CONTEXT CPU 3 14
BLOCK 15 11
# CONTEXT CPU 0 15
CPU 15 1 1
# CONTEXT CPU 2 15
# CONTEXT CPU 3 15
UNBLOCK 16 11
# CONTEXT CPU 0 16
# CONTEXT CPU 1 16
CPU 16 0 2
CPU 16 2 3
# CONTEXT CPU 0 17
# CONTEXT CPU 1 17
CPU 17 0 2
CPU 17 2 3
CPU 18 5 0
# CONTEXT CPU 1 18
CPU 18 0 2
CPU 18 2 3
CPU 19 5 0
CPU 19 4 1
CPU 19 0 2
CPU 19 2 3
BLOCK 20 5
# CONTEXT CPU 0 20
CPU 20 4 1
CPU 20 0 2
CPU 20 2 3
UNBLOCK 21 5
# CONTEXT CPU 0 21
# CONTEXT CPU 1 21
CPU 21 0 2
CPU 21 2 3
EXIT 22 2 3
# CONTEXT CPU 0 22
CPU 22 7 1
CPU 22 0 2
# CONTEXT CPU 3 22
EXIT 23 0 2
CPU 23 3 0
CPU 23 7 1
# CONTEXT CPU 2 23
# CONTEXT CPU 3 23
# CONTEXT CPU 0 24
# CONTEXT CPU 1 24
# CONTEXT CPU 2 24
# CONTEXT CPU 3 24
# CONTEXT CPU 0 25
# CONTEXT CPU 1 25
# CONTEXT CPU 2 25
CPU 25 8 3
# CONTEXT CPU 0 26
# CONTEXT CPU 1 26
CPU 26 9 2
CPU 26 8 3
CPU 27 6 0
CPU 27 10 1
CPU 27 9 2
CPU 27 8 3
BLOCK 28 6
BLOCK 28 10
# CONTEXT CPU 0 28
# CONTEXT CPU 1 28
CPU 28 9 2
CPU 28 8 3
UNBLOCK 29 6
UNBLOCK 29 10
# CONTEXT CPU 0 29
# CONTEXT CPU 1 29
CPU 29 9 2
CPU 29 8 3
BLOCK 30 9
# CONTEXT CPU 0 30
# CONTEXT CPU 1 30
# CONTEXT CPU 2 30
CPU 30 8 3
BLOCK 31 8
UNBLOCK 31 9
CPU 31 12 0
CPU 31 13 1
# CONTEXT CPU 2 31
# CONTEXT CPU 3 31
BLOCK 32 12
BLOCK 32 13
UNBLOCK 32 8
# CONTEXT CPU 0 32
# CONTEXT CPU 1 32
# CONTEXT CPU 2 32
# CONTEXT CPU 3 32
UNBLOCK 33 12
UNBLOCK 33 13
# CONTEXT CPU 0 33
# CONTEXT CPU 1 33
CPU 33 14 2
# CONTEXT CPU 3 33
BLOCK 34 14
# CONTEXT CPU 0 34
# CONTEXT CPU 1 34
# CONTEXT CPU 2 34
CPU 34 11 3
UNBLOCK 35 14
CPU 35 1 0
CPU 35 5 1
# CONTEXT CPU 2 35
CPU 35 11 3
CPU 36 1 0
CPU 36 5 1
# CONTEXT CPU 2 36
CPU 36 11 3
CPU 37 1 0
# CONTEXT CPU 1 37
CPU 37 4 2
# CONTEXT CPU 3 37
CPU 38 1 0
# CONTEXT CPU 1 38
CPU 38 4 2
# CONTEXT CPU 3 38
BLOCK 39 1
BLOCK 39 4
# CONTEXT CPU 0 39
# CONTEXT CPU 1 39
# CONTEXT CPU 2 39
# CONTEXT CPU 3 39
UNBLOCK 40 1
UNBLOCK 40 4
CPU 40 6 0
CPU 40 3 1
# CONTEXT CPU 2 40
CPU 40 7 3
EXIT 41 3 1
CPU 41 6 0
# CONTEXT CPU 1 41
# CONTEXT CPU 2 41
CPU 41 7 3
EXIT 42 6 0
# CONTEXT CPU 0 42
# CONTEXT CPU 1 42
CPU 42 10 2
CPU 42 7 3
# CONTEXT CPU 0 43
# CONTEXT CPU 1 43
CPU 43 10 2
CPU 43 7 3
BLOCK 44 10
# CONTEXT CPU 0 44
CPU 44 9 1
# CONTEXT CPU 2 44
CPU 44 7 3
UNBLOCK 45 10
CPU 45 8 0
CPU 45 9 1
# CONTEXT CPU 2 45
CPU 45 7 3
BLOCK 46 9
EXIT 46 7 3
CPU 46 8 0
# CONTEXT CPU 1 46
# CONTEXT CPU 2 46
# CONTEXT CPU 3 46
EXIT 47 8 0
UNBLOCK 47 9
# CONTEXT CPU 0 47
CPU 47 13 1
CPU 47 12 2
# CONTEXT CPU 3 47
BLOCK 48 12
# CONTEXT CPU 0 48
# CONTEXT CPU 1 48
# CONTEXT CPU 2 48
# CONTEXT CPU 3 48
UNBLOCK 49 12
# CONTEXT CPU 0 49
# CONTEXT CPU 1 49
# CONTEXT CPU 2 49
CPU 49 14 3
BLOCK 50 14
CPU 50 5 0
# CONTEXT CPU 1 50
# CONTEXT CPU 2 50
# CONTEXT CPU 3 50
UNBLOCK 51 14
CPU 51 5 0
CPU 51 11 1
CPU 51 1 2
# CONTEXT CPU 3 51
BLOCK 52 11
EXIT 52 1 2
CPU 52 5 0
# CONTEXT CPU 1 52
# CONTEXT CPU 2 52
# CONTEXT CPU 3 52
EXIT 53 5 0
UNBLOCK 53 11
# CONTEXT CPU 0 53
# CONTEXT CPU 1 53
# CONTEXT CPU 2 53
CPU 53 4 3
EXIT 54 4 3
# CONTEXT CPU 0 54
# CONTEXT CPU 1 54
# CONTEXT CPU 2 54
# CONTEXT CPU 3 54
# CONTEXT CPU 0 55
CPU 55 10 1
CPU 55 9 2
# CONTEXT CPU 3 55
EXIT 56 9 2
CPU 56 13 0
CPU 56 10 1
# CONTEXT CPU 2 56
# CONTEXT CPU 3 56
CPU 57 13 0
# CONTEXT CPU 1 57
# CONTEXT CPU 2 57
CPU 57 12 3
CPU 58 13 0
CPU 58 11 1
# CONTEXT CPU 2 58
CPU 58 12 3
BLOCK 59 13
EXIT 59 11 1
BLOCK 59 12
# CONTEXT CPU 0 59
CPU 59 -1 1
CPU 59 14 2
CPU 59 -1 3
BLOCK 60 14
UNBLOCK 60 12
UNBLOCK 60 13
# CONTEXT CPU 0 60
# CONTEXT CPU 1 60
# CONTEXT CPU 2 60
CPU 60 -1 3
UNBLOCK 61 14
# CONTEXT CPU 0 61
# CONTEXT CPU 1 61
# CONTEXT CPU 2 61
# CONTEXT CPU 3 61
CPU 62 10 0
# CONTEXT CPU 1 62
# CONTEXT CPU 2 62
# CONTEXT CPU 3 62
CPU 63 10 0
CPU 63 12 1
CPU 63 13 2
# CONTEXT CPU 3 63
EXIT 64 10 0
CPU 64 -1 0
CPU 64 12 1
CPU 64 13 2
CPU 64 14 3
BLOCK 65 13
BLOCK 65 14
CPU 65 -1 0
CPU 65 12 1
CPU 65 -1 2
CPU 65 -1 3
UNBLOCK 66 13
UNBLOCK 66 14
# CONTEXT CPU 0 66
CPU 66 12 1
# CONTEXT CPU 2 66
CPU 66 -1 3
EXIT 67 12 1
# CONTEXT CPU 0 67
CPU 67 -1 1
# CONTEXT CPU 2 67
CPU 67 -1 3
# CONTEXT CPU 0 68
CPU 68 -1 1
# CONTEXT CPU 2 68
CPU 68 -1 3
CPU 69 13 0
CPU 69 -1 1
CPU 69 14 2
CPU 69 -1 3
EXIT 70 13 0
BLOCK 70 14
CPU 70 -1 0
CPU 70 -1 1
CPU 70 -1 2
CPU 70 -1 3
UNBLOCK 71 14
# CONTEXT CPU 0 71
CPU 71 -1 1
CPU 71 -1 2
CPU 71 -1 3
# CONTEXT CPU 0 72
CPU 72 -1 1
CPU 72 -1 2
CPU 72 -1 3
# CONTEXT CPU 0 73
CPU 73 -1 1
CPU 73 -1 2
CPU 73 -1 3
CPU 74 14 0
CPU 74 -1 1
CPU 74 -1 2
CPU 74 -1 3
BLOCK 75 14
CPU 75 -1 0
CPU 75 -1 1
CPU 75 -1 2
CPU 75 -1 3
UNBLOCK 76 14
# CONTEXT CPU 0 76
CPU 76 -1 1
CPU 76 -1 2
CPU 76 -1 3
CPU 77 14 0
CPU 77 -1 1
CPU 77 -1 2
CPU 77 -1 3
BLOCK 78 14
CPU 78 -1 0
CPU 78 -1 1
CPU 78 -1 2
CPU 78 -1 3
UNBLOCK 79 14
# CONTEXT CPU 0 79
CPU 79 -1 1
CPU 79 -1 2
CPU 79 -1 3
CPU 80 14 0
CPU 80 -1 1
CPU 80 -1 2
CPU 80 -1 3
EXIT 81 14 0
CPU 81 -1 0
CPU 81 -1 1
CPU 81 -1 2
CPU 81 -1 3
