# SETTINGS ../simusched tareas.tsk 3 1 2 SchedRR 3 7 8 8
LOAD 0 0
LOAD 0 1
LOAD 0 2
LOAD 0 3
LOAD 0 4
LOAD 0 5
LOAD 0 6
LOAD 0 7
LOAD 0 8
LOAD 0 9
LOAD 0 10
LOAD 0 11
LOAD 0 12
LOAD 0 13
LOAD 0 14
# CONTEXT CPU 0 0
# CONTEXT CPU 1 0
# CONTEXT CPU 2 0
CPU 1 0 0
CPU 1 1 1
CPU 1 2 2
BLOCK 2 1
CPU 2 0 0
# CONTEXT CPU 1 2
CPU 2 2 2
UNBLOCK 3 1
CPU 3 0 0
CPU 3 3 1
CPU 3 2 2
BLOCK 4 3
CPU 4 0 0
# CONTEXT CPU 1 4
CPU 4 2 2
UNBLOCK 5 3
# CONTEXT CPU 0 5
CPU 5 4 1
CPU 5 2 2
CPU 6 5 0
CPU 6 4 1
CPU 6 2 2
CPU 7 5 0
CPU 7 4 1
CPU 7 2 2
BLOCK 8 2
CPU 8 5 0
CPU 8 4 1
# CONTEXT CPU 2 8
UNBLOCK 9 2
CPU 9 5 0
CPU 9 4 1
CPU 9 6 2
# CONTEXT CPU 0 10
CPU 10 4 1
CPU 10 6 2
CPU 11 7 0
CPU 11 4 1
CPU 11 6 2
CPU 12 7 0
CPU 12 4 1
# CONTEXT CPU 2 12
BLOCK 13 4
CPU 13 7 0
# CONTEXT CPU 1 13
CPU 13 8 2
UNBLOCK 14 4
CPU 14 7 0
CPU 14 9 1
CPU 14 8 2
# CONTEXT CPU 0 15
# CONTEXT CPU 1 15
CPU 15 8 2
CPU 16 10 0
CPU 16 11 1
CPU 16 8 2
CPU 17 10 0
CPU 17 11 1
CPU 17 8 2
BLOCK 18 10
# CONTEXT CPU 0 18
CPU 18 11 1
CPU 18 8 2
BLOCK 19 11
UNBLOCK 19 10
CPU 19 12 0
# CONTEXT CPU 1 19
CPU 19 8 2
BLOCK 20 12
BLOCK 20 8
UNBLOCK 20 11
# CONTEXT CPU 0 20
CPU 20 13 1
# CONTEXT CPU 2 20
UNBLOCK 21 8
UNBLOCK 21 12
CPU 21 14 0
CPU 21 13 1
# CONTEXT CPU 2 21
BLOCK 22 14
BLOCK 22 13
# CONTEXT CPU 0 22
# CONTEXT CPU 1 22
# CONTEXT CPU 2 22
UNBLOCK 23 13
UNBLOCK 23 14
# CONTEXT CPU 0 23
# CONTEXT CPU 1 23
CPU 23 1 2
# CONTEXT CPU 0 24
# CONTEXT CPU 1 24
CPU 24 1 2
CPU 25 3 0
CPU 25 0 1
CPU 25 1 2
BLOCK 26 0
CPU 26 3 0
# CONTEXT CPU 1 26
# CONTEXT CPU 2 26
UNBLOCK 27 0
CPU 27 3 0
# CONTEXT CPU 1 27
# CONTEXT CPU 2 27
# CONTEXT CPU 0 28
# CONTEXT CPU 1 28
# CONTEXT CPU 2 28
# CONTEXT CPU 0 29
CPU 29 2 1
CPU 29 5 2
# CONTEXT CPU 0 30
CPU 30 2 1
CPU 30 5 2
EXIT 31 2 1
BLOCK 31 5
CPU 31 6 0
# CONTEXT CPU 1 31
# CONTEXT CPU 2 31
UNBLOCK 32 5
CPU 32 6 0
CPU 32 4 1
# CONTEXT CPU 2 32
EXIT 33 4 1
CPU 33 6 0
# CONTEXT CPU 1 33
# CONTEXT CPU 2 33
BLOCK 34 6
# CONTEXT CPU 0 34
CPU 34 9 1
CPU 34 7 2
BLOCK 35 9
UNBLOCK 35 6
CPU 35 10 0
# CONTEXT CPU 1 35
CPU 35 7 2
BLOCK 36 10
UNBLOCK 36 9
# CONTEXT CPU 0 36
CPU 36 11 1
CPU 36 7 2
BLOCK 37 7
UNBLOCK 37 10
# CONTEXT CPU 0 37
CPU 37 11 1
# CONTEXT CPU 2 37
UNBLOCK 38 7
# CONTEXT CPU 0 38
CPU 38 11 1
# CONTEXT CPU 2 38
CPU 39 8 0
CPU 39 11 1
# CONTEXT CPU 2 39
BLOCK 40 8
# CONTEXT CPU 0 40
CPU 40 11 1
CPU 40 12 2
BLOCK 41 11
BLOCK 41 12
UNBLOCK 41 8
# CONTEXT CPU 0 41
# CONTEXT CPU 1 41
# CONTEXT CPU 2 41
UNBLOCK 42 11
UNBLOCK 42 12
# CONTEXT CPU 0 42
# CONTEXT CPU 1 42
CPU 42 1 2
CPU 43 13 0
# CONTEXT CPU 1 43
CPU 43 1 2
CPU 44 13 0
CPU 44 14 1
CPU 44 1 2
BLOCK 45 13
BLOCK 45 14
# CONTEXT CPU 0 45
# CONTEXT CPU 1 45
CPU 45 1 2
UNBLOCK 46 13
UNBLOCK 46 14
# CONTEXT CPU 0 46
# CONTEXT CPU 1 46
CPU 46 1 2
EXIT 47 1 2
# CONTEXT CPU 0 47
# CONTEXT CPU 1 47
# CONTEXT CPU 2 47
CPU 48 0 0
CPU 48 3 1
CPU 48 5 2
# CONTEXT CPU 0 49
CPU 49 3 1
CPU 49 5 2
CPU 50 6 0
CPU 50 3 1
CPU 50 5 2
EXIT 51 5 2
CPU 51 6 0
CPU 51 3 1
# CONTEXT CPU 2 51
CPU 52 6 0
# CONTEXT CPU 1 52
# CONTEXT CPU 2 52
EXIT 53 6 0
# CONTEXT CPU 0 53
# CONTEXT CPU 1 53
# CONTEXT CPU 2 53
# CONTEXT CPU 0 54
# CONTEXT CPU 1 54
CPU 54 9 2
# CONTEXT CPU 0 55
CPU 55 10 1
CPU 55 9 2
BLOCK 56 9
CPU 56 7 0
CPU 56 10 1
# CONTEXT CPU 2 56
UNBLOCK 57 9
CPU 57 7 0
CPU 57 10 1
# CONTEXT CPU 2 57
EXIT 58 7 0
# CONTEXT CPU 0 58
CPU 58 10 1
# CONTEXT CPU 2 58
# CONTEXT CPU 0 59
CPU 59 10 1
CPU 59 8 2
EXIT 60 8 2
# CONTEXT CPU 0 60
CPU 60 10 1
# CONTEXT CPU 2 60
EXIT 61 10 1
CPU 61 11 0
# CONTEXT CPU 1 61
CPU 61 12 2
EXIT 62 11 0
BLOCK 62 12
# CONTEXT CPU 0 62
# CONTEXT CPU 1 62
# CONTEXT CPU 2 62
UNBLOCK 63 12
# CONTEXT CPU 0 63
# CONTEXT CPU 1 63
# CONTEXT CPU 2 63
# CONTEXT CPU 0 64
CPU 64 13 1
# CONTEXT CPU 2 64
CPU 65 14 0
CPU 65 13 1
CPU 65 0 2
BLOCK 66 14
BLOCK 66 13
# CONTEXT CPU 0 66
# CONTEXT CPU 1 66
CPU 66 0 2
UNBLOCK 67 13
UNBLOCK 67 14
# CONTEXT CPU 0 67
# CONTEXT CPU 1 67
CPU 67 0 2
EXIT 68 0 2
# CONTEXT CPU 0 68
# CONTEXT CPU 1 68
# CONTEXT CPU 2 68
CPU 69 3 0
CPU 69 9 1
CPU 69 12 2
EXIT 70 3 0
# CONTEXT CPU 0 70
CPU 70 9 1
CPU 70 12 2
# CONTEXT CPU 0 71
CPU 71 9 1
CPU 71 12 2
# CONTEXT CPU 0 72
CPU 72 9 1
CPU 72 12 2
BLOCK 73 12
CPU 73 13 0
CPU 73 9 1
# CONTEXT CPU 2 73
BLOCK 74 13
EXIT 74 9 1
UNBLOCK 74 12
# CONTEXT CPU 0 74
CPU 74 -1 1
# CONTEXT CPU 2 74
UNBLOCK 75 13
# CONTEXT CPU 0 75
# CONTEXT CPU 1 75
# CONTEXT CPU 2 75
# CONTEXT CPU 0 76
# CONTEXT CPU 1 76
CPU 76 14 2
BLOCK 77 14
CPU 77 12 0
# CONTEXT CPU 1 77
CPU 77 -1 2
UNBLOCK 78 14
CPU 78 12 0
CPU 78 13 1
# CONTEXT CPU 2 78
EXIT 79 12 0
CPU 79 -1 0
CPU 79 13 1
CPU 79 14 2
EXIT 80 13 1
BLOCK 80 14
CPU 80 -1 0
CPU 80 -1 1
CPU 80 -1 2
UNBLOCK 81 14
# CONTEXT CPU 0 81
CPU 81 -1 1
CPU 81 -1 2
# CONTEXT CPU 0 82
CPU 82 -1 1
CPU 82 -1 2
# CONTEXT CPU 0 83
CPU 83 -1 1
CPU 83 -1 2
CPU 84 14 0
CPU 84 -1 1
CPU 84 -1 2
BLOCK 85 14
CPU 85 -1 0
CPU 85 -1 1
CPU 85 -1 2
UNBLOCK 86 14
# CONTEXT CPU 0 86
CPU 86 -1 1
CPU 86 -1 2
CPU 87 14 0
CPU 87 -1 1
CPU 87 -1 2
BLOCK 88 14
CPU 88 -1 0
CPU 88 -1 1
CPU 88 -1 2
UNBLOCK 89 14
# CONTEXT CPU 0 89
CPU 89 -1 1
CPU 89 -1 2
CPU 90 14 0
CPU 90 -1 1
CPU 90 -1 2
BLOCK 91 14
CPU 91 -1 0
CPU 91 -1 1
CPU 91 -1 2
UNBLOCK 92 14
# CONTEXT CPU 0 92
CPU 92 -1 1
CPU 92 -1 2
CPU 93 14 0
CPU 93 -1 1
CPU 93 -1 2
EXIT 94 14 0
CPU 94 -1 0
CPU 94 -1 1
CPU 94 -1 2
