# SETTINGS ../simusched tareas.tsk 2 1 2 SchedRR 2 3 7
LOAD 0 0
LOAD 0 1
LOAD 0 2
LOAD 0 3
LOAD 0 4
LOAD 0 5
LOAD 0 6
LOAD 0 7
LOAD 0 8
LOAD 0 9
LOAD 0 10
LOAD 0 11
LOAD 0 12
LOAD 0 13
LOAD 0 14
# CONTEXT CPU 0 0
# CONTEXT CPU 1 0
CPU 1 0 0
CPU 1 1 1
BLOCK 2 0
# CONTEXT CPU 0 2
CPU 2 1 1
UNBLOCK 3 0
CPU 3 2 0
CPU 3 1 1
BLOCK 4 2
# CONTEXT CPU 0 4
CPU 4 1 1
UNBLOCK 5 2
CPU 5 3 0
# CONTEXT CPU 1 5
CPU 6 3 0
CPU 6 4 1
CPU 7 3 0
CPU 7 4 1
BLOCK 8 3
# CONTEXT CPU 0 8
CPU 8 4 1
UNBLOCK 9 3
CPU 9 5 0
CPU 9 4 1
# CONTEXT CPU 0 10
# CONTEXT CPU 1 10
CPU 11 6 0
CPU 11 7 1
CPU 12 6 0
CPU 12 7 1
CPU 13 6 0
CPU 13 7 1
# CONTEXT CPU 0 14
CPU 14 7 1
CPU 15 8 0
# CONTEXT CPU 1 15
CPU 16 8 0
CPU 16 9 1
CPU 17 8 0
CPU 17 9 1
BLOCK 18 8
# CONTEXT CPU 0 18
CPU 18 9 1
BLOCK 19 9
UNBLOCK 19 8
CPU 19 10 0
# CONTEXT CPU 1 19
UNBLOCK 20 9
# CONTEXT CPU 0 20
CPU 20 11 1
CPU 21 12 0
CPU 21 11 1
BLOCK 22 12
# CONTEXT CPU 0 22
# CONTEXT CPU 1 22
UNBLOCK 23 12
CPU 23 13 0
CPU 23 14 1
BLOCK 24 14
CPU 24 13 0
# CONTEXT CPU 1 24
BLOCK 25 13
UNBLOCK 25 14
# CONTEXT CPU 0 25
# CONTEXT CPU 1 25
UNBLOCK 26 13
CPU 26 2 0
# CONTEXT CPU 1 26
CPU 27 2 0
CPU 27 0 1
# CONTEXT CPU 0 28
CPU 28 0 1
# CONTEXT CPU 0 29
CPU 29 0 1
# CONTEXT CPU 0 30
CPU 30 0 1
CPU 31 1 0
# CONTEXT CPU 1 31
CPU 32 1 0
# CONTEXT CPU 1 32
BLOCK 33 1
# CONTEXT CPU 0 33
# CONTEXT CPU 1 33
UNBLOCK 34 1
CPU 34 5 0
CPU 34 3 1
CPU 35 5 0
CPU 35 3 1
# CONTEXT CPU 0 36
CPU 36 3 1
# CONTEXT CPU 0 37
CPU 37 3 1
# CONTEXT CPU 0 38
# CONTEXT CPU 1 38
CPU 39 4 0
# CONTEXT CPU 1 39
BLOCK 40 4
# CONTEXT CPU 0 40
# CONTEXT CPU 1 40
UNBLOCK 41 4
# CONTEXT CPU 0 41
CPU 41 6 1
# CONTEXT CPU 0 42
CPU 42 6 1
CPU 43 7 0
CPU 43 6 1
BLOCK 44 7
# CONTEXT CPU 0 44
CPU 44 6 1
UNBLOCK 45 7
CPU 45 8 0
# CONTEXT CPU 1 45
CPU 46 8 0
CPU 46 9 1
CPU 47 8 0
CPU 47 9 1
BLOCK 48 8
BLOCK 48 9
# CONTEXT CPU 0 48
# CONTEXT CPU 1 48
UNBLOCK 49 8
UNBLOCK 49 9
CPU 49 10 0
CPU 49 11 1
BLOCK 50 10
# CONTEXT CPU 0 50
CPU 50 11 1
BLOCK 51 11
UNBLOCK 51 10
CPU 51 12 0
# CONTEXT CPU 1 51
UNBLOCK 52 11
# CONTEXT CPU 0 52
CPU 52 14 1
BLOCK 53 14
CPU 53 13 0
# CONTEXT CPU 1 53
UNBLOCK 54 14
CPU 54 13 0
# CONTEXT CPU 1 54
CPU 55 13 0
# CONTEXT CPU 1 55
# CONTEXT CPU 0 56
CPU 56 2 1
# CONTEXT CPU 0 57
CPU 57 2 1
# CONTEXT CPU 0 58
# CONTEXT CPU 1 58
CPU 59 0 0
# CONTEXT CPU 1 59
CPU 60 0 0
# CONTEXT CPU 1 60
CPU 61 0 0
CPU 61 1 1
# CONTEXT CPU 0 62
CPU 62 1 1
CPU 63 5 0
CPU 63 1 1
EXIT 64 1 1
CPU 64 5 0
# CONTEXT CPU 1 64
CPU 65 5 0
CPU 65 3 1
BLOCK 66 5
# CONTEXT CPU 0 66
CPU 66 3 1
EXIT 67 3 1
UNBLOCK 67 5
CPU 67 4 0
# CONTEXT CPU 1 67
# CONTEXT CPU 0 68
# CONTEXT CPU 1 68
# CONTEXT CPU 0 69
# CONTEXT CPU 1 69
# CONTEXT CPU 0 70
CPU 70 7 1
CPU 71 6 0
CPU 71 7 1
BLOCK 72 6
# CONTEXT CPU 0 72
CPU 72 7 1
UNBLOCK 73 6
CPU 73 8 0
CPU 73 7 1
EXIT 74 7 1
CPU 74 8 0
# CONTEXT CPU 1 74
CPU 75 8 0
CPU 75 9 1
EXIT 76 8 0
# CONTEXT CPU 0 76
CPU 76 9 1
CPU 77 10 0
CPU 77 9 1
CPU 78 10 0
CPU 78 9 1
EXIT 79 9 1
CPU 79 10 0
# CONTEXT CPU 1 79
BLOCK 80 10
# CONTEXT CPU 0 80
CPU 80 11 1
UNBLOCK 81 10
CPU 81 12 0
CPU 81 11 1
# CONTEXT CPU 0 82
CPU 82 11 1
BLOCK 83 11
# CONTEXT CPU 0 83
# CONTEXT CPU 1 83
UNBLOCK 84 11
# CONTEXT CPU 0 84
# CONTEXT CPU 1 84
CPU 85 14 0
# CONTEXT CPU 1 85
BLOCK 86 14
# CONTEXT CPU 0 86
CPU 86 13 1
BLOCK 87 13
UNBLOCK 87 14
# CONTEXT CPU 0 87
# CONTEXT CPU 1 87
UNBLOCK 88 13
# CONTEXT CPU 0 88
# CONTEXT CPU 1 88
CPU 89 2 0
# CONTEXT CPU 1 89
CPU 90 2 0
CPU 90 0 1
EXIT 91 0 1
CPU 91 2 0
# CONTEXT CPU 1 91
# CONTEXT CPU 0 92
# CONTEXT CPU 1 92
CPU 93 4 0
# CONTEXT CPU 1 93
CPU 94 4 0
CPU 94 5 1
CPU 95 4 0
CPU 95 5 1
EXIT 96 4 0
# CONTEXT CPU 0 96
CPU 96 5 1
EXIT 97 5 1
CPU 97 6 0
# CONTEXT CPU 1 97
EXIT 98 6 0
# CONTEXT CPU 0 98
# CONTEXT CPU 1 98
CPU 99 12 0
# CONTEXT CPU 1 99
CPU 100 12 0
CPU 100 10 1
BLOCK 101 12
# CONTEXT CPU 0 101
CPU 101 10 1
UNBLOCK 102 12
# CONTEXT CPU 0 102
CPU 102 10 1
# CONTEXT CPU 0 103
CPU 103 10 1
EXIT 104 10 1
CPU 104 11 0
# CONTEXT CPU 1 104
CPU 105 11 0
# CONTEXT CPU 1 105
EXIT 106 11 0
# CONTEXT CPU 0 106
# CONTEXT CPU 1 106
# CONTEXT CPU 0 107
CPU 107 14 1
BLOCK 108 14
# CONTEXT CPU 0 108
# CONTEXT CPU 1 108
UNBLOCK 109 14
CPU 109 13 0
# CONTEXT CPU 1 109
BLOCK 110 13
# CONTEXT CPU 0 110
# CONTEXT CPU 1 110
UNBLOCK 111 13
CPU 111 12 0
CPU 111 2 1
BLOCK 112 12
EXIT 112 2 1
# CONTEXT CPU 0 112
# CONTEXT CPU 1 112
UNBLOCK 113 12
# CONTEXT CPU 0 113
# CONTEXT CPU 1 113
# CONTEXT CPU 0 114
# CONTEXT CPU 1 114
CPU 115 14 0
CPU 115 13 1
BLOCK 116 14
BLOCK 116 13
# CONTEXT CPU 0 116
CPU 116 -1 1
UNBLOCK 117 13
UNBLOCK 117 14
CPU 117 12 0
# CONTEXT CPU 1 117
CPU 118 12 0
CPU 118 13 1
BLOCK 119 12
EXIT 119 13 1
# CONTEXT CPU 0 119
CPU 119 -1 1
UNBLOCK 120 12
CPU 120 14 0
# CONTEXT CPU 1 120
BLOCK 121 14
CPU 121 -1 0
# CONTEXT CPU 1 121
UNBLOCK 122 14
# CONTEXT CPU 0 122
# CONTEXT CPU 1 122
CPU 123 14 0
CPU 123 12 1
BLOCK 124 14
EXIT 124 12 1
CPU 124 -1 0
CPU 124 -1 1
UNBLOCK 125 14
# CONTEXT CPU 0 125
CPU 125 -1 1
CPU 126 14 0
CPU 126 -1 1
BLOCK 127 14
CPU 127 -1 0
CPU 127 -1 1
UNBLOCK 128 14
# CONTEXT CPU 0 128
CPU 128 -1 1
CPU 129 14 0
CPU 129 -1 1
EXIT 130 14 0
CPU 130 -1 0
CPU 130 -1 1
