# SETTINGS ../simusched tareas.tsk 4 1 2 SchedRR 4 2 2 4 8
LOAD 0 0
LOAD 0 1
LOAD 0 2
LOAD 0 3
LOAD 0 4
LOAD 0 5
LOAD 0 6
LOAD 0 7
LOAD 0 8
LOAD 0 9
LOAD 0 10
LOAD 0 11
LOAD 0 12
LOAD 0 13
LOAD 0 14
# CONTEXT CPU 0 0
# CONTEXT CPU 1 0
# CONTEXT CPU 2 0
# CONTEXT CPU 3 0
CPU 1 0 0
CPU 1 1 1
CPU 1 2 2
CPU 1 3 3
BLOCK 2 3
CPU 2 0 0
CPU 2 1 1
CPU 2 2 2
# CONTEXT CPU 3 2
UNBLOCK 3 3
CPU 3 0 0
CPU 3 1 1
CPU 3 2 2
CPU 3 4 3
CPU 4 0 0
# CONTEXT CPU 1 4
# CONTEXT CPU 2 4
CPU 4 4 3
CPU 5 0 0
CPU 5 5 1
CPU 5 6 2
CPU 5 4 3
# CONTEXT CPU 0 6
CPU 6 5 1
CPU 6 6 2
CPU 6 4 3
BLOCK 7 4
CPU 7 7 0
CPU 7 5 1
CPU 7 6 2
# CONTEXT CPU 3 7
BLOCK 8 7
UNBLOCK 8 4
# CONTEXT CPU 0 8
# CONTEXT CPU 1 8
# CONTEXT CPU 2 8
CPU 8 8 3
BLOCK 9 8
UNBLOCK 9 7
CPU 9 9 0
CPU 9 10 1
CPU 9 11 2
# CONTEXT CPU 3 9
BLOCK 10 11
UNBLOCK 10 8
CPU 10 9 0
CPU 10 10 1
# CONTEXT CPU 2 10
CPU 10 12 3
BLOCK 11 10
BLOCK 11 12
UNBLOCK 11 11
CPU 11 9 0
# CONTEXT CPU 1 11
CPU 11 13 2
# CONTEXT CPU 3 11
BLOCK 12 13
UNBLOCK 12 10
UNBLOCK 12 12
CPU 12 9 0
CPU 12 14 1
# CONTEXT CPU 2 12
CPU 12 3 3
BLOCK 13 14
UNBLOCK 13 13
CPU 13 9 0
# CONTEXT CPU 1 13
# CONTEXT CPU 2 13
CPU 13 3 3
BLOCK 14 9
UNBLOCK 14 14
# CONTEXT CPU 0 14
# CONTEXT CPU 1 14
# CONTEXT CPU 2 14
# CONTEXT CPU 3 14
UNBLOCK 15 9
CPU 15 0 0
# CONTEXT CPU 1 15
CPU 15 1 2
CPU 15 4 3
BLOCK 16 0
# CONTEXT CPU 0 16
CPU 16 2 1
CPU 16 1 2
CPU 16 4 3
UNBLOCK 17 0
# CONTEXT CPU 0 17
CPU 17 2 1
CPU 17 1 2
CPU 17 4 3
# CONTEXT CPU 0 18
# CONTEXT CPU 1 18
# CONTEXT CPU 2 18
CPU 18 4 3
CPU 19 5 0
# CONTEXT CPU 1 19
# CONTEXT CPU 2 19
CPU 19 4 3
BLOCK 20 5
EXIT 20 4 3
# CONTEXT CPU 0 20
# CONTEXT CPU 1 20
# CONTEXT CPU 2 20
# CONTEXT CPU 3 20
UNBLOCK 21 5
# CONTEXT CPU 0 21
CPU 21 6 1
CPU 21 7 2
# CONTEXT CPU 3 21
# CONTEXT CPU 0 22
CPU 22 6 1
CPU 22 7 2
# CONTEXT CPU 3 22
CPU 23 8 0
CPU 23 6 1
CPU 23 7 2
CPU 23 11 3
BLOCK 24 6
# CONTEXT CPU 0 24
# CONTEXT CPU 1 24
# CONTEXT CPU 2 24
CPU 24 11 3
BLOCK 25 11
UNBLOCK 25 6
# CONTEXT CPU 0 25
# CONTEXT CPU 1 25
CPU 25 13 2
# CONTEXT CPU 3 25
UNBLOCK 26 11
# CONTEXT CPU 0 26
# CONTEXT CPU 1 26
CPU 26 13 2
# CONTEXT CPU 3 26
CPU 27 10 0
CPU 27 12 1
CPU 27 13 2
# CONTEXT CPU 3 27
BLOCK 28 10
BLOCK 28 12
# CONTEXT CPU 0 28
# CONTEXT CPU 1 28
# CONTEXT CPU 2 28
CPU 28 14 3
BLOCK 29 14
UNBLOCK 29 10
UNBLOCK 29 12
# CONTEXT CPU 0 29
# CONTEXT CPU 1 29
# CONTEXT CPU 2 29
# CONTEXT CPU 3 29
UNBLOCK 30 14
# CONTEXT CPU 0 30
# CONTEXT CPU 1 30
# CONTEXT CPU 2 30
# CONTEXT CPU 3 30
CPU 31 3 0
CPU 31 9 1
CPU 31 0 2
# CONTEXT CPU 3 31
BLOCK 32 9
CPU 32 3 0
# CONTEXT CPU 1 32
CPU 32 0 2
CPU 32 2 3
UNBLOCK 33 9
CPU 33 3 0
# CONTEXT CPU 1 33
CPU 33 0 2
CPU 33 2 3
EXIT 34 0 2
BLOCK 34 2
CPU 34 3 0
# CONTEXT CPU 1 34
# CONTEXT CPU 2 34
# CONTEXT CPU 3 34
UNBLOCK 35 2
CPU 35 3 0
CPU 35 1 1
# CONTEXT CPU 2 35
# CONTEXT CPU 3 35
BLOCK 36 1
# CONTEXT CPU 0 36
# CONTEXT CPU 1 36
# CONTEXT CPU 2 36
# CONTEXT CPU 3 36
UNBLOCK 37 1
# CONTEXT CPU 0 37
CPU 37 6 1
CPU 37 5 2
CPU 37 8 3
# CONTEXT CPU 0 38
# CONTEXT CPU 1 38
CPU 38 5 2
CPU 38 8 3
BLOCK 39 8
CPU 39 7 0
# CONTEXT CPU 1 39
CPU 39 5 2
# CONTEXT CPU 3 39
UNBLOCK 40 8
CPU 40 7 0
# CONTEXT CPU 1 40
# CONTEXT CPU 2 40
# CONTEXT CPU 3 40
CPU 41 7 0
CPU 41 11 1
# CONTEXT CPU 2 41
# CONTEXT CPU 3 41
CPU 42 7 0
CPU 42 11 1
# CONTEXT CPU 2 42
CPU 42 13 3
BLOCK 43 13
CPU 43 7 0
CPU 43 11 1
CPU 43 10 2
# CONTEXT CPU 3 43
EXIT 44 7 0
UNBLOCK 44 13
# CONTEXT CPU 0 44
# CONTEXT CPU 1 44
CPU 44 10 2
# CONTEXT CPU 3 44
# CONTEXT CPU 0 45
CPU 45 9 1
CPU 45 10 2
# CONTEXT CPU 3 45
# CONTEXT CPU 0 46
CPU 46 9 1
# CONTEXT CPU 2 46
CPU 46 12 3
BLOCK 47 12
CPU 47 14 0
CPU 47 9 1
# CONTEXT CPU 2 47
# CONTEXT CPU 3 47
BLOCK 48 14
EXIT 48 9 1
UNBLOCK 48 12
# CONTEXT CPU 0 48
# CONTEXT CPU 1 48
# CONTEXT CPU 2 48
# CONTEXT CPU 3 48
UNBLOCK 49 14
# CONTEXT CPU 0 49
CPU 49 6 1
CPU 49 2 2
# CONTEXT CPU 3 49
# CONTEXT CPU 0 50
CPU 50 6 1
CPU 50 2 2
CPU 50 3 3
EXIT 51 6 1
EXIT 51 2 2
EXIT 51 3 3
CPU 51 1 0
# CONTEXT CPU 1 51
# CONTEXT CPU 2 51
# CONTEXT CPU 3 51
CPU 52 1 0
# CONTEXT CPU 1 52
CPU 52 5 2
CPU 52 13 3
EXIT 53 1 0
BLOCK 53 13
# CONTEXT CPU 0 53
# CONTEXT CPU 1 53
CPU 53 5 2
# CONTEXT CPU 3 53
EXIT 54 5 2
UNBLOCK 54 13
# CONTEXT CPU 0 54
CPU 54 8 1
# CONTEXT CPU 2 54
# CONTEXT CPU 3 54
# CONTEXT CPU 0 55
CPU 55 8 1
# CONTEXT CPU 2 55
# CONTEXT CPU 3 55
CPU 56 11 0
CPU 56 8 1
# CONTEXT CPU 2 56
CPU 56 10 3
CPU 57 11 0
# CONTEXT CPU 1 57
CPU 57 12 2
CPU 57 10 3
BLOCK 58 12
CPU 58 11 0
# CONTEXT CPU 1 58
# CONTEXT CPU 2 58
CPU 58 10 3
EXIT 59 11 0
EXIT 59 10 3
UNBLOCK 59 12
# CONTEXT CPU 0 59
# CONTEXT CPU 1 59
# CONTEXT CPU 2 59
# CONTEXT CPU 3 59
# CONTEXT CPU 0 60
CPU 60 14 1
# CONTEXT CPU 2 60
# CONTEXT CPU 3 60
BLOCK 61 14
# CONTEXT CPU 0 61
CPU 61 -1 1
CPU 61 13 2
# CONTEXT CPU 3 61
UNBLOCK 62 14
CPU 62 8 0
# CONTEXT CPU 1 62
CPU 62 13 2
CPU 62 12 3
BLOCK 63 13
CPU 63 8 0
CPU 63 14 1
CPU 63 -1 2
CPU 63 12 3
EXIT 64 8 0
BLOCK 64 14
UNBLOCK 64 13
# CONTEXT CPU 0 64
CPU 64 -1 1
CPU 64 -1 2
CPU 64 12 3
UNBLOCK 65 14
# CONTEXT CPU 0 65
# CONTEXT CPU 1 65
CPU 65 -1 2
CPU 65 12 3
# CONTEXT CPU 0 66
CPU 66 14 1
CPU 66 -1 2
CPU 66 12 3
BLOCK 67 14
EXIT 67 12 3
CPU 67 13 0
CPU 67 -1 1
CPU 67 -1 2
CPU 67 -1 3
EXIT 68 13 0
UNBLOCK 68 14
# CONTEXT CPU 0 68
CPU 68 -1 1
CPU 68 -1 2
CPU 68 -1 3
# CONTEXT CPU 0 69
CPU 69 -1 1
CPU 69 -1 2
CPU 69 -1 3
# CONTEXT CPU 0 70
CPU 70 -1 1
CPU 70 -1 2
CPU 70 -1 3
CPU 71 14 0
CPU 71 -1 1
CPU 71 -1 2
CPU 71 -1 3
BLOCK 72 14
CPU 72 -1 0
CPU 72 -1 1
CPU 72 -1 2
CPU 72 -1 3
UNBLOCK 73 14
# CONTEXT CPU 0 73
CPU 73 -1 1
CPU 73 -1 2
CPU 73 -1 3
CPU 74 14 0
CPU 74 -1 1
CPU 74 -1 2
CPU 74 -1 3
BLOCK 75 14
CPU 75 -1 0
CPU 75 -1 1
CPU 75 -1 2
CPU 75 -1 3
UNBLOCK 76 14
# CONTEXT CPU 0 76
CPU 76 -1 1
CPU 76 -1 2
CPU 76 -1 3
CPU 77 14 0
CPU 77 -1 1
CPU 77 -1 2
CPU 77 -1 3
EXIT 78 14 0
CPU 78 -1 0
CPU 78 -1 1
CPU 78 -1 2
CPU 78 -1 3
