# SETTINGS ../simusched tareas.tsk 4 1 2 SchedRR 4 3 3 4 4
LOAD 0 0
LOAD 0 1
LOAD 0 2
LOAD 0 3
LOAD 0 4
LOAD 0 5
LOAD 0 6
LOAD 0 7
LOAD 0 8
LOAD 0 9
LOAD 0 10
LOAD 0 11
LOAD 0 12
LOAD 0 13
LOAD 0 14
# CONTEXT CPU 0 0
# CONTEXT CPU 1 0
# CONTEXT CPU 2 0
# CONTEXT CPU 3 0
CPU 1 0 0
CPU 1 1 1
CPU 1 2 2
CPU 1 3 3
BLOCK 2 3
CPU 2 0 0
CPU 2 1 1
CPU 2 2 2
# CONTEXT CPU 3 2
UNBLOCK 3 3
CPU 3 0 0
CPU 3 1 1
CPU 3 2 2
CPU 3 4 3
CPU 4 0 0
CPU 4 1 1
CPU 4 2 2
CPU 4 4 3
CPU 5 0 0
# CONTEXT CPU 1 5
# CONTEXT CPU 2 5
CPU 5 4 3
# CONTEXT CPU 0 6
CPU 6 5 1
CPU 6 6 2
CPU 6 4 3
BLOCK 7 4
CPU 7 7 0
CPU 7 5 1
CPU 7 6 2
# CONTEXT CPU 3 7
BLOCK 8 7
UNBLOCK 8 4
# CONTEXT CPU 0 8
CPU 8 5 1
CPU 8 6 2
CPU 8 8 3
BLOCK 9 8
UNBLOCK 9 7
CPU 9 9 0
CPU 9 5 1
CPU 9 6 2
# CONTEXT CPU 3 9
BLOCK 10 5
UNBLOCK 10 8
CPU 10 9 0
# CONTEXT CPU 1 10
# CONTEXT CPU 2 10
CPU 10 10 3
UNBLOCK 11 5
CPU 11 9 0
CPU 11 11 1
CPU 11 12 2
CPU 11 10 3
BLOCK 12 11
BLOCK 12 12
BLOCK 12 10
CPU 12 9 0
# CONTEXT CPU 1 12
# CONTEXT CPU 2 12
# CONTEXT CPU 3 12
UNBLOCK 13 10
UNBLOCK 13 11
UNBLOCK 13 12
CPU 13 9 0
CPU 13 13 1
CPU 13 14 2
CPU 13 3 3
BLOCK 14 9
BLOCK 14 13
BLOCK 14 14
# CONTEXT CPU 0 14
# CONTEXT CPU 1 14
# CONTEXT CPU 2 14
# CONTEXT CPU 3 14
UNBLOCK 15 9
UNBLOCK 15 13
UNBLOCK 15 14
# CONTEXT CPU 0 15
# CONTEXT CPU 1 15
# CONTEXT CPU 2 15
CPU 15 4 3
# CONTEXT CPU 0 16
# CONTEXT CPU 1 16
# CONTEXT CPU 2 16
CPU 16 4 3
CPU 17 1 0
CPU 17 2 1
CPU 17 0 2
CPU 17 4 3
BLOCK 18 0
# CONTEXT CPU 0 18
# CONTEXT CPU 1 18
# CONTEXT CPU 2 18
CPU 18 4 3
UNBLOCK 19 0
CPU 19 7 0
# CONTEXT CPU 1 19
CPU 19 6 2
CPU 19 4 3
EXIT 20 4 3
CPU 20 7 0
# CONTEXT CPU 1 20
CPU 20 6 2
# CONTEXT CPU 3 20
BLOCK 21 6
CPU 21 7 0
CPU 21 8 1
# CONTEXT CPU 2 21
# CONTEXT CPU 3 21
UNBLOCK 22 6
CPU 22 7 0
CPU 22 8 1
# CONTEXT CPU 2 22
# CONTEXT CPU 3 22
CPU 23 7 0
CPU 23 8 1
# CONTEXT CPU 2 23
CPU 23 5 3
BLOCK 24 8
# CONTEXT CPU 0 24
# CONTEXT CPU 1 24
CPU 24 10 2
CPU 24 5 3
BLOCK 25 10
UNBLOCK 25 8
# CONTEXT CPU 0 25
# CONTEXT CPU 1 25
# CONTEXT CPU 2 25
CPU 25 5 3
UNBLOCK 26 10
# CONTEXT CPU 0 26
# CONTEXT CPU 1 26
# CONTEXT CPU 2 26
CPU 26 5 3
CPU 27 11 0
CPU 27 12 1
# CONTEXT CPU 2 27
CPU 27 5 3
BLOCK 28 12
EXIT 28 5 3
CPU 28 11 0
# CONTEXT CPU 1 28
CPU 28 3 2
# CONTEXT CPU 3 28
BLOCK 29 11
UNBLOCK 29 12
# CONTEXT CPU 0 29
# CONTEXT CPU 1 29
CPU 29 3 2
# CONTEXT CPU 3 29
UNBLOCK 30 11
# CONTEXT CPU 0 30
# CONTEXT CPU 1 30
CPU 30 3 2
# CONTEXT CPU 3 30
# CONTEXT CPU 0 31
CPU 31 9 1
# CONTEXT CPU 2 31
CPU 31 13 3
BLOCK 32 9
CPU 32 14 0
# CONTEXT CPU 1 32
# CONTEXT CPU 2 32
CPU 32 13 3
BLOCK 33 14
UNBLOCK 33 9
# CONTEXT CPU 0 33
CPU 33 2 1
# CONTEXT CPU 2 33
CPU 33 13 3
UNBLOCK 34 14
# CONTEXT CPU 0 34
CPU 34 2 1
CPU 34 1 2
CPU 34 13 3
BLOCK 35 2
BLOCK 35 13
# CONTEXT CPU 0 35
# CONTEXT CPU 1 35
CPU 35 1 2
# CONTEXT CPU 3 35
BLOCK 36 1
UNBLOCK 36 2
UNBLOCK 36 13
CPU 36 0 0
# CONTEXT CPU 1 36
# CONTEXT CPU 2 36
# CONTEXT CPU 3 36
UNBLOCK 37 1
CPU 37 0 0
# CONTEXT CPU 1 37
# CONTEXT CPU 2 37
# CONTEXT CPU 3 37
CPU 38 0 0
CPU 38 6 1
# CONTEXT CPU 2 38
CPU 38 7 3
EXIT 39 0 0
# CONTEXT CPU 0 39
# CONTEXT CPU 1 39
CPU 39 8 2
CPU 39 7 3
# CONTEXT CPU 0 40
CPU 40 12 1
CPU 40 8 2
# CONTEXT CPU 3 40
BLOCK 41 12
# CONTEXT CPU 0 41
# CONTEXT CPU 1 41
CPU 41 8 2
# CONTEXT CPU 3 41
UNBLOCK 42 12
CPU 42 10 0
# CONTEXT CPU 1 42
# CONTEXT CPU 2 42
# CONTEXT CPU 3 42
CPU 43 10 0
# CONTEXT CPU 1 43
# CONTEXT CPU 2 43
CPU 43 11 3
CPU 44 10 0
CPU 44 3 1
# CONTEXT CPU 2 44
CPU 44 11 3
CPU 45 10 0
CPU 45 3 1
CPU 45 9 2
CPU 45 11 3
CPU 46 10 0
CPU 46 3 1
CPU 46 9 2
CPU 46 11 3
# CONTEXT CPU 0 47
CPU 47 3 1
CPU 47 9 2
CPU 47 11 3
EXIT 48 3 1
EXIT 48 9 2
CPU 48 14 0
# CONTEXT CPU 1 48
# CONTEXT CPU 2 48
# CONTEXT CPU 3 48
BLOCK 49 14
# CONTEXT CPU 0 49
CPU 49 2 1
# CONTEXT CPU 2 49
# CONTEXT CPU 3 49
UNBLOCK 50 14
# CONTEXT CPU 0 50
CPU 50 2 1
# CONTEXT CPU 2 50
# CONTEXT CPU 3 50
EXIT 51 2 1
# CONTEXT CPU 0 51
# CONTEXT CPU 1 51
CPU 51 13 2
CPU 51 1 3
BLOCK 52 13
CPU 52 6 0
# CONTEXT CPU 1 52
# CONTEXT CPU 2 52
CPU 52 1 3
EXIT 53 1 3
UNBLOCK 53 13
CPU 53 6 0
# CONTEXT CPU 1 53
# CONTEXT CPU 2 53
# CONTEXT CPU 3 53
EXIT 54 6 0
# CONTEXT CPU 0 54
CPU 54 7 1
# CONTEXT CPU 2 54
# CONTEXT CPU 3 54
EXIT 55 7 1
CPU 55 10 0
# CONTEXT CPU 1 55
CPU 55 12 2
# CONTEXT CPU 3 55
EXIT 56 10 0
BLOCK 56 12
# CONTEXT CPU 0 56
# CONTEXT CPU 1 56
# CONTEXT CPU 2 56
CPU 56 8 3
UNBLOCK 57 12
CPU 57 14 0
# CONTEXT CPU 1 57
CPU 57 13 2
CPU 57 8 3
BLOCK 58 14
EXIT 58 8 3
# CONTEXT CPU 0 58
CPU 58 11 1
CPU 58 13 2
CPU 58 -1 3
EXIT 59 11 1
BLOCK 59 13
UNBLOCK 59 14
# CONTEXT CPU 0 59
# CONTEXT CPU 1 59
CPU 59 -1 2
CPU 59 -1 3
UNBLOCK 60 13
# CONTEXT CPU 0 60
# CONTEXT CPU 1 60
# CONTEXT CPU 2 60
CPU 60 -1 3
CPU 61 12 0
# CONTEXT CPU 1 61
CPU 61 13 2
CPU 61 -1 3
EXIT 62 13 2
CPU 62 12 0
CPU 62 14 1
CPU 62 -1 2
CPU 62 -1 3
BLOCK 63 14
CPU 63 12 0
CPU 63 -1 1
CPU 63 -1 2
CPU 63 -1 3
UNBLOCK 64 14
CPU 64 12 0
# CONTEXT CPU 1 64
CPU 64 -1 2
CPU 64 -1 3
CPU 65 12 0
CPU 65 14 1
CPU 65 -1 2
CPU 65 -1 3
EXIT 66 12 0
BLOCK 66 14
CPU 66 -1 0
CPU 66 -1 1
CPU 66 -1 2
CPU 66 -1 3
UNBLOCK 67 14
# CONTEXT CPU 0 67
CPU 67 -1 1
CPU 67 -1 2
CPU 67 -1 3
# CONTEXT CPU 0 68
CPU 68 -1 1
CPU 68 -1 2
CPU 68 -1 3
# CONTEXT CPU 0 69
CPU 69 -1 1
CPU 69 -1 2
CPU 69 -1 3
CPU 70 14 0
CPU 70 -1 1
CPU 70 -1 2
CPU 70 -1 3
BLOCK 71 14
CPU 71 -1 0
CPU 71 -1 1
CPU 71 -1 2
CPU 71 -1 3
UNBLOCK 72 14
# CONTEXT CPU 0 72
CPU 72 -1 1
CPU 72 -1 2
CPU 72 -1 3
CPU 73 14 0
CPU 73 -1 1
CPU 73 -1 2
CPU 73 -1 3
BLOCK 74 14
CPU 74 -1 0
CPU 74 -1 1
CPU 74 -1 2
CPU 74 -1 3
UNBLOCK 75 14
# CONTEXT CPU 0 75
CPU 75 -1 1
CPU 75 -1 2
CPU 75 -1 3
CPU 76 14 0
CPU 76 -1 1
CPU 76 -1 2
CPU 76 -1 3
EXIT 77 14 0
CPU 77 -1 0
CPU 77 -1 1
CPU 77 -1 2
CPU 77 -1 3
