# SETTINGS ../simusched tareas.tsk 1 1 2 SchedRR 1 3
LOAD 0 0
LOAD 0 1
LOAD 0 2
LOAD 0 3
LOAD 0 4
LOAD 0 5
LOAD 0 6
LOAD 0 7
LOAD 0 8
LOAD 0 9
LOAD 0 10
LOAD 0 11
LOAD 0 12
LOAD 0 13
LOAD 0 14
# CONTEXT CPU 0 0
CPU 1 0 0
BLOCK 2 0
# CONTEXT CPU 0 2
UNBLOCK 3 0
CPU 3 1 0
CPU 4 1 0
# CONTEXT CPU 0 5
CPU 6 2 0
BLOCK 7 2
# CONTEXT CPU 0 7
UNBLOCK 8 2
CPU 8 3 0
CPU 9 3 0
# CONTEXT CPU 0 10
CPU 11 4 0
CPU 12 4 0
# CONTEXT CPU 0 13
CPU 14 5 0
CPU 15 5 0
# CONTEXT CPU 0 16
CPU 17 6 0
CPU 18 6 0
# CONTEXT CPU 0 19
CPU 20 7 0
CPU 21 7 0
# CONTEXT CPU 0 22
CPU 23 8 0
CPU 24 8 0
# CONTEXT CPU 0 25
CPU 26 9 0
CPU 27 9 0
# CONTEXT CPU 0 28
CPU 29 10 0
CPU 30 10 0
BLOCK 31 10
# CONTEXT CPU 0 31
UNBLOCK 32 10
CPU 32 11 0
# CONTEXT CPU 0 33
CPU 34 12 0
BLOCK 35 12
# CONTEXT CPU 0 35
UNBLOCK 36 12
CPU 36 13 0
CPU 37 13 0
BLOCK 38 13
# CONTEXT CPU 0 38
UNBLOCK 39 13
CPU 39 14 0
BLOCK 40 14
# CONTEXT CPU 0 40
UNBLOCK 41 14
CPU 41 0 0
# CONTEXT CPU 0 42
CPU 43 1 0
CPU 44 1 0
# CONTEXT CPU 0 45
CPU 46 2 0
CPU 47 2 0
# CONTEXT CPU 0 48
CPU 49 3 0
BLOCK 50 3
# CONTEXT CPU 0 50
UNBLOCK 51 3
CPU 51 4 0
CPU 52 4 0
# CONTEXT CPU 0 53
CPU 54 5 0
CPU 55 5 0
# CONTEXT CPU 0 56
CPU 57 6 0
CPU 58 6 0
# CONTEXT CPU 0 59
CPU 60 7 0
CPU 61 7 0
# CONTEXT CPU 0 62
CPU 63 8 0
BLOCK 64 8
# CONTEXT CPU 0 64
UNBLOCK 65 8
CPU 65 9 0
BLOCK 66 9
# CONTEXT CPU 0 66
UNBLOCK 67 9
CPU 67 10 0
CPU 68 10 0
# CONTEXT CPU 0 69
CPU 70 11 0
CPU 71 11 0
# CONTEXT CPU 0 72
CPU 73 12 0
CPU 74 12 0
# CONTEXT CPU 0 75
CPU 76 13 0
CPU 77 13 0
# CONTEXT CPU 0 78
CPU 79 14 0
BLOCK 80 14
# CONTEXT CPU 0 80
UNBLOCK 81 14
CPU 81 0 0
CPU 82 0 0
# CONTEXT CPU 0 83
CPU 84 1 0
CPU 85 1 0
BLOCK 86 1
# CONTEXT CPU 0 86
UNBLOCK 87 1
CPU 87 2 0
# CONTEXT CPU 0 88
CPU 89 3 0
CPU 90 3 0
# CONTEXT CPU 0 91
CPU 92 4 0
BLOCK 93 4
# CONTEXT CPU 0 93
UNBLOCK 94 4
CPU 94 5 0
CPU 95 5 0
BLOCK 96 5
# CONTEXT CPU 0 96
UNBLOCK 97 5
CPU 97 6 0
# CONTEXT CPU 0 98
CPU 99 7 0
BLOCK 100 7
# CONTEXT CPU 0 100
UNBLOCK 101 7
CPU 101 8 0
CPU 102 8 0
# CONTEXT CPU 0 103
CPU 104 9 0
CPU 105 9 0
BLOCK 106 9
# CONTEXT CPU 0 106
UNBLOCK 107 9
CPU 107 10 0
BLOCK 108 10
# CONTEXT CPU 0 108
UNBLOCK 109 10
CPU 109 11 0
BLOCK 110 11
# CONTEXT CPU 0 110
UNBLOCK 111 11
CPU 111 12 0
# CONTEXT CPU 0 112
CPU 113 13 0
CPU 114 13 0
BLOCK 115 13
# CONTEXT CPU 0 115
UNBLOCK 116 13
CPU 116 14 0
BLOCK 117 14
# CONTEXT CPU 0 117
UNBLOCK 118 14
CPU 118 0 0
# CONTEXT CPU 0 119
CPU 120 1 0
CPU 121 1 0
# CONTEXT CPU 0 122
CPU 123 2 0
CPU 124 2 0
# CONTEXT CPU 0 125
CPU 126 3 0
CPU 127 3 0
# CONTEXT CPU 0 128
CPU 129 4 0
CPU 130 4 0
# CONTEXT CPU 0 131
CPU 132 5 0
CPU 133 5 0
# CONTEXT CPU 0 134
CPU 135 6 0
CPU 136 6 0
# CONTEXT CPU 0 137
CPU 138 7 0
CPU 139 7 0
# CONTEXT CPU 0 140
CPU 141 8 0
BLOCK 142 8
# CONTEXT CPU 0 142
UNBLOCK 143 8
CPU 143 9 0
CPU 144 9 0
# CONTEXT CPU 0 145
CPU 146 10 0
CPU 147 10 0
# CONTEXT CPU 0 148
CPU 149 11 0
CPU 150 11 0
# CONTEXT CPU 0 151
CPU 152 12 0
BLOCK 153 12
# CONTEXT CPU 0 153
UNBLOCK 154 12
CPU 154 13 0
BLOCK 155 13
# CONTEXT CPU 0 155
UNBLOCK 156 13
CPU 156 14 0
BLOCK 157 14
# CONTEXT CPU 0 157
UNBLOCK 158 14
CPU 158 0 0
CPU 159 0 0
# CONTEXT CPU 0 160
CPU 161 1 0
EXIT 162 1 0
# CONTEXT CPU 0 162
CPU 163 2 0
CPU 164 2 0
# CONTEXT CPU 0 165
CPU 166 3 0
CPU 167 3 0
EXIT 168 3 0
# CONTEXT CPU 0 168
CPU 169 4 0
CPU 170 4 0
EXIT 171 4 0
# CONTEXT CPU 0 171
CPU 172 5 0
EXIT 173 5 0
# CONTEXT CPU 0 173
CPU 174 6 0
BLOCK 175 6
# CONTEXT CPU 0 175
UNBLOCK 176 6
CPU 176 7 0
CPU 177 7 0
EXIT 178 7 0
# CONTEXT CPU 0 178
CPU 179 8 0
CPU 180 8 0
# CONTEXT CPU 0 181
CPU 182 9 0
CPU 183 9 0
EXIT 184 9 0
# CONTEXT CPU 0 184
CPU 185 10 0
CPU 186 10 0
EXIT 187 10 0
# CONTEXT CPU 0 187
CPU 188 11 0
BLOCK 189 11
# CONTEXT CPU 0 189
UNBLOCK 190 11
CPU 190 12 0
BLOCK 191 12
# CONTEXT CPU 0 191
UNBLOCK 192 12
CPU 192 13 0
BLOCK 193 13
# CONTEXT CPU 0 193
UNBLOCK 194 13
CPU 194 14 0
BLOCK 195 14
# CONTEXT CPU 0 195
UNBLOCK 196 14
CPU 196 0 0
CPU 197 0 0
EXIT 198 0 0
# CONTEXT CPU 0 198
CPU 199 2 0
EXIT 200 2 0
# CONTEXT CPU 0 200
CPU 201 6 0
EXIT 202 6 0
# CONTEXT CPU 0 202
CPU 203 8 0
EXIT 204 8 0
# CONTEXT CPU 0 204
CPU 205 11 0
CPU 206 11 0
EXIT 207 11 0
# CONTEXT CPU 0 207
CPU 208 12 0
CPU 209 12 0
BLOCK 210 12
# CONTEXT CPU 0 210
UNBLOCK 211 12
CPU 211 13 0
EXIT 212 13 0
# CONTEXT CPU 0 212
CPU 213 14 0
BLOCK 214 14
# CONTEXT CPU 0 214
UNBLOCK 215 14
CPU 215 12 0
EXIT 216 12 0
# CONTEXT CPU 0 216
CPU 217 14 0
BLOCK 218 14
CPU 218 -1 0
UNBLOCK 219 14
# CONTEXT CPU 0 219
CPU 220 14 0
BLOCK 221 14
CPU 221 -1 0
UNBLOCK 222 14
# CONTEXT CPU 0 222
CPU 223 14 0
EXIT 224 14 0
CPU 224 -1 0
