# SETTINGS ../simusched tareas.tsk 3 1 2 SchedRR 3 1 1 1
LOAD 0 0
LOAD 0 1
LOAD 0 2
LOAD 0 3
# CONTEXT CPU 0 0
# CONTEXT CPU 1 0
# CONTEXT CPU 2 0
CPU 1 0 0
CPU 1 1 1
CPU 1 2 2
BLOCK 2 0
# CONTEXT CPU 0 2
CPU 2 1 1
CPU 2 2 2
BLOCK 3 1
BLOCK 3 2
UNBLOCK 3 0
CPU 3 3 0
# CONTEXT CPU 1 3
CPU 3 -1 2
BLOCK 4 3
UNBLOCK 4 1
UNBLOCK 4 2
# CONTEXT CPU 0 4
# CONTEXT CPU 1 4
# CONTEXT CPU 2 4
UNBLOCK 5 3
# CONTEXT CPU 0 5
# CONTEXT CPU 1 5
CPU 5 2 2
# CONTEXT CPU 0 6
CPU 6 0 1
CPU 6 2 2
CPU 7 1 0
# CONTEXT CPU 1 7
# CONTEXT CPU 2 7
CPU 8 1 0
# CONTEXT CPU 1 8
# CONTEXT CPU 2 8
CPU 9 1 0
# CONTEXT CPU 1 9
# CONTEXT CPU 2 9
CPU 10 1 0
CPU 10 3 1
CPU 10 0 2
BLOCK 11 1
BLOCK 11 3
# CONTEXT CPU 0 11
CPU 11 -1 1
CPU 11 0 2
UNBLOCK 12 1
UNBLOCK 12 3
# CONTEXT CPU 0 12
# CONTEXT CPU 1 12
# CONTEXT CPU 2 12
# CONTEXT CPU 0 13
# CONTEXT CPU 1 13
# CONTEXT CPU 2 13
CPU 14 2 0
# CONTEXT CPU 1 14
# CONTEXT CPU 2 14
BLOCK 15 2
# CONTEXT CPU 0 15
CPU 15 1 1
CPU 15 3 2
BLOCK 16 3
UNBLOCK 16 2
# CONTEXT CPU 0 16
CPU 16 1 1
# CONTEXT CPU 2 16
UNBLOCK 17 3
# CONTEXT CPU 0 17
# CONTEXT CPU 1 17
# CONTEXT CPU 2 17
CPU 18 0 0
# CONTEXT CPU 1 18
# CONTEXT CPU 2 18
# CONTEXT CPU 0 19
# CONTEXT CPU 1 19
CPU 19 2 2
BLOCK 20 2
# CONTEXT CPU 0 20
CPU 20 3 1
# CONTEXT CPU 2 20
BLOCK 21 3
UNBLOCK 21 2
# CONTEXT CPU 0 21
# CONTEXT CPU 1 21
# CONTEXT CPU 2 21
UNBLOCK 22 3
CPU 22 1 0
# CONTEXT CPU 1 22
# CONTEXT CPU 2 22
EXIT 23 1 0
# CONTEXT CPU 0 23
# CONTEXT CPU 1 23
CPU 23 0 2
# CONTEXT CPU 0 24
CPU 24 2 1
CPU 24 0 2
# CONTEXT CPU 0 25
CPU 25 2 1
CPU 25 0 2
BLOCK 26 2
CPU 26 3 0
CPU 26 -1 1
CPU 26 0 2
BLOCK 27 3
EXIT 27 0 2
UNBLOCK 27 2
# CONTEXT CPU 0 27
CPU 27 -1 1
CPU 27 -1 2
UNBLOCK 28 3
# CONTEXT CPU 0 28
# CONTEXT CPU 1 28
CPU 28 -1 2
# CONTEXT CPU 0 29
# CONTEXT CPU 1 29
CPU 29 -1 2
CPU 30 2 0
# CONTEXT CPU 1 30
CPU 30 -1 2
EXIT 31 2 0
CPU 31 -1 0
CPU 31 3 1
CPU 31 -1 2
BLOCK 32 3
CPU 32 -1 0
CPU 32 -1 1
CPU 32 -1 2
UNBLOCK 33 3
# CONTEXT CPU 0 33
CPU 33 -1 1
CPU 33 -1 2
# CONTEXT CPU 0 34
CPU 34 -1 1
CPU 34 -1 2
# CONTEXT CPU 0 35
CPU 35 -1 1
CPU 35 -1 2
CPU 36 3 0
CPU 36 -1 1
CPU 36 -1 2
BLOCK 37 3
CPU 37 -1 0
CPU 37 -1 1
CPU 37 -1 2
UNBLOCK 38 3
# CONTEXT CPU 0 38
CPU 38 -1 1
CPU 38 -1 2
CPU 39 3 0
CPU 39 -1 1
CPU 39 -1 2
BLOCK 40 3
CPU 40 -1 0
CPU 40 -1 1
CPU 40 -1 2
UNBLOCK 41 3
# CONTEXT CPU 0 41
CPU 41 -1 1
CPU 41 -1 2
CPU 42 3 0
CPU 42 -1 1
CPU 42 -1 2
EXIT 43 3 0
CPU 43 -1 0
CPU 43 -1 1
CPU 43 -1 2
