# SETTINGS ../simusched tareas.tsk 3 1 2 SchedRR 3 1 6 7
LOAD 0 0
LOAD 0 1
LOAD 0 2
LOAD 0 3
LOAD 0 4
LOAD 0 5
LOAD 0 6
LOAD 0 7
LOAD 0 8
LOAD 0 9
LOAD 0 10
LOAD 0 11
LOAD 0 12
LOAD 0 13
LOAD 0 14
# CONTEXT CPU 0 0
# CONTEXT CPU 1 0
# CONTEXT CPU 2 0
CPU 1 0 0
CPU 1 1 1
CPU 1 2 2
CPU 2 0 0
CPU 2 1 1
CPU 2 2 2
BLOCK 3 1
CPU 3 0 0
# CONTEXT CPU 1 3
CPU 3 2 2
UNBLOCK 4 1
CPU 4 0 0
CPU 4 3 1
CPU 4 2 2
BLOCK 5 0
# CONTEXT CPU 0 5
# CONTEXT CPU 1 5
CPU 5 2 2
UNBLOCK 6 0
CPU 6 4 0
CPU 6 5 1
CPU 6 2 2
# CONTEXT CPU 0 7
CPU 7 5 1
CPU 7 2 2
CPU 8 6 0
# CONTEXT CPU 1 8
# CONTEXT CPU 2 8
CPU 9 6 0
CPU 9 7 1
CPU 9 8 2
CPU 10 6 0
CPU 10 7 1
CPU 10 8 2
BLOCK 11 8
CPU 11 6 0
# CONTEXT CPU 1 11
# CONTEXT CPU 2 11
UNBLOCK 12 8
# CONTEXT CPU 0 12
CPU 12 9 1
CPU 12 10 2
BLOCK 13 10
CPU 13 11 0
CPU 13 9 1
# CONTEXT CPU 2 13
UNBLOCK 14 10
CPU 14 11 0
# CONTEXT CPU 1 14
CPU 14 12 2
CPU 15 11 0
CPU 15 13 1
CPU 15 12 2
BLOCK 16 11
BLOCK 16 12
# CONTEXT CPU 0 16
CPU 16 13 1
# CONTEXT CPU 2 16
UNBLOCK 17 11
UNBLOCK 17 12
CPU 17 14 0
# CONTEXT CPU 1 17
# CONTEXT CPU 2 17
BLOCK 18 14
# CONTEXT CPU 0 18
CPU 18 3 1
# CONTEXT CPU 2 18
BLOCK 19 3
UNBLOCK 19 14
CPU 19 0 0
# CONTEXT CPU 1 19
CPU 19 1 2
UNBLOCK 20 3
CPU 20 0 0
# CONTEXT CPU 1 20
CPU 20 1 2
# CONTEXT CPU 0 21
# CONTEXT CPU 1 21
CPU 21 1 2
# CONTEXT CPU 0 22
CPU 22 4 1
CPU 22 1 2
# CONTEXT CPU 0 23
CPU 23 4 1
CPU 23 1 2
CPU 24 5 0
# CONTEXT CPU 1 24
# CONTEXT CPU 2 24
CPU 25 5 0
# CONTEXT CPU 1 25
# CONTEXT CPU 2 25
CPU 26 5 0
# CONTEXT CPU 1 26
# CONTEXT CPU 2 26
CPU 27 5 0
CPU 27 2 1
CPU 27 7 2
BLOCK 28 2
BLOCK 28 7
# CONTEXT CPU 0 28
# CONTEXT CPU 1 28
# CONTEXT CPU 2 28
UNBLOCK 29 2
UNBLOCK 29 7
# CONTEXT CPU 0 29
# CONTEXT CPU 1 29
CPU 29 10 2
# CONTEXT CPU 0 30
# CONTEXT CPU 1 30
CPU 30 10 2
CPU 31 8 0
CPU 31 6 1
CPU 31 10 2
BLOCK 32 6
BLOCK 32 10
CPU 32 8 0
# CONTEXT CPU 1 32
# CONTEXT CPU 2 32
BLOCK 33 8
UNBLOCK 33 6
UNBLOCK 33 10
# CONTEXT CPU 0 33
CPU 33 9 1
# CONTEXT CPU 2 33
UNBLOCK 34 8
# CONTEXT CPU 0 34
CPU 34 9 1
# CONTEXT CPU 2 34
# CONTEXT CPU 0 35
# CONTEXT CPU 1 35
CPU 35 11 2
BLOCK 36 11
CPU 36 12 0
CPU 36 13 1
# CONTEXT CPU 2 36
BLOCK 37 13
UNBLOCK 37 11
CPU 37 12 0
# CONTEXT CPU 1 37
# CONTEXT CPU 2 37
UNBLOCK 38 13
CPU 38 12 0
CPU 38 3 1
# CONTEXT CPU 2 38
BLOCK 39 12
# CONTEXT CPU 0 39
CPU 39 3 1
CPU 39 14 2
BLOCK 40 14
UNBLOCK 40 12
CPU 40 0 0
# CONTEXT CPU 1 40
# CONTEXT CPU 2 40
UNBLOCK 41 14
# CONTEXT CPU 0 41
CPU 41 4 1
CPU 41 1 2
CPU 42 5 0
CPU 42 4 1
CPU 42 1 2
BLOCK 43 5
BLOCK 43 4
EXIT 43 1 2
# CONTEXT CPU 0 43
# CONTEXT CPU 1 43
# CONTEXT CPU 2 43
UNBLOCK 44 4
UNBLOCK 44 5
# CONTEXT CPU 0 44
# CONTEXT CPU 1 44
# CONTEXT CPU 2 44
# CONTEXT CPU 0 45
# CONTEXT CPU 1 45
# CONTEXT CPU 2 45
CPU 46 2 0
CPU 46 7 1
CPU 46 6 2
EXIT 47 2 0
# CONTEXT CPU 0 47
# CONTEXT CPU 1 47
CPU 47 6 2
# CONTEXT CPU 0 48
# CONTEXT CPU 1 48
CPU 48 6 2
# CONTEXT CPU 0 49
# CONTEXT CPU 1 49
CPU 49 6 2
EXIT 50 6 2
CPU 50 10 0
CPU 50 8 1
# CONTEXT CPU 2 50
CPU 51 10 0
CPU 51 8 1
# CONTEXT CPU 2 51
CPU 52 10 0
# CONTEXT CPU 1 52
# CONTEXT CPU 2 52
CPU 53 10 0
# CONTEXT CPU 1 53
CPU 53 9 2
BLOCK 54 9
# CONTEXT CPU 0 54
# CONTEXT CPU 1 54
# CONTEXT CPU 2 54
UNBLOCK 55 9
# CONTEXT CPU 0 55
CPU 55 11 1
# CONTEXT CPU 2 55
# CONTEXT CPU 0 56
CPU 56 11 1
# CONTEXT CPU 2 56
CPU 57 13 0
# CONTEXT CPU 1 57
CPU 57 12 2
CPU 58 13 0
CPU 58 3 1
CPU 58 12 2
BLOCK 59 13
BLOCK 59 12
# CONTEXT CPU 0 59
CPU 59 3 1
# CONTEXT CPU 2 59
UNBLOCK 60 12
UNBLOCK 60 13
# CONTEXT CPU 0 60
# CONTEXT CPU 1 60
# CONTEXT CPU 2 60
# CONTEXT CPU 0 61
CPU 61 4 1
# CONTEXT CPU 2 61
CPU 62 14 0
CPU 62 4 1
CPU 62 0 2
BLOCK 63 14
# CONTEXT CPU 0 63
# CONTEXT CPU 1 63
CPU 63 0 2
EXIT 64 0 2
UNBLOCK 64 14
CPU 64 5 0
CPU 64 7 1
# CONTEXT CPU 2 64
CPU 65 5 0
CPU 65 7 1
# CONTEXT CPU 2 65
EXIT 66 5 0
# CONTEXT CPU 0 66
# CONTEXT CPU 1 66
# CONTEXT CPU 2 66
CPU 67 10 0
# CONTEXT CPU 1 67
CPU 67 8 2
EXIT 68 10 0
# CONTEXT CPU 0 68
# CONTEXT CPU 1 68
CPU 68 8 2
# CONTEXT CPU 0 69
CPU 69 9 1
CPU 69 8 2
EXIT 70 8 2
# CONTEXT CPU 0 70
CPU 70 9 1
# CONTEXT CPU 2 70
BLOCK 71 9
CPU 71 11 0
# CONTEXT CPU 1 71
CPU 71 12 2
BLOCK 72 12
UNBLOCK 72 9
CPU 72 11 0
# CONTEXT CPU 1 72
# CONTEXT CPU 2 72
UNBLOCK 73 12
CPU 73 11 0
# CONTEXT CPU 1 73
# CONTEXT CPU 2 73
EXIT 74 11 0
# CONTEXT CPU 0 74
CPU 74 13 1
# CONTEXT CPU 2 74
BLOCK 75 13
# CONTEXT CPU 0 75
# CONTEXT CPU 1 75
CPU 75 3 2
UNBLOCK 76 13
# CONTEXT CPU 0 76
# CONTEXT CPU 1 76
CPU 76 3 2
CPU 77 4 0
# CONTEXT CPU 1 77
CPU 77 3 2
EXIT 78 3 2
CPU 78 4 0
CPU 78 14 1
# CONTEXT CPU 2 78
EXIT 79 4 0
BLOCK 79 14
# CONTEXT CPU 0 79
# CONTEXT CPU 1 79
# CONTEXT CPU 2 79
UNBLOCK 80 14
# CONTEXT CPU 0 80
# CONTEXT CPU 1 80
# CONTEXT CPU 2 80
# CONTEXT CPU 0 81
# CONTEXT CPU 1 81
CPU 81 7 2
CPU 82 9 0
CPU 82 12 1
CPU 82 7 2
EXIT 83 12 1
CPU 83 9 0
# CONTEXT CPU 1 83
CPU 83 7 2
EXIT 84 9 0
EXIT 84 7 2
# CONTEXT CPU 0 84
CPU 84 13 1
CPU 84 -1 2
# CONTEXT CPU 0 85
CPU 85 13 1
CPU 85 -1 2
BLOCK 86 13
# CONTEXT CPU 0 86
CPU 86 -1 1
CPU 86 -1 2
UNBLOCK 87 13
CPU 87 14 0
# CONTEXT CPU 1 87
CPU 87 -1 2
BLOCK 88 14
CPU 88 -1 0
CPU 88 13 1
CPU 88 -1 2
EXIT 89 13 1
UNBLOCK 89 14
# CONTEXT CPU 0 89
CPU 89 -1 1
CPU 89 -1 2
CPU 90 14 0
CPU 90 -1 1
CPU 90 -1 2
BLOCK 91 14
CPU 91 -1 0
CPU 91 -1 1
CPU 91 -1 2
UNBLOCK 92 14
# CONTEXT CPU 0 92
CPU 92 -1 1
CPU 92 -1 2
CPU 93 14 0
CPU 93 -1 1
CPU 93 -1 2
BLOCK 94 14
CPU 94 -1 0
CPU 94 -1 1
CPU 94 -1 2
UNBLOCK 95 14
# CONTEXT CPU 0 95
CPU 95 -1 1
CPU 95 -1 2
CPU 96 14 0
CPU 96 -1 1
CPU 96 -1 2
BLOCK 97 14
CPU 97 -1 0
CPU 97 -1 1
CPU 97 -1 2
UNBLOCK 98 14
# CONTEXT CPU 0 98
CPU 98 -1 1
CPU 98 -1 2
CPU 99 14 0
CPU 99 -1 1
CPU 99 -1 2
EXIT 100 14 0
CPU 100 -1 0
CPU 100 -1 1
CPU 100 -1 2
