# SETTINGS ../simusched tareas.tsk 4 1 2 SchedRR 4 5 6 7 7
LOAD 0 0
LOAD 0 1
LOAD 0 2
LOAD 0 3
LOAD 0 4
LOAD 0 5
LOAD 0 6
LOAD 0 7
LOAD 0 8
LOAD 0 9
LOAD 0 10
LOAD 0 11
LOAD 0 12
LOAD 0 13
LOAD 0 14
# CONTEXT CPU 0 0
# CONTEXT CPU 1 0
# CONTEXT CPU 2 0
# CONTEXT CPU 3 0
CPU 1 0 0
CPU 1 1 1
CPU 1 2 2
CPU 1 3 3
CPU 2 0 0
CPU 2 1 1
CPU 2 2 2
CPU 2 3 3
BLOCK 3 1
CPU 3 0 0
# CONTEXT CPU 1 3
CPU 3 2 2
CPU 3 3 3
BLOCK 4 3
UNBLOCK 4 1
CPU 4 0 0
CPU 4 4 1
CPU 4 2 2
# CONTEXT CPU 3 4
UNBLOCK 5 3
CPU 5 0 0
CPU 5 4 1
CPU 5 2 2
CPU 5 5 3
BLOCK 6 0
# CONTEXT CPU 0 6
CPU 6 4 1
CPU 6 2 2
CPU 6 5 3
BLOCK 7 2
UNBLOCK 7 0
CPU 7 6 0
CPU 7 4 1
# CONTEXT CPU 2 7
CPU 7 5 3
UNBLOCK 8 2
# CONTEXT CPU 0 8
CPU 8 4 1
CPU 8 7 2
CPU 8 5 3
BLOCK 9 4
CPU 9 8 0
# CONTEXT CPU 1 9
CPU 9 7 2
CPU 9 5 3
BLOCK 10 8
UNBLOCK 10 4
# CONTEXT CPU 0 10
CPU 10 9 1
# CONTEXT CPU 2 10
CPU 10 5 3
BLOCK 11 5
UNBLOCK 11 8
CPU 11 10 0
# CONTEXT CPU 1 11
CPU 11 11 2
# CONTEXT CPU 3 11
UNBLOCK 12 5
CPU 12 10 0
CPU 12 12 1
CPU 12 11 2
CPU 12 13 3
CPU 13 10 0
CPU 13 12 1
CPU 13 11 2
# CONTEXT CPU 3 13
BLOCK 14 10
BLOCK 14 12
BLOCK 14 11
# CONTEXT CPU 0 14
# CONTEXT CPU 1 14
# CONTEXT CPU 2 14
CPU 14 14 3
BLOCK 15 14
UNBLOCK 15 10
UNBLOCK 15 11
UNBLOCK 15 12
# CONTEXT CPU 0 15
# CONTEXT CPU 1 15
# CONTEXT CPU 2 15
# CONTEXT CPU 3 15
UNBLOCK 16 14
# CONTEXT CPU 0 16
# CONTEXT CPU 1 16
# CONTEXT CPU 2 16
# CONTEXT CPU 3 16
CPU 17 1 0
CPU 17 3 1
CPU 17 0 2
# CONTEXT CPU 3 17
CPU 18 1 0
CPU 18 3 1
CPU 18 0 2
CPU 18 2 3
CPU 19 1 0
CPU 19 3 1
CPU 19 0 2
CPU 19 2 3
# CONTEXT CPU 0 20
CPU 20 3 1
CPU 20 0 2
CPU 20 2 3
EXIT 21 0 2
EXIT 21 2 3
CPU 21 6 0
CPU 21 3 1
# CONTEXT CPU 2 21
# CONTEXT CPU 3 21
CPU 22 6 0
# CONTEXT CPU 1 22
# CONTEXT CPU 2 22
# CONTEXT CPU 3 22
BLOCK 23 6
# CONTEXT CPU 0 23
# CONTEXT CPU 1 23
# CONTEXT CPU 2 23
# CONTEXT CPU 3 23
UNBLOCK 24 6
# CONTEXT CPU 0 24
# CONTEXT CPU 1 24
CPU 24 4 2
CPU 24 7 3
# CONTEXT CPU 0 25
CPU 25 8 1
CPU 25 4 2
CPU 25 7 3
CPU 26 9 0
CPU 26 8 1
CPU 26 4 2
CPU 26 7 3
BLOCK 27 9
BLOCK 27 7
# CONTEXT CPU 0 27
CPU 27 8 1
CPU 27 4 2
# CONTEXT CPU 3 27
EXIT 28 4 2
UNBLOCK 28 7
UNBLOCK 28 9
# CONTEXT CPU 0 28
CPU 28 8 1
# CONTEXT CPU 2 28
CPU 28 13 3
# CONTEXT CPU 0 29
CPU 29 8 1
# CONTEXT CPU 2 29
CPU 29 13 3
BLOCK 30 8
BLOCK 30 13
CPU 30 5 0
# CONTEXT CPU 1 30
# CONTEXT CPU 2 30
# CONTEXT CPU 3 30
UNBLOCK 31 8
UNBLOCK 31 13
CPU 31 5 0
# CONTEXT CPU 1 31
CPU 31 10 2
# CONTEXT CPU 3 31
CPU 32 5 0
# CONTEXT CPU 1 32
CPU 32 10 2
# CONTEXT CPU 3 32
EXIT 33 5 0
BLOCK 33 10
# CONTEXT CPU 0 33
CPU 33 11 1
# CONTEXT CPU 2 33
CPU 33 12 3
BLOCK 34 12
UNBLOCK 34 10
# CONTEXT CPU 0 34
CPU 34 11 1
# CONTEXT CPU 2 34
# CONTEXT CPU 3 34
BLOCK 35 11
UNBLOCK 35 12
# CONTEXT CPU 0 35
# CONTEXT CPU 1 35
# CONTEXT CPU 2 35
# CONTEXT CPU 3 35
UNBLOCK 36 11
CPU 36 14 0
# CONTEXT CPU 1 36
CPU 36 1 2
# CONTEXT CPU 3 36
BLOCK 37 14
# CONTEXT CPU 0 37
# CONTEXT CPU 1 37
CPU 37 1 2
CPU 37 3 3
EXIT 38 3 3
UNBLOCK 38 14
# CONTEXT CPU 0 38
CPU 38 6 1
CPU 38 1 2
# CONTEXT CPU 3 38
# CONTEXT CPU 0 39
# CONTEXT CPU 1 39
CPU 39 1 2
# CONTEXT CPU 3 39
EXIT 40 1 2
CPU 40 7 0
CPU 40 8 1
# CONTEXT CPU 2 40
# CONTEXT CPU 3 40
CPU 41 7 0
CPU 41 8 1
# CONTEXT CPU 2 41
CPU 41 9 3
CPU 42 7 0
CPU 42 8 1
# CONTEXT CPU 2 42
CPU 42 9 3
EXIT 43 8 1
CPU 43 7 0
# CONTEXT CPU 1 43
CPU 43 13 2
CPU 43 9 3
EXIT 44 7 0
# CONTEXT CPU 0 44
# CONTEXT CPU 1 44
CPU 44 13 2
CPU 44 9 3
BLOCK 45 13
# CONTEXT CPU 0 45
# CONTEXT CPU 1 45
# CONTEXT CPU 2 45
CPU 45 9 3
UNBLOCK 46 13
# CONTEXT CPU 0 46
CPU 46 10 1
# CONTEXT CPU 2 46
CPU 46 9 3
BLOCK 47 9
CPU 47 12 0
CPU 47 10 1
# CONTEXT CPU 2 47
# CONTEXT CPU 3 47
BLOCK 48 12
UNBLOCK 48 9
# CONTEXT CPU 0 48
CPU 48 10 1
CPU 48 11 2
# CONTEXT CPU 3 48
UNBLOCK 49 12
# CONTEXT CPU 0 49
CPU 49 10 1
CPU 49 11 2
# CONTEXT CPU 3 49
EXIT 50 10 1
# CONTEXT CPU 0 50
# CONTEXT CPU 1 50
CPU 50 11 2
CPU 50 14 3
BLOCK 51 14
CPU 51 6 0
# CONTEXT CPU 1 51
CPU 51 11 2
# CONTEXT CPU 3 51
EXIT 52 11 2
UNBLOCK 52 14
CPU 52 6 0
# CONTEXT CPU 1 52
# CONTEXT CPU 2 52
CPU 52 9 3
EXIT 53 9 3
CPU 53 6 0
CPU 53 13 1
# CONTEXT CPU 2 53
# CONTEXT CPU 3 53
BLOCK 54 13
CPU 54 6 0
CPU 54 -1 1
# CONTEXT CPU 2 54
CPU 54 14 3
BLOCK 55 14
UNBLOCK 55 13
CPU 55 6 0
# CONTEXT CPU 1 55
CPU 55 12 2
CPU 55 -1 3
EXIT 56 6 0
UNBLOCK 56 14
# CONTEXT CPU 0 56
CPU 56 13 1
CPU 56 12 2
CPU 56 -1 3
BLOCK 57 13
BLOCK 57 12
# CONTEXT CPU 0 57
CPU 57 -1 1
CPU 57 -1 2
CPU 57 -1 3
UNBLOCK 58 12
UNBLOCK 58 13
# CONTEXT CPU 0 58
# CONTEXT CPU 1 58
# CONTEXT CPU 2 58
CPU 58 -1 3
CPU 59 14 0
# CONTEXT CPU 1 59
# CONTEXT CPU 2 59
CPU 59 -1 3
BLOCK 60 14
CPU 60 -1 0
# CONTEXT CPU 1 60
# CONTEXT CPU 2 60
CPU 60 -1 3
UNBLOCK 61 14
# CONTEXT CPU 0 61
CPU 61 12 1
CPU 61 13 2
CPU 61 -1 3
CPU 62 14 0
CPU 62 12 1
CPU 62 13 2
CPU 62 -1 3
BLOCK 63 14
EXIT 63 13 2
CPU 63 -1 0
CPU 63 12 1
CPU 63 -1 2
CPU 63 -1 3
EXIT 64 12 1
UNBLOCK 64 14
# CONTEXT CPU 0 64
CPU 64 -1 1
CPU 64 -1 2
CPU 64 -1 3
CPU 65 14 0
CPU 65 -1 1
CPU 65 -1 2
CPU 65 -1 3
BLOCK 66 14
CPU 66 -1 0
CPU 66 -1 1
CPU 66 -1 2
CPU 66 -1 3
UNBLOCK 67 14
# CONTEXT CPU 0 67
CPU 67 -1 1
CPU 67 -1 2
CPU 67 -1 3
CPU 68 14 0
CPU 68 -1 1
CPU 68 -1 2
CPU 68 -1 3
BLOCK 69 14
CPU 69 -1 0
CPU 69 -1 1
CPU 69 -1 2
CPU 69 -1 3
UNBLOCK 70 14
# CONTEXT CPU 0 70
CPU 70 -1 1
CPU 70 -1 2
CPU 70 -1 3
CPU 71 14 0
CPU 71 -1 1
CPU 71 -1 2
CPU 71 -1 3
EXIT 72 14 0
CPU 72 -1 0
CPU 72 -1 1
CPU 72 -1 2
CPU 72 -1 3
