# SETTINGS ../simusched tareas.tsk 4 1 2 SchedRR 4 1 1 2 4
LOAD 0 0
LOAD 0 1
LOAD 0 2
LOAD 0 3
LOAD 0 4
LOAD 0 5
LOAD 0 6
LOAD 0 7
LOAD 0 8
LOAD 0 9
LOAD 0 10
LOAD 0 11
LOAD 0 12
LOAD 0 13
LOAD 0 14
# CONTEXT CPU 0 0
# CONTEXT CPU 1 0
# CONTEXT CPU 2 0
# CONTEXT CPU 3 0
CPU 1 0 0
CPU 1 1 1
CPU 1 2 2
CPU 1 3 3
BLOCK 2 1
BLOCK 2 3
CPU 2 0 0
# CONTEXT CPU 1 2
CPU 2 2 2
# CONTEXT CPU 3 2
UNBLOCK 3 1
UNBLOCK 3 3
CPU 3 0 0
CPU 3 4 1
# CONTEXT CPU 2 3
CPU 3 5 3
CPU 4 0 0
CPU 4 4 1
CPU 4 6 2
CPU 4 5 3
CPU 5 0 0
# CONTEXT CPU 1 5
CPU 5 6 2
CPU 5 5 3
BLOCK 6 0
# CONTEXT CPU 0 6
CPU 6 7 1
# CONTEXT CPU 2 6
# CONTEXT CPU 3 6
UNBLOCK 7 0
CPU 7 8 0
CPU 7 7 1
CPU 7 9 2
CPU 7 10 3
# CONTEXT CPU 0 8
# CONTEXT CPU 1 8
CPU 8 9 2
CPU 8 10 3
BLOCK 9 9
BLOCK 9 10
CPU 9 11 0
CPU 9 12 1
# CONTEXT CPU 2 9
# CONTEXT CPU 3 9
BLOCK 10 12
UNBLOCK 10 9
UNBLOCK 10 10
CPU 10 11 0
# CONTEXT CPU 1 10
CPU 10 13 2
CPU 10 14 3
BLOCK 11 14
UNBLOCK 11 12
CPU 11 11 0
CPU 11 1 1
# CONTEXT CPU 2 11
# CONTEXT CPU 3 11
BLOCK 12 11
UNBLOCK 12 14
# CONTEXT CPU 0 12
CPU 12 1 1
# CONTEXT CPU 2 12
# CONTEXT CPU 3 12
UNBLOCK 13 11
# CONTEXT CPU 0 13
# CONTEXT CPU 1 13
# CONTEXT CPU 2 13
# CONTEXT CPU 3 13
# CONTEXT CPU 0 14
# CONTEXT CPU 1 14
CPU 14 3 2
CPU 14 2 3
CPU 15 4 0
# CONTEXT CPU 1 15
CPU 15 3 2
CPU 15 2 3
CPU 16 4 0
CPU 16 6 1
# CONTEXT CPU 2 16
# CONTEXT CPU 3 16
CPU 17 4 0
CPU 17 6 1
# CONTEXT CPU 2 17
# CONTEXT CPU 3 17
# CONTEXT CPU 0 18
# CONTEXT CPU 1 18
# CONTEXT CPU 2 18
# CONTEXT CPU 3 18
CPU 19 8 0
CPU 19 7 1
CPU 19 5 2
CPU 19 0 3
CPU 20 8 0
CPU 20 7 1
CPU 20 5 2
CPU 20 0 3
CPU 21 8 0
# CONTEXT CPU 1 21
# CONTEXT CPU 2 21
CPU 21 0 3
CPU 22 8 0
# CONTEXT CPU 1 22
# CONTEXT CPU 2 22
# CONTEXT CPU 3 22
CPU 23 8 0
# CONTEXT CPU 1 23
# CONTEXT CPU 2 23
# CONTEXT CPU 3 23
# CONTEXT CPU 0 24
CPU 24 9 1
CPU 24 10 2
# CONTEXT CPU 3 24
BLOCK 25 10
# CONTEXT CPU 0 25
CPU 25 9 1
# CONTEXT CPU 2 25
CPU 25 12 3
BLOCK 26 9
BLOCK 26 12
UNBLOCK 26 10
# CONTEXT CPU 0 26
# CONTEXT CPU 1 26
# CONTEXT CPU 2 26
# CONTEXT CPU 3 26
UNBLOCK 27 9
UNBLOCK 27 12
CPU 27 13 0
# CONTEXT CPU 1 27
# CONTEXT CPU 2 27
# CONTEXT CPU 3 27
BLOCK 28 13
# CONTEXT CPU 0 28
# CONTEXT CPU 1 28
CPU 28 14 2
# CONTEXT CPU 3 28
BLOCK 29 14
UNBLOCK 29 13
# CONTEXT CPU 0 29
CPU 29 11 1
# CONTEXT CPU 2 29
CPU 29 1 3
UNBLOCK 30 14
# CONTEXT CPU 0 30
# CONTEXT CPU 1 30
# CONTEXT CPU 2 30
CPU 30 1 3
CPU 31 3 0
# CONTEXT CPU 1 31
# CONTEXT CPU 2 31
CPU 31 1 3
CPU 32 3 0
# CONTEXT CPU 1 32
CPU 32 2 2
# CONTEXT CPU 3 32
CPU 33 3 0
CPU 33 4 1
CPU 33 2 2
# CONTEXT CPU 3 33
CPU 34 3 0
CPU 34 4 1
# CONTEXT CPU 2 34
# CONTEXT CPU 3 34
CPU 35 3 0
# CONTEXT CPU 1 35
# CONTEXT CPU 2 35
CPU 35 6 3
# CONTEXT CPU 0 36
# CONTEXT CPU 1 36
# CONTEXT CPU 2 36
CPU 36 6 3
BLOCK 37 6
# CONTEXT CPU 0 37
# CONTEXT CPU 1 37
CPU 37 7 2
# CONTEXT CPU 3 37
UNBLOCK 38 6
# CONTEXT CPU 0 38
CPU 38 5 1
CPU 38 7 2
# CONTEXT CPU 3 38
BLOCK 39 5
CPU 39 0 0
# CONTEXT CPU 1 39
# CONTEXT CPU 2 39
# CONTEXT CPU 3 39
EXIT 40 0 0
UNBLOCK 40 5
# CONTEXT CPU 0 40
# CONTEXT CPU 1 40
# CONTEXT CPU 2 40
CPU 40 8 3
BLOCK 41 8
# CONTEXT CPU 0 41
# CONTEXT CPU 1 41
# CONTEXT CPU 2 41
# CONTEXT CPU 3 41
UNBLOCK 42 8
# CONTEXT CPU 0 42
CPU 42 10 1
CPU 42 9 2
# CONTEXT CPU 3 42
CPU 43 12 0
CPU 43 10 1
CPU 43 9 2
# CONTEXT CPU 3 43
BLOCK 44 12
# CONTEXT CPU 0 44
# CONTEXT CPU 1 44
# CONTEXT CPU 2 44
CPU 44 13 3
UNBLOCK 45 12
# CONTEXT CPU 0 45
CPU 45 11 1
# CONTEXT CPU 2 45
CPU 45 13 3
BLOCK 46 13
# CONTEXT CPU 0 46
CPU 46 11 1
# CONTEXT CPU 2 46
# CONTEXT CPU 3 46
UNBLOCK 47 13
CPU 47 14 0
# CONTEXT CPU 1 47
CPU 47 1 2
# CONTEXT CPU 3 47
BLOCK 48 14
# CONTEXT CPU 0 48
CPU 48 4 1
CPU 48 1 2
# CONTEXT CPU 3 48
BLOCK 49 4
UNBLOCK 49 14
CPU 49 3 0
# CONTEXT CPU 1 49
# CONTEXT CPU 2 49
CPU 49 2 3
EXIT 50 3 0
BLOCK 50 2
UNBLOCK 50 4
# CONTEXT CPU 0 50
# CONTEXT CPU 1 50
CPU 50 7 2
# CONTEXT CPU 3 50
BLOCK 51 7
UNBLOCK 51 2
# CONTEXT CPU 0 51
# CONTEXT CPU 1 51
# CONTEXT CPU 2 51
CPU 51 8 3
BLOCK 52 8
UNBLOCK 52 7
# CONTEXT CPU 0 52
CPU 52 6 1
# CONTEXT CPU 2 52
# CONTEXT CPU 3 52
UNBLOCK 53 8
CPU 53 5 0
CPU 53 6 1
# CONTEXT CPU 2 53
# CONTEXT CPU 3 53
CPU 54 5 0
# CONTEXT CPU 1 54
CPU 54 10 2
# CONTEXT CPU 3 54
CPU 55 5 0
# CONTEXT CPU 1 55
CPU 55 10 2
CPU 55 9 3
EXIT 56 5 0
# CONTEXT CPU 0 56
# CONTEXT CPU 1 56
# CONTEXT CPU 2 56
# CONTEXT CPU 3 56
# CONTEXT CPU 0 57
CPU 57 12 1
# CONTEXT CPU 2 57
# CONTEXT CPU 3 57
# CONTEXT CPU 0 58
CPU 58 12 1
# CONTEXT CPU 2 58
# CONTEXT CPU 3 58
CPU 59 13 0
# CONTEXT CPU 1 59
CPU 59 11 2
CPU 59 14 3
BLOCK 60 14
CPU 60 13 0
# CONTEXT CPU 1 60
CPU 60 11 2
# CONTEXT CPU 3 60
BLOCK 61 13
BLOCK 61 11
UNBLOCK 61 14
# CONTEXT CPU 0 61
# CONTEXT CPU 1 61
# CONTEXT CPU 2 61
# CONTEXT CPU 3 61
UNBLOCK 62 11
UNBLOCK 62 13
# CONTEXT CPU 0 62
CPU 62 1 1
CPU 62 7 2
# CONTEXT CPU 3 62
EXIT 63 1 1
# CONTEXT CPU 0 63
# CONTEXT CPU 1 63
# CONTEXT CPU 2 63
CPU 63 4 3
EXIT 64 4 3
CPU 64 2 0
# CONTEXT CPU 1 64
# CONTEXT CPU 2 64
# CONTEXT CPU 3 64
CPU 65 2 0
# CONTEXT CPU 1 65
# CONTEXT CPU 2 65
# CONTEXT CPU 3 65
EXIT 66 2 0
# CONTEXT CPU 0 66
CPU 66 8 1
CPU 66 6 2
# CONTEXT CPU 3 66
EXIT 67 8 1
EXIT 67 6 2
# CONTEXT CPU 0 67
# CONTEXT CPU 1 67
# CONTEXT CPU 2 67
CPU 67 10 3
# CONTEXT CPU 0 68
CPU 68 12 1
# CONTEXT CPU 2 68
CPU 68 10 3
EXIT 69 10 3
CPU 69 9 0
CPU 69 12 1
# CONTEXT CPU 2 69
# CONTEXT CPU 3 69
BLOCK 70 12
CPU 70 9 0
# CONTEXT CPU 1 70
CPU 70 14 2
# CONTEXT CPU 3 70
EXIT 71 9 0
BLOCK 71 14
UNBLOCK 71 12
# CONTEXT CPU 0 71
# CONTEXT CPU 1 71
# CONTEXT CPU 2 71
# CONTEXT CPU 3 71
UNBLOCK 72 14
# CONTEXT CPU 0 72
# CONTEXT CPU 1 72
# CONTEXT CPU 2 72
CPU 72 11 3
EXIT 73 11 3
# CONTEXT CPU 0 73
CPU 73 13 1
# CONTEXT CPU 2 73
# CONTEXT CPU 3 73
BLOCK 74 13
CPU 74 7 0
CPU 74 -1 1
CPU 74 12 2
# CONTEXT CPU 3 74
EXIT 75 7 0
UNBLOCK 75 13
# CONTEXT CPU 0 75
CPU 75 -1 1
CPU 75 12 2
# CONTEXT CPU 3 75
EXIT 76 12 2
# CONTEXT CPU 0 76
CPU 76 -1 1
CPU 76 -1 2
CPU 76 14 3
BLOCK 77 14
# CONTEXT CPU 0 77
CPU 77 -1 1
CPU 77 -1 2
CPU 77 -1 3
UNBLOCK 78 14
CPU 78 13 0
# CONTEXT CPU 1 78
CPU 78 -1 2
CPU 78 -1 3
CPU 79 13 0
# CONTEXT CPU 1 79
CPU 79 -1 2
CPU 79 -1 3
EXIT 80 13 0
CPU 80 -1 0
# CONTEXT CPU 1 80
CPU 80 -1 2
CPU 80 -1 3
CPU 81 -1 0
CPU 81 14 1
CPU 81 -1 2
CPU 81 -1 3
BLOCK 82 14
CPU 82 -1 0
CPU 82 -1 1
CPU 82 -1 2
CPU 82 -1 3
UNBLOCK 83 14
# CONTEXT CPU 0 83
CPU 83 -1 1
CPU 83 -1 2
CPU 83 -1 3
# CONTEXT CPU 0 84
CPU 84 -1 1
CPU 84 -1 2
CPU 84 -1 3
# CONTEXT CPU 0 85
CPU 85 -1 1
CPU 85 -1 2
CPU 85 -1 3
CPU 86 14 0
CPU 86 -1 1
CPU 86 -1 2
CPU 86 -1 3
BLOCK 87 14
CPU 87 -1 0
CPU 87 -1 1
CPU 87 -1 2
CPU 87 -1 3
UNBLOCK 88 14
# CONTEXT CPU 0 88
CPU 88 -1 1
CPU 88 -1 2
CPU 88 -1 3
CPU 89 14 0
CPU 89 -1 1
CPU 89 -1 2
CPU 89 -1 3
EXIT 90 14 0
CPU 90 -1 0
CPU 90 -1 1
CPU 90 -1 2
CPU 90 -1 3
