# SETTINGS ../simusched tareas.tsk 3 1 2 SchedRR 3 6 6 6
LOAD 0 0
LOAD 0 1
LOAD 0 2
LOAD 0 3
LOAD 0 4
LOAD 0 5
LOAD 0 6
LOAD 0 7
LOAD 0 8
LOAD 0 9
LOAD 0 10
LOAD 0 11
LOAD 0 12
LOAD 0 13
LOAD 0 14
# CONTEXT CPU 0 0
# CONTEXT CPU 1 0
# CONTEXT CPU 2 0
CPU 1 0 0
CPU 1 1 1
CPU 1 2 2
BLOCK 2 1
CPU 2 0 0
# CONTEXT CPU 1 2
CPU 2 2 2
UNBLOCK 3 1
CPU 3 0 0
CPU 3 3 1
CPU 3 2 2
BLOCK 4 3
CPU 4 0 0
# CONTEXT CPU 1 4
CPU 4 2 2
UNBLOCK 5 3
# CONTEXT CPU 0 5
CPU 5 4 1
CPU 5 2 2
CPU 6 5 0
CPU 6 4 1
CPU 6 2 2
CPU 7 5 0
CPU 7 4 1
CPU 7 2 2
BLOCK 8 2
CPU 8 5 0
CPU 8 4 1
# CONTEXT CPU 2 8
UNBLOCK 9 2
CPU 9 5 0
CPU 9 4 1
CPU 9 6 2
# CONTEXT CPU 0 10
CPU 10 4 1
# CONTEXT CPU 2 10
CPU 11 7 0
CPU 11 4 1
CPU 11 8 2
CPU 12 7 0
# CONTEXT CPU 1 12
CPU 12 8 2
CPU 13 7 0
CPU 13 9 1
CPU 13 8 2
CPU 14 7 0
CPU 14 9 1
CPU 14 8 2
BLOCK 15 9
# CONTEXT CPU 0 15
# CONTEXT CPU 1 15
CPU 15 8 2
UNBLOCK 16 9
CPU 16 10 0
CPU 16 11 1
CPU 16 8 2
CPU 17 10 0
CPU 17 11 1
CPU 17 8 2
BLOCK 18 10
BLOCK 18 8
# CONTEXT CPU 0 18
CPU 18 11 1
# CONTEXT CPU 2 18
BLOCK 19 11
UNBLOCK 19 8
UNBLOCK 19 10
CPU 19 12 0
# CONTEXT CPU 1 19
CPU 19 13 2
BLOCK 20 12
UNBLOCK 20 11
# CONTEXT CPU 0 20
CPU 20 14 1
# CONTEXT CPU 2 20
BLOCK 21 14
UNBLOCK 21 12
# CONTEXT CPU 0 21
# CONTEXT CPU 1 21
# CONTEXT CPU 2 21
UNBLOCK 22 14
# CONTEXT CPU 0 22
# CONTEXT CPU 1 22
# CONTEXT CPU 2 22
CPU 23 1 0
# CONTEXT CPU 1 23
CPU 23 3 2
CPU 24 1 0
CPU 24 0 1
CPU 24 3 2
BLOCK 25 0
CPU 25 1 0
# CONTEXT CPU 1 25
CPU 25 3 2
UNBLOCK 26 0
# CONTEXT CPU 0 26
# CONTEXT CPU 1 26
CPU 26 3 2
CPU 27 5 0
# CONTEXT CPU 1 27
CPU 27 3 2
CPU 28 5 0
CPU 28 2 1
CPU 28 3 2
BLOCK 29 5
# CONTEXT CPU 0 29
CPU 29 2 1
CPU 29 3 2
EXIT 30 2 1
UNBLOCK 30 5
# CONTEXT CPU 0 30
# CONTEXT CPU 1 30
# CONTEXT CPU 2 30
# CONTEXT CPU 0 31
CPU 31 4 1
# CONTEXT CPU 2 31
BLOCK 32 4
CPU 32 6 0
# CONTEXT CPU 1 32
# CONTEXT CPU 2 32
UNBLOCK 33 4
CPU 33 6 0
CPU 33 9 1
CPU 33 7 2
CPU 34 6 0
CPU 34 9 1
CPU 34 7 2
BLOCK 35 9
# CONTEXT CPU 0 35
# CONTEXT CPU 1 35
CPU 35 7 2
BLOCK 36 7
UNBLOCK 36 9
# CONTEXT CPU 0 36
# CONTEXT CPU 1 36
# CONTEXT CPU 2 36
UNBLOCK 37 7
# CONTEXT CPU 0 37
# CONTEXT CPU 1 37
# CONTEXT CPU 2 37
CPU 38 8 0
CPU 38 10 1
# CONTEXT CPU 2 38
BLOCK 39 8
BLOCK 39 10
# CONTEXT CPU 0 39
# CONTEXT CPU 1 39
CPU 39 11 2
UNBLOCK 40 8
UNBLOCK 40 10
# CONTEXT CPU 0 40
# CONTEXT CPU 1 40
CPU 40 11 2
# CONTEXT CPU 0 41
# CONTEXT CPU 1 41
CPU 41 11 2
CPU 42 13 0
CPU 42 12 1
CPU 42 11 2
BLOCK 43 13
BLOCK 43 12
# CONTEXT CPU 0 43
# CONTEXT CPU 1 43
CPU 43 11 2
BLOCK 44 11
UNBLOCK 44 12
UNBLOCK 44 13
# CONTEXT CPU 0 44
CPU 44 0 1
# CONTEXT CPU 2 44
UNBLOCK 45 11
# CONTEXT CPU 0 45
CPU 45 0 1
# CONTEXT CPU 2 45
CPU 46 14 0
CPU 46 0 1
# CONTEXT CPU 2 46
BLOCK 47 14
# CONTEXT CPU 0 47
CPU 47 0 1
CPU 47 1 2
EXIT 48 0 1
UNBLOCK 48 14
CPU 48 5 0
# CONTEXT CPU 1 48
# CONTEXT CPU 2 48
CPU 49 5 0
# CONTEXT CPU 1 49
# CONTEXT CPU 2 49
CPU 50 5 0
# CONTEXT CPU 1 50
# CONTEXT CPU 2 50
EXIT 51 5 0
# CONTEXT CPU 0 51
CPU 51 3 1
CPU 51 4 2
EXIT 52 3 1
EXIT 52 4 2
CPU 52 6 0
# CONTEXT CPU 1 52
# CONTEXT CPU 2 52
CPU 53 6 0
CPU 53 9 1
CPU 53 7 2
BLOCK 54 6
# CONTEXT CPU 0 54
CPU 54 9 1
CPU 54 7 2
EXIT 55 7 2
UNBLOCK 55 6
CPU 55 8 0
CPU 55 9 1
# CONTEXT CPU 2 55
EXIT 56 8 0
# CONTEXT CPU 0 56
CPU 56 9 1
# CONTEXT CPU 2 56
# CONTEXT CPU 0 57
CPU 57 9 1
# CONTEXT CPU 2 57
EXIT 58 9 1
# CONTEXT CPU 0 58
# CONTEXT CPU 1 58
CPU 58 10 2
CPU 59 12 0
# CONTEXT CPU 1 59
CPU 59 10 2
BLOCK 60 12
# CONTEXT CPU 0 60
# CONTEXT CPU 1 60
CPU 60 10 2
UNBLOCK 61 12
# CONTEXT CPU 0 61
CPU 61 13 1
CPU 61 10 2
# CONTEXT CPU 0 62
CPU 62 13 1
CPU 62 10 2
BLOCK 63 13
CPU 63 11 0
# CONTEXT CPU 1 63
CPU 63 10 2
EXIT 64 11 0
EXIT 64 10 2
UNBLOCK 64 13
# CONTEXT CPU 0 64
# CONTEXT CPU 1 64
# CONTEXT CPU 2 64
# CONTEXT CPU 0 65
# CONTEXT CPU 1 65
# CONTEXT CPU 2 65
# CONTEXT CPU 0 66
CPU 66 14 1
# CONTEXT CPU 2 66
BLOCK 67 14
CPU 67 1 0
# CONTEXT CPU 1 67
CPU 67 6 2
UNBLOCK 68 14
CPU 68 1 0
# CONTEXT CPU 1 68
CPU 68 6 2
CPU 69 1 0
# CONTEXT CPU 1 69
CPU 69 6 2
EXIT 70 6 2
CPU 70 1 0
CPU 70 12 1
# CONTEXT CPU 2 70
EXIT 71 1 0
# CONTEXT CPU 0 71
CPU 71 12 1
# CONTEXT CPU 2 71
# CONTEXT CPU 0 72
CPU 72 12 1
# CONTEXT CPU 2 72
# CONTEXT CPU 0 73
CPU 73 12 1
CPU 73 13 2
BLOCK 74 12
CPU 74 14 0
CPU 74 -1 1
CPU 74 13 2
BLOCK 75 14
BLOCK 75 13
UNBLOCK 75 12
# CONTEXT CPU 0 75
CPU 75 -1 1
CPU 75 -1 2
UNBLOCK 76 13
UNBLOCK 76 14
# CONTEXT CPU 0 76
# CONTEXT CPU 1 76
# CONTEXT CPU 2 76
# CONTEXT CPU 0 77
# CONTEXT CPU 1 77
# CONTEXT CPU 2 77
CPU 78 12 0
# CONTEXT CPU 1 78
# CONTEXT CPU 2 78
CPU 79 12 0
CPU 79 13 1
CPU 79 14 2
EXIT 80 12 0
BLOCK 80 13
BLOCK 80 14
CPU 80 -1 0
CPU 80 -1 1
CPU 80 -1 2
UNBLOCK 81 13
UNBLOCK 81 14
# CONTEXT CPU 0 81
# CONTEXT CPU 1 81
CPU 81 -1 2
# CONTEXT CPU 0 82
# CONTEXT CPU 1 82
CPU 82 -1 2
# CONTEXT CPU 0 83
# CONTEXT CPU 1 83
CPU 83 -1 2
CPU 84 13 0
CPU 84 14 1
CPU 84 -1 2
BLOCK 85 14
CPU 85 13 0
CPU 85 -1 1
CPU 85 -1 2
EXIT 86 13 0
UNBLOCK 86 14
# CONTEXT CPU 0 86
CPU 86 -1 1
CPU 86 -1 2
# CONTEXT CPU 0 87
CPU 87 -1 1
CPU 87 -1 2
# CONTEXT CPU 0 88
CPU 88 -1 1
CPU 88 -1 2
CPU 89 14 0
CPU 89 -1 1
CPU 89 -1 2
BLOCK 90 14
CPU 90 -1 0
CPU 90 -1 1
CPU 90 -1 2
UNBLOCK 91 14
# CONTEXT CPU 0 91
CPU 91 -1 1
CPU 91 -1 2
CPU 92 14 0
CPU 92 -1 1
CPU 92 -1 2
BLOCK 93 14
CPU 93 -1 0
CPU 93 -1 1
CPU 93 -1 2
UNBLOCK 94 14
# CONTEXT CPU 0 94
CPU 94 -1 1
CPU 94 -1 2
CPU 95 14 0
CPU 95 -1 1
CPU 95 -1 2
EXIT 96 14 0
CPU 96 -1 0
CPU 96 -1 1
CPU 96 -1 2
