# SETTINGS ../simusched tareas.tsk 4 1 2 SchedRR 4 2 2 7 8
LOAD 0 0
LOAD 0 1
LOAD 0 2
LOAD 0 3
LOAD 0 4
LOAD 0 5
LOAD 0 6
LOAD 0 7
LOAD 0 8
LOAD 0 9
LOAD 0 10
LOAD 0 11
LOAD 0 12
LOAD 0 13
LOAD 0 14
# CONTEXT CPU 0 0
# CONTEXT CPU 1 0
# CONTEXT CPU 2 0
# CONTEXT CPU 3 0
CPU 1 0 0
CPU 1 1 1
CPU 1 2 2
CPU 1 3 3
BLOCK 2 3
CPU 2 0 0
CPU 2 1 1
CPU 2 2 2
# CONTEXT CPU 3 2
UNBLOCK 3 3
CPU 3 0 0
CPU 3 1 1
CPU 3 2 2
CPU 3 4 3
CPU 4 0 0
# CONTEXT CPU 1 4
# CONTEXT CPU 2 4
CPU 4 4 3
CPU 5 0 0
CPU 5 5 1
CPU 5 6 2
CPU 5 4 3
# CONTEXT CPU 0 6
CPU 6 5 1
CPU 6 6 2
CPU 6 4 3
BLOCK 7 4
CPU 7 7 0
CPU 7 5 1
CPU 7 6 2
# CONTEXT CPU 3 7
BLOCK 8 7
UNBLOCK 8 4
# CONTEXT CPU 0 8
# CONTEXT CPU 1 8
# CONTEXT CPU 2 8
CPU 8 8 3
BLOCK 9 8
UNBLOCK 9 7
CPU 9 9 0
CPU 9 10 1
CPU 9 11 2
# CONTEXT CPU 3 9
BLOCK 10 11
UNBLOCK 10 8
CPU 10 9 0
CPU 10 10 1
# CONTEXT CPU 2 10
CPU 10 12 3
BLOCK 11 10
BLOCK 11 12
UNBLOCK 11 11
CPU 11 9 0
# CONTEXT CPU 1 11
CPU 11 13 2
# CONTEXT CPU 3 11
BLOCK 12 13
UNBLOCK 12 10
UNBLOCK 12 12
CPU 12 9 0
CPU 12 14 1
# CONTEXT CPU 2 12
CPU 12 3 3
BLOCK 13 14
UNBLOCK 13 13
CPU 13 9 0
# CONTEXT CPU 1 13
# CONTEXT CPU 2 13
CPU 13 3 3
BLOCK 14 9
UNBLOCK 14 14
# CONTEXT CPU 0 14
# CONTEXT CPU 1 14
# CONTEXT CPU 2 14
CPU 14 3 3
UNBLOCK 15 9
CPU 15 0 0
# CONTEXT CPU 1 15
CPU 15 1 2
CPU 15 3 3
BLOCK 16 0
# CONTEXT CPU 0 16
CPU 16 2 1
CPU 16 1 2
CPU 16 3 3
UNBLOCK 17 0
# CONTEXT CPU 0 17
CPU 17 2 1
CPU 17 1 2
# CONTEXT CPU 3 17
# CONTEXT CPU 0 18
# CONTEXT CPU 1 18
# CONTEXT CPU 2 18
# CONTEXT CPU 3 18
CPU 19 4 0
# CONTEXT CPU 1 19
# CONTEXT CPU 2 19
# CONTEXT CPU 3 19
# CONTEXT CPU 0 20
# CONTEXT CPU 1 20
# CONTEXT CPU 2 20
CPU 20 5 3
BLOCK 21 5
# CONTEXT CPU 0 21
CPU 21 6 1
CPU 21 7 2
# CONTEXT CPU 3 21
UNBLOCK 22 5
# CONTEXT CPU 0 22
CPU 22 6 1
CPU 22 7 2
# CONTEXT CPU 3 22
CPU 23 8 0
CPU 23 6 1
CPU 23 7 2
# CONTEXT CPU 3 23
BLOCK 24 6
CPU 24 8 0
# CONTEXT CPU 1 24
# CONTEXT CPU 2 24
CPU 24 11 3
UNBLOCK 25 6
CPU 25 8 0
CPU 25 10 1
# CONTEXT CPU 2 25
CPU 25 11 3
BLOCK 26 8
BLOCK 26 10
BLOCK 26 11
# CONTEXT CPU 0 26
# CONTEXT CPU 1 26
# CONTEXT CPU 2 26
# CONTEXT CPU 3 26
UNBLOCK 27 8
UNBLOCK 27 10
UNBLOCK 27 11
# CONTEXT CPU 0 27
CPU 27 14 1
CPU 27 12 2
# CONTEXT CPU 3 27
BLOCK 28 14
BLOCK 28 12
# CONTEXT CPU 0 28
# CONTEXT CPU 1 28
# CONTEXT CPU 2 28
# CONTEXT CPU 3 28
UNBLOCK 29 12
UNBLOCK 29 14
CPU 29 13 0
# CONTEXT CPU 1 29
# CONTEXT CPU 2 29
CPU 29 9 3
BLOCK 30 9
CPU 30 13 0
# CONTEXT CPU 1 30
# CONTEXT CPU 2 30
# CONTEXT CPU 3 30
UNBLOCK 31 9
CPU 31 13 0
CPU 31 0 1
CPU 31 3 2
# CONTEXT CPU 3 31
# CONTEXT CPU 0 32
# CONTEXT CPU 1 32
CPU 32 3 2
# CONTEXT CPU 3 32
# CONTEXT CPU 0 33
# CONTEXT CPU 1 33
CPU 33 3 2
CPU 33 2 3
EXIT 34 3 2
# CONTEXT CPU 0 34
# CONTEXT CPU 1 34
# CONTEXT CPU 2 34
CPU 34 2 3
BLOCK 35 2
CPU 35 1 0
CPU 35 4 1
# CONTEXT CPU 2 35
# CONTEXT CPU 3 35
BLOCK 36 1
UNBLOCK 36 2
# CONTEXT CPU 0 36
CPU 36 4 1
# CONTEXT CPU 2 36
# CONTEXT CPU 3 36
UNBLOCK 37 1
# CONTEXT CPU 0 37
CPU 37 4 1
CPU 37 5 2
# CONTEXT CPU 3 37
# CONTEXT CPU 0 38
# CONTEXT CPU 1 38
CPU 38 5 2
CPU 38 7 3
CPU 39 6 0
# CONTEXT CPU 1 39
CPU 39 5 2
CPU 39 7 3
CPU 40 6 0
# CONTEXT CPU 1 40
# CONTEXT CPU 2 40
CPU 40 7 3
CPU 41 6 0
CPU 41 8 1
# CONTEXT CPU 2 41
CPU 41 7 3
EXIT 42 6 0
# CONTEXT CPU 0 42
CPU 42 8 1
# CONTEXT CPU 2 42
CPU 42 7 3
EXIT 43 7 3
# CONTEXT CPU 0 43
CPU 43 8 1
CPU 43 10 2
# CONTEXT CPU 3 43
# CONTEXT CPU 0 44
# CONTEXT CPU 1 44
CPU 44 10 2
# CONTEXT CPU 3 44
CPU 45 11 0
CPU 45 14 1
CPU 45 10 2
# CONTEXT CPU 3 45
BLOCK 46 14
CPU 46 11 0
# CONTEXT CPU 1 46
# CONTEXT CPU 2 46
CPU 46 12 3
BLOCK 47 12
UNBLOCK 47 14
CPU 47 11 0
# CONTEXT CPU 1 47
# CONTEXT CPU 2 47
# CONTEXT CPU 3 47
UNBLOCK 48 12
CPU 48 11 0
# CONTEXT CPU 1 48
# CONTEXT CPU 2 48
# CONTEXT CPU 3 48
CPU 49 11 0
CPU 49 9 1
CPU 49 13 2
# CONTEXT CPU 3 49
BLOCK 50 13
# CONTEXT CPU 0 50
CPU 50 9 1
# CONTEXT CPU 2 50
CPU 50 0 3
UNBLOCK 51 13
# CONTEXT CPU 0 51
CPU 51 9 1
# CONTEXT CPU 2 51
CPU 51 0 3
EXIT 52 9 1
EXIT 52 0 3
# CONTEXT CPU 0 52
# CONTEXT CPU 1 52
# CONTEXT CPU 2 52
# CONTEXT CPU 3 52
CPU 53 2 0
CPU 53 4 1
CPU 53 1 2
# CONTEXT CPU 3 53
EXIT 54 4 1
CPU 54 2 0
# CONTEXT CPU 1 54
CPU 54 1 2
# CONTEXT CPU 3 54
EXIT 55 2 0
EXIT 55 1 2
# CONTEXT CPU 0 55
CPU 55 8 1
# CONTEXT CPU 2 55
CPU 55 5 3
# CONTEXT CPU 0 56
CPU 56 8 1
# CONTEXT CPU 2 56
CPU 56 5 3
EXIT 57 8 1
EXIT 57 5 3
# CONTEXT CPU 0 57
# CONTEXT CPU 1 57
# CONTEXT CPU 2 57
# CONTEXT CPU 3 57
CPU 58 10 0
# CONTEXT CPU 1 58
CPU 58 14 2
# CONTEXT CPU 3 58
BLOCK 59 14
CPU 59 10 0
# CONTEXT CPU 1 59
# CONTEXT CPU 2 59
# CONTEXT CPU 3 59
UNBLOCK 60 14
CPU 60 10 0
CPU 60 12 1
CPU 60 13 2
CPU 60 11 3
EXIT 61 10 0
BLOCK 61 12
BLOCK 61 13
EXIT 61 11 3
# CONTEXT CPU 0 61
CPU 61 -1 1
CPU 61 -1 2
CPU 61 -1 3
UNBLOCK 62 12
UNBLOCK 62 13
# CONTEXT CPU 0 62
# CONTEXT CPU 1 62
# CONTEXT CPU 2 62
CPU 62 -1 3
# CONTEXT CPU 0 63
CPU 63 12 1
CPU 63 13 2
CPU 63 -1 3
CPU 64 14 0
CPU 64 12 1
CPU 64 13 2
CPU 64 -1 3
BLOCK 65 14
BLOCK 65 13
CPU 65 -1 0
CPU 65 12 1
CPU 65 -1 2
CPU 65 -1 3
UNBLOCK 66 13
UNBLOCK 66 14
# CONTEXT CPU 0 66
# CONTEXT CPU 1 66
# CONTEXT CPU 2 66
CPU 66 -1 3
# CONTEXT CPU 0 67
# CONTEXT CPU 1 67
# CONTEXT CPU 2 67
CPU 67 -1 3
# CONTEXT CPU 0 68
# CONTEXT CPU 1 68
# CONTEXT CPU 2 68
CPU 68 -1 3
CPU 69 13 0
CPU 69 14 1
CPU 69 12 2
CPU 69 -1 3
EXIT 70 13 0
BLOCK 70 14
CPU 70 -1 0
CPU 70 -1 1
CPU 70 12 2
CPU 70 -1 3
EXIT 71 12 2
UNBLOCK 71 14
# CONTEXT CPU 0 71
CPU 71 -1 1
CPU 71 -1 2
CPU 71 -1 3
# CONTEXT CPU 0 72
CPU 72 -1 1
CPU 72 -1 2
CPU 72 -1 3
# CONTEXT CPU 0 73
CPU 73 -1 1
CPU 73 -1 2
CPU 73 -1 3
CPU 74 14 0
CPU 74 -1 1
CPU 74 -1 2
CPU 74 -1 3
BLOCK 75 14
CPU 75 -1 0
CPU 75 -1 1
CPU 75 -1 2
CPU 75 -1 3
UNBLOCK 76 14
# CONTEXT CPU 0 76
CPU 76 -1 1
CPU 76 -1 2
CPU 76 -1 3
CPU 77 14 0
CPU 77 -1 1
CPU 77 -1 2
CPU 77 -1 3
BLOCK 78 14
CPU 78 -1 0
CPU 78 -1 1
CPU 78 -1 2
CPU 78 -1 3
UNBLOCK 79 14
# CONTEXT CPU 0 79
CPU 79 -1 1
CPU 79 -1 2
CPU 79 -1 3
CPU 80 14 0
CPU 80 -1 1
CPU 80 -1 2
CPU 80 -1 3
EXIT 81 14 0
CPU 81 -1 0
CPU 81 -1 1
CPU 81 -1 2
CPU 81 -1 3
