# SETTINGS ../simusched tareas.tsk 4 1 2 SchedRR 4 3 4 6 7
LOAD 0 0
LOAD 0 1
LOAD 0 2
LOAD 0 3
LOAD 0 4
LOAD 0 5
LOAD 0 6
LOAD 0 7
LOAD 0 8
LOAD 0 9
LOAD 0 10
LOAD 0 11
LOAD 0 12
LOAD 0 13
LOAD 0 14
# CONTEXT CPU 0 0
# CONTEXT CPU 1 0
# CONTEXT CPU 2 0
# CONTEXT CPU 3 0
CPU 1 0 0
CPU 1 1 1
CPU 1 2 2
CPU 1 3 3
CPU 2 0 0
CPU 2 1 1
CPU 2 2 2
CPU 2 3 3
CPU 3 0 0
CPU 3 1 1
CPU 3 2 2
CPU 3 3 3
BLOCK 4 0
BLOCK 4 1
BLOCK 4 3
# CONTEXT CPU 0 4
# CONTEXT CPU 1 4
CPU 4 2 2
# CONTEXT CPU 3 4
BLOCK 5 2
UNBLOCK 5 0
UNBLOCK 5 1
UNBLOCK 5 3
CPU 5 4 0
CPU 5 5 1
# CONTEXT CPU 2 5
CPU 5 6 3
UNBLOCK 6 2
CPU 6 4 0
CPU 6 5 1
CPU 6 7 2
CPU 6 6 3
CPU 7 4 0
# CONTEXT CPU 1 7
CPU 7 7 2
CPU 7 6 3
# CONTEXT CPU 0 8
CPU 8 8 1
# CONTEXT CPU 2 8
CPU 8 6 3
BLOCK 9 8
CPU 9 9 0
# CONTEXT CPU 1 9
CPU 9 10 2
CPU 9 6 3
UNBLOCK 10 8
CPU 10 9 0
CPU 10 11 1
CPU 10 10 2
# CONTEXT CPU 3 10
BLOCK 11 10
CPU 11 9 0
CPU 11 11 1
# CONTEXT CPU 2 11
CPU 11 12 3
BLOCK 12 9
UNBLOCK 12 10
# CONTEXT CPU 0 12
CPU 12 11 1
CPU 12 13 2
CPU 12 12 3
BLOCK 13 12
UNBLOCK 13 9
CPU 13 14 0
CPU 13 11 1
CPU 13 13 2
# CONTEXT CPU 3 13
BLOCK 14 14
BLOCK 14 11
UNBLOCK 14 12
# CONTEXT CPU 0 14
# CONTEXT CPU 1 14
CPU 14 13 2
# CONTEXT CPU 3 14
BLOCK 15 13
UNBLOCK 15 11
UNBLOCK 15 14
# CONTEXT CPU 0 15
# CONTEXT CPU 1 15
# CONTEXT CPU 2 15
# CONTEXT CPU 3 15
UNBLOCK 16 13
# CONTEXT CPU 0 16
# CONTEXT CPU 1 16
CPU 16 2 2
CPU 16 0 3
CPU 17 1 0
CPU 17 3 1
CPU 17 2 2
CPU 17 0 3
CPU 18 1 0
# CONTEXT CPU 1 18
# CONTEXT CPU 2 18
CPU 18 0 3
CPU 19 1 0
CPU 19 5 1
# CONTEXT CPU 2 19
CPU 19 0 3
# CONTEXT CPU 0 20
CPU 20 5 1
# CONTEXT CPU 2 20
CPU 20 0 3
# CONTEXT CPU 0 21
CPU 21 5 1
CPU 21 4 2
CPU 21 0 3
BLOCK 22 4
EXIT 22 0 3
# CONTEXT CPU 0 22
CPU 22 5 1
# CONTEXT CPU 2 22
# CONTEXT CPU 3 22
BLOCK 23 5
UNBLOCK 23 4
CPU 23 7 0
# CONTEXT CPU 1 23
# CONTEXT CPU 2 23
CPU 23 6 3
UNBLOCK 24 5
CPU 24 7 0
# CONTEXT CPU 1 24
# CONTEXT CPU 2 24
CPU 24 6 3
BLOCK 25 7
# CONTEXT CPU 0 25
# CONTEXT CPU 1 25
CPU 25 8 2
CPU 25 6 3
BLOCK 26 6
UNBLOCK 26 7
CPU 26 9 0
CPU 26 10 1
CPU 26 8 2
# CONTEXT CPU 3 26
UNBLOCK 27 6
CPU 27 9 0
# CONTEXT CPU 1 27
CPU 27 8 2
CPU 27 12 3
CPU 28 9 0
CPU 28 11 1
CPU 28 8 2
CPU 28 12 3
BLOCK 29 12
CPU 29 9 0
CPU 29 11 1
CPU 29 8 2
# CONTEXT CPU 3 29
BLOCK 30 9
UNBLOCK 30 12
# CONTEXT CPU 0 30
CPU 30 11 1
# CONTEXT CPU 2 30
# CONTEXT CPU 3 30
UNBLOCK 31 9
# CONTEXT CPU 0 31
CPU 31 11 1
# CONTEXT CPU 2 31
# CONTEXT CPU 3 31
BLOCK 32 11
# CONTEXT CPU 0 32
# CONTEXT CPU 1 32
# CONTEXT CPU 2 32
CPU 32 14 3
BLOCK 33 14
UNBLOCK 33 11
CPU 33 13 0
# CONTEXT CPU 1 33
CPU 33 3 2
# CONTEXT CPU 3 33
BLOCK 34 13
UNBLOCK 34 14
# CONTEXT CPU 0 34
# CONTEXT CPU 1 34
CPU 34 3 2
# CONTEXT CPU 3 34
UNBLOCK 35 13
# CONTEXT CPU 0 35
CPU 35 2 1
CPU 35 3 2
# CONTEXT CPU 3 35
# CONTEXT CPU 0 36
# CONTEXT CPU 1 36
CPU 36 3 2
CPU 36 1 3
CPU 37 4 0
CPU 37 5 1
CPU 37 3 2
CPU 37 1 3
EXIT 38 3 2
# CONTEXT CPU 0 38
CPU 38 5 1
# CONTEXT CPU 2 38
CPU 38 1 3
EXIT 39 1 3
CPU 39 7 0
CPU 39 5 1
# CONTEXT CPU 2 39
# CONTEXT CPU 3 39
EXIT 40 5 1
CPU 40 7 0
# CONTEXT CPU 1 40
# CONTEXT CPU 2 40
# CONTEXT CPU 3 40
CPU 41 7 0
# CONTEXT CPU 1 41
CPU 41 6 2
# CONTEXT CPU 3 41
EXIT 42 6 2
CPU 42 7 0
# CONTEXT CPU 1 42
# CONTEXT CPU 2 42
CPU 42 10 3
BLOCK 43 10
CPU 43 7 0
CPU 43 12 1
CPU 43 8 2
# CONTEXT CPU 3 43
EXIT 44 7 0
BLOCK 44 12
UNBLOCK 44 10
# CONTEXT CPU 0 44
# CONTEXT CPU 1 44
CPU 44 8 2
# CONTEXT CPU 3 44
BLOCK 45 8
UNBLOCK 45 12
# CONTEXT CPU 0 45
# CONTEXT CPU 1 45
# CONTEXT CPU 2 45
# CONTEXT CPU 3 45
UNBLOCK 46 8
# CONTEXT CPU 0 46
# CONTEXT CPU 1 46
# CONTEXT CPU 2 46
CPU 46 9 3
CPU 47 11 0
CPU 47 14 1
# CONTEXT CPU 2 47
CPU 47 9 3
EXIT 48 11 0
BLOCK 48 14
EXIT 48 9 3
# CONTEXT CPU 0 48
# CONTEXT CPU 1 48
CPU 48 13 2
# CONTEXT CPU 3 48
BLOCK 49 13
UNBLOCK 49 14
# CONTEXT CPU 0 49
# CONTEXT CPU 1 49
# CONTEXT CPU 2 49
CPU 49 10 3
UNBLOCK 50 13
# CONTEXT CPU 0 50
# CONTEXT CPU 1 50
# CONTEXT CPU 2 50
CPU 50 10 3
CPU 51 2 0
CPU 51 4 1
# CONTEXT CPU 2 51
CPU 51 10 3
CPU 52 2 0
CPU 52 4 1
CPU 52 12 2
CPU 52 10 3
EXIT 53 2 0
BLOCK 53 12
# CONTEXT CPU 0 53
CPU 53 4 1
# CONTEXT CPU 2 53
CPU 53 10 3
EXIT 54 10 3
UNBLOCK 54 12
# CONTEXT CPU 0 54
CPU 54 4 1
# CONTEXT CPU 2 54
# CONTEXT CPU 3 54
EXIT 55 4 1
# CONTEXT CPU 0 55
# CONTEXT CPU 1 55
# CONTEXT CPU 2 55
# CONTEXT CPU 3 55
CPU 56 8 0
# CONTEXT CPU 1 56
CPU 56 14 2
# CONTEXT CPU 3 56
EXIT 57 8 0
BLOCK 57 14
CPU 57 -1 0
# CONTEXT CPU 1 57
CPU 57 -1 2
CPU 57 13 3
UNBLOCK 58 14
# CONTEXT CPU 0 58
CPU 58 12 1
CPU 58 -1 2
CPU 58 13 3
# CONTEXT CPU 0 59
CPU 59 12 1
CPU 59 -1 2
CPU 59 13 3
BLOCK 60 13
# CONTEXT CPU 0 60
CPU 60 12 1
CPU 60 -1 2
CPU 60 -1 3
EXIT 61 12 1
UNBLOCK 61 13
CPU 61 14 0
# CONTEXT CPU 1 61
CPU 61 -1 2
CPU 61 -1 3
BLOCK 62 14
CPU 62 -1 0
# CONTEXT CPU 1 62
CPU 62 -1 2
CPU 62 -1 3
UNBLOCK 63 14
# CONTEXT CPU 0 63
# CONTEXT CPU 1 63
CPU 63 -1 2
CPU 63 -1 3
CPU 64 14 0
CPU 64 13 1
CPU 64 -1 2
CPU 64 -1 3
BLOCK 65 14
EXIT 65 13 1
CPU 65 -1 0
CPU 65 -1 1
CPU 65 -1 2
CPU 65 -1 3
UNBLOCK 66 14
# CONTEXT CPU 0 66
CPU 66 -1 1
CPU 66 -1 2
CPU 66 -1 3
CPU 67 14 0
CPU 67 -1 1
CPU 67 -1 2
CPU 67 -1 3
BLOCK 68 14
CPU 68 -1 0
CPU 68 -1 1
CPU 68 -1 2
CPU 68 -1 3
UNBLOCK 69 14
# CONTEXT CPU 0 69
CPU 69 -1 1
CPU 69 -1 2
CPU 69 -1 3
CPU 70 14 0
CPU 70 -1 1
CPU 70 -1 2
CPU 70 -1 3
BLOCK 71 14
CPU 71 -1 0
CPU 71 -1 1
CPU 71 -1 2
CPU 71 -1 3
UNBLOCK 72 14
# CONTEXT CPU 0 72
CPU 72 -1 1
CPU 72 -1 2
CPU 72 -1 3
CPU 73 14 0
CPU 73 -1 1
CPU 73 -1 2
CPU 73 -1 3
EXIT 74 14 0
CPU 74 -1 0
CPU 74 -1 1
CPU 74 -1 2
CPU 74 -1 3
