# SETTINGS ../simusched tareas.tsk 4 1 2 SchedRR 4 2 2 3 5
LOAD 0 0
LOAD 0 1
LOAD 0 2
LOAD 0 3
LOAD 0 4
LOAD 0 5
LOAD 0 6
LOAD 0 7
LOAD 0 8
LOAD 0 9
LOAD 0 10
LOAD 0 11
LOAD 0 12
LOAD 0 13
LOAD 0 14
# CONTEXT CPU 0 0
# CONTEXT CPU 1 0
# CONTEXT CPU 2 0
# CONTEXT CPU 3 0
CPU 1 0 0
CPU 1 1 1
CPU 1 2 2
CPU 1 3 3
CPU 2 0 0
CPU 2 1 1
CPU 2 2 2
CPU 2 3 3
BLOCK 3 0
# CONTEXT CPU 0 3
CPU 3 1 1
CPU 3 2 2
CPU 3 3 3
BLOCK 4 2
UNBLOCK 4 0
CPU 4 4 0
# CONTEXT CPU 1 4
# CONTEXT CPU 2 4
CPU 4 3 3
UNBLOCK 5 2
CPU 5 4 0
CPU 5 5 1
CPU 5 6 2
# CONTEXT CPU 3 5
CPU 6 4 0
CPU 6 5 1
# CONTEXT CPU 2 6
CPU 6 7 3
BLOCK 7 7
CPU 7 4 0
CPU 7 5 1
CPU 7 8 2
# CONTEXT CPU 3 7
BLOCK 8 8
UNBLOCK 8 7
# CONTEXT CPU 0 8
# CONTEXT CPU 1 8
# CONTEXT CPU 2 8
CPU 8 9 3
UNBLOCK 9 8
CPU 9 10 0
CPU 9 11 1
CPU 9 12 2
CPU 9 9 3
BLOCK 10 12
CPU 10 10 0
CPU 10 11 1
# CONTEXT CPU 2 10
CPU 10 9 3
UNBLOCK 11 12
CPU 11 10 0
CPU 11 11 1
CPU 11 13 2
CPU 11 9 3
BLOCK 12 10
BLOCK 12 13
# CONTEXT CPU 0 12
# CONTEXT CPU 1 12
# CONTEXT CPU 2 12
# CONTEXT CPU 3 12
UNBLOCK 13 10
UNBLOCK 13 13
CPU 13 14 0
# CONTEXT CPU 1 13
# CONTEXT CPU 2 13
# CONTEXT CPU 3 13
BLOCK 14 14
# CONTEXT CPU 0 14
# CONTEXT CPU 1 14
# CONTEXT CPU 2 14
# CONTEXT CPU 3 14
UNBLOCK 15 14
# CONTEXT CPU 0 15
CPU 15 0 1
CPU 15 1 2
CPU 15 2 3
# CONTEXT CPU 0 16
CPU 16 0 1
CPU 16 1 2
CPU 16 2 3
CPU 17 3 0
CPU 17 0 1
CPU 17 1 2
CPU 17 2 3
CPU 18 3 0
# CONTEXT CPU 1 18
# CONTEXT CPU 2 18
CPU 18 2 3
CPU 19 3 0
# CONTEXT CPU 1 19
# CONTEXT CPU 2 19
# CONTEXT CPU 3 19
BLOCK 20 3
# CONTEXT CPU 0 20
# CONTEXT CPU 1 20
# CONTEXT CPU 2 20
# CONTEXT CPU 3 20
UNBLOCK 21 3
# CONTEXT CPU 0 21
CPU 21 6 1
CPU 21 7 2
# CONTEXT CPU 3 21
# CONTEXT CPU 0 22
CPU 22 6 1
CPU 22 7 2
CPU 22 4 3
CPU 23 5 0
CPU 23 6 1
CPU 23 7 2
CPU 23 4 3
BLOCK 24 5
# CONTEXT CPU 0 24
# CONTEXT CPU 1 24
# CONTEXT CPU 2 24
CPU 24 4 3
UNBLOCK 25 5
# CONTEXT CPU 0 25
# CONTEXT CPU 1 25
# CONTEXT CPU 2 25
CPU 25 4 3
BLOCK 26 4
# CONTEXT CPU 0 26
# CONTEXT CPU 1 26
# CONTEXT CPU 2 26
# CONTEXT CPU 3 26
UNBLOCK 27 4
CPU 27 8 0
CPU 27 12 1
CPU 27 11 2
CPU 27 9 3
BLOCK 28 12
BLOCK 28 11
# CONTEXT CPU 0 28
# CONTEXT CPU 1 28
# CONTEXT CPU 2 28
# CONTEXT CPU 3 28
UNBLOCK 29 11
UNBLOCK 29 12
CPU 29 10 0
# CONTEXT CPU 1 29
# CONTEXT CPU 2 29
# CONTEXT CPU 3 29
CPU 30 10 0
# CONTEXT CPU 1 30
# CONTEXT CPU 2 30
# CONTEXT CPU 3 30
BLOCK 31 10
# CONTEXT CPU 0 31
CPU 31 13 1
CPU 31 14 2
CPU 31 0 3
BLOCK 32 13
BLOCK 32 14
UNBLOCK 32 10
# CONTEXT CPU 0 32
# CONTEXT CPU 1 32
# CONTEXT CPU 2 32
CPU 32 0 3
UNBLOCK 33 13
UNBLOCK 33 14
# CONTEXT CPU 0 33
# CONTEXT CPU 1 33
# CONTEXT CPU 2 33
CPU 33 0 3
CPU 34 1 0
# CONTEXT CPU 1 34
# CONTEXT CPU 2 34
CPU 34 0 3
EXIT 35 0 3
CPU 35 1 0
CPU 35 2 1
CPU 35 3 2
# CONTEXT CPU 3 35
BLOCK 36 1
# CONTEXT CPU 0 36
CPU 36 2 1
CPU 36 3 2
# CONTEXT CPU 3 36
EXIT 37 2 1
EXIT 37 3 2
UNBLOCK 37 1
# CONTEXT CPU 0 37
# CONTEXT CPU 1 37
# CONTEXT CPU 2 37
# CONTEXT CPU 3 37
# CONTEXT CPU 0 38
# CONTEXT CPU 1 38
# CONTEXT CPU 2 38
CPU 38 6 3
CPU 39 7 0
# CONTEXT CPU 1 39
# CONTEXT CPU 2 39
CPU 39 6 3
CPU 40 7 0
CPU 40 5 1
CPU 40 4 2
CPU 40 6 3
EXIT 41 4 2
BLOCK 41 6
CPU 41 7 0
CPU 41 5 1
# CONTEXT CPU 2 41
# CONTEXT CPU 3 41
UNBLOCK 42 6
# CONTEXT CPU 0 42
CPU 42 5 1
# CONTEXT CPU 2 42
CPU 42 9 3
BLOCK 43 9
# CONTEXT CPU 0 43
# CONTEXT CPU 1 43
# CONTEXT CPU 2 43
# CONTEXT CPU 3 43
UNBLOCK 44 9
# CONTEXT CPU 0 44
CPU 44 12 1
CPU 44 8 2
# CONTEXT CPU 3 44
BLOCK 45 12
CPU 45 11 0
# CONTEXT CPU 1 45
CPU 45 8 2
# CONTEXT CPU 3 45
UNBLOCK 46 12
CPU 46 11 0
CPU 46 13 1
CPU 46 8 2
CPU 46 10 3
CPU 47 11 0
CPU 47 13 1
# CONTEXT CPU 2 47
CPU 47 10 3
CPU 48 11 0
CPU 48 13 1
CPU 48 14 2
# CONTEXT CPU 3 48
BLOCK 49 11
BLOCK 49 14
# CONTEXT CPU 0 49
# CONTEXT CPU 1 49
# CONTEXT CPU 2 49
# CONTEXT CPU 3 49
UNBLOCK 50 11
UNBLOCK 50 14
# CONTEXT CPU 0 50
# CONTEXT CPU 1 50
# CONTEXT CPU 2 50
# CONTEXT CPU 3 50
# CONTEXT CPU 0 51
# CONTEXT CPU 1 51
# CONTEXT CPU 2 51
CPU 51 1 3
EXIT 52 1 3
CPU 52 6 0
CPU 52 7 1
CPU 52 5 2
# CONTEXT CPU 3 52
CPU 53 6 0
CPU 53 7 1
CPU 53 5 2
CPU 53 9 3
EXIT 54 6 0
EXIT 54 7 1
EXIT 54 5 2
# CONTEXT CPU 0 54
# CONTEXT CPU 1 54
# CONTEXT CPU 2 54
CPU 54 9 3
BLOCK 55 9
# CONTEXT CPU 0 55
# CONTEXT CPU 1 55
# CONTEXT CPU 2 55
# CONTEXT CPU 3 55
UNBLOCK 56 9
# CONTEXT CPU 0 56
# CONTEXT CPU 1 56
# CONTEXT CPU 2 56
# CONTEXT CPU 3 56
CPU 57 12 0
CPU 57 8 1
CPU 57 10 2
# CONTEXT CPU 3 57
CPU 58 12 0
CPU 58 8 1
CPU 58 10 2
CPU 58 13 3
BLOCK 59 12
BLOCK 59 8
EXIT 59 10 2
BLOCK 59 13
# CONTEXT CPU 0 59
# CONTEXT CPU 1 59
# CONTEXT CPU 2 59
CPU 59 -1 3
UNBLOCK 60 8
UNBLOCK 60 12
UNBLOCK 60 13
CPU 60 11 0
# CONTEXT CPU 1 60
# CONTEXT CPU 2 60
# CONTEXT CPU 3 60
EXIT 61 11 0
# CONTEXT CPU 0 61
# CONTEXT CPU 1 61
# CONTEXT CPU 2 61
# CONTEXT CPU 3 61
CPU 62 12 0
CPU 62 14 1
CPU 62 9 2
# CONTEXT CPU 3 62
BLOCK 63 14
EXIT 63 9 2
CPU 63 12 0
# CONTEXT CPU 1 63
CPU 63 -1 2
CPU 63 8 3
UNBLOCK 64 14
CPU 64 12 0
# CONTEXT CPU 1 64
# CONTEXT CPU 2 64
CPU 64 8 3
EXIT 65 8 3
CPU 65 12 0
# CONTEXT CPU 1 65
# CONTEXT CPU 2 65
CPU 65 -1 3
EXIT 66 12 0
CPU 66 -1 0
CPU 66 13 1
# CONTEXT CPU 2 66
CPU 66 -1 3
CPU 67 -1 0
CPU 67 13 1
CPU 67 14 2
CPU 67 -1 3
BLOCK 68 13
BLOCK 68 14
CPU 68 -1 0
CPU 68 -1 1
CPU 68 -1 2
CPU 68 -1 3
UNBLOCK 69 13
UNBLOCK 69 14
# CONTEXT CPU 0 69
# CONTEXT CPU 1 69
CPU 69 -1 2
CPU 69 -1 3
# CONTEXT CPU 0 70
# CONTEXT CPU 1 70
CPU 70 -1 2
CPU 70 -1 3
# CONTEXT CPU 0 71
# CONTEXT CPU 1 71
CPU 71 -1 2
CPU 71 -1 3
CPU 72 13 0
CPU 72 14 1
CPU 72 -1 2
CPU 72 -1 3
EXIT 73 13 0
BLOCK 73 14
CPU 73 -1 0
CPU 73 -1 1
CPU 73 -1 2
CPU 73 -1 3
UNBLOCK 74 14
# CONTEXT CPU 0 74
CPU 74 -1 1
CPU 74 -1 2
CPU 74 -1 3
# CONTEXT CPU 0 75
CPU 75 -1 1
CPU 75 -1 2
CPU 75 -1 3
# CONTEXT CPU 0 76
CPU 76 -1 1
CPU 76 -1 2
CPU 76 -1 3
CPU 77 14 0
CPU 77 -1 1
CPU 77 -1 2
CPU 77 -1 3
BLOCK 78 14
CPU 78 -1 0
CPU 78 -1 1
CPU 78 -1 2
CPU 78 -1 3
UNBLOCK 79 14
# CONTEXT CPU 0 79
CPU 79 -1 1
CPU 79 -1 2
CPU 79 -1 3
CPU 80 14 0
CPU 80 -1 1
CPU 80 -1 2
CPU 80 -1 3
BLOCK 81 14
CPU 81 -1 0
CPU 81 -1 1
CPU 81 -1 2
CPU 81 -1 3
UNBLOCK 82 14
# CONTEXT CPU 0 82
CPU 82 -1 1
CPU 82 -1 2
CPU 82 -1 3
CPU 83 14 0
CPU 83 -1 1
CPU 83 -1 2
CPU 83 -1 3
EXIT 84 14 0
CPU 84 -1 0
CPU 84 -1 1
CPU 84 -1 2
CPU 84 -1 3
