# SETTINGS ../simusched tareas.tsk 3 1 2 SchedRR 3 4 7 8
LOAD 0 0
LOAD 0 1
LOAD 0 2
LOAD 0 3
LOAD 0 4
LOAD 0 5
LOAD 0 6
LOAD 0 7
LOAD 0 8
LOAD 0 9
LOAD 0 10
LOAD 0 11
LOAD 0 12
LOAD 0 13
LOAD 0 14
# CONTEXT CPU 0 0
# CONTEXT CPU 1 0
# CONTEXT CPU 2 0
CPU 1 0 0
CPU 1 1 1
CPU 1 2 2
BLOCK 2 1
CPU 2 0 0
# CONTEXT CPU 1 2
CPU 2 2 2
UNBLOCK 3 1
CPU 3 0 0
CPU 3 3 1
CPU 3 2 2
BLOCK 4 3
CPU 4 0 0
# CONTEXT CPU 1 4
CPU 4 2 2
UNBLOCK 5 3
# CONTEXT CPU 0 5
CPU 5 4 1
CPU 5 2 2
CPU 6 5 0
CPU 6 4 1
CPU 6 2 2
CPU 7 5 0
CPU 7 4 1
CPU 7 2 2
BLOCK 8 2
CPU 8 5 0
CPU 8 4 1
# CONTEXT CPU 2 8
UNBLOCK 9 2
CPU 9 5 0
CPU 9 4 1
CPU 9 6 2
# CONTEXT CPU 0 10
# CONTEXT CPU 1 10
CPU 10 6 2
CPU 11 7 0
CPU 11 8 1
# CONTEXT CPU 2 11
CPU 12 7 0
CPU 12 8 1
CPU 12 9 2
CPU 13 7 0
CPU 13 8 1
CPU 13 9 2
BLOCK 14 9
CPU 14 7 0
CPU 14 8 1
# CONTEXT CPU 2 14
UNBLOCK 15 9
# CONTEXT CPU 0 15
CPU 15 8 1
CPU 15 10 2
CPU 16 11 0
# CONTEXT CPU 1 16
CPU 16 10 2
BLOCK 17 10
CPU 17 11 0
CPU 17 12 1
# CONTEXT CPU 2 17
BLOCK 18 12
UNBLOCK 18 10
CPU 18 11 0
# CONTEXT CPU 1 18
CPU 18 13 2
BLOCK 19 11
UNBLOCK 19 12
# CONTEXT CPU 0 19
CPU 19 14 1
CPU 19 13 2
BLOCK 20 14
BLOCK 20 13
UNBLOCK 20 11
# CONTEXT CPU 0 20
# CONTEXT CPU 1 20
# CONTEXT CPU 2 20
UNBLOCK 21 13
UNBLOCK 21 14
# CONTEXT CPU 0 21
CPU 21 3 1
# CONTEXT CPU 2 21
CPU 22 1 0
CPU 22 3 1
# CONTEXT CPU 2 22
CPU 23 1 0
CPU 23 3 1
CPU 23 0 2
BLOCK 24 0
# CONTEXT CPU 0 24
CPU 24 3 1
# CONTEXT CPU 2 24
UNBLOCK 25 0
# CONTEXT CPU 0 25
CPU 25 3 1
# CONTEXT CPU 2 25
# CONTEXT CPU 0 26
# CONTEXT CPU 1 26
# CONTEXT CPU 2 26
CPU 27 2 0
CPU 27 4 1
CPU 27 5 2
CPU 28 2 0
CPU 28 4 1
CPU 28 5 2
EXIT 29 2 0
BLOCK 29 5
# CONTEXT CPU 0 29
CPU 29 4 1
# CONTEXT CPU 2 29
BLOCK 30 4
UNBLOCK 30 5
# CONTEXT CPU 0 30
# CONTEXT CPU 1 30
CPU 30 9 2
UNBLOCK 31 4
# CONTEXT CPU 0 31
# CONTEXT CPU 1 31
CPU 31 9 2
BLOCK 32 9
CPU 32 6 0
# CONTEXT CPU 1 32
# CONTEXT CPU 2 32
UNBLOCK 33 9
CPU 33 6 0
CPU 33 7 1
# CONTEXT CPU 2 33
CPU 34 6 0
CPU 34 7 1
# CONTEXT CPU 2 34
CPU 35 6 0
CPU 35 7 1
CPU 35 8 2
BLOCK 36 6
BLOCK 36 7
# CONTEXT CPU 0 36
# CONTEXT CPU 1 36
CPU 36 8 2
BLOCK 37 8
UNBLOCK 37 6
UNBLOCK 37 7
# CONTEXT CPU 0 37
CPU 37 12 1
# CONTEXT CPU 2 37
BLOCK 38 12
UNBLOCK 38 8
# CONTEXT CPU 0 38
# CONTEXT CPU 1 38
# CONTEXT CPU 2 38
UNBLOCK 39 12
CPU 39 10 0
# CONTEXT CPU 1 39
# CONTEXT CPU 2 39
BLOCK 40 10
# CONTEXT CPU 0 40
# CONTEXT CPU 1 40
CPU 40 11 2
UNBLOCK 41 10
# CONTEXT CPU 0 41
CPU 41 13 1
CPU 41 11 2
# CONTEXT CPU 0 42
# CONTEXT CPU 1 42
# CONTEXT CPU 2 42
CPU 43 14 0
# CONTEXT CPU 1 43
CPU 43 0 2
BLOCK 44 14
# CONTEXT CPU 0 44
# CONTEXT CPU 1 44
CPU 44 0 2
UNBLOCK 45 14
# CONTEXT CPU 0 45
CPU 45 1 1
CPU 45 0 2
# CONTEXT CPU 0 46
CPU 46 1 1
CPU 46 0 2
EXIT 47 0 2
CPU 47 3 0
CPU 47 1 1
# CONTEXT CPU 2 47
# CONTEXT CPU 0 48
CPU 48 1 1
CPU 48 5 2
# CONTEXT CPU 0 49
CPU 49 1 1
CPU 49 5 2
# CONTEXT CPU 0 50
# CONTEXT CPU 1 50
CPU 50 5 2
EXIT 51 5 2
CPU 51 4 0
# CONTEXT CPU 1 51
# CONTEXT CPU 2 51
EXIT 52 4 0
# CONTEXT CPU 0 52
# CONTEXT CPU 1 52
# CONTEXT CPU 2 52
# CONTEXT CPU 0 53
CPU 53 9 1
# CONTEXT CPU 2 53
# CONTEXT CPU 0 54
CPU 54 9 1
CPU 54 6 2
CPU 55 7 0
CPU 55 9 1
CPU 55 6 2
CPU 56 7 0
CPU 56 9 1
CPU 56 6 2
EXIT 57 7 0
EXIT 57 6 2
# CONTEXT CPU 0 57
CPU 57 9 1
# CONTEXT CPU 2 57
EXIT 58 9 1
# CONTEXT CPU 0 58
# CONTEXT CPU 1 58
# CONTEXT CPU 2 58
# CONTEXT CPU 0 59
# CONTEXT CPU 1 59
# CONTEXT CPU 2 59
CPU 60 8 0
# CONTEXT CPU 1 60
CPU 60 12 2
BLOCK 61 8
BLOCK 61 12
# CONTEXT CPU 0 61
CPU 61 10 1
# CONTEXT CPU 2 61
UNBLOCK 62 8
UNBLOCK 62 12
# CONTEXT CPU 0 62
CPU 62 10 1
CPU 62 11 2
# CONTEXT CPU 0 63
CPU 63 10 1
CPU 63 11 2
CPU 64 13 0
CPU 64 10 1
CPU 64 11 2
BLOCK 65 13
BLOCK 65 11
# CONTEXT CPU 0 65
CPU 65 10 1
# CONTEXT CPU 2 65
UNBLOCK 66 11
UNBLOCK 66 13
CPU 66 14 0
# CONTEXT CPU 1 66
# CONTEXT CPU 2 66
BLOCK 67 14
# CONTEXT CPU 0 67
CPU 67 1 1
# CONTEXT CPU 2 67
EXIT 68 1 1
UNBLOCK 68 14
CPU 68 8 0
# CONTEXT CPU 1 68
CPU 68 3 2
EXIT 69 8 0
# CONTEXT CPU 0 69
# CONTEXT CPU 1 69
CPU 69 3 2
EXIT 70 3 2
# CONTEXT CPU 0 70
# CONTEXT CPU 1 70
# CONTEXT CPU 2 70
# CONTEXT CPU 0 71
CPU 71 12 1
# CONTEXT CPU 2 71
CPU 72 11 0
CPU 72 12 1
# CONTEXT CPU 2 72
EXIT 73 11 0
# CONTEXT CPU 0 73
CPU 73 12 1
CPU 73 13 2
# CONTEXT CPU 0 74
CPU 74 12 1
CPU 74 13 2
BLOCK 75 12
BLOCK 75 13
# CONTEXT CPU 0 75
# CONTEXT CPU 1 75
CPU 75 -1 2
UNBLOCK 76 12
UNBLOCK 76 13
CPU 76 10 0
# CONTEXT CPU 1 76
# CONTEXT CPU 2 76
EXIT 77 10 0
# CONTEXT CPU 0 77
# CONTEXT CPU 1 77
# CONTEXT CPU 2 77
# CONTEXT CPU 0 78
CPU 78 14 1
# CONTEXT CPU 2 78
BLOCK 79 14
# CONTEXT CPU 0 79
CPU 79 -1 1
CPU 79 12 2
UNBLOCK 80 14
CPU 80 13 0
# CONTEXT CPU 1 80
CPU 80 12 2
BLOCK 81 13
EXIT 81 12 2
CPU 81 -1 0
CPU 81 14 1
CPU 81 -1 2
BLOCK 82 14
UNBLOCK 82 13
# CONTEXT CPU 0 82
CPU 82 -1 1
CPU 82 -1 2
UNBLOCK 83 14
CPU 83 13 0
# CONTEXT CPU 1 83
CPU 83 -1 2
CPU 84 13 0
CPU 84 14 1
CPU 84 -1 2
EXIT 85 13 0
BLOCK 85 14
CPU 85 -1 0
CPU 85 -1 1
CPU 85 -1 2
UNBLOCK 86 14
# CONTEXT CPU 0 86
CPU 86 -1 1
CPU 86 -1 2
# CONTEXT CPU 0 87
CPU 87 -1 1
CPU 87 -1 2
# CONTEXT CPU 0 88
CPU 88 -1 1
CPU 88 -1 2
CPU 89 14 0
CPU 89 -1 1
CPU 89 -1 2
BLOCK 90 14
CPU 90 -1 0
CPU 90 -1 1
CPU 90 -1 2
UNBLOCK 91 14
# CONTEXT CPU 0 91
CPU 91 -1 1
CPU 91 -1 2
CPU 92 14 0
CPU 92 -1 1
CPU 92 -1 2
BLOCK 93 14
CPU 93 -1 0
CPU 93 -1 1
CPU 93 -1 2
UNBLOCK 94 14
# CONTEXT CPU 0 94
CPU 94 -1 1
CPU 94 -1 2
CPU 95 14 0
CPU 95 -1 1
CPU 95 -1 2
EXIT 96 14 0
CPU 96 -1 0
CPU 96 -1 1
CPU 96 -1 2
