# SETTINGS ../simusched tareas.tsk 2 1 2 SchedRR 2 3 6
LOAD 0 0
LOAD 0 1
LOAD 0 2
LOAD 0 3
# CONTEXT CPU 0 0
# CONTEXT CPU 1 0
CPU 1 0 0
CPU 1 1 1
BLOCK 2 0
# CONTEXT CPU 0 2
CPU 2 1 1
BLOCK 3 1
UNBLOCK 3 0
CPU 3 2 0
# CONTEXT CPU 1 3
UNBLOCK 4 1
CPU 4 2 0
CPU 4 3 1
BLOCK 5 2
BLOCK 5 3
# CONTEXT CPU 0 5
# CONTEXT CPU 1 5
UNBLOCK 6 2
UNBLOCK 6 3
CPU 6 0 0
CPU 6 1 1
CPU 7 0 0
CPU 7 1 1
# CONTEXT CPU 0 8
CPU 8 1 1
CPU 9 2 0
# CONTEXT CPU 1 9
CPU 10 2 0
CPU 10 3 1
BLOCK 11 3
CPU 11 2 0
# CONTEXT CPU 1 11
BLOCK 12 2
UNBLOCK 12 3
# CONTEXT CPU 0 12
# CONTEXT CPU 1 12
UNBLOCK 13 2
# CONTEXT CPU 0 13
# CONTEXT CPU 1 13
# CONTEXT CPU 0 14
CPU 14 0 1
CPU 15 1 0
CPU 15 0 1
BLOCK 16 1
# CONTEXT CPU 0 16
CPU 16 0 1
UNBLOCK 17 1
# CONTEXT CPU 0 17
CPU 17 0 1
# CONTEXT CPU 0 18
# CONTEXT CPU 1 18
CPU 19 3 0
# CONTEXT CPU 1 19
BLOCK 20 3
# CONTEXT CPU 0 20
# CONTEXT CPU 1 20
UNBLOCK 21 3
CPU 21 1 0
CPU 21 2 1
BLOCK 22 2
# CONTEXT CPU 0 22
# CONTEXT CPU 1 22
UNBLOCK 23 2
# CONTEXT CPU 0 23
# CONTEXT CPU 1 23
# CONTEXT CPU 0 24
# CONTEXT CPU 1 24
CPU 25 0 0
CPU 25 3 1
BLOCK 26 3
CPU 26 0 0
# CONTEXT CPU 1 26
EXIT 27 0 0
UNBLOCK 27 3
# CONTEXT CPU 0 27
# CONTEXT CPU 1 27
# CONTEXT CPU 0 28
# CONTEXT CPU 1 28
# CONTEXT CPU 0 29
CPU 29 1 1
CPU 30 2 0
CPU 30 1 1
EXIT 31 1 1
CPU 31 2 0
# CONTEXT CPU 1 31
BLOCK 32 2
CPU 32 -1 0
CPU 32 3 1
BLOCK 33 3
UNBLOCK 33 2
# CONTEXT CPU 0 33
CPU 33 -1 1
UNBLOCK 34 3
CPU 34 2 0
# CONTEXT CPU 1 34
EXIT 35 2 0
CPU 35 -1 0
CPU 35 3 1
BLOCK 36 3
CPU 36 -1 0
CPU 36 -1 1
UNBLOCK 37 3
# CONTEXT CPU 0 37
CPU 37 -1 1
# CONTEXT CPU 0 38
CPU 38 -1 1
# CONTEXT CPU 0 39
CPU 39 -1 1
CPU 40 3 0
CPU 40 -1 1
BLOCK 41 3
CPU 41 -1 0
CPU 41 -1 1
UNBLOCK 42 3
# CONTEXT CPU 0 42
CPU 42 -1 1
CPU 43 3 0
CPU 43 -1 1
BLOCK 44 3
CPU 44 -1 0
CPU 44 -1 1
UNBLOCK 45 3
# CONTEXT CPU 0 45
CPU 45 -1 1
CPU 46 3 0
CPU 46 -1 1
EXIT 47 3 0
CPU 47 -1 0
CPU 47 -1 1
