# SETTINGS ../simusched tareas.tsk 2 1 2 SchedRR 2 4 7
LOAD 0 0
LOAD 0 1
LOAD 0 2
LOAD 0 3
LOAD 0 4
LOAD 0 5
LOAD 0 6
LOAD 0 7
LOAD 0 8
LOAD 0 9
LOAD 0 10
LOAD 0 11
LOAD 0 12
LOAD 0 13
LOAD 0 14
# CONTEXT CPU 0 0
# CONTEXT CPU 1 0
CPU 1 0 0
CPU 1 1 1
BLOCK 2 0
# CONTEXT CPU 0 2
CPU 2 1 1
UNBLOCK 3 0
CPU 3 2 0
CPU 3 1 1
BLOCK 4 2
# CONTEXT CPU 0 4
CPU 4 1 1
UNBLOCK 5 2
CPU 5 3 0
CPU 5 1 1
CPU 6 3 0
# CONTEXT CPU 1 6
CPU 7 3 0
CPU 7 4 1
BLOCK 8 3
# CONTEXT CPU 0 8
CPU 8 4 1
UNBLOCK 9 3
CPU 9 5 0
CPU 9 4 1
# CONTEXT CPU 0 10
CPU 10 4 1
CPU 11 6 0
CPU 11 4 1
BLOCK 12 4
CPU 12 6 0
# CONTEXT CPU 1 12
UNBLOCK 13 4
CPU 13 6 0
CPU 13 7 1
# CONTEXT CPU 0 14
# CONTEXT CPU 1 14
CPU 15 8 0
CPU 15 9 1
CPU 16 8 0
CPU 16 9 1
CPU 17 8 0
CPU 17 9 1
BLOCK 18 8
BLOCK 18 9
# CONTEXT CPU 0 18
# CONTEXT CPU 1 18
UNBLOCK 19 8
UNBLOCK 19 9
CPU 19 10 0
CPU 19 11 1
# CONTEXT CPU 0 20
CPU 20 11 1
CPU 21 12 0
CPU 21 11 1
BLOCK 22 12
# CONTEXT CPU 0 22
# CONTEXT CPU 1 22
UNBLOCK 23 12
CPU 23 13 0
CPU 23 14 1
BLOCK 24 14
CPU 24 13 0
# CONTEXT CPU 1 24
BLOCK 25 13
UNBLOCK 25 14
# CONTEXT CPU 0 25
# CONTEXT CPU 1 25
UNBLOCK 26 13
CPU 26 2 0
# CONTEXT CPU 1 26
CPU 27 2 0
CPU 27 0 1
# CONTEXT CPU 0 28
CPU 28 0 1
# CONTEXT CPU 0 29
CPU 29 0 1
# CONTEXT CPU 0 30
CPU 30 0 1
CPU 31 1 0
CPU 31 0 1
BLOCK 32 1
# CONTEXT CPU 0 32
# CONTEXT CPU 1 32
UNBLOCK 33 1
CPU 33 3 0
# CONTEXT CPU 1 33
CPU 34 3 0
# CONTEXT CPU 1 34
CPU 35 3 0
CPU 35 5 1
# CONTEXT CPU 0 36
CPU 36 5 1
# CONTEXT CPU 0 37
CPU 37 5 1
# CONTEXT CPU 0 38
CPU 38 5 1
CPU 39 4 0
CPU 39 5 1
BLOCK 40 5
CPU 40 4 0
# CONTEXT CPU 1 40
UNBLOCK 41 5
CPU 41 4 0
# CONTEXT CPU 1 41
# CONTEXT CPU 0 42
# CONTEXT CPU 1 42
# CONTEXT CPU 0 43
CPU 43 6 1
# CONTEXT CPU 0 44
# CONTEXT CPU 1 44
CPU 45 7 0
# CONTEXT CPU 1 45
CPU 46 7 0
# CONTEXT CPU 1 46
CPU 47 7 0
CPU 47 8 1
# CONTEXT CPU 0 48
CPU 48 8 1
# CONTEXT CPU 0 49
CPU 49 8 1
BLOCK 50 8
# CONTEXT CPU 0 50
# CONTEXT CPU 1 50
UNBLOCK 51 8
CPU 51 9 0
# CONTEXT CPU 1 51
CPU 52 9 0
# CONTEXT CPU 1 52
BLOCK 53 9
# CONTEXT CPU 0 53
CPU 53 10 1
BLOCK 54 10
UNBLOCK 54 9
# CONTEXT CPU 0 54
# CONTEXT CPU 1 54
UNBLOCK 55 10
# CONTEXT CPU 0 55
# CONTEXT CPU 1 55
CPU 56 11 0
# CONTEXT CPU 1 56
BLOCK 57 11
# CONTEXT CPU 0 57
CPU 57 12 1
UNBLOCK 58 11
# CONTEXT CPU 0 58
CPU 58 12 1
# CONTEXT CPU 0 59
CPU 59 12 1
CPU 60 14 0
# CONTEXT CPU 1 60
BLOCK 61 14
# CONTEXT CPU 0 61
# CONTEXT CPU 1 61
UNBLOCK 62 14
CPU 62 2 0
# CONTEXT CPU 1 62
CPU 63 2 0
CPU 63 13 1
# CONTEXT CPU 0 64
CPU 64 13 1
# CONTEXT CPU 0 65
CPU 65 13 1
# CONTEXT CPU 0 66
CPU 66 13 1
BLOCK 67 13
CPU 67 0 0
# CONTEXT CPU 1 67
UNBLOCK 68 13
CPU 68 0 0
# CONTEXT CPU 1 68
CPU 69 0 0
# CONTEXT CPU 1 69
EXIT 70 0 0
# CONTEXT CPU 0 70
CPU 70 1 1
CPU 71 3 0
CPU 71 1 1
CPU 72 3 0
# CONTEXT CPU 1 72
CPU 73 3 0
CPU 73 5 1
EXIT 74 3 0
# CONTEXT CPU 0 74
CPU 74 5 1
CPU 75 4 0
CPU 75 5 1
EXIT 76 4 0
EXIT 76 5 1
# CONTEXT CPU 0 76
# CONTEXT CPU 1 76
# CONTEXT CPU 0 77
# CONTEXT CPU 1 77
# CONTEXT CPU 0 78
# CONTEXT CPU 1 78
CPU 79 6 0
CPU 79 7 1
BLOCK 80 7
CPU 80 6 0
# CONTEXT CPU 1 80
UNBLOCK 81 7
CPU 81 6 0
CPU 81 8 1
# CONTEXT CPU 0 82
CPU 82 8 1
CPU 83 9 0
CPU 83 8 1
EXIT 84 8 1
CPU 84 9 0
# CONTEXT CPU 1 84
CPU 85 9 0
CPU 85 10 1
# CONTEXT CPU 0 86
CPU 86 10 1
CPU 87 11 0
CPU 87 10 1
BLOCK 88 10
CPU 88 11 0
# CONTEXT CPU 1 88
UNBLOCK 89 10
CPU 89 11 0
CPU 89 12 1
BLOCK 90 11
BLOCK 90 12
# CONTEXT CPU 0 90
# CONTEXT CPU 1 90
UNBLOCK 91 11
UNBLOCK 91 12
CPU 91 14 0
# CONTEXT CPU 1 91
BLOCK 92 14
# CONTEXT CPU 0 92
# CONTEXT CPU 1 92
UNBLOCK 93 14
# CONTEXT CPU 0 93
CPU 93 2 1
# CONTEXT CPU 0 94
CPU 94 2 1
CPU 95 13 0
CPU 95 2 1
BLOCK 96 13
# CONTEXT CPU 0 96
# CONTEXT CPU 1 96
UNBLOCK 97 13
# CONTEXT CPU 0 97
CPU 97 7 1
# CONTEXT CPU 0 98
CPU 98 7 1
CPU 99 1 0
CPU 99 7 1
EXIT 100 1 0
# CONTEXT CPU 0 100
CPU 100 7 1
EXIT 101 7 1
CPU 101 6 0
# CONTEXT CPU 1 101
BLOCK 102 6
# CONTEXT CPU 0 102
# CONTEXT CPU 1 102
UNBLOCK 103 6
# CONTEXT CPU 0 103
# CONTEXT CPU 1 103
# CONTEXT CPU 0 104
CPU 104 9 1
EXIT 105 9 1
CPU 105 10 0
# CONTEXT CPU 1 105
CPU 106 10 0
# CONTEXT CPU 1 106
CPU 107 10 0
# CONTEXT CPU 1 107
# CONTEXT CPU 0 108
CPU 108 11 1
# CONTEXT CPU 0 109
CPU 109 11 1
EXIT 110 11 1
# CONTEXT CPU 0 110
# CONTEXT CPU 1 110
CPU 111 12 0
# CONTEXT CPU 1 111
BLOCK 112 12
# CONTEXT CPU 0 112
# CONTEXT CPU 1 112
UNBLOCK 113 12
# CONTEXT CPU 0 113
CPU 113 14 1
BLOCK 114 14
# CONTEXT CPU 0 114
# CONTEXT CPU 1 114
UNBLOCK 115 14
CPU 115 2 0
# CONTEXT CPU 1 115
EXIT 116 2 0
# CONTEXT CPU 0 116
# CONTEXT CPU 1 116
CPU 117 6 0
CPU 117 13 1
EXIT 118 6 0
BLOCK 118 13
# CONTEXT CPU 0 118
# CONTEXT CPU 1 118
UNBLOCK 119 13
CPU 119 10 0
# CONTEXT CPU 1 119
EXIT 120 10 0
# CONTEXT CPU 0 120
# CONTEXT CPU 1 120
# CONTEXT CPU 0 121
CPU 121 12 1
# CONTEXT CPU 0 122
CPU 122 12 1
BLOCK 123 12
CPU 123 14 0
# CONTEXT CPU 1 123
BLOCK 124 14
UNBLOCK 124 12
# CONTEXT CPU 0 124
CPU 124 13 1
EXIT 125 13 1
UNBLOCK 125 14
# CONTEXT CPU 0 125
# CONTEXT CPU 1 125
# CONTEXT CPU 0 126
# CONTEXT CPU 1 126
CPU 127 12 0
# CONTEXT CPU 1 127
EXIT 128 12 0
CPU 128 -1 0
CPU 128 14 1
BLOCK 129 14
CPU 129 -1 0
CPU 129 -1 1
UNBLOCK 130 14
# CONTEXT CPU 0 130
CPU 130 -1 1
# CONTEXT CPU 0 131
CPU 131 -1 1
# CONTEXT CPU 0 132
CPU 132 -1 1
CPU 133 14 0
CPU 133 -1 1
BLOCK 134 14
CPU 134 -1 0
CPU 134 -1 1
UNBLOCK 135 14
# CONTEXT CPU 0 135
CPU 135 -1 1
CPU 136 14 0
CPU 136 -1 1
BLOCK 137 14
CPU 137 -1 0
CPU 137 -1 1
UNBLOCK 138 14
# CONTEXT CPU 0 138
CPU 138 -1 1
CPU 139 14 0
CPU 139 -1 1
EXIT 140 14 0
CPU 140 -1 0
CPU 140 -1 1
