# SETTINGS ../simusched tareas.tsk 4 1 2 SchedRR 4 1 6 7 8
LOAD 0 0
LOAD 0 1
LOAD 0 2
LOAD 0 3
LOAD 0 4
LOAD 0 5
LOAD 0 6
LOAD 0 7
LOAD 0 8
LOAD 0 9
LOAD 0 10
LOAD 0 11
LOAD 0 12
LOAD 0 13
LOAD 0 14
# CONTEXT CPU 0 0
# CONTEXT CPU 1 0
# CONTEXT CPU 2 0
# CONTEXT CPU 3 0
CPU 1 0 0
CPU 1 1 1
CPU 1 2 2
CPU 1 3 3
CPU 2 0 0
CPU 2 1 1
CPU 2 2 2
CPU 2 3 3
BLOCK 3 0
# CONTEXT CPU 0 3
# CONTEXT CPU 1 3
CPU 3 2 2
CPU 3 3 3
BLOCK 4 2
UNBLOCK 4 0
CPU 4 4 0
CPU 4 5 1
# CONTEXT CPU 2 4
CPU 4 3 3
UNBLOCK 5 2
CPU 5 4 0
CPU 5 5 1
CPU 5 6 2
CPU 5 3 3
CPU 6 4 0
# CONTEXT CPU 1 6
CPU 6 6 2
CPU 6 3 3
CPU 7 4 0
CPU 7 7 1
CPU 7 6 2
CPU 7 3 3
BLOCK 8 7
BLOCK 8 3
# CONTEXT CPU 0 8
# CONTEXT CPU 1 8
CPU 8 6 2
# CONTEXT CPU 3 8
UNBLOCK 9 3
UNBLOCK 9 7
CPU 9 8 0
CPU 9 9 1
CPU 9 6 2
CPU 9 10 3
BLOCK 10 8
# CONTEXT CPU 0 10
CPU 10 9 1
# CONTEXT CPU 2 10
CPU 10 10 3
UNBLOCK 11 8
CPU 11 11 0
# CONTEXT CPU 1 11
CPU 11 12 2
# CONTEXT CPU 3 11
BLOCK 12 12
CPU 12 11 0
CPU 12 13 1
# CONTEXT CPU 2 12
CPU 12 14 3
BLOCK 13 13
BLOCK 13 14
UNBLOCK 13 12
CPU 13 11 0
# CONTEXT CPU 1 13
# CONTEXT CPU 2 13
# CONTEXT CPU 3 13
UNBLOCK 14 13
UNBLOCK 14 14
CPU 14 11 0
# CONTEXT CPU 1 14
# CONTEXT CPU 2 14
# CONTEXT CPU 3 14
BLOCK 15 11
# CONTEXT CPU 0 15
# CONTEXT CPU 1 15
CPU 15 1 2
# CONTEXT CPU 3 15
UNBLOCK 16 11
# CONTEXT CPU 0 16
CPU 16 0 1
CPU 16 1 2
CPU 16 2 3
# CONTEXT CPU 0 17
CPU 17 0 1
CPU 17 1 2
CPU 17 2 3
CPU 18 5 0
# CONTEXT CPU 1 18
CPU 18 1 2
CPU 18 2 3
CPU 19 5 0
# CONTEXT CPU 1 19
CPU 19 1 2
CPU 19 2 3
BLOCK 20 5
# CONTEXT CPU 0 20
# CONTEXT CPU 1 20
CPU 20 1 2
CPU 20 2 3
BLOCK 21 1
UNBLOCK 21 5
# CONTEXT CPU 0 21
CPU 21 4 1
# CONTEXT CPU 2 21
CPU 21 2 3
EXIT 22 2 3
UNBLOCK 22 1
# CONTEXT CPU 0 22
CPU 22 4 1
# CONTEXT CPU 2 22
# CONTEXT CPU 3 22
CPU 23 3 0
# CONTEXT CPU 1 23
# CONTEXT CPU 2 23
# CONTEXT CPU 3 23
# CONTEXT CPU 0 24
# CONTEXT CPU 1 24
CPU 24 7 2
# CONTEXT CPU 3 24
# CONTEXT CPU 0 25
# CONTEXT CPU 1 25
CPU 25 7 2
CPU 25 6 3
# CONTEXT CPU 0 26
CPU 26 8 1
# CONTEXT CPU 2 26
CPU 26 6 3
BLOCK 27 6
CPU 27 9 0
CPU 27 8 1
# CONTEXT CPU 2 27
# CONTEXT CPU 3 27
UNBLOCK 28 6
CPU 28 9 0
# CONTEXT CPU 1 28
# CONTEXT CPU 2 28
# CONTEXT CPU 3 28
CPU 29 9 0
CPU 29 13 1
CPU 29 10 2
# CONTEXT CPU 3 29
BLOCK 30 13
BLOCK 30 10
CPU 30 9 0
# CONTEXT CPU 1 30
# CONTEXT CPU 2 30
CPU 30 12 3
BLOCK 31 9
BLOCK 31 12
UNBLOCK 31 10
UNBLOCK 31 13
# CONTEXT CPU 0 31
# CONTEXT CPU 1 31
# CONTEXT CPU 2 31
# CONTEXT CPU 3 31
UNBLOCK 32 9
UNBLOCK 32 12
# CONTEXT CPU 0 32
# CONTEXT CPU 1 32
# CONTEXT CPU 2 32
# CONTEXT CPU 3 32
# CONTEXT CPU 0 33
CPU 33 14 1
CPU 33 11 2
# CONTEXT CPU 3 33
BLOCK 34 14
CPU 34 0 0
# CONTEXT CPU 1 34
CPU 34 11 2
CPU 34 5 3
UNBLOCK 35 14
CPU 35 0 0
# CONTEXT CPU 1 35
CPU 35 11 2
CPU 35 5 3
# CONTEXT CPU 0 36
# CONTEXT CPU 1 36
CPU 36 11 2
CPU 36 5 3
BLOCK 37 11
# CONTEXT CPU 0 37
CPU 37 1 1
# CONTEXT CPU 2 37
CPU 37 5 3
EXIT 38 1 1
UNBLOCK 38 11
# CONTEXT CPU 0 38
# CONTEXT CPU 1 38
# CONTEXT CPU 2 38
CPU 38 5 3
EXIT 39 5 3
CPU 39 4 0
# CONTEXT CPU 1 39
# CONTEXT CPU 2 39
# CONTEXT CPU 3 39
CPU 40 4 0
# CONTEXT CPU 1 40
CPU 40 3 2
CPU 40 6 3
BLOCK 41 4
EXIT 41 3 2
# CONTEXT CPU 0 41
CPU 41 7 1
# CONTEXT CPU 2 41
CPU 41 6 3
EXIT 42 6 3
UNBLOCK 42 4
# CONTEXT CPU 0 42
CPU 42 7 1
CPU 42 10 2
# CONTEXT CPU 3 42
# CONTEXT CPU 0 43
# CONTEXT CPU 1 43
CPU 43 10 2
# CONTEXT CPU 3 43
BLOCK 44 10
CPU 44 8 0
# CONTEXT CPU 1 44
# CONTEXT CPU 2 44
# CONTEXT CPU 3 44
UNBLOCK 45 10
CPU 45 8 0
# CONTEXT CPU 1 45
# CONTEXT CPU 2 45
CPU 45 13 3
CPU 46 8 0
CPU 46 9 1
# CONTEXT CPU 2 46
CPU 46 13 3
CPU 47 8 0
CPU 47 9 1
CPU 47 12 2
CPU 47 13 3
BLOCK 48 8
BLOCK 48 9
BLOCK 48 12
# CONTEXT CPU 0 48
# CONTEXT CPU 1 48
# CONTEXT CPU 2 48
CPU 48 13 3
BLOCK 49 13
UNBLOCK 49 8
UNBLOCK 49 9
UNBLOCK 49 12
# CONTEXT CPU 0 49
# CONTEXT CPU 1 49
CPU 49 11 2
# CONTEXT CPU 3 49
EXIT 50 11 2
UNBLOCK 50 13
# CONTEXT CPU 0 50
# CONTEXT CPU 1 50
# CONTEXT CPU 2 50
# CONTEXT CPU 3 50
CPU 51 14 0
CPU 51 0 1
# CONTEXT CPU 2 51
# CONTEXT CPU 3 51
BLOCK 52 14
# CONTEXT CPU 0 52
# CONTEXT CPU 1 52
# CONTEXT CPU 2 52
CPU 52 4 3
EXIT 53 4 3
UNBLOCK 53 14
# CONTEXT CPU 0 53
# CONTEXT CPU 1 53
CPU 53 7 2
# CONTEXT CPU 3 53
# CONTEXT CPU 0 54
# CONTEXT CPU 1 54
CPU 54 7 2
# CONTEXT CPU 3 54
CPU 55 10 0
CPU 55 8 1
CPU 55 7 2
# CONTEXT CPU 3 55
# CONTEXT CPU 0 56
CPU 56 8 1
CPU 56 7 2
CPU 56 9 3
EXIT 57 8 1
EXIT 57 7 2
EXIT 57 9 3
# CONTEXT CPU 0 57
# CONTEXT CPU 1 57
# CONTEXT CPU 2 57
# CONTEXT CPU 3 57
# CONTEXT CPU 0 58
# CONTEXT CPU 1 58
# CONTEXT CPU 2 58
# CONTEXT CPU 3 58
CPU 59 12 0
# CONTEXT CPU 1 59
# CONTEXT CPU 2 59
# CONTEXT CPU 3 59
CPU 60 12 0
CPU 60 13 1
CPU 60 0 2
CPU 60 14 3
BLOCK 61 12
BLOCK 61 14
# CONTEXT CPU 0 61
CPU 61 13 1
CPU 61 0 2
CPU 61 -1 3
BLOCK 62 13
EXIT 62 0 2
UNBLOCK 62 12
UNBLOCK 62 14
CPU 62 10 0
# CONTEXT CPU 1 62
# CONTEXT CPU 2 62
CPU 62 -1 3
UNBLOCK 63 13
CPU 63 10 0
# CONTEXT CPU 1 63
# CONTEXT CPU 2 63
# CONTEXT CPU 3 63
CPU 64 10 0
# CONTEXT CPU 1 64
# CONTEXT CPU 2 64
# CONTEXT CPU 3 64
EXIT 65 10 0
CPU 65 -1 0
CPU 65 12 1
CPU 65 14 2
# CONTEXT CPU 3 65
BLOCK 66 14
CPU 66 -1 0
CPU 66 12 1
CPU 66 -1 2
CPU 66 13 3
EXIT 67 13 3
UNBLOCK 67 14
# CONTEXT CPU 0 67
CPU 67 12 1
CPU 67 -1 2
CPU 67 -1 3
# CONTEXT CPU 0 68
CPU 68 12 1
CPU 68 -1 2
CPU 68 -1 3
EXIT 69 12 1
# CONTEXT CPU 0 69
CPU 69 -1 1
CPU 69 -1 2
CPU 69 -1 3
CPU 70 14 0
CPU 70 -1 1
CPU 70 -1 2
CPU 70 -1 3
BLOCK 71 14
CPU 71 -1 0
CPU 71 -1 1
CPU 71 -1 2
CPU 71 -1 3
UNBLOCK 72 14
# CONTEXT CPU 0 72
CPU 72 -1 1
CPU 72 -1 2
CPU 72 -1 3
CPU 73 14 0
CPU 73 -1 1
CPU 73 -1 2
CPU 73 -1 3
BLOCK 74 14
CPU 74 -1 0
CPU 74 -1 1
CPU 74 -1 2
CPU 74 -1 3
UNBLOCK 75 14
# CONTEXT CPU 0 75
CPU 75 -1 1
CPU 75 -1 2
CPU 75 -1 3
CPU 76 14 0
CPU 76 -1 1
CPU 76 -1 2
CPU 76 -1 3
BLOCK 77 14
CPU 77 -1 0
CPU 77 -1 1
CPU 77 -1 2
CPU 77 -1 3
UNBLOCK 78 14
# CONTEXT CPU 0 78
CPU 78 -1 1
CPU 78 -1 2
CPU 78 -1 3
CPU 79 14 0
CPU 79 -1 1
CPU 79 -1 2
CPU 79 -1 3
EXIT 80 14 0
CPU 80 -1 0
CPU 80 -1 1
CPU 80 -1 2
CPU 80 -1 3
