# SETTINGS ../simusched tareas.tsk 4 1 2 SchedRR 4 7 7 8 8
LOAD 0 0
LOAD 0 1
LOAD 0 2
LOAD 0 3
LOAD 0 4
LOAD 0 5
LOAD 0 6
LOAD 0 7
LOAD 0 8
LOAD 0 9
LOAD 0 10
LOAD 0 11
LOAD 0 12
LOAD 0 13
LOAD 0 14
# CONTEXT CPU 0 0
# CONTEXT CPU 1 0
# CONTEXT CPU 2 0
# CONTEXT CPU 3 0
CPU 1 0 0
CPU 1 1 1
CPU 1 2 2
CPU 1 3 3
CPU 2 0 0
CPU 2 1 1
CPU 2 2 2
CPU 2 3 3
BLOCK 3 1
CPU 3 0 0
# CONTEXT CPU 1 3
CPU 3 2 2
CPU 3 3 3
BLOCK 4 3
UNBLOCK 4 1
CPU 4 0 0
CPU 4 4 1
CPU 4 2 2
# CONTEXT CPU 3 4
UNBLOCK 5 3
CPU 5 0 0
CPU 5 4 1
CPU 5 2 2
CPU 5 5 3
BLOCK 6 0
# CONTEXT CPU 0 6
CPU 6 4 1
CPU 6 2 2
CPU 6 5 3
BLOCK 7 2
UNBLOCK 7 0
CPU 7 6 0
CPU 7 4 1
# CONTEXT CPU 2 7
CPU 7 5 3
UNBLOCK 8 2
# CONTEXT CPU 0 8
CPU 8 4 1
CPU 8 7 2
CPU 8 5 3
BLOCK 9 4
CPU 9 8 0
# CONTEXT CPU 1 9
CPU 9 7 2
CPU 9 5 3
BLOCK 10 8
UNBLOCK 10 4
# CONTEXT CPU 0 10
CPU 10 9 1
CPU 10 7 2
CPU 10 5 3
BLOCK 11 5
UNBLOCK 11 8
CPU 11 10 0
CPU 11 9 1
# CONTEXT CPU 2 11
# CONTEXT CPU 3 11
BLOCK 12 9
UNBLOCK 12 5
CPU 12 10 0
# CONTEXT CPU 1 12
CPU 12 11 2
CPU 12 12 3
UNBLOCK 13 9
CPU 13 10 0
CPU 13 13 1
CPU 13 11 2
CPU 13 12 3
BLOCK 14 10
BLOCK 14 12
# CONTEXT CPU 0 14
CPU 14 13 1
CPU 14 11 2
# CONTEXT CPU 3 14
BLOCK 15 11
UNBLOCK 15 10
UNBLOCK 15 12
CPU 15 14 0
# CONTEXT CPU 1 15
# CONTEXT CPU 2 15
# CONTEXT CPU 3 15
BLOCK 16 14
UNBLOCK 16 11
# CONTEXT CPU 0 16
# CONTEXT CPU 1 16
# CONTEXT CPU 2 16
# CONTEXT CPU 3 16
UNBLOCK 17 14
# CONTEXT CPU 0 17
# CONTEXT CPU 1 17
# CONTEXT CPU 2 17
CPU 17 1 3
# CONTEXT CPU 0 18
CPU 18 3 1
CPU 18 0 2
# CONTEXT CPU 3 18
CPU 19 2 0
CPU 19 3 1
CPU 19 0 2
# CONTEXT CPU 3 19
CPU 20 2 0
CPU 20 3 1
CPU 20 0 2
# CONTEXT CPU 3 20
CPU 21 2 0
CPU 21 3 1
CPU 21 0 2
CPU 21 6 3
EXIT 22 2 0
EXIT 22 0 2
# CONTEXT CPU 0 22
CPU 22 3 1
# CONTEXT CPU 2 22
CPU 22 6 3
BLOCK 23 6
# CONTEXT CPU 0 23
CPU 23 3 1
# CONTEXT CPU 2 23
# CONTEXT CPU 3 23
EXIT 24 3 1
UNBLOCK 24 6
# CONTEXT CPU 0 24
# CONTEXT CPU 1 24
# CONTEXT CPU 2 24
# CONTEXT CPU 3 24
CPU 25 4 0
# CONTEXT CPU 1 25
CPU 25 8 2
# CONTEXT CPU 3 25
CPU 26 4 0
# CONTEXT CPU 1 26
CPU 26 8 2
CPU 26 7 3
CPU 27 4 0
CPU 27 5 1
CPU 27 8 2
CPU 27 7 3
BLOCK 28 7
CPU 28 4 0
CPU 28 5 1
CPU 28 8 2
# CONTEXT CPU 3 28
EXIT 29 4 0
UNBLOCK 29 7
# CONTEXT CPU 0 29
CPU 29 5 1
CPU 29 8 2
# CONTEXT CPU 3 29
EXIT 30 5 1
BLOCK 30 8
CPU 30 10 0
# CONTEXT CPU 1 30
# CONTEXT CPU 2 30
# CONTEXT CPU 3 30
UNBLOCK 31 8
CPU 31 10 0
# CONTEXT CPU 1 31
# CONTEXT CPU 2 31
CPU 31 9 3
BLOCK 32 10
# CONTEXT CPU 0 32
# CONTEXT CPU 1 32
# CONTEXT CPU 2 32
CPU 32 9 3
UNBLOCK 33 10
# CONTEXT CPU 0 33
CPU 33 12 1
CPU 33 13 2
CPU 33 9 3
BLOCK 34 12
BLOCK 34 13
# CONTEXT CPU 0 34
# CONTEXT CPU 1 34
# CONTEXT CPU 2 34
CPU 34 9 3
UNBLOCK 35 12
UNBLOCK 35 13
CPU 35 11 0
# CONTEXT CPU 1 35
# CONTEXT CPU 2 35
CPU 35 9 3
CPU 36 11 0
# CONTEXT CPU 1 36
# CONTEXT CPU 2 36
CPU 36 9 3
BLOCK 37 11
BLOCK 37 9
# CONTEXT CPU 0 37
CPU 37 14 1
CPU 37 1 2
# CONTEXT CPU 3 37
BLOCK 38 14
UNBLOCK 38 9
UNBLOCK 38 11
# CONTEXT CPU 0 38
# CONTEXT CPU 1 38
CPU 38 1 2
CPU 38 7 3
UNBLOCK 39 14
# CONTEXT CPU 0 39
# CONTEXT CPU 1 39
CPU 39 1 2
CPU 39 7 3
CPU 40 6 0
# CONTEXT CPU 1 40
CPU 40 1 2
# CONTEXT CPU 3 40
CPU 41 6 0
CPU 41 8 1
# CONTEXT CPU 2 41
# CONTEXT CPU 3 41
CPU 42 6 0
CPU 42 8 1
# CONTEXT CPU 2 42
# CONTEXT CPU 3 42
# CONTEXT CPU 0 43
CPU 43 8 1
# CONTEXT CPU 2 43
CPU 43 10 3
EXIT 44 8 1
# CONTEXT CPU 0 44
# CONTEXT CPU 1 44
CPU 44 12 2
CPU 44 10 3
BLOCK 45 12
# CONTEXT CPU 0 45
# CONTEXT CPU 1 45
# CONTEXT CPU 2 45
CPU 45 10 3
UNBLOCK 46 12
CPU 46 13 0
# CONTEXT CPU 1 46
# CONTEXT CPU 2 46
CPU 46 10 3
EXIT 47 10 3
CPU 47 13 0
CPU 47 9 1
# CONTEXT CPU 2 47
# CONTEXT CPU 3 47
BLOCK 48 13
EXIT 48 9 1
# CONTEXT CPU 0 48
# CONTEXT CPU 1 48
CPU 48 11 2
# CONTEXT CPU 3 48
UNBLOCK 49 13
# CONTEXT CPU 0 49
# CONTEXT CPU 1 49
CPU 49 11 2
# CONTEXT CPU 3 49
# CONTEXT CPU 0 50
# CONTEXT CPU 1 50
CPU 50 11 2
CPU 50 14 3
BLOCK 51 14
CPU 51 7 0
CPU 51 1 1
CPU 51 11 2
# CONTEXT CPU 3 51
EXIT 52 11 2
UNBLOCK 52 14
CPU 52 7 0
CPU 52 1 1
# CONTEXT CPU 2 52
# CONTEXT CPU 3 52
EXIT 53 7 0
EXIT 53 1 1
# CONTEXT CPU 0 53
# CONTEXT CPU 1 53
CPU 53 12 2
# CONTEXT CPU 3 53
CPU 54 13 0
# CONTEXT CPU 1 54
CPU 54 12 2
CPU 54 6 3
BLOCK 55 13
BLOCK 55 12
CPU 55 -1 0
# CONTEXT CPU 1 55
CPU 55 -1 2
CPU 55 6 3
UNBLOCK 56 12
UNBLOCK 56 13
# CONTEXT CPU 0 56
CPU 56 14 1
# CONTEXT CPU 2 56
CPU 56 6 3
BLOCK 57 14
EXIT 57 6 3
# CONTEXT CPU 0 57
CPU 57 -1 1
# CONTEXT CPU 2 57
CPU 57 -1 3
UNBLOCK 58 14
# CONTEXT CPU 0 58
# CONTEXT CPU 1 58
# CONTEXT CPU 2 58
CPU 58 -1 3
CPU 59 12 0
CPU 59 14 1
CPU 59 13 2
CPU 59 -1 3
BLOCK 60 14
BLOCK 60 13
CPU 60 12 0
CPU 60 -1 1
CPU 60 -1 2
CPU 60 -1 3
UNBLOCK 61 13
UNBLOCK 61 14
CPU 61 12 0
# CONTEXT CPU 1 61
# CONTEXT CPU 2 61
CPU 61 -1 3
EXIT 62 12 0
CPU 62 -1 0
# CONTEXT CPU 1 62
# CONTEXT CPU 2 62
CPU 62 -1 3
CPU 63 -1 0
# CONTEXT CPU 1 63
# CONTEXT CPU 2 63
CPU 63 -1 3
CPU 64 -1 0
CPU 64 13 1
CPU 64 14 2
CPU 64 -1 3
BLOCK 65 14
CPU 65 -1 0
CPU 65 13 1
CPU 65 -1 2
CPU 65 -1 3
EXIT 66 13 1
UNBLOCK 66 14
# CONTEXT CPU 0 66
CPU 66 -1 1
CPU 66 -1 2
CPU 66 -1 3
# CONTEXT CPU 0 67
CPU 67 -1 1
CPU 67 -1 2
CPU 67 -1 3
# CONTEXT CPU 0 68
CPU 68 -1 1
CPU 68 -1 2
CPU 68 -1 3
CPU 69 14 0
CPU 69 -1 1
CPU 69 -1 2
CPU 69 -1 3
BLOCK 70 14
CPU 70 -1 0
CPU 70 -1 1
CPU 70 -1 2
CPU 70 -1 3
UNBLOCK 71 14
# CONTEXT CPU 0 71
CPU 71 -1 1
CPU 71 -1 2
CPU 71 -1 3
CPU 72 14 0
CPU 72 -1 1
CPU 72 -1 2
CPU 72 -1 3
BLOCK 73 14
CPU 73 -1 0
CPU 73 -1 1
CPU 73 -1 2
CPU 73 -1 3
UNBLOCK 74 14
# CONTEXT CPU 0 74
CPU 74 -1 1
CPU 74 -1 2
CPU 74 -1 3
CPU 75 14 0
CPU 75 -1 1
CPU 75 -1 2
CPU 75 -1 3
EXIT 76 14 0
CPU 76 -1 0
CPU 76 -1 1
CPU 76 -1 2
CPU 76 -1 3
