# SETTINGS ../simusched tareas.tsk 3 1 2 SchedRR 3 6 6 7
LOAD 0 0
LOAD 0 1
LOAD 0 2
LOAD 0 3
# CONTEXT CPU 0 0
# CONTEXT CPU 1 0
# CONTEXT CPU 2 0
CPU 1 0 0
CPU 1 1 1
CPU 1 2 2
CPU 2 0 0
CPU 2 1 1
CPU 2 2 2
BLOCK 3 2
CPU 3 0 0
CPU 3 1 1
# CONTEXT CPU 2 3
BLOCK 4 1
UNBLOCK 4 2
CPU 4 0 0
# CONTEXT CPU 1 4
CPU 4 3 2
BLOCK 5 3
UNBLOCK 5 1
# CONTEXT CPU 0 5
# CONTEXT CPU 1 5
# CONTEXT CPU 2 5
UNBLOCK 6 3
# CONTEXT CPU 0 6
# CONTEXT CPU 1 6
# CONTEXT CPU 2 6
# CONTEXT CPU 0 7
CPU 7 2 1
# CONTEXT CPU 2 7
BLOCK 8 2
CPU 8 1 0
# CONTEXT CPU 1 8
CPU 8 0 2
UNBLOCK 9 2
CPU 9 1 0
# CONTEXT CPU 1 9
CPU 9 0 2
CPU 10 1 0
# CONTEXT CPU 1 10
CPU 10 0 2
BLOCK 11 0
CPU 11 1 0
CPU 11 3 1
# CONTEXT CPU 2 11
BLOCK 12 1
BLOCK 12 3
UNBLOCK 12 0
# CONTEXT CPU 0 12
CPU 12 -1 1
# CONTEXT CPU 2 12
UNBLOCK 13 1
UNBLOCK 13 3
# CONTEXT CPU 0 13
# CONTEXT CPU 1 13
# CONTEXT CPU 2 13
# CONTEXT CPU 0 14
# CONTEXT CPU 1 14
CPU 14 2 2
BLOCK 15 2
CPU 15 0 0
# CONTEXT CPU 1 15
# CONTEXT CPU 2 15
UNBLOCK 16 2
# CONTEXT CPU 0 16
CPU 16 1 1
# CONTEXT CPU 2 16
# CONTEXT CPU 0 17
CPU 17 1 1
# CONTEXT CPU 2 17
EXIT 18 1 1
# CONTEXT CPU 0 18
# CONTEXT CPU 1 18
CPU 18 3 2
BLOCK 19 3
CPU 19 2 0
# CONTEXT CPU 1 19
CPU 19 -1 2
BLOCK 20 2
UNBLOCK 20 3
# CONTEXT CPU 0 20
# CONTEXT CPU 1 20
CPU 20 -1 2
UNBLOCK 21 2
# CONTEXT CPU 0 21
CPU 21 0 1
# CONTEXT CPU 2 21
EXIT 22 0 1
# CONTEXT CPU 0 22
CPU 22 -1 1
# CONTEXT CPU 2 22
CPU 23 3 0
CPU 23 -1 1
# CONTEXT CPU 2 23
BLOCK 24 3
CPU 24 -1 0
CPU 24 -1 1
CPU 24 2 2
UNBLOCK 25 3
# CONTEXT CPU 0 25
CPU 25 -1 1
CPU 25 2 2
CPU 26 3 0
CPU 26 -1 1
CPU 26 2 2
BLOCK 27 3
CPU 27 -1 0
CPU 27 -1 1
CPU 27 2 2
EXIT 28 2 2
UNBLOCK 28 3
# CONTEXT CPU 0 28
CPU 28 -1 1
CPU 28 -1 2
CPU 29 3 0
CPU 29 -1 1
CPU 29 -1 2
BLOCK 30 3
CPU 30 -1 0
CPU 30 -1 1
CPU 30 -1 2
UNBLOCK 31 3
# CONTEXT CPU 0 31
CPU 31 -1 1
CPU 31 -1 2
CPU 32 3 0
CPU 32 -1 1
CPU 32 -1 2
BLOCK 33 3
CPU 33 -1 0
CPU 33 -1 1
CPU 33 -1 2
UNBLOCK 34 3
# CONTEXT CPU 0 34
CPU 34 -1 1
CPU 34 -1 2
CPU 35 3 0
CPU 35 -1 1
CPU 35 -1 2
BLOCK 36 3
CPU 36 -1 0
CPU 36 -1 1
CPU 36 -1 2
UNBLOCK 37 3
# CONTEXT CPU 0 37
CPU 37 -1 1
CPU 37 -1 2
CPU 38 3 0
CPU 38 -1 1
CPU 38 -1 2
EXIT 39 3 0
CPU 39 -1 0
CPU 39 -1 1
CPU 39 -1 2
