# SETTINGS ../simusched tareas.tsk 4 1 2 SchedRR 4 1 6 8 8
LOAD 0 0
LOAD 0 1
LOAD 0 2
LOAD 0 3
LOAD 0 4
LOAD 0 5
LOAD 0 6
LOAD 0 7
LOAD 0 8
LOAD 0 9
LOAD 0 10
LOAD 0 11
LOAD 0 12
LOAD 0 13
LOAD 0 14
# CONTEXT CPU 0 0
# CONTEXT CPU 1 0
# CONTEXT CPU 2 0
# CONTEXT CPU 3 0
CPU 1 0 0
CPU 1 1 1
CPU 1 2 2
CPU 1 3 3
CPU 2 0 0
CPU 2 1 1
CPU 2 2 2
CPU 2 3 3
BLOCK 3 0
# CONTEXT CPU 0 3
# CONTEXT CPU 1 3
CPU 3 2 2
CPU 3 3 3
BLOCK 4 2
UNBLOCK 4 0
CPU 4 4 0
CPU 4 5 1
# CONTEXT CPU 2 4
CPU 4 3 3
UNBLOCK 5 2
CPU 5 4 0
CPU 5 5 1
CPU 5 6 2
CPU 5 3 3
CPU 6 4 0
# CONTEXT CPU 1 6
CPU 6 6 2
CPU 6 3 3
CPU 7 4 0
CPU 7 7 1
CPU 7 6 2
CPU 7 3 3
BLOCK 8 7
BLOCK 8 3
# CONTEXT CPU 0 8
# CONTEXT CPU 1 8
CPU 8 6 2
# CONTEXT CPU 3 8
UNBLOCK 9 3
UNBLOCK 9 7
CPU 9 8 0
CPU 9 9 1
CPU 9 6 2
CPU 9 10 3
BLOCK 10 8
# CONTEXT CPU 0 10
CPU 10 9 1
# CONTEXT CPU 2 10
CPU 10 10 3
UNBLOCK 11 8
CPU 11 11 0
# CONTEXT CPU 1 11
CPU 11 12 2
CPU 11 10 3
BLOCK 12 12
BLOCK 12 10
CPU 12 11 0
CPU 12 13 1
# CONTEXT CPU 2 12
# CONTEXT CPU 3 12
BLOCK 13 13
UNBLOCK 13 10
UNBLOCK 13 12
CPU 13 11 0
# CONTEXT CPU 1 13
CPU 13 14 2
# CONTEXT CPU 3 13
BLOCK 14 14
UNBLOCK 14 13
CPU 14 11 0
# CONTEXT CPU 1 14
# CONTEXT CPU 2 14
# CONTEXT CPU 3 14
BLOCK 15 11
UNBLOCK 15 14
# CONTEXT CPU 0 15
# CONTEXT CPU 1 15
CPU 15 2 2
CPU 15 1 3
UNBLOCK 16 11
# CONTEXT CPU 0 16
CPU 16 0 1
CPU 16 2 2
# CONTEXT CPU 3 16
# CONTEXT CPU 0 17
CPU 17 0 1
CPU 17 2 2
# CONTEXT CPU 3 17
CPU 18 5 0
# CONTEXT CPU 1 18
CPU 18 2 2
# CONTEXT CPU 3 18
CPU 19 5 0
# CONTEXT CPU 1 19
CPU 19 2 2
CPU 19 4 3
BLOCK 20 5
# CONTEXT CPU 0 20
# CONTEXT CPU 1 20
CPU 20 2 2
CPU 20 4 3
EXIT 21 2 2
UNBLOCK 21 5
# CONTEXT CPU 0 21
CPU 21 3 1
# CONTEXT CPU 2 21
CPU 21 4 3
# CONTEXT CPU 0 22
CPU 22 3 1
CPU 22 6 2
CPU 22 4 3
EXIT 23 3 1
BLOCK 23 4
CPU 23 7 0
# CONTEXT CPU 1 23
CPU 23 6 2
# CONTEXT CPU 3 23
BLOCK 24 6
UNBLOCK 24 4
# CONTEXT CPU 0 24
# CONTEXT CPU 1 24
# CONTEXT CPU 2 24
# CONTEXT CPU 3 24
UNBLOCK 25 6
# CONTEXT CPU 0 25
# CONTEXT CPU 1 25
CPU 25 12 2
# CONTEXT CPU 3 25
BLOCK 26 12
# CONTEXT CPU 0 26
CPU 26 8 1
# CONTEXT CPU 2 26
CPU 26 9 3
UNBLOCK 27 12
CPU 27 10 0
CPU 27 8 1
# CONTEXT CPU 2 27
CPU 27 9 3
CPU 28 10 0
# CONTEXT CPU 1 28
# CONTEXT CPU 2 28
CPU 28 9 3
BLOCK 29 10
# CONTEXT CPU 0 29
# CONTEXT CPU 1 29
CPU 29 13 2
CPU 29 9 3
BLOCK 30 13
BLOCK 30 9
UNBLOCK 30 10
CPU 30 11 0
# CONTEXT CPU 1 30
# CONTEXT CPU 2 30
# CONTEXT CPU 3 30
UNBLOCK 31 9
UNBLOCK 31 13
CPU 31 11 0
CPU 31 14 1
# CONTEXT CPU 2 31
# CONTEXT CPU 3 31
BLOCK 32 14
CPU 32 11 0
# CONTEXT CPU 1 32
# CONTEXT CPU 2 32
# CONTEXT CPU 3 32
UNBLOCK 33 14
CPU 33 11 0
# CONTEXT CPU 1 33
CPU 33 1 2
CPU 33 0 3
BLOCK 34 11
# CONTEXT CPU 0 34
# CONTEXT CPU 1 34
CPU 34 1 2
CPU 34 0 3
UNBLOCK 35 11
# CONTEXT CPU 0 35
CPU 35 5 1
CPU 35 1 2
CPU 35 0 3
# CONTEXT CPU 0 36
CPU 36 5 1
CPU 36 1 2
# CONTEXT CPU 3 36
CPU 37 4 0
# CONTEXT CPU 1 37
CPU 37 1 2
# CONTEXT CPU 3 37
EXIT 38 4 0
BLOCK 38 1
# CONTEXT CPU 0 38
# CONTEXT CPU 1 38
# CONTEXT CPU 2 38
# CONTEXT CPU 3 38
UNBLOCK 39 1
# CONTEXT CPU 0 39
# CONTEXT CPU 1 39
# CONTEXT CPU 2 39
CPU 39 7 3
# CONTEXT CPU 0 40
CPU 40 6 1
# CONTEXT CPU 2 40
CPU 40 7 3
CPU 41 12 0
CPU 41 6 1
CPU 41 8 2
CPU 41 7 3
BLOCK 42 12
EXIT 42 6 1
# CONTEXT CPU 0 42
# CONTEXT CPU 1 42
CPU 42 8 2
CPU 42 7 3
UNBLOCK 43 12
CPU 43 10 0
# CONTEXT CPU 1 43
# CONTEXT CPU 2 43
CPU 43 7 3
CPU 44 10 0
# CONTEXT CPU 1 44
CPU 44 13 2
CPU 44 7 3
CPU 45 10 0
CPU 45 9 1
CPU 45 13 2
CPU 45 7 3
EXIT 46 7 3
CPU 46 10 0
CPU 46 9 1
CPU 46 13 2
# CONTEXT CPU 3 46
EXIT 47 10 0
BLOCK 47 9
# CONTEXT CPU 0 47
# CONTEXT CPU 1 47
CPU 47 13 2
# CONTEXT CPU 3 47
BLOCK 48 13
UNBLOCK 48 9
CPU 48 11 0
# CONTEXT CPU 1 48
# CONTEXT CPU 2 48
# CONTEXT CPU 3 48
EXIT 49 11 0
UNBLOCK 49 13
# CONTEXT CPU 0 49
# CONTEXT CPU 1 49
# CONTEXT CPU 2 49
CPU 49 14 3
BLOCK 50 14
# CONTEXT CPU 0 50
CPU 50 0 1
# CONTEXT CPU 2 50
# CONTEXT CPU 3 50
UNBLOCK 51 14
# CONTEXT CPU 0 51
# CONTEXT CPU 1 51
CPU 51 5 2
# CONTEXT CPU 3 51
CPU 52 1 0
# CONTEXT CPU 1 52
CPU 52 5 2
# CONTEXT CPU 3 52
EXIT 53 1 0
# CONTEXT CPU 0 53
# CONTEXT CPU 1 53
CPU 53 5 2
CPU 53 12 3
EXIT 54 5 2
# CONTEXT CPU 0 54
CPU 54 8 1
# CONTEXT CPU 2 54
CPU 54 12 3
BLOCK 55 12
# CONTEXT CPU 0 55
CPU 55 8 1
CPU 55 13 2
# CONTEXT CPU 3 55
BLOCK 56 8
UNBLOCK 56 12
CPU 56 9 0
# CONTEXT CPU 1 56
CPU 56 13 2
CPU 56 14 3
EXIT 57 9 0
BLOCK 57 13
BLOCK 57 14
UNBLOCK 57 8
# CONTEXT CPU 0 57
CPU 57 0 1
# CONTEXT CPU 2 57
CPU 57 -1 3
EXIT 58 0 1
UNBLOCK 58 13
UNBLOCK 58 14
# CONTEXT CPU 0 58
# CONTEXT CPU 1 58
# CONTEXT CPU 2 58
# CONTEXT CPU 3 58
# CONTEXT CPU 0 59
# CONTEXT CPU 1 59
# CONTEXT CPU 2 59
CPU 59 14 3
BLOCK 60 14
CPU 60 12 0
# CONTEXT CPU 1 60
CPU 60 8 2
CPU 60 -1 3
UNBLOCK 61 14
CPU 61 12 0
CPU 61 13 1
CPU 61 8 2
# CONTEXT CPU 3 61
EXIT 62 13 1
EXIT 62 8 2
CPU 62 12 0
CPU 62 -1 1
CPU 62 -1 2
CPU 62 14 3
BLOCK 63 14
CPU 63 12 0
CPU 63 -1 1
CPU 63 -1 2
CPU 63 -1 3
EXIT 64 12 0
UNBLOCK 64 14
# CONTEXT CPU 0 64
CPU 64 -1 1
CPU 64 -1 2
CPU 64 -1 3
# CONTEXT CPU 0 65
CPU 65 -1 1
CPU 65 -1 2
CPU 65 -1 3
# CONTEXT CPU 0 66
CPU 66 -1 1
CPU 66 -1 2
CPU 66 -1 3
CPU 67 14 0
CPU 67 -1 1
CPU 67 -1 2
CPU 67 -1 3
BLOCK 68 14
CPU 68 -1 0
CPU 68 -1 1
CPU 68 -1 2
CPU 68 -1 3
UNBLOCK 69 14
# CONTEXT CPU 0 69
CPU 69 -1 1
CPU 69 -1 2
CPU 69 -1 3
CPU 70 14 0
CPU 70 -1 1
CPU 70 -1 2
CPU 70 -1 3
BLOCK 71 14
CPU 71 -1 0
CPU 71 -1 1
CPU 71 -1 2
CPU 71 -1 3
UNBLOCK 72 14
# CONTEXT CPU 0 72
CPU 72 -1 1
CPU 72 -1 2
CPU 72 -1 3
CPU 73 14 0
CPU 73 -1 1
CPU 73 -1 2
CPU 73 -1 3
EXIT 74 14 0
CPU 74 -1 0
CPU 74 -1 1
CPU 74 -1 2
CPU 74 -1 3
