# SETTINGS ../simusched tareas.tsk 4 1 2 SchedRR 4 1 1 6 6
LOAD 0 0
LOAD 0 1
LOAD 0 2
LOAD 0 3
LOAD 0 4
LOAD 0 5
LOAD 0 6
LOAD 0 7
LOAD 0 8
LOAD 0 9
LOAD 0 10
LOAD 0 11
LOAD 0 12
LOAD 0 13
LOAD 0 14
# CONTEXT CPU 0 0
# CONTEXT CPU 1 0
# CONTEXT CPU 2 0
# CONTEXT CPU 3 0
CPU 1 0 0
CPU 1 1 1
CPU 1 2 2
CPU 1 3 3
CPU 2 0 0
CPU 2 1 1
CPU 2 2 2
CPU 2 3 3
CPU 3 0 0
# CONTEXT CPU 1 3
# CONTEXT CPU 2 3
CPU 3 3 3
BLOCK 4 0
# CONTEXT CPU 0 4
CPU 4 4 1
CPU 4 5 2
CPU 4 3 3
UNBLOCK 5 0
CPU 5 6 0
CPU 5 4 1
CPU 5 5 2
CPU 5 3 3
BLOCK 6 5
BLOCK 6 3
CPU 6 6 0
# CONTEXT CPU 1 6
# CONTEXT CPU 2 6
# CONTEXT CPU 3 6
UNBLOCK 7 3
UNBLOCK 7 5
CPU 7 6 0
CPU 7 7 1
CPU 7 8 2
CPU 7 9 3
BLOCK 8 9
# CONTEXT CPU 0 8
CPU 8 7 1
# CONTEXT CPU 2 8
# CONTEXT CPU 3 8
UNBLOCK 9 9
CPU 9 10 0
# CONTEXT CPU 1 9
CPU 9 11 2
CPU 9 12 3
BLOCK 10 10
# CONTEXT CPU 0 10
CPU 10 13 1
CPU 10 11 2
CPU 10 12 3
BLOCK 11 12
UNBLOCK 11 10
CPU 11 14 0
CPU 11 13 1
# CONTEXT CPU 2 11
# CONTEXT CPU 3 11
BLOCK 12 14
UNBLOCK 12 12
# CONTEXT CPU 0 12
# CONTEXT CPU 1 12
# CONTEXT CPU 2 12
# CONTEXT CPU 3 12
UNBLOCK 13 14
CPU 13 0 0
CPU 13 4 1
# CONTEXT CPU 2 13
# CONTEXT CPU 3 13
CPU 14 0 0
CPU 14 4 1
CPU 14 1 2
CPU 14 2 3
CPU 15 0 0
# CONTEXT CPU 1 15
CPU 15 1 2
CPU 15 2 3
CPU 16 0 0
# CONTEXT CPU 1 16
# CONTEXT CPU 2 16
# CONTEXT CPU 3 16
CPU 17 0 0
# CONTEXT CPU 1 17
CPU 17 5 2
# CONTEXT CPU 3 17
# CONTEXT CPU 0 18
CPU 18 3 1
CPU 18 5 2
# CONTEXT CPU 3 18
# CONTEXT CPU 0 19
CPU 19 3 1
# CONTEXT CPU 2 19
CPU 19 6 3
BLOCK 20 6
# CONTEXT CPU 0 20
# CONTEXT CPU 1 20
# CONTEXT CPU 2 20
# CONTEXT CPU 3 20
UNBLOCK 21 6
CPU 21 8 0
CPU 21 7 1
# CONTEXT CPU 2 21
# CONTEXT CPU 3 21
BLOCK 22 8
# CONTEXT CPU 0 22
CPU 22 7 1
CPU 22 9 2
# CONTEXT CPU 3 22
UNBLOCK 23 8
# CONTEXT CPU 0 23
# CONTEXT CPU 1 23
CPU 23 9 2
CPU 23 10 3
# CONTEXT CPU 0 24
# CONTEXT CPU 1 24
# CONTEXT CPU 2 24
CPU 24 10 3
BLOCK 25 10
CPU 25 11 0
# CONTEXT CPU 1 25
# CONTEXT CPU 2 25
# CONTEXT CPU 3 25
BLOCK 26 11
UNBLOCK 26 10
# CONTEXT CPU 0 26
CPU 26 12 1
# CONTEXT CPU 2 26
# CONTEXT CPU 3 26
UNBLOCK 27 11
# CONTEXT CPU 0 27
CPU 27 12 1
CPU 27 13 2
# CONTEXT CPU 3 27
BLOCK 28 12
# CONTEXT CPU 0 28
# CONTEXT CPU 1 28
CPU 28 13 2
CPU 28 14 3
BLOCK 29 13
BLOCK 29 14
UNBLOCK 29 12
CPU 29 4 0
# CONTEXT CPU 1 29
# CONTEXT CPU 2 29
# CONTEXT CPU 3 29
UNBLOCK 30 13
UNBLOCK 30 14
CPU 30 4 0
# CONTEXT CPU 1 30
# CONTEXT CPU 2 30
# CONTEXT CPU 3 30
CPU 31 4 0
CPU 31 1 1
# CONTEXT CPU 2 31
# CONTEXT CPU 3 31
BLOCK 32 4
# CONTEXT CPU 0 32
# CONTEXT CPU 1 32
CPU 32 2 2
CPU 32 0 3
EXIT 33 0 3
UNBLOCK 33 4
# CONTEXT CPU 0 33
CPU 33 3 1
# CONTEXT CPU 2 33
# CONTEXT CPU 3 33
# CONTEXT CPU 0 34
CPU 34 3 1
# CONTEXT CPU 2 34
# CONTEXT CPU 3 34
EXIT 35 3 1
CPU 35 5 0
# CONTEXT CPU 1 35
# CONTEXT CPU 2 35
# CONTEXT CPU 3 35
CPU 36 5 0
CPU 36 7 1
CPU 36 6 2
CPU 36 8 3
CPU 37 5 0
CPU 37 7 1
CPU 37 6 2
CPU 37 8 3
BLOCK 38 8
# CONTEXT CPU 0 38
# CONTEXT CPU 1 38
# CONTEXT CPU 2 38
# CONTEXT CPU 3 38
UNBLOCK 39 8
# CONTEXT CPU 0 39
# CONTEXT CPU 1 39
# CONTEXT CPU 2 39
# CONTEXT CPU 3 39
# CONTEXT CPU 0 40
# CONTEXT CPU 1 40
# CONTEXT CPU 2 40
# CONTEXT CPU 3 40
CPU 41 9 0
CPU 41 10 1
CPU 41 11 2
CPU 41 12 3
BLOCK 42 9
BLOCK 42 11
# CONTEXT CPU 0 42
CPU 42 10 1
# CONTEXT CPU 2 42
CPU 42 12 3
UNBLOCK 43 9
UNBLOCK 43 11
# CONTEXT CPU 0 43
# CONTEXT CPU 1 43
# CONTEXT CPU 2 43
CPU 43 12 3
BLOCK 44 12
# CONTEXT CPU 0 44
CPU 44 1 1
# CONTEXT CPU 2 44
# CONTEXT CPU 3 44
UNBLOCK 45 12
CPU 45 13 0
CPU 45 1 1
CPU 45 14 2
# CONTEXT CPU 3 45
BLOCK 46 13
BLOCK 46 14
# CONTEXT CPU 0 46
# CONTEXT CPU 1 46
# CONTEXT CPU 2 46
# CONTEXT CPU 3 46
UNBLOCK 47 13
UNBLOCK 47 14
# CONTEXT CPU 0 47
# CONTEXT CPU 1 47
# CONTEXT CPU 2 47
CPU 47 4 3
# CONTEXT CPU 0 48
# CONTEXT CPU 1 48
# CONTEXT CPU 2 48
CPU 48 4 3
EXIT 49 4 3
CPU 49 2 0
CPU 49 5 1
CPU 49 7 2
# CONTEXT CPU 3 49
CPU 50 2 0
CPU 50 5 1
CPU 50 7 2
# CONTEXT CPU 3 50
BLOCK 51 2
EXIT 51 5 1
BLOCK 51 7
# CONTEXT CPU 0 51
# CONTEXT CPU 1 51
# CONTEXT CPU 2 51
# CONTEXT CPU 3 51
UNBLOCK 52 2
UNBLOCK 52 7
# CONTEXT CPU 0 52
# CONTEXT CPU 1 52
CPU 52 11 2
CPU 52 6 3
# CONTEXT CPU 0 53
# CONTEXT CPU 1 53
# CONTEXT CPU 2 53
CPU 53 6 3
CPU 54 8 0
CPU 54 9 1
# CONTEXT CPU 2 54
CPU 54 6 3
EXIT 55 6 3
CPU 55 8 0
CPU 55 9 1
# CONTEXT CPU 2 55
# CONTEXT CPU 3 55
CPU 56 8 0
# CONTEXT CPU 1 56
CPU 56 10 2
CPU 56 12 3
BLOCK 57 12
CPU 57 8 0
CPU 57 1 1
CPU 57 10 2
# CONTEXT CPU 3 57
BLOCK 58 1
UNBLOCK 58 12
# CONTEXT CPU 0 58
# CONTEXT CPU 1 58
# CONTEXT CPU 2 58
# CONTEXT CPU 3 58
UNBLOCK 59 1
# CONTEXT CPU 0 59
# CONTEXT CPU 1 59
CPU 59 7 2
# CONTEXT CPU 3 59
EXIT 60 7 2
# CONTEXT CPU 0 60
# CONTEXT CPU 1 60
# CONTEXT CPU 2 60
CPU 60 13 3
BLOCK 61 13
CPU 61 14 0
CPU 61 2 1
CPU 61 11 2
# CONTEXT CPU 3 61
BLOCK 62 14
UNBLOCK 62 13
# CONTEXT CPU 0 62
CPU 62 2 1
CPU 62 11 2
# CONTEXT CPU 3 62
EXIT 63 2 1
UNBLOCK 63 14
# CONTEXT CPU 0 63
# CONTEXT CPU 1 63
# CONTEXT CPU 2 63
# CONTEXT CPU 3 63
# CONTEXT CPU 0 64
# CONTEXT CPU 1 64
CPU 64 10 2
CPU 64 9 3
CPU 65 12 0
# CONTEXT CPU 1 65
CPU 65 10 2
CPU 65 9 3
EXIT 66 12 0
EXIT 66 10 2
# CONTEXT CPU 0 66
CPU 66 8 1
# CONTEXT CPU 2 66
CPU 66 9 3
EXIT 67 8 1
EXIT 67 9 3
# CONTEXT CPU 0 67
# CONTEXT CPU 1 67
# CONTEXT CPU 2 67
# CONTEXT CPU 3 67
# CONTEXT CPU 0 68
# CONTEXT CPU 1 68
# CONTEXT CPU 2 68
# CONTEXT CPU 3 68
CPU 69 1 0
# CONTEXT CPU 1 69
CPU 69 13 2
# CONTEXT CPU 3 69
EXIT 70 1 0
BLOCK 70 13
CPU 70 -1 0
CPU 70 14 1
CPU 70 -1 2
CPU 70 11 3
BLOCK 71 14
UNBLOCK 71 13
# CONTEXT CPU 0 71
CPU 71 -1 1
CPU 71 -1 2
CPU 71 11 3
EXIT 72 11 3
UNBLOCK 72 14
# CONTEXT CPU 0 72
# CONTEXT CPU 1 72
CPU 72 -1 2
CPU 72 -1 3
# CONTEXT CPU 0 73
CPU 73 14 1
CPU 73 -1 2
CPU 73 -1 3
BLOCK 74 14
CPU 74 13 0
CPU 74 -1 1
CPU 74 -1 2
CPU 74 -1 3
UNBLOCK 75 14
CPU 75 13 0
# CONTEXT CPU 1 75
CPU 75 -1 2
CPU 75 -1 3
EXIT 76 13 0
CPU 76 -1 0
CPU 76 14 1
CPU 76 -1 2
CPU 76 -1 3
BLOCK 77 14
CPU 77 -1 0
CPU 77 -1 1
CPU 77 -1 2
CPU 77 -1 3
UNBLOCK 78 14
# CONTEXT CPU 0 78
CPU 78 -1 1
CPU 78 -1 2
CPU 78 -1 3
# CONTEXT CPU 0 79
CPU 79 -1 1
CPU 79 -1 2
CPU 79 -1 3
# CONTEXT CPU 0 80
CPU 80 -1 1
CPU 80 -1 2
CPU 80 -1 3
CPU 81 14 0
CPU 81 -1 1
CPU 81 -1 2
CPU 81 -1 3
BLOCK 82 14
CPU 82 -1 0
CPU 82 -1 1
CPU 82 -1 2
CPU 82 -1 3
UNBLOCK 83 14
# CONTEXT CPU 0 83
CPU 83 -1 1
CPU 83 -1 2
CPU 83 -1 3
CPU 84 14 0
CPU 84 -1 1
CPU 84 -1 2
CPU 84 -1 3
EXIT 85 14 0
CPU 85 -1 0
CPU 85 -1 1
CPU 85 -1 2
CPU 85 -1 3
