# SETTINGS ../simusched tareas.tsk 3 1 2 SchedRR 3 2 6 6
LOAD 0 0
LOAD 0 1
LOAD 0 2
LOAD 0 3
LOAD 0 4
LOAD 0 5
LOAD 0 6
LOAD 0 7
LOAD 0 8
LOAD 0 9
LOAD 0 10
LOAD 0 11
LOAD 0 12
LOAD 0 13
LOAD 0 14
# CONTEXT CPU 0 0
# CONTEXT CPU 1 0
# CONTEXT CPU 2 0
CPU 1 0 0
CPU 1 1 1
CPU 1 2 2
CPU 2 0 0
CPU 2 1 1
CPU 2 2 2
BLOCK 3 1
CPU 3 0 0
# CONTEXT CPU 1 3
CPU 3 2 2
UNBLOCK 4 1
CPU 4 0 0
CPU 4 3 1
CPU 4 2 2
BLOCK 5 0
# CONTEXT CPU 0 5
CPU 5 3 1
CPU 5 2 2
BLOCK 6 3
UNBLOCK 6 0
CPU 6 4 0
# CONTEXT CPU 1 6
CPU 6 2 2
UNBLOCK 7 3
# CONTEXT CPU 0 7
CPU 7 5 1
CPU 7 2 2
CPU 8 6 0
# CONTEXT CPU 1 8
# CONTEXT CPU 2 8
CPU 9 6 0
CPU 9 7 1
CPU 9 8 2
CPU 10 6 0
CPU 10 7 1
CPU 10 8 2
BLOCK 11 8
CPU 11 6 0
CPU 11 7 1
# CONTEXT CPU 2 11
BLOCK 12 7
UNBLOCK 12 8
# CONTEXT CPU 0 12
# CONTEXT CPU 1 12
CPU 12 9 2
UNBLOCK 13 7
CPU 13 10 0
CPU 13 11 1
CPU 13 9 2
BLOCK 14 10
# CONTEXT CPU 0 14
# CONTEXT CPU 1 14
CPU 14 9 2
UNBLOCK 15 10
CPU 15 12 0
CPU 15 13 1
CPU 15 9 2
CPU 16 12 0
CPU 16 13 1
CPU 16 9 2
BLOCK 17 12
BLOCK 17 9
# CONTEXT CPU 0 17
CPU 17 13 1
# CONTEXT CPU 2 17
BLOCK 18 13
UNBLOCK 18 9
UNBLOCK 18 12
CPU 18 14 0
# CONTEXT CPU 1 18
# CONTEXT CPU 2 18
BLOCK 19 14
UNBLOCK 19 13
# CONTEXT CPU 0 19
# CONTEXT CPU 1 19
# CONTEXT CPU 2 19
UNBLOCK 20 14
# CONTEXT CPU 0 20
# CONTEXT CPU 1 20
CPU 20 1 2
# CONTEXT CPU 0 21
CPU 21 0 1
CPU 21 1 2
CPU 22 3 0
# CONTEXT CPU 1 22
# CONTEXT CPU 2 22
CPU 23 3 0
# CONTEXT CPU 1 23
# CONTEXT CPU 2 23
CPU 24 3 0
# CONTEXT CPU 1 24
# CONTEXT CPU 2 24
# CONTEXT CPU 0 25
CPU 25 4 1
CPU 25 5 2
# CONTEXT CPU 0 26
CPU 26 4 1
CPU 26 5 2
# CONTEXT CPU 0 27
CPU 27 4 1
CPU 27 5 2
CPU 28 2 0
# CONTEXT CPU 1 28
CPU 28 5 2
BLOCK 29 2
# CONTEXT CPU 0 29
# CONTEXT CPU 1 29
CPU 29 5 2
UNBLOCK 30 2
CPU 30 6 0
# CONTEXT CPU 1 30
CPU 30 5 2
BLOCK 31 6
BLOCK 31 5
# CONTEXT CPU 0 31
CPU 31 8 1
# CONTEXT CPU 2 31
UNBLOCK 32 5
UNBLOCK 32 6
# CONTEXT CPU 0 32
CPU 32 8 1
# CONTEXT CPU 2 32
BLOCK 33 8
# CONTEXT CPU 0 33
# CONTEXT CPU 1 33
# CONTEXT CPU 2 33
UNBLOCK 34 8
CPU 34 7 0
# CONTEXT CPU 1 34
CPU 34 11 2
CPU 35 7 0
# CONTEXT CPU 1 35
CPU 35 11 2
BLOCK 36 11
CPU 36 7 0
CPU 36 10 1
# CONTEXT CPU 2 36
UNBLOCK 37 11
CPU 37 7 0
CPU 37 10 1
CPU 37 9 2
# CONTEXT CPU 0 38
# CONTEXT CPU 1 38
# CONTEXT CPU 2 38
CPU 39 12 0
CPU 39 13 1
# CONTEXT CPU 2 39
CPU 40 12 0
CPU 40 13 1
# CONTEXT CPU 2 40
BLOCK 41 13
CPU 41 12 0
# CONTEXT CPU 1 41
CPU 41 14 2
BLOCK 42 12
BLOCK 42 14
UNBLOCK 42 13
# CONTEXT CPU 0 42
CPU 42 0 1
# CONTEXT CPU 2 42
UNBLOCK 43 12
UNBLOCK 43 14
# CONTEXT CPU 0 43
CPU 43 0 1
# CONTEXT CPU 2 43
# CONTEXT CPU 0 44
# CONTEXT CPU 1 44
# CONTEXT CPU 2 44
CPU 45 1 0
CPU 45 4 1
CPU 45 3 2
BLOCK 46 4
CPU 46 1 0
# CONTEXT CPU 1 46
CPU 46 3 2
UNBLOCK 47 4
# CONTEXT CPU 0 47
# CONTEXT CPU 1 47
CPU 47 3 2
# CONTEXT CPU 0 48
# CONTEXT CPU 1 48
CPU 48 3 2
EXIT 49 3 2
# CONTEXT CPU 0 49
CPU 49 2 1
# CONTEXT CPU 2 49
EXIT 50 2 1
CPU 50 5 0
# CONTEXT CPU 1 50
# CONTEXT CPU 2 50
CPU 51 5 0
CPU 51 8 1
# CONTEXT CPU 2 51
EXIT 52 5 0
# CONTEXT CPU 0 52
CPU 52 8 1
CPU 52 6 2
# CONTEXT CPU 0 53
CPU 53 8 1
CPU 53 6 2
# CONTEXT CPU 0 54
# CONTEXT CPU 1 54
CPU 54 6 2
CPU 55 11 0
# CONTEXT CPU 1 55
CPU 55 6 2
BLOCK 56 11
EXIT 56 6 2
# CONTEXT CPU 0 56
# CONTEXT CPU 1 56
# CONTEXT CPU 2 56
UNBLOCK 57 11
# CONTEXT CPU 0 57
CPU 57 7 1
CPU 57 9 2
BLOCK 58 9
# CONTEXT CPU 0 58
CPU 58 7 1
# CONTEXT CPU 2 58
EXIT 59 7 1
UNBLOCK 59 9
CPU 59 10 0
# CONTEXT CPU 1 59
# CONTEXT CPU 2 59
BLOCK 60 10
# CONTEXT CPU 0 60
# CONTEXT CPU 1 60
# CONTEXT CPU 2 60
UNBLOCK 61 10
# CONTEXT CPU 0 61
# CONTEXT CPU 1 61
CPU 61 13 2
BLOCK 62 13
# CONTEXT CPU 0 62
CPU 62 12 1
# CONTEXT CPU 2 62
UNBLOCK 63 13
CPU 63 14 0
CPU 63 12 1
# CONTEXT CPU 2 63
BLOCK 64 14
BLOCK 64 12
# CONTEXT CPU 0 64
# CONTEXT CPU 1 64
# CONTEXT CPU 2 64
UNBLOCK 65 12
UNBLOCK 65 14
# CONTEXT CPU 0 65
# CONTEXT CPU 1 65
CPU 65 0 2
# CONTEXT CPU 0 66
# CONTEXT CPU 1 66
CPU 66 0 2
EXIT 67 0 2
CPU 67 4 0
CPU 67 1 1
# CONTEXT CPU 2 67
CPU 68 4 0
CPU 68 1 1
# CONTEXT CPU 2 68
CPU 69 4 0
# CONTEXT CPU 1 69
# CONTEXT CPU 2 69
CPU 70 4 0
# CONTEXT CPU 1 70
CPU 70 8 2
EXIT 71 4 0
# CONTEXT CPU 0 71
# CONTEXT CPU 1 71
CPU 71 8 2
EXIT 72 8 2
# CONTEXT CPU 0 72
CPU 72 11 1
# CONTEXT CPU 2 72
# CONTEXT CPU 0 73
CPU 73 11 1
# CONTEXT CPU 2 73
CPU 74 9 0
CPU 74 11 1
# CONTEXT CPU 2 74
CPU 75 9 0
# CONTEXT CPU 1 75
CPU 75 10 2
EXIT 76 9 0
# CONTEXT CPU 0 76
# CONTEXT CPU 1 76
CPU 76 10 2
# CONTEXT CPU 0 77
# CONTEXT CPU 1 77
CPU 77 10 2
# CONTEXT CPU 0 78
CPU 78 13 1
CPU 78 10 2
CPU 79 12 0
CPU 79 13 1
CPU 79 10 2
BLOCK 80 12
BLOCK 80 13
EXIT 80 10 2
# CONTEXT CPU 0 80
# CONTEXT CPU 1 80
# CONTEXT CPU 2 80
UNBLOCK 81 12
UNBLOCK 81 13
CPU 81 14 0
CPU 81 1 1
# CONTEXT CPU 2 81
BLOCK 82 14
EXIT 82 1 1
# CONTEXT CPU 0 82
# CONTEXT CPU 1 82
# CONTEXT CPU 2 82
UNBLOCK 83 14
CPU 83 12 0
CPU 83 13 1
CPU 83 11 2
EXIT 84 12 0
EXIT 84 13 1
# CONTEXT CPU 0 84
CPU 84 -1 1
CPU 84 11 2
EXIT 85 11 2
CPU 85 14 0
CPU 85 -1 1
CPU 85 -1 2
BLOCK 86 14
CPU 86 -1 0
CPU 86 -1 1
CPU 86 -1 2
UNBLOCK 87 14
# CONTEXT CPU 0 87
CPU 87 -1 1
CPU 87 -1 2
CPU 88 14 0
CPU 88 -1 1
CPU 88 -1 2
BLOCK 89 14
CPU 89 -1 0
CPU 89 -1 1
CPU 89 -1 2
UNBLOCK 90 14
# CONTEXT CPU 0 90
CPU 90 -1 1
CPU 90 -1 2
CPU 91 14 0
CPU 91 -1 1
CPU 91 -1 2
BLOCK 92 14
CPU 92 -1 0
CPU 92 -1 1
CPU 92 -1 2
UNBLOCK 93 14
# CONTEXT CPU 0 93
CPU 93 -1 1
CPU 93 -1 2
CPU 94 14 0
CPU 94 -1 1
CPU 94 -1 2
BLOCK 95 14
CPU 95 -1 0
CPU 95 -1 1
CPU 95 -1 2
UNBLOCK 96 14
# CONTEXT CPU 0 96
CPU 96 -1 1
CPU 96 -1 2
CPU 97 14 0
CPU 97 -1 1
CPU 97 -1 2
EXIT 98 14 0
CPU 98 -1 0
CPU 98 -1 1
CPU 98 -1 2
