# SETTINGS ../simusched tareas.tsk 3 1 2 SchedRR 3 4 6 6
LOAD 0 0
LOAD 0 1
LOAD 0 2
LOAD 0 3
LOAD 0 4
LOAD 0 5
LOAD 0 6
LOAD 0 7
LOAD 0 8
LOAD 0 9
LOAD 0 10
LOAD 0 11
LOAD 0 12
LOAD 0 13
LOAD 0 14
# CONTEXT CPU 0 0
# CONTEXT CPU 1 0
# CONTEXT CPU 2 0
CPU 1 0 0
CPU 1 1 1
CPU 1 2 2
BLOCK 2 1
CPU 2 0 0
# CONTEXT CPU 1 2
CPU 2 2 2
UNBLOCK 3 1
CPU 3 0 0
CPU 3 3 1
CPU 3 2 2
BLOCK 4 3
CPU 4 0 0
# CONTEXT CPU 1 4
CPU 4 2 2
UNBLOCK 5 3
# CONTEXT CPU 0 5
CPU 5 4 1
CPU 5 2 2
CPU 6 5 0
CPU 6 4 1
CPU 6 2 2
CPU 7 5 0
CPU 7 4 1
CPU 7 2 2
BLOCK 8 2
CPU 8 5 0
CPU 8 4 1
# CONTEXT CPU 2 8
UNBLOCK 9 2
CPU 9 5 0
CPU 9 4 1
CPU 9 6 2
# CONTEXT CPU 0 10
# CONTEXT CPU 1 10
# CONTEXT CPU 2 10
CPU 11 7 0
CPU 11 8 1
CPU 11 9 2
CPU 12 7 0
CPU 12 8 1
CPU 12 9 2
BLOCK 13 9
CPU 13 7 0
CPU 13 8 1
# CONTEXT CPU 2 13
UNBLOCK 14 9
CPU 14 7 0
CPU 14 8 1
CPU 14 10 2
# CONTEXT CPU 0 15
CPU 15 8 1
CPU 15 10 2
BLOCK 16 10
CPU 16 11 0
# CONTEXT CPU 1 16
# CONTEXT CPU 2 16
UNBLOCK 17 10
CPU 17 11 0
CPU 17 12 1
CPU 17 13 2
BLOCK 18 12
CPU 18 11 0
# CONTEXT CPU 1 18
CPU 18 13 2
BLOCK 19 11
BLOCK 19 13
UNBLOCK 19 12
# CONTEXT CPU 0 19
CPU 19 14 1
# CONTEXT CPU 2 19
BLOCK 20 14
UNBLOCK 20 11
UNBLOCK 20 13
# CONTEXT CPU 0 20
# CONTEXT CPU 1 20
# CONTEXT CPU 2 20
UNBLOCK 21 14
# CONTEXT CPU 0 21
# CONTEXT CPU 1 21
# CONTEXT CPU 2 21
CPU 22 1 0
# CONTEXT CPU 1 22
CPU 22 3 2
CPU 23 1 0
CPU 23 0 1
CPU 23 3 2
BLOCK 24 0
# CONTEXT CPU 0 24
# CONTEXT CPU 1 24
CPU 24 3 2
UNBLOCK 25 0
# CONTEXT CPU 0 25
# CONTEXT CPU 1 25
CPU 25 3 2
# CONTEXT CPU 0 26
# CONTEXT CPU 1 26
# CONTEXT CPU 2 26
CPU 27 2 0
CPU 27 5 1
# CONTEXT CPU 2 27
CPU 28 2 0
CPU 28 5 1
# CONTEXT CPU 2 28
EXIT 29 2 0
BLOCK 29 5
# CONTEXT CPU 0 29
# CONTEXT CPU 1 29
CPU 29 4 2
UNBLOCK 30 5
# CONTEXT CPU 0 30
# CONTEXT CPU 1 30
CPU 30 4 2
# CONTEXT CPU 0 31
# CONTEXT CPU 1 31
CPU 31 4 2
BLOCK 32 4
CPU 32 6 0
CPU 32 9 1
# CONTEXT CPU 2 32
UNBLOCK 33 4
CPU 33 6 0
CPU 33 9 1
# CONTEXT CPU 2 33
BLOCK 34 9
CPU 34 6 0
# CONTEXT CPU 1 34
# CONTEXT CPU 2 34
UNBLOCK 35 9
CPU 35 6 0
CPU 35 8 1
CPU 35 7 2
# CONTEXT CPU 0 36
CPU 36 8 1
CPU 36 7 2
BLOCK 37 8
# CONTEXT CPU 0 37
# CONTEXT CPU 1 37
CPU 37 7 2
BLOCK 38 7
UNBLOCK 38 8
# CONTEXT CPU 0 38
CPU 38 12 1
# CONTEXT CPU 2 38
BLOCK 39 12
UNBLOCK 39 7
CPU 39 10 0
# CONTEXT CPU 1 39
# CONTEXT CPU 2 39
BLOCK 40 10
UNBLOCK 40 12
# CONTEXT CPU 0 40
# CONTEXT CPU 1 40
# CONTEXT CPU 2 40
UNBLOCK 41 10
# CONTEXT CPU 0 41
# CONTEXT CPU 1 41
CPU 41 11 2
# CONTEXT CPU 0 42
CPU 42 13 1
CPU 42 11 2
CPU 43 14 0
CPU 43 13 1
CPU 43 11 2
BLOCK 44 14
BLOCK 44 13
# CONTEXT CPU 0 44
# CONTEXT CPU 1 44
# CONTEXT CPU 2 44
UNBLOCK 45 13
UNBLOCK 45 14
CPU 45 1 0
CPU 45 0 1
CPU 45 3 2
CPU 46 1 0
# CONTEXT CPU 1 46
CPU 46 3 2
CPU 47 1 0
CPU 47 5 1
CPU 47 3 2
CPU 48 1 0
CPU 48 5 1
CPU 48 3 2
EXIT 49 3 2
# CONTEXT CPU 0 49
CPU 49 5 1
# CONTEXT CPU 2 49
EXIT 50 5 1
# CONTEXT CPU 0 50
# CONTEXT CPU 1 50
# CONTEXT CPU 2 50
# CONTEXT CPU 0 51
# CONTEXT CPU 1 51
# CONTEXT CPU 2 51
CPU 52 4 0
# CONTEXT CPU 1 52
CPU 52 9 2
EXIT 53 4 0
# CONTEXT CPU 0 53
CPU 53 6 1
CPU 53 9 2
BLOCK 54 6
# CONTEXT CPU 0 54
# CONTEXT CPU 1 54
CPU 54 9 2
UNBLOCK 55 6
# CONTEXT CPU 0 55
# CONTEXT CPU 1 55
CPU 55 9 2
CPU 56 8 0
# CONTEXT CPU 1 56
CPU 56 9 2
BLOCK 57 8
EXIT 57 9 2
# CONTEXT CPU 0 57
CPU 57 7 1
# CONTEXT CPU 2 57
UNBLOCK 58 8
# CONTEXT CPU 0 58
CPU 58 7 1
# CONTEXT CPU 2 58
EXIT 59 7 1
# CONTEXT CPU 0 59
# CONTEXT CPU 1 59
# CONTEXT CPU 2 59
CPU 60 12 0
# CONTEXT CPU 1 60
CPU 60 10 2
BLOCK 61 12
# CONTEXT CPU 0 61
# CONTEXT CPU 1 61
CPU 61 10 2
UNBLOCK 62 12
# CONTEXT CPU 0 62
CPU 62 11 1
CPU 62 10 2
# CONTEXT CPU 0 63
CPU 63 11 1
CPU 63 10 2
BLOCK 64 11
CPU 64 13 0
# CONTEXT CPU 1 64
CPU 64 10 2
UNBLOCK 65 11
CPU 65 13 0
# CONTEXT CPU 1 65
CPU 65 10 2
BLOCK 66 13
EXIT 66 10 2
# CONTEXT CPU 0 66
# CONTEXT CPU 1 66
# CONTEXT CPU 2 66
UNBLOCK 67 13
# CONTEXT CPU 0 67
CPU 67 14 1
# CONTEXT CPU 2 67
BLOCK 68 14
# CONTEXT CPU 0 68
# CONTEXT CPU 1 68
# CONTEXT CPU 2 68
UNBLOCK 69 14
CPU 69 0 0
CPU 69 6 1
CPU 69 1 2
CPU 70 0 0
CPU 70 6 1
CPU 70 1 2
EXIT 71 1 2
CPU 71 0 0
CPU 71 6 1
# CONTEXT CPU 2 71
EXIT 72 0 0
EXIT 72 6 1
# CONTEXT CPU 0 72
# CONTEXT CPU 1 72
# CONTEXT CPU 2 72
CPU 73 12 0
CPU 73 11 1
# CONTEXT CPU 2 73
EXIT 74 11 1
CPU 74 12 0
# CONTEXT CPU 1 74
CPU 74 8 2
EXIT 75 8 2
CPU 75 12 0
# CONTEXT CPU 1 75
# CONTEXT CPU 2 75
CPU 76 12 0
# CONTEXT CPU 1 76
# CONTEXT CPU 2 76
BLOCK 77 12
CPU 77 -1 0
CPU 77 13 1
# CONTEXT CPU 2 77
BLOCK 78 13
UNBLOCK 78 12
# CONTEXT CPU 0 78
CPU 78 -1 1
CPU 78 14 2
BLOCK 79 14
UNBLOCK 79 13
CPU 79 12 0
# CONTEXT CPU 1 79
CPU 79 -1 2
UNBLOCK 80 14
CPU 80 12 0
CPU 80 13 1
# CONTEXT CPU 2 80
EXIT 81 12 0
CPU 81 -1 0
CPU 81 13 1
CPU 81 14 2
EXIT 82 13 1
BLOCK 82 14
CPU 82 -1 0
CPU 82 -1 1
CPU 82 -1 2
UNBLOCK 83 14
# CONTEXT CPU 0 83
CPU 83 -1 1
CPU 83 -1 2
# CONTEXT CPU 0 84
CPU 84 -1 1
CPU 84 -1 2
# CONTEXT CPU 0 85
CPU 85 -1 1
CPU 85 -1 2
CPU 86 14 0
CPU 86 -1 1
CPU 86 -1 2
BLOCK 87 14
CPU 87 -1 0
CPU 87 -1 1
CPU 87 -1 2
UNBLOCK 88 14
# CONTEXT CPU 0 88
CPU 88 -1 1
CPU 88 -1 2
CPU 89 14 0
CPU 89 -1 1
CPU 89 -1 2
BLOCK 90 14
CPU 90 -1 0
CPU 90 -1 1
CPU 90 -1 2
UNBLOCK 91 14
# CONTEXT CPU 0 91
CPU 91 -1 1
CPU 91 -1 2
CPU 92 14 0
CPU 92 -1 1
CPU 92 -1 2
BLOCK 93 14
CPU 93 -1 0
CPU 93 -1 1
CPU 93 -1 2
UNBLOCK 94 14
# CONTEXT CPU 0 94
CPU 94 -1 1
CPU 94 -1 2
CPU 95 14 0
CPU 95 -1 1
CPU 95 -1 2
EXIT 96 14 0
CPU 96 -1 0
CPU 96 -1 1
CPU 96 -1 2
