# SETTINGS ../simusched tareas.tsk 4 1 2 SchedRR 4 4 6 6 7
LOAD 0 0
LOAD 0 1
LOAD 0 2
LOAD 0 3
LOAD 0 4
LOAD 0 5
LOAD 0 6
LOAD 0 7
LOAD 0 8
LOAD 0 9
LOAD 0 10
LOAD 0 11
LOAD 0 12
LOAD 0 13
LOAD 0 14
# CONTEXT CPU 0 0
# CONTEXT CPU 1 0
# CONTEXT CPU 2 0
# CONTEXT CPU 3 0
CPU 1 0 0
CPU 1 1 1
CPU 1 2 2
CPU 1 3 3
CPU 2 0 0
CPU 2 1 1
CPU 2 2 2
CPU 2 3 3
BLOCK 3 1
CPU 3 0 0
# CONTEXT CPU 1 3
CPU 3 2 2
CPU 3 3 3
BLOCK 4 3
UNBLOCK 4 1
CPU 4 0 0
CPU 4 4 1
CPU 4 2 2
# CONTEXT CPU 3 4
UNBLOCK 5 3
CPU 5 0 0
CPU 5 4 1
CPU 5 2 2
CPU 5 5 3
BLOCK 6 0
# CONTEXT CPU 0 6
CPU 6 4 1
CPU 6 2 2
CPU 6 5 3
BLOCK 7 2
UNBLOCK 7 0
CPU 7 6 0
CPU 7 4 1
# CONTEXT CPU 2 7
CPU 7 5 3
UNBLOCK 8 2
# CONTEXT CPU 0 8
# CONTEXT CPU 1 8
CPU 8 7 2
CPU 8 5 3
CPU 9 8 0
CPU 9 9 1
CPU 9 7 2
CPU 9 5 3
BLOCK 10 8
# CONTEXT CPU 0 10
CPU 10 9 1
# CONTEXT CPU 2 10
# CONTEXT CPU 3 10
BLOCK 11 9
UNBLOCK 11 8
CPU 11 10 0
# CONTEXT CPU 1 11
CPU 11 11 2
CPU 11 12 3
UNBLOCK 12 9
CPU 12 10 0
CPU 12 13 1
CPU 12 11 2
CPU 12 12 3
BLOCK 13 12
CPU 13 10 0
CPU 13 13 1
CPU 13 11 2
# CONTEXT CPU 3 13
BLOCK 14 10
BLOCK 14 11
UNBLOCK 14 12
# CONTEXT CPU 0 14
CPU 14 13 1
# CONTEXT CPU 2 14
CPU 14 14 3
BLOCK 15 13
BLOCK 15 14
UNBLOCK 15 10
UNBLOCK 15 11
# CONTEXT CPU 0 15
# CONTEXT CPU 1 15
# CONTEXT CPU 2 15
# CONTEXT CPU 3 15
UNBLOCK 16 13
UNBLOCK 16 14
# CONTEXT CPU 0 16
# CONTEXT CPU 1 16
# CONTEXT CPU 2 16
# CONTEXT CPU 3 16
CPU 17 1 0
# CONTEXT CPU 1 17
CPU 17 3 2
# CONTEXT CPU 3 17
CPU 18 1 0
CPU 18 0 1
CPU 18 3 2
CPU 18 2 3
CPU 19 1 0
CPU 19 0 1
CPU 19 3 2
CPU 19 2 3
# CONTEXT CPU 0 20
# CONTEXT CPU 1 20
CPU 20 3 2
CPU 20 2 3
EXIT 21 2 3
CPU 21 6 0
CPU 21 4 1
CPU 21 3 2
# CONTEXT CPU 3 21
BLOCK 22 4
CPU 22 6 0
# CONTEXT CPU 1 22
# CONTEXT CPU 2 22
# CONTEXT CPU 3 22
BLOCK 23 6
UNBLOCK 23 4
# CONTEXT CPU 0 23
# CONTEXT CPU 1 23
# CONTEXT CPU 2 23
# CONTEXT CPU 3 23
UNBLOCK 24 6
# CONTEXT CPU 0 24
# CONTEXT CPU 1 24
# CONTEXT CPU 2 24
CPU 24 7 3
# CONTEXT CPU 0 25
CPU 25 5 1
CPU 25 8 2
CPU 25 7 3
BLOCK 26 5
CPU 26 9 0
# CONTEXT CPU 1 26
CPU 26 8 2
CPU 26 7 3
BLOCK 27 7
UNBLOCK 27 5
CPU 27 9 0
# CONTEXT CPU 1 27
CPU 27 8 2
# CONTEXT CPU 3 27
UNBLOCK 28 7
CPU 28 9 0
# CONTEXT CPU 1 28
CPU 28 8 2
# CONTEXT CPU 3 28
CPU 29 9 0
CPU 29 12 1
CPU 29 8 2
# CONTEXT CPU 3 29
BLOCK 30 12
BLOCK 30 8
# CONTEXT CPU 0 30
# CONTEXT CPU 1 30
# CONTEXT CPU 2 30
CPU 30 10 3
UNBLOCK 31 8
UNBLOCK 31 12
# CONTEXT CPU 0 31
CPU 31 13 1
# CONTEXT CPU 2 31
CPU 31 10 3
BLOCK 32 10
# CONTEXT CPU 0 32
CPU 32 13 1
# CONTEXT CPU 2 32
# CONTEXT CPU 3 32
BLOCK 33 13
UNBLOCK 33 10
CPU 33 11 0
# CONTEXT CPU 1 33
CPU 33 14 2
# CONTEXT CPU 3 33
BLOCK 34 14
UNBLOCK 34 13
CPU 34 11 0
CPU 34 0 1
# CONTEXT CPU 2 34
# CONTEXT CPU 3 34
BLOCK 35 11
UNBLOCK 35 14
# CONTEXT CPU 0 35
CPU 35 0 1
CPU 35 3 2
CPU 35 1 3
EXIT 36 0 1
EXIT 36 3 2
UNBLOCK 36 11
# CONTEXT CPU 0 36
# CONTEXT CPU 1 36
# CONTEXT CPU 2 36
CPU 36 1 3
# CONTEXT CPU 0 37
# CONTEXT CPU 1 37
# CONTEXT CPU 2 37
CPU 37 1 3
CPU 38 4 0
# CONTEXT CPU 1 38
# CONTEXT CPU 2 38
CPU 38 1 3
EXIT 39 1 3
CPU 39 4 0
CPU 39 6 1
CPU 39 5 2
# CONTEXT CPU 3 39
CPU 40 4 0
CPU 40 6 1
CPU 40 5 2
CPU 40 7 3
CPU 41 4 0
CPU 41 6 1
CPU 41 5 2
CPU 41 7 3
EXIT 42 4 0
EXIT 42 5 2
# CONTEXT CPU 0 42
CPU 42 6 1
# CONTEXT CPU 2 42
CPU 42 7 3
CPU 43 9 0
CPU 43 6 1
CPU 43 8 2
CPU 43 7 3
EXIT 44 7 3
CPU 44 9 0
# CONTEXT CPU 1 44
CPU 44 8 2
# CONTEXT CPU 3 44
BLOCK 45 9
# CONTEXT CPU 0 45
CPU 45 12 1
CPU 45 8 2
CPU 45 10 3
BLOCK 46 12
EXIT 46 8 2
UNBLOCK 46 9
# CONTEXT CPU 0 46
# CONTEXT CPU 1 46
# CONTEXT CPU 2 46
CPU 46 10 3
UNBLOCK 47 12
# CONTEXT CPU 0 47
# CONTEXT CPU 1 47
# CONTEXT CPU 2 47
CPU 47 10 3
CPU 48 13 0
# CONTEXT CPU 1 48
# CONTEXT CPU 2 48
CPU 48 10 3
BLOCK 49 13
EXIT 49 10 3
# CONTEXT CPU 0 49
CPU 49 14 1
CPU 49 11 2
# CONTEXT CPU 3 49
BLOCK 50 14
UNBLOCK 50 13
# CONTEXT CPU 0 50
# CONTEXT CPU 1 50
CPU 50 11 2
# CONTEXT CPU 3 50
UNBLOCK 51 14
# CONTEXT CPU 0 51
CPU 51 12 1
CPU 51 11 2
# CONTEXT CPU 3 51
CPU 52 6 0
CPU 52 12 1
CPU 52 11 2
CPU 52 9 3
EXIT 53 6 0
BLOCK 53 12
EXIT 53 11 2
EXIT 53 9 3
# CONTEXT CPU 0 53
# CONTEXT CPU 1 53
CPU 53 -1 2
CPU 53 -1 3
UNBLOCK 54 12
CPU 54 13 0
CPU 54 14 1
# CONTEXT CPU 2 54
CPU 54 -1 3
BLOCK 55 13
BLOCK 55 14
CPU 55 -1 0
CPU 55 -1 1
# CONTEXT CPU 2 55
CPU 55 -1 3
UNBLOCK 56 13
UNBLOCK 56 14
# CONTEXT CPU 0 56
# CONTEXT CPU 1 56
# CONTEXT CPU 2 56
CPU 56 -1 3
CPU 57 13 0
CPU 57 14 1
CPU 57 12 2
CPU 57 -1 3
BLOCK 58 14
CPU 58 13 0
CPU 58 -1 1
CPU 58 12 2
CPU 58 -1 3
EXIT 59 13 0
UNBLOCK 59 14
# CONTEXT CPU 0 59
CPU 59 -1 1
CPU 59 12 2
CPU 59 -1 3
EXIT 60 12 2
# CONTEXT CPU 0 60
CPU 60 -1 1
CPU 60 -1 2
CPU 60 -1 3
# CONTEXT CPU 0 61
CPU 61 -1 1
CPU 61 -1 2
CPU 61 -1 3
CPU 62 14 0
CPU 62 -1 1
CPU 62 -1 2
CPU 62 -1 3
BLOCK 63 14
CPU 63 -1 0
CPU 63 -1 1
CPU 63 -1 2
CPU 63 -1 3
UNBLOCK 64 14
# CONTEXT CPU 0 64
CPU 64 -1 1
CPU 64 -1 2
CPU 64 -1 3
CPU 65 14 0
CPU 65 -1 1
CPU 65 -1 2
CPU 65 -1 3
BLOCK 66 14
CPU 66 -1 0
CPU 66 -1 1
CPU 66 -1 2
CPU 66 -1 3
UNBLOCK 67 14
# CONTEXT CPU 0 67
CPU 67 -1 1
CPU 67 -1 2
CPU 67 -1 3
CPU 68 14 0
CPU 68 -1 1
CPU 68 -1 2
CPU 68 -1 3
BLOCK 69 14
CPU 69 -1 0
CPU 69 -1 1
CPU 69 -1 2
CPU 69 -1 3
UNBLOCK 70 14
# CONTEXT CPU 0 70
CPU 70 -1 1
CPU 70 -1 2
CPU 70 -1 3
CPU 71 14 0
CPU 71 -1 1
CPU 71 -1 2
CPU 71 -1 3
EXIT 72 14 0
CPU 72 -1 0
CPU 72 -1 1
CPU 72 -1 2
CPU 72 -1 3
