# SETTINGS ../simusched tareas.tsk 3 1 2 SchedRR 3 2 5 7
LOAD 0 0
LOAD 0 1
LOAD 0 2
LOAD 0 3
LOAD 0 4
LOAD 0 5
LOAD 0 6
LOAD 0 7
LOAD 0 8
LOAD 0 9
LOAD 0 10
LOAD 0 11
LOAD 0 12
LOAD 0 13
LOAD 0 14
# CONTEXT CPU 0 0
# CONTEXT CPU 1 0
# CONTEXT CPU 2 0
CPU 1 0 0
CPU 1 1 1
CPU 1 2 2
CPU 2 0 0
CPU 2 1 1
CPU 2 2 2
BLOCK 3 1
CPU 3 0 0
# CONTEXT CPU 1 3
CPU 3 2 2
UNBLOCK 4 1
CPU 4 0 0
CPU 4 3 1
CPU 4 2 2
BLOCK 5 0
# CONTEXT CPU 0 5
CPU 5 3 1
CPU 5 2 2
BLOCK 6 3
UNBLOCK 6 0
CPU 6 4 0
# CONTEXT CPU 1 6
CPU 6 2 2
UNBLOCK 7 3
# CONTEXT CPU 0 7
CPU 7 5 1
# CONTEXT CPU 2 7
CPU 8 6 0
# CONTEXT CPU 1 8
CPU 8 7 2
CPU 9 6 0
CPU 9 8 1
CPU 9 7 2
CPU 10 6 0
CPU 10 8 1
CPU 10 7 2
BLOCK 11 8
BLOCK 11 7
CPU 11 6 0
# CONTEXT CPU 1 11
# CONTEXT CPU 2 11
UNBLOCK 12 7
UNBLOCK 12 8
# CONTEXT CPU 0 12
CPU 12 9 1
CPU 12 10 2
BLOCK 13 10
CPU 13 11 0
CPU 13 9 1
# CONTEXT CPU 2 13
UNBLOCK 14 10
CPU 14 11 0
# CONTEXT CPU 1 14
CPU 14 12 2
CPU 15 11 0
CPU 15 13 1
CPU 15 12 2
BLOCK 16 11
BLOCK 16 12
# CONTEXT CPU 0 16
CPU 16 13 1
# CONTEXT CPU 2 16
UNBLOCK 17 11
UNBLOCK 17 12
CPU 17 14 0
CPU 17 13 1
# CONTEXT CPU 2 17
BLOCK 18 14
BLOCK 18 13
# CONTEXT CPU 0 18
# CONTEXT CPU 1 18
# CONTEXT CPU 2 18
UNBLOCK 19 13
UNBLOCK 19 14
CPU 19 0 0
CPU 19 3 1
CPU 19 1 2
CPU 20 0 0
# CONTEXT CPU 1 20
CPU 20 1 2
# CONTEXT CPU 0 21
# CONTEXT CPU 1 21
CPU 21 1 2
# CONTEXT CPU 0 22
# CONTEXT CPU 1 22
# CONTEXT CPU 2 22
# CONTEXT CPU 0 23
CPU 23 4 1
# CONTEXT CPU 2 23
CPU 24 2 0
CPU 24 4 1
# CONTEXT CPU 2 24
CPU 25 2 0
CPU 25 4 1
CPU 25 5 2
BLOCK 26 2
# CONTEXT CPU 0 26
# CONTEXT CPU 1 26
CPU 26 5 2
UNBLOCK 27 2
# CONTEXT CPU 0 27
CPU 27 8 1
CPU 27 5 2
# CONTEXT CPU 0 28
CPU 28 8 1
CPU 28 5 2
BLOCK 29 8
CPU 29 7 0
# CONTEXT CPU 1 29
CPU 29 5 2
UNBLOCK 30 8
CPU 30 7 0
# CONTEXT CPU 1 30
CPU 30 5 2
BLOCK 31 5
CPU 31 7 0
# CONTEXT CPU 1 31
# CONTEXT CPU 2 31
UNBLOCK 32 5
# CONTEXT CPU 0 32
CPU 32 6 1
CPU 32 10 2
BLOCK 33 6
# CONTEXT CPU 0 33
# CONTEXT CPU 1 33
# CONTEXT CPU 2 33
UNBLOCK 34 6
# CONTEXT CPU 0 34
# CONTEXT CPU 1 34
CPU 34 12 2
CPU 35 9 0
# CONTEXT CPU 1 35
CPU 35 12 2
CPU 36 9 0
CPU 36 11 1
CPU 36 12 2
BLOCK 37 11
BLOCK 37 12
CPU 37 9 0
# CONTEXT CPU 1 37
# CONTEXT CPU 2 37
BLOCK 38 9
UNBLOCK 38 11
UNBLOCK 38 12
# CONTEXT CPU 0 38
CPU 38 13 1
# CONTEXT CPU 2 38
UNBLOCK 39 9
# CONTEXT CPU 0 39
CPU 39 13 1
# CONTEXT CPU 2 39
BLOCK 40 13
# CONTEXT CPU 0 40
# CONTEXT CPU 1 40
CPU 40 14 2
BLOCK 41 14
UNBLOCK 41 13
CPU 41 3 0
# CONTEXT CPU 1 41
# CONTEXT CPU 2 41
UNBLOCK 42 14
CPU 42 3 0
# CONTEXT CPU 1 42
CPU 42 1 2
# CONTEXT CPU 0 43
CPU 43 0 1
CPU 43 1 2
# CONTEXT CPU 0 44
# CONTEXT CPU 1 44
CPU 44 1 2
# CONTEXT CPU 0 45
# CONTEXT CPU 1 45
CPU 45 1 2
EXIT 46 1 2
CPU 46 4 0
# CONTEXT CPU 1 46
# CONTEXT CPU 2 46
BLOCK 47 4
# CONTEXT CPU 0 47
CPU 47 2 1
# CONTEXT CPU 2 47
EXIT 48 2 1
UNBLOCK 48 4
# CONTEXT CPU 0 48
# CONTEXT CPU 1 48
# CONTEXT CPU 2 48
# CONTEXT CPU 0 49
# CONTEXT CPU 1 49
CPU 49 8 2
CPU 50 5 0
# CONTEXT CPU 1 50
CPU 50 8 2
CPU 51 5 0
CPU 51 7 1
CPU 51 8 2
EXIT 52 5 0
# CONTEXT CPU 0 52
CPU 52 7 1
CPU 52 8 2
# CONTEXT CPU 0 53
CPU 53 7 1
CPU 53 8 2
EXIT 54 7 1
EXIT 54 8 2
# CONTEXT CPU 0 54
# CONTEXT CPU 1 54
# CONTEXT CPU 2 54
CPU 55 10 0
CPU 55 6 1
# CONTEXT CPU 2 55
CPU 56 10 0
CPU 56 6 1
# CONTEXT CPU 2 56
BLOCK 57 10
# CONTEXT CPU 0 57
CPU 57 6 1
CPU 57 11 2
UNBLOCK 58 10
# CONTEXT CPU 0 58
# CONTEXT CPU 1 58
CPU 58 11 2
# CONTEXT CPU 0 59
# CONTEXT CPU 1 59
CPU 59 11 2
CPU 60 12 0
# CONTEXT CPU 1 60
CPU 60 11 2
CPU 61 12 0
CPU 61 9 1
CPU 61 11 2
BLOCK 62 12
EXIT 62 11 2
# CONTEXT CPU 0 62
CPU 62 9 1
# CONTEXT CPU 2 62
BLOCK 63 9
UNBLOCK 63 12
# CONTEXT CPU 0 63
# CONTEXT CPU 1 63
CPU 63 14 2
BLOCK 64 14
UNBLOCK 64 9
# CONTEXT CPU 0 64
# CONTEXT CPU 1 64
# CONTEXT CPU 2 64
UNBLOCK 65 14
CPU 65 13 0
# CONTEXT CPU 1 65
# CONTEXT CPU 2 65
BLOCK 66 13
# CONTEXT CPU 0 66
CPU 66 3 1
# CONTEXT CPU 2 66
UNBLOCK 67 13
CPU 67 4 0
CPU 67 3 1
CPU 67 0 2
CPU 68 4 0
# CONTEXT CPU 1 68
CPU 68 0 2
EXIT 69 0 2
# CONTEXT CPU 0 69
# CONTEXT CPU 1 69
# CONTEXT CPU 2 69
# CONTEXT CPU 0 70
# CONTEXT CPU 1 70
# CONTEXT CPU 2 70
# CONTEXT CPU 0 71
CPU 71 10 1
# CONTEXT CPU 2 71
CPU 72 6 0
CPU 72 10 1
CPU 72 12 2
EXIT 73 6 0
BLOCK 73 12
# CONTEXT CPU 0 73
CPU 73 10 1
# CONTEXT CPU 2 73
UNBLOCK 74 12
# CONTEXT CPU 0 74
# CONTEXT CPU 1 74
CPU 74 14 2
BLOCK 75 14
# CONTEXT CPU 0 75
# CONTEXT CPU 1 75
# CONTEXT CPU 2 75
UNBLOCK 76 14
CPU 76 9 0
# CONTEXT CPU 1 76
# CONTEXT CPU 2 76
CPU 77 9 0
CPU 77 13 1
# CONTEXT CPU 2 77
EXIT 78 9 0
# CONTEXT CPU 0 78
CPU 78 13 1
CPU 78 3 2
BLOCK 79 13
CPU 79 4 0
# CONTEXT CPU 1 79
CPU 79 3 2
EXIT 80 3 2
UNBLOCK 80 13
CPU 80 4 0
# CONTEXT CPU 1 80
# CONTEXT CPU 2 80
EXIT 81 4 0
# CONTEXT CPU 0 81
# CONTEXT CPU 1 81
# CONTEXT CPU 2 81
# CONTEXT CPU 0 82
CPU 82 12 1
# CONTEXT CPU 2 82
EXIT 83 12 1
# CONTEXT CPU 0 83
# CONTEXT CPU 1 83
CPU 83 10 2
CPU 84 14 0
CPU 84 13 1
CPU 84 10 2
BLOCK 85 14
EXIT 85 13 1
EXIT 85 10 2
CPU 85 -1 0
CPU 85 -1 1
CPU 85 -1 2
UNBLOCK 86 14
# CONTEXT CPU 0 86
CPU 86 -1 1
CPU 86 -1 2
CPU 87 14 0
CPU 87 -1 1
CPU 87 -1 2
BLOCK 88 14
CPU 88 -1 0
CPU 88 -1 1
CPU 88 -1 2
UNBLOCK 89 14
# CONTEXT CPU 0 89
CPU 89 -1 1
CPU 89 -1 2
CPU 90 14 0
CPU 90 -1 1
CPU 90 -1 2
BLOCK 91 14
CPU 91 -1 0
CPU 91 -1 1
CPU 91 -1 2
UNBLOCK 92 14
# CONTEXT CPU 0 92
CPU 92 -1 1
CPU 92 -1 2
CPU 93 14 0
CPU 93 -1 1
CPU 93 -1 2
BLOCK 94 14
CPU 94 -1 0
CPU 94 -1 1
CPU 94 -1 2
UNBLOCK 95 14
# CONTEXT CPU 0 95
CPU 95 -1 1
CPU 95 -1 2
CPU 96 14 0
CPU 96 -1 1
CPU 96 -1 2
EXIT 97 14 0
CPU 97 -1 0
CPU 97 -1 1
CPU 97 -1 2
