# SETTINGS ../simusched tareas.tsk 4 1 2 SchedRR 4 1 1 7 7
LOAD 0 0
LOAD 0 1
LOAD 0 2
LOAD 0 3
LOAD 0 4
LOAD 0 5
LOAD 0 6
LOAD 0 7
LOAD 0 8
LOAD 0 9
LOAD 0 10
LOAD 0 11
LOAD 0 12
LOAD 0 13
LOAD 0 14
# CONTEXT CPU 0 0
# CONTEXT CPU 1 0
# CONTEXT CPU 2 0
# CONTEXT CPU 3 0
CPU 1 0 0
CPU 1 1 1
CPU 1 2 2
CPU 1 3 3
CPU 2 0 0
CPU 2 1 1
CPU 2 2 2
CPU 2 3 3
CPU 3 0 0
# CONTEXT CPU 1 3
# CONTEXT CPU 2 3
CPU 3 3 3
BLOCK 4 0
# CONTEXT CPU 0 4
CPU 4 4 1
CPU 4 5 2
CPU 4 3 3
UNBLOCK 5 0
CPU 5 6 0
CPU 5 4 1
CPU 5 5 2
CPU 5 3 3
BLOCK 6 5
BLOCK 6 3
CPU 6 6 0
# CONTEXT CPU 1 6
# CONTEXT CPU 2 6
# CONTEXT CPU 3 6
UNBLOCK 7 3
UNBLOCK 7 5
CPU 7 6 0
CPU 7 7 1
CPU 7 8 2
CPU 7 9 3
BLOCK 8 9
# CONTEXT CPU 0 8
CPU 8 7 1
# CONTEXT CPU 2 8
# CONTEXT CPU 3 8
UNBLOCK 9 9
CPU 9 10 0
# CONTEXT CPU 1 9
CPU 9 11 2
CPU 9 12 3
BLOCK 10 10
# CONTEXT CPU 0 10
CPU 10 13 1
CPU 10 11 2
CPU 10 12 3
BLOCK 11 12
UNBLOCK 11 10
CPU 11 14 0
CPU 11 13 1
# CONTEXT CPU 2 11
# CONTEXT CPU 3 11
BLOCK 12 14
UNBLOCK 12 12
# CONTEXT CPU 0 12
# CONTEXT CPU 1 12
# CONTEXT CPU 2 12
# CONTEXT CPU 3 12
UNBLOCK 13 14
CPU 13 0 0
CPU 13 4 1
# CONTEXT CPU 2 13
# CONTEXT CPU 3 13
CPU 14 0 0
CPU 14 4 1
CPU 14 1 2
CPU 14 2 3
CPU 15 0 0
# CONTEXT CPU 1 15
CPU 15 1 2
CPU 15 2 3
CPU 16 0 0
# CONTEXT CPU 1 16
# CONTEXT CPU 2 16
CPU 16 2 3
CPU 17 0 0
# CONTEXT CPU 1 17
CPU 17 5 2
# CONTEXT CPU 3 17
# CONTEXT CPU 0 18
CPU 18 3 1
CPU 18 5 2
# CONTEXT CPU 3 18
# CONTEXT CPU 0 19
CPU 19 3 1
# CONTEXT CPU 2 19
# CONTEXT CPU 3 19
# CONTEXT CPU 0 20
# CONTEXT CPU 1 20
# CONTEXT CPU 2 20
CPU 20 6 3
BLOCK 21 6
CPU 21 8 0
CPU 21 7 1
# CONTEXT CPU 2 21
# CONTEXT CPU 3 21
BLOCK 22 8
UNBLOCK 22 6
# CONTEXT CPU 0 22
CPU 22 7 1
CPU 22 9 2
# CONTEXT CPU 3 22
UNBLOCK 23 8
# CONTEXT CPU 0 23
# CONTEXT CPU 1 23
CPU 23 9 2
# CONTEXT CPU 3 23
# CONTEXT CPU 0 24
# CONTEXT CPU 1 24
# CONTEXT CPU 2 24
CPU 24 10 3
CPU 25 11 0
# CONTEXT CPU 1 25
# CONTEXT CPU 2 25
CPU 25 10 3
BLOCK 26 11
BLOCK 26 10
# CONTEXT CPU 0 26
CPU 26 12 1
# CONTEXT CPU 2 26
# CONTEXT CPU 3 26
UNBLOCK 27 10
UNBLOCK 27 11
CPU 27 14 0
CPU 27 12 1
CPU 27 13 2
# CONTEXT CPU 3 27
BLOCK 28 14
BLOCK 28 12
# CONTEXT CPU 0 28
# CONTEXT CPU 1 28
CPU 28 13 2
# CONTEXT CPU 3 28
BLOCK 29 13
UNBLOCK 29 12
UNBLOCK 29 14
# CONTEXT CPU 0 29
# CONTEXT CPU 1 29
# CONTEXT CPU 2 29
CPU 29 4 3
UNBLOCK 30 13
# CONTEXT CPU 0 30
# CONTEXT CPU 1 30
# CONTEXT CPU 2 30
CPU 30 4 3
CPU 31 1 0
CPU 31 2 1
# CONTEXT CPU 2 31
CPU 31 4 3
BLOCK 32 4
CPU 32 1 0
# CONTEXT CPU 1 32
CPU 32 0 2
# CONTEXT CPU 3 32
EXIT 33 0 2
UNBLOCK 33 4
CPU 33 1 0
# CONTEXT CPU 1 33
# CONTEXT CPU 2 33
# CONTEXT CPU 3 33
CPU 34 1 0
# CONTEXT CPU 1 34
# CONTEXT CPU 2 34
# CONTEXT CPU 3 34
BLOCK 35 1
# CONTEXT CPU 0 35
CPU 35 5 1
# CONTEXT CPU 2 35
CPU 35 3 3
UNBLOCK 36 1
CPU 36 8 0
CPU 36 5 1
CPU 36 6 2
CPU 36 3 3
EXIT 37 3 3
CPU 37 8 0
# CONTEXT CPU 1 37
CPU 37 6 2
# CONTEXT CPU 3 37
BLOCK 38 8
# CONTEXT CPU 0 38
CPU 38 7 1
# CONTEXT CPU 2 38
# CONTEXT CPU 3 38
UNBLOCK 39 8
# CONTEXT CPU 0 39
CPU 39 7 1
# CONTEXT CPU 2 39
# CONTEXT CPU 3 39
# CONTEXT CPU 0 40
# CONTEXT CPU 1 40
# CONTEXT CPU 2 40
CPU 40 9 3
BLOCK 41 9
CPU 41 10 0
CPU 41 12 1
CPU 41 11 2
# CONTEXT CPU 3 41
BLOCK 42 11
UNBLOCK 42 9
# CONTEXT CPU 0 42
CPU 42 12 1
# CONTEXT CPU 2 42
# CONTEXT CPU 3 42
UNBLOCK 43 11
# CONTEXT CPU 0 43
# CONTEXT CPU 1 43
# CONTEXT CPU 2 43
# CONTEXT CPU 3 43
# CONTEXT CPU 0 44
# CONTEXT CPU 1 44
# CONTEXT CPU 2 44
CPU 44 14 3
BLOCK 45 14
CPU 45 13 0
# CONTEXT CPU 1 45
CPU 45 2 2
# CONTEXT CPU 3 45
BLOCK 46 13
BLOCK 46 2
UNBLOCK 46 14
# CONTEXT CPU 0 46
CPU 46 4 1
# CONTEXT CPU 2 46
# CONTEXT CPU 3 46
UNBLOCK 47 2
UNBLOCK 47 13
# CONTEXT CPU 0 47
CPU 47 4 1
CPU 47 6 2
# CONTEXT CPU 3 47
EXIT 48 4 1
# CONTEXT CPU 0 48
# CONTEXT CPU 1 48
CPU 48 6 2
CPU 48 1 3
EXIT 49 1 3
CPU 49 5 0
# CONTEXT CPU 1 49
# CONTEXT CPU 2 49
# CONTEXT CPU 3 49
CPU 50 5 0
# CONTEXT CPU 1 50
# CONTEXT CPU 2 50
CPU 50 9 3
CPU 51 5 0
CPU 51 8 1
# CONTEXT CPU 2 51
CPU 51 9 3
EXIT 52 5 0
# CONTEXT CPU 0 52
CPU 52 8 1
CPU 52 7 2
CPU 52 9 3
CPU 53 10 0
# CONTEXT CPU 1 53
CPU 53 7 2
CPU 53 9 3
BLOCK 54 7
CPU 54 10 0
# CONTEXT CPU 1 54
# CONTEXT CPU 2 54
CPU 54 9 3
EXIT 55 9 3
UNBLOCK 55 7
CPU 55 10 0
# CONTEXT CPU 1 55
# CONTEXT CPU 2 55
# CONTEXT CPU 3 55
CPU 56 10 0
CPU 56 11 1
# CONTEXT CPU 2 56
CPU 56 14 3
BLOCK 57 14
CPU 57 10 0
CPU 57 11 1
CPU 57 12 2
# CONTEXT CPU 3 57
EXIT 58 10 0
BLOCK 58 12
UNBLOCK 58 14
# CONTEXT CPU 0 58
# CONTEXT CPU 1 58
# CONTEXT CPU 2 58
# CONTEXT CPU 3 58
UNBLOCK 59 12
CPU 59 13 0
# CONTEXT CPU 1 59
# CONTEXT CPU 2 59
# CONTEXT CPU 3 59
BLOCK 60 13
# CONTEXT CPU 0 60
# CONTEXT CPU 1 60
# CONTEXT CPU 2 60
CPU 60 2 3
UNBLOCK 61 13
# CONTEXT CPU 0 61
CPU 61 6 1
CPU 61 8 2
CPU 61 2 3
EXIT 62 6 1
EXIT 62 2 3
# CONTEXT CPU 0 62
# CONTEXT CPU 1 62
# CONTEXT CPU 2 62
# CONTEXT CPU 3 62
CPU 63 7 0
# CONTEXT CPU 1 63
# CONTEXT CPU 2 63
# CONTEXT CPU 3 63
EXIT 64 7 0
# CONTEXT CPU 0 64
# CONTEXT CPU 1 64
# CONTEXT CPU 2 64
# CONTEXT CPU 3 64
CPU 65 13 0
CPU 65 14 1
CPU 65 11 2
CPU 65 12 3
BLOCK 66 13
BLOCK 66 14
BLOCK 66 12
# CONTEXT CPU 0 66
CPU 66 -1 1
CPU 66 11 2
CPU 66 -1 3
UNBLOCK 67 12
UNBLOCK 67 13
UNBLOCK 67 14
# CONTEXT CPU 0 67
# CONTEXT CPU 1 67
# CONTEXT CPU 2 67
# CONTEXT CPU 3 67
# CONTEXT CPU 0 68
# CONTEXT CPU 1 68
# CONTEXT CPU 2 68
# CONTEXT CPU 3 68
CPU 69 8 0
# CONTEXT CPU 1 69
# CONTEXT CPU 2 69
# CONTEXT CPU 3 69
CPU 70 8 0
CPU 70 12 1
CPU 70 13 2
CPU 70 14 3
EXIT 71 8 0
EXIT 71 12 1
BLOCK 71 14
# CONTEXT CPU 0 71
CPU 71 -1 1
CPU 71 13 2
CPU 71 -1 3
EXIT 72 13 2
UNBLOCK 72 14
# CONTEXT CPU 0 72
# CONTEXT CPU 1 72
CPU 72 -1 2
CPU 72 -1 3
# CONTEXT CPU 0 73
# CONTEXT CPU 1 73
CPU 73 -1 2
CPU 73 -1 3
CPU 74 11 0
# CONTEXT CPU 1 74
CPU 74 -1 2
CPU 74 -1 3
EXIT 75 11 0
CPU 75 -1 0
CPU 75 14 1
CPU 75 -1 2
CPU 75 -1 3
BLOCK 76 14
CPU 76 -1 0
CPU 76 -1 1
CPU 76 -1 2
CPU 76 -1 3
UNBLOCK 77 14
# CONTEXT CPU 0 77
CPU 77 -1 1
CPU 77 -1 2
CPU 77 -1 3
# CONTEXT CPU 0 78
CPU 78 -1 1
CPU 78 -1 2
CPU 78 -1 3
# CONTEXT CPU 0 79
CPU 79 -1 1
CPU 79 -1 2
CPU 79 -1 3
CPU 80 14 0
CPU 80 -1 1
CPU 80 -1 2
CPU 80 -1 3
BLOCK 81 14
CPU 81 -1 0
CPU 81 -1 1
CPU 81 -1 2
CPU 81 -1 3
UNBLOCK 82 14
# CONTEXT CPU 0 82
CPU 82 -1 1
CPU 82 -1 2
CPU 82 -1 3
CPU 83 14 0
CPU 83 -1 1
CPU 83 -1 2
CPU 83 -1 3
EXIT 84 14 0
CPU 84 -1 0
CPU 84 -1 1
CPU 84 -1 2
CPU 84 -1 3
