# SETTINGS ../simusched tareas.tsk 4 1 2 SchedRR 4 1 2 6 7
LOAD 0 0
LOAD 0 1
LOAD 0 2
LOAD 0 3
LOAD 0 4
LOAD 0 5
LOAD 0 6
LOAD 0 7
LOAD 0 8
LOAD 0 9
LOAD 0 10
LOAD 0 11
LOAD 0 12
LOAD 0 13
LOAD 0 14
# CONTEXT CPU 0 0
# CONTEXT CPU 1 0
# CONTEXT CPU 2 0
# CONTEXT CPU 3 0
CPU 1 0 0
CPU 1 1 1
CPU 1 2 2
CPU 1 3 3
CPU 2 0 0
CPU 2 1 1
CPU 2 2 2
CPU 2 3 3
CPU 3 0 0
# CONTEXT CPU 1 3
CPU 3 2 2
CPU 3 3 3
BLOCK 4 0
# CONTEXT CPU 0 4
CPU 4 4 1
# CONTEXT CPU 2 4
CPU 4 3 3
UNBLOCK 5 0
CPU 5 5 0
CPU 5 4 1
CPU 5 6 2
CPU 5 3 3
BLOCK 6 3
CPU 6 5 0
# CONTEXT CPU 1 6
CPU 6 6 2
# CONTEXT CPU 3 6
BLOCK 7 5
UNBLOCK 7 3
# CONTEXT CPU 0 7
CPU 7 7 1
CPU 7 6 2
CPU 7 8 3
UNBLOCK 8 5
CPU 8 9 0
CPU 8 7 1
# CONTEXT CPU 2 8
CPU 8 8 3
BLOCK 9 9
BLOCK 9 8
# CONTEXT CPU 0 9
# CONTEXT CPU 1 9
CPU 9 10 2
# CONTEXT CPU 3 9
BLOCK 10 10
UNBLOCK 10 8
UNBLOCK 10 9
CPU 10 11 0
CPU 10 12 1
# CONTEXT CPU 2 10
CPU 10 13 3
UNBLOCK 11 10
CPU 11 11 0
CPU 11 12 1
CPU 11 14 2
CPU 11 13 3
BLOCK 12 12
BLOCK 12 14
# CONTEXT CPU 0 12
# CONTEXT CPU 1 12
# CONTEXT CPU 2 12
# CONTEXT CPU 3 12
UNBLOCK 13 12
UNBLOCK 13 14
# CONTEXT CPU 0 13
# CONTEXT CPU 1 13
# CONTEXT CPU 2 13
# CONTEXT CPU 3 13
# CONTEXT CPU 0 14
# CONTEXT CPU 1 14
# CONTEXT CPU 2 14
# CONTEXT CPU 3 14
CPU 15 1 0
CPU 15 2 1
CPU 15 0 2
CPU 15 4 3
CPU 16 1 0
# CONTEXT CPU 1 16
CPU 16 0 2
CPU 16 4 3
CPU 17 1 0
# CONTEXT CPU 1 17
CPU 17 0 2
CPU 17 4 3
CPU 18 1 0
# CONTEXT CPU 1 18
# CONTEXT CPU 2 18
CPU 18 4 3
CPU 19 1 0
CPU 19 3 1
# CONTEXT CPU 2 19
CPU 19 4 3
BLOCK 20 4
# CONTEXT CPU 0 20
CPU 20 3 1
# CONTEXT CPU 2 20
# CONTEXT CPU 3 20
UNBLOCK 21 4
# CONTEXT CPU 0 21
# CONTEXT CPU 1 21
CPU 21 5 2
# CONTEXT CPU 3 21
# CONTEXT CPU 0 22
# CONTEXT CPU 1 22
CPU 22 5 2
# CONTEXT CPU 3 22
CPU 23 6 0
# CONTEXT CPU 1 23
CPU 23 5 2
CPU 23 7 3
BLOCK 24 6
# CONTEXT CPU 0 24
CPU 24 8 1
# CONTEXT CPU 2 24
CPU 24 7 3
UNBLOCK 25 6
CPU 25 9 0
CPU 25 8 1
CPU 25 10 2
CPU 25 7 3
BLOCK 26 8
CPU 26 9 0
# CONTEXT CPU 1 26
CPU 26 10 2
# CONTEXT CPU 3 26
BLOCK 27 10
UNBLOCK 27 8
CPU 27 9 0
# CONTEXT CPU 1 27
# CONTEXT CPU 2 27
CPU 27 13 3
BLOCK 28 9
UNBLOCK 28 10
# CONTEXT CPU 0 28
# CONTEXT CPU 1 28
# CONTEXT CPU 2 28
CPU 28 13 3
BLOCK 29 13
UNBLOCK 29 9
# CONTEXT CPU 0 29
CPU 29 11 1
# CONTEXT CPU 2 29
# CONTEXT CPU 3 29
BLOCK 30 11
UNBLOCK 30 13
# CONTEXT CPU 0 30
# CONTEXT CPU 1 30
CPU 30 12 2
# CONTEXT CPU 3 30
UNBLOCK 31 11
CPU 31 14 0
# CONTEXT CPU 1 31
CPU 31 12 2
# CONTEXT CPU 3 31
BLOCK 32 14
BLOCK 32 12
# CONTEXT CPU 0 32
# CONTEXT CPU 1 32
# CONTEXT CPU 2 32
CPU 32 2 3
UNBLOCK 33 12
UNBLOCK 33 14
CPU 33 1 0
CPU 33 0 1
# CONTEXT CPU 2 33
CPU 33 2 3
BLOCK 34 1
# CONTEXT CPU 0 34
# CONTEXT CPU 1 34
# CONTEXT CPU 2 34
CPU 34 2 3
BLOCK 35 2
UNBLOCK 35 1
# CONTEXT CPU 0 35
# CONTEXT CPU 1 35
CPU 35 4 2
# CONTEXT CPU 3 35
UNBLOCK 36 2
# CONTEXT CPU 0 36
# CONTEXT CPU 1 36
# CONTEXT CPU 2 36
# CONTEXT CPU 3 36
CPU 37 3 0
CPU 37 5 1
# CONTEXT CPU 2 37
# CONTEXT CPU 3 37
CPU 38 3 0
CPU 38 5 1
# CONTEXT CPU 2 38
CPU 38 6 3
EXIT 39 3 0
# CONTEXT CPU 0 39
# CONTEXT CPU 1 39
CPU 39 7 2
CPU 39 6 3
# CONTEXT CPU 0 40
# CONTEXT CPU 1 40
CPU 40 7 2
CPU 40 6 3
# CONTEXT CPU 0 41
# CONTEXT CPU 1 41
CPU 41 7 2
CPU 41 6 3
BLOCK 42 7
CPU 42 8 0
CPU 42 10 1
# CONTEXT CPU 2 42
# CONTEXT CPU 3 42
UNBLOCK 43 7
CPU 43 8 0
CPU 43 10 1
# CONTEXT CPU 2 43
CPU 43 13 3
BLOCK 44 13
CPU 44 8 0
# CONTEXT CPU 1 44
# CONTEXT CPU 2 44
# CONTEXT CPU 3 44
UNBLOCK 45 13
CPU 45 8 0
CPU 45 11 1
CPU 45 9 2
# CONTEXT CPU 3 45
BLOCK 46 11
CPU 46 8 0
# CONTEXT CPU 1 46
# CONTEXT CPU 2 46
# CONTEXT CPU 3 46
EXIT 47 8 0
UNBLOCK 47 11
# CONTEXT CPU 0 47
# CONTEXT CPU 1 47
# CONTEXT CPU 2 47
CPU 47 12 3
CPU 48 1 0
# CONTEXT CPU 1 48
# CONTEXT CPU 2 48
CPU 48 12 3
EXIT 49 1 0
# CONTEXT CPU 0 49
CPU 49 14 1
CPU 49 0 2
CPU 49 12 3
BLOCK 50 14
BLOCK 50 12
# CONTEXT CPU 0 50
# CONTEXT CPU 1 50
CPU 50 0 2
# CONTEXT CPU 3 50
EXIT 51 0 2
UNBLOCK 51 12
UNBLOCK 51 14
# CONTEXT CPU 0 51
# CONTEXT CPU 1 51
# CONTEXT CPU 2 51
# CONTEXT CPU 3 51
CPU 52 2 0
# CONTEXT CPU 1 52
# CONTEXT CPU 2 52
# CONTEXT CPU 3 52
CPU 53 2 0
CPU 53 4 1
# CONTEXT CPU 2 53
CPU 53 5 3
EXIT 54 2 0
EXIT 54 4 1
# CONTEXT CPU 0 54
# CONTEXT CPU 1 54
CPU 54 6 2
CPU 54 5 3
EXIT 55 6 2
EXIT 55 5 3
# CONTEXT CPU 0 55
CPU 55 10 1
# CONTEXT CPU 2 55
# CONTEXT CPU 3 55
# CONTEXT CPU 0 56
CPU 56 10 1
# CONTEXT CPU 2 56
# CONTEXT CPU 3 56
CPU 57 7 0
# CONTEXT CPU 1 57
# CONTEXT CPU 2 57
# CONTEXT CPU 3 57
EXIT 58 7 0
# CONTEXT CPU 0 58
CPU 58 11 1
CPU 58 13 2
CPU 58 9 3
BLOCK 59 13
# CONTEXT CPU 0 59
CPU 59 11 1
# CONTEXT CPU 2 59
CPU 59 9 3
UNBLOCK 60 13
# CONTEXT CPU 0 60
# CONTEXT CPU 1 60
# CONTEXT CPU 2 60
CPU 60 9 3
CPU 61 12 0
CPU 61 10 1
# CONTEXT CPU 2 61
CPU 61 9 3
BLOCK 62 12
EXIT 62 9 3
# CONTEXT CPU 0 62
CPU 62 10 1
CPU 62 14 2
# CONTEXT CPU 3 62
EXIT 63 10 1
BLOCK 63 14
UNBLOCK 63 12
# CONTEXT CPU 0 63
# CONTEXT CPU 1 63
CPU 63 -1 2
# CONTEXT CPU 3 63
UNBLOCK 64 14
# CONTEXT CPU 0 64
# CONTEXT CPU 1 64
# CONTEXT CPU 2 64
# CONTEXT CPU 3 64
CPU 65 13 0
# CONTEXT CPU 1 65
CPU 65 14 2
CPU 65 11 3
BLOCK 66 13
BLOCK 66 14
CPU 66 -1 0
CPU 66 12 1
CPU 66 -1 2
CPU 66 11 3
EXIT 67 12 1
UNBLOCK 67 13
UNBLOCK 67 14
# CONTEXT CPU 0 67
# CONTEXT CPU 1 67
CPU 67 -1 2
CPU 67 11 3
EXIT 68 11 3
CPU 68 13 0
# CONTEXT CPU 1 68
CPU 68 -1 2
CPU 68 -1 3
CPU 69 13 0
# CONTEXT CPU 1 69
CPU 69 -1 2
CPU 69 -1 3
EXIT 70 13 0
CPU 70 -1 0
CPU 70 14 1
CPU 70 -1 2
CPU 70 -1 3
BLOCK 71 14
CPU 71 -1 0
CPU 71 -1 1
CPU 71 -1 2
CPU 71 -1 3
UNBLOCK 72 14
# CONTEXT CPU 0 72
CPU 72 -1 1
CPU 72 -1 2
CPU 72 -1 3
# CONTEXT CPU 0 73
CPU 73 -1 1
CPU 73 -1 2
CPU 73 -1 3
# CONTEXT CPU 0 74
CPU 74 -1 1
CPU 74 -1 2
CPU 74 -1 3
CPU 75 14 0
CPU 75 -1 1
CPU 75 -1 2
CPU 75 -1 3
BLOCK 76 14
CPU 76 -1 0
CPU 76 -1 1
CPU 76 -1 2
CPU 76 -1 3
UNBLOCK 77 14
# CONTEXT CPU 0 77
CPU 77 -1 1
CPU 77 -1 2
CPU 77 -1 3
CPU 78 14 0
CPU 78 -1 1
CPU 78 -1 2
CPU 78 -1 3
BLOCK 79 14
CPU 79 -1 0
CPU 79 -1 1
CPU 79 -1 2
CPU 79 -1 3
UNBLOCK 80 14
# CONTEXT CPU 0 80
CPU 80 -1 1
CPU 80 -1 2
CPU 80 -1 3
CPU 81 14 0
CPU 81 -1 1
CPU 81 -1 2
CPU 81 -1 3
EXIT 82 14 0
CPU 82 -1 0
CPU 82 -1 1
CPU 82 -1 2
CPU 82 -1 3
