# SETTINGS ../simusched tareas.tsk 4 1 2 SchedRR 4 1 1 1 1
LOAD 0 0
LOAD 0 1
LOAD 0 2
LOAD 0 3
LOAD 0 4
LOAD 0 5
LOAD 0 6
LOAD 0 7
LOAD 0 8
LOAD 0 9
LOAD 0 10
LOAD 0 11
LOAD 0 12
LOAD 0 13
LOAD 0 14
# CONTEXT CPU 0 0
# CONTEXT CPU 1 0
# CONTEXT CPU 2 0
# CONTEXT CPU 3 0
CPU 1 0 0
CPU 1 1 1
CPU 1 2 2
CPU 1 3 3
BLOCK 2 1
BLOCK 2 3
CPU 2 0 0
# CONTEXT CPU 1 2
CPU 2 2 2
# CONTEXT CPU 3 2
UNBLOCK 3 1
UNBLOCK 3 3
CPU 3 0 0
CPU 3 4 1
# CONTEXT CPU 2 3
CPU 3 5 3
CPU 4 0 0
CPU 4 4 1
CPU 4 6 2
CPU 4 5 3
CPU 5 0 0
# CONTEXT CPU 1 5
CPU 5 6 2
# CONTEXT CPU 3 5
BLOCK 6 0
# CONTEXT CPU 0 6
CPU 6 7 1
# CONTEXT CPU 2 6
CPU 6 8 3
UNBLOCK 7 0
CPU 7 9 0
CPU 7 7 1
CPU 7 10 2
CPU 7 8 3
# CONTEXT CPU 0 8
# CONTEXT CPU 1 8
CPU 8 10 2
# CONTEXT CPU 3 8
BLOCK 9 10
CPU 9 11 0
CPU 9 12 1
# CONTEXT CPU 2 9
CPU 9 13 3
BLOCK 10 12
UNBLOCK 10 10
CPU 10 11 0
# CONTEXT CPU 1 10
CPU 10 14 2
CPU 10 13 3
BLOCK 11 14
BLOCK 11 13
UNBLOCK 11 12
CPU 11 11 0
CPU 11 1 1
# CONTEXT CPU 2 11
# CONTEXT CPU 3 11
BLOCK 12 11
UNBLOCK 12 13
UNBLOCK 12 14
# CONTEXT CPU 0 12
CPU 12 1 1
# CONTEXT CPU 2 12
# CONTEXT CPU 3 12
UNBLOCK 13 11
# CONTEXT CPU 0 13
# CONTEXT CPU 1 13
# CONTEXT CPU 2 13
# CONTEXT CPU 3 13
# CONTEXT CPU 0 14
# CONTEXT CPU 1 14
CPU 14 3 2
CPU 14 2 3
CPU 15 4 0
# CONTEXT CPU 1 15
# CONTEXT CPU 2 15
# CONTEXT CPU 3 15
CPU 16 4 0
CPU 16 5 1
CPU 16 6 2
# CONTEXT CPU 3 16
CPU 17 4 0
CPU 17 5 1
CPU 17 6 2
# CONTEXT CPU 3 17
# CONTEXT CPU 0 18
# CONTEXT CPU 1 18
# CONTEXT CPU 2 18
CPU 18 0 3
CPU 19 9 0
CPU 19 7 1
# CONTEXT CPU 2 19
CPU 19 0 3
BLOCK 20 9
# CONTEXT CPU 0 20
CPU 20 7 1
# CONTEXT CPU 2 20
# CONTEXT CPU 3 20
UNBLOCK 21 9
# CONTEXT CPU 0 21
# CONTEXT CPU 1 21
CPU 21 8 2
# CONTEXT CPU 3 21
# CONTEXT CPU 0 22
# CONTEXT CPU 1 22
CPU 22 8 2
# CONTEXT CPU 3 22
CPU 23 10 0
# CONTEXT CPU 1 23
# CONTEXT CPU 2 23
CPU 23 12 3
BLOCK 24 10
BLOCK 24 12
# CONTEXT CPU 0 24
CPU 24 13 1
CPU 24 14 2
# CONTEXT CPU 3 24
BLOCK 25 14
UNBLOCK 25 10
UNBLOCK 25 12
CPU 25 11 0
CPU 25 13 1
# CONTEXT CPU 2 25
# CONTEXT CPU 3 25
BLOCK 26 13
UNBLOCK 26 14
CPU 26 11 0
# CONTEXT CPU 1 26
CPU 26 3 2
# CONTEXT CPU 3 26
UNBLOCK 27 13
CPU 27 11 0
# CONTEXT CPU 1 27
CPU 27 3 2
CPU 27 1 3
CPU 28 11 0
# CONTEXT CPU 1 28
# CONTEXT CPU 2 28
CPU 28 1 3
CPU 29 11 0
CPU 29 2 1
# CONTEXT CPU 2 29
# CONTEXT CPU 3 29
BLOCK 30 11
# CONTEXT CPU 0 30
# CONTEXT CPU 1 30
# CONTEXT CPU 2 30
# CONTEXT CPU 3 30
UNBLOCK 31 11
# CONTEXT CPU 0 31
# CONTEXT CPU 1 31
CPU 31 4 2
# CONTEXT CPU 3 31
# CONTEXT CPU 0 32
# CONTEXT CPU 1 32
CPU 32 4 2
CPU 32 5 3
CPU 33 6 0
CPU 33 0 1
# CONTEXT CPU 2 33
CPU 33 5 3
BLOCK 34 5
# CONTEXT CPU 0 34
CPU 34 0 1
# CONTEXT CPU 2 34
# CONTEXT CPU 3 34
EXIT 35 0 1
UNBLOCK 35 5
# CONTEXT CPU 0 35
# CONTEXT CPU 1 35
# CONTEXT CPU 2 35
# CONTEXT CPU 3 35
# CONTEXT CPU 0 36
# CONTEXT CPU 1 36
CPU 36 9 2
# CONTEXT CPU 3 36
CPU 37 7 0
# CONTEXT CPU 1 37
CPU 37 9 2
CPU 37 8 3
BLOCK 38 9
CPU 38 7 0
CPU 38 10 1
# CONTEXT CPU 2 38
# CONTEXT CPU 3 38
UNBLOCK 39 9
CPU 39 7 0
CPU 39 10 1
# CONTEXT CPU 2 39
# CONTEXT CPU 3 39
BLOCK 40 7
# CONTEXT CPU 0 40
# CONTEXT CPU 1 40
# CONTEXT CPU 2 40
# CONTEXT CPU 3 40
UNBLOCK 41 7
# CONTEXT CPU 0 41
# CONTEXT CPU 1 41
CPU 41 12 2
CPU 41 14 3
BLOCK 42 12
BLOCK 42 14
# CONTEXT CPU 0 42
# CONTEXT CPU 1 42
# CONTEXT CPU 2 42
# CONTEXT CPU 3 42
UNBLOCK 43 12
UNBLOCK 43 14
CPU 43 13 0
CPU 43 3 1
# CONTEXT CPU 2 43
# CONTEXT CPU 3 43
CPU 44 13 0
CPU 44 3 1
# CONTEXT CPU 2 44
# CONTEXT CPU 3 44
BLOCK 45 13
# CONTEXT CPU 0 45
# CONTEXT CPU 1 45
CPU 45 1 2
CPU 45 2 3
UNBLOCK 46 13
CPU 46 11 0
# CONTEXT CPU 1 46
# CONTEXT CPU 2 46
CPU 46 2 3
EXIT 47 11 0
# CONTEXT CPU 0 47
# CONTEXT CPU 1 47
# CONTEXT CPU 2 47
# CONTEXT CPU 3 47
# CONTEXT CPU 0 48
CPU 48 4 1
# CONTEXT CPU 2 48
CPU 48 8 3
BLOCK 49 4
# CONTEXT CPU 0 49
# CONTEXT CPU 1 49
CPU 49 6 2
CPU 49 8 3
BLOCK 50 6
BLOCK 50 8
UNBLOCK 50 4
CPU 50 5 0
# CONTEXT CPU 1 50
# CONTEXT CPU 2 50
# CONTEXT CPU 3 50
UNBLOCK 51 6
UNBLOCK 51 8
CPU 51 5 0
# CONTEXT CPU 1 51
# CONTEXT CPU 2 51
# CONTEXT CPU 3 51
CPU 52 5 0
CPU 52 9 1
# CONTEXT CPU 2 52
# CONTEXT CPU 3 52
EXIT 53 5 0
# CONTEXT CPU 0 53
CPU 53 9 1
CPU 53 10 2
CPU 53 7 3
# CONTEXT CPU 0 54
# CONTEXT CPU 1 54
CPU 54 10 2
# CONTEXT CPU 3 54
# CONTEXT CPU 0 55
# CONTEXT CPU 1 55
# CONTEXT CPU 2 55
# CONTEXT CPU 3 55
CPU 56 12 0
# CONTEXT CPU 1 56
# CONTEXT CPU 2 56
# CONTEXT CPU 3 56
CPU 57 12 0
CPU 57 14 1
# CONTEXT CPU 2 57
CPU 57 3 3
BLOCK 58 14
CPU 58 12 0
# CONTEXT CPU 1 58
CPU 58 13 2
CPU 58 3 3
BLOCK 59 13
UNBLOCK 59 14
CPU 59 12 0
# CONTEXT CPU 1 59
# CONTEXT CPU 2 59
# CONTEXT CPU 3 59
BLOCK 60 12
UNBLOCK 60 13
# CONTEXT CPU 0 60
# CONTEXT CPU 1 60
# CONTEXT CPU 2 60
# CONTEXT CPU 3 60
UNBLOCK 61 12
# CONTEXT CPU 0 61
CPU 61 1 1
# CONTEXT CPU 2 61
# CONTEXT CPU 3 61
# CONTEXT CPU 0 62
CPU 62 1 1
CPU 62 2 2
CPU 62 4 3
BLOCK 63 2
EXIT 63 4 3
CPU 63 6 0
# CONTEXT CPU 1 63
# CONTEXT CPU 2 63
# CONTEXT CPU 3 63
UNBLOCK 64 2
CPU 64 6 0
# CONTEXT CPU 1 64
# CONTEXT CPU 2 64
CPU 64 7 3
EXIT 65 7 3
# CONTEXT CPU 0 65
# CONTEXT CPU 1 65
# CONTEXT CPU 2 65
# CONTEXT CPU 3 65
# CONTEXT CPU 0 66
CPU 66 8 1
CPU 66 9 2
# CONTEXT CPU 3 66
BLOCK 67 8
# CONTEXT CPU 0 67
# CONTEXT CPU 1 67
CPU 67 9 2
# CONTEXT CPU 3 67
UNBLOCK 68 8
CPU 68 10 0
# CONTEXT CPU 1 68
# CONTEXT CPU 2 68
CPU 68 14 3
BLOCK 69 14
CPU 69 10 0
# CONTEXT CPU 1 69
CPU 69 13 2
# CONTEXT CPU 3 69
EXIT 70 10 0
UNBLOCK 70 14
# CONTEXT CPU 0 70
CPU 70 3 1
CPU 70 13 2
# CONTEXT CPU 3 70
EXIT 71 3 1
EXIT 71 13 2
# CONTEXT CPU 0 71
# CONTEXT CPU 1 71
# CONTEXT CPU 2 71
# CONTEXT CPU 3 71
# CONTEXT CPU 0 72
# CONTEXT CPU 1 72
# CONTEXT CPU 2 72
CPU 72 12 3
CPU 73 1 0
# CONTEXT CPU 1 73
# CONTEXT CPU 2 73
CPU 73 12 3
EXIT 74 1 0
EXIT 74 12 3
# CONTEXT CPU 0 74
CPU 74 2 1
CPU 74 6 2
# CONTEXT CPU 3 74
EXIT 75 6 2
# CONTEXT CPU 0 75
CPU 75 2 1
# CONTEXT CPU 2 75
# CONTEXT CPU 3 75
EXIT 76 2 1
# CONTEXT CPU 0 76
CPU 76 -1 1
# CONTEXT CPU 2 76
# CONTEXT CPU 3 76
CPU 77 8 0
CPU 77 -1 1
# CONTEXT CPU 2 77
CPU 77 9 3
EXIT 78 8 0
EXIT 78 9 3
CPU 78 -1 0
CPU 78 -1 1
CPU 78 14 2
CPU 78 -1 3
BLOCK 79 14
CPU 79 -1 0
CPU 79 -1 1
CPU 79 -1 2
CPU 79 -1 3
UNBLOCK 80 14
# CONTEXT CPU 0 80
CPU 80 -1 1
CPU 80 -1 2
CPU 80 -1 3
# CONTEXT CPU 0 81
CPU 81 -1 1
CPU 81 -1 2
CPU 81 -1 3
# CONTEXT CPU 0 82
CPU 82 -1 1
CPU 82 -1 2
CPU 82 -1 3
CPU 83 14 0
CPU 83 -1 1
CPU 83 -1 2
CPU 83 -1 3
BLOCK 84 14
CPU 84 -1 0
CPU 84 -1 1
CPU 84 -1 2
CPU 84 -1 3
UNBLOCK 85 14
# CONTEXT CPU 0 85
CPU 85 -1 1
CPU 85 -1 2
CPU 85 -1 3
CPU 86 14 0
CPU 86 -1 1
CPU 86 -1 2
CPU 86 -1 3
BLOCK 87 14
CPU 87 -1 0
CPU 87 -1 1
CPU 87 -1 2
CPU 87 -1 3
UNBLOCK 88 14
# CONTEXT CPU 0 88
CPU 88 -1 1
CPU 88 -1 2
CPU 88 -1 3
CPU 89 14 0
CPU 89 -1 1
CPU 89 -1 2
CPU 89 -1 3
EXIT 90 14 0
CPU 90 -1 0
CPU 90 -1 1
CPU 90 -1 2
CPU 90 -1 3
