# SETTINGS ../simusched tareas.tsk 2 1 2 SchedRR 2 1 2
LOAD 0 0
LOAD 0 1
LOAD 0 2
LOAD 0 3
LOAD 0 4
LOAD 0 5
LOAD 0 6
LOAD 0 7
LOAD 0 8
LOAD 0 9
LOAD 0 10
LOAD 0 11
LOAD 0 12
LOAD 0 13
LOAD 0 14
# CONTEXT CPU 0 0
# CONTEXT CPU 1 0
CPU 1 0 0
CPU 1 1 1
BLOCK 2 0
# CONTEXT CPU 0 2
CPU 2 1 1
UNBLOCK 3 0
CPU 3 2 0
# CONTEXT CPU 1 3
BLOCK 4 2
# CONTEXT CPU 0 4
CPU 4 3 1
UNBLOCK 5 2
CPU 5 4 0
CPU 5 3 1
CPU 6 4 0
# CONTEXT CPU 1 6
CPU 7 4 0
CPU 7 5 1
# CONTEXT CPU 0 8
CPU 8 5 1
CPU 9 6 0
# CONTEXT CPU 1 9
CPU 10 6 0
CPU 10 7 1
CPU 11 6 0
CPU 11 7 1
# CONTEXT CPU 0 12
# CONTEXT CPU 1 12
CPU 13 8 0
CPU 13 9 1
CPU 14 8 0
CPU 14 9 1
CPU 15 8 0
# CONTEXT CPU 1 15
BLOCK 16 8
# CONTEXT CPU 0 16
CPU 16 10 1
UNBLOCK 17 8
CPU 17 11 0
CPU 17 10 1
BLOCK 18 10
# CONTEXT CPU 0 18
# CONTEXT CPU 1 18
UNBLOCK 19 10
CPU 19 12 0
CPU 19 13 1
BLOCK 20 12
# CONTEXT CPU 0 20
# CONTEXT CPU 1 20
UNBLOCK 21 12
CPU 21 14 0
# CONTEXT CPU 1 21
BLOCK 22 14
# CONTEXT CPU 0 22
# CONTEXT CPU 1 22
UNBLOCK 23 14
# CONTEXT CPU 0 23
CPU 23 0 1
# CONTEXT CPU 0 24
CPU 24 0 1
CPU 25 1 0
# CONTEXT CPU 1 25
CPU 26 1 0
# CONTEXT CPU 1 26
CPU 27 1 0
# CONTEXT CPU 1 27
# CONTEXT CPU 0 28
CPU 28 2 1
# CONTEXT CPU 0 29
CPU 29 2 1
# CONTEXT CPU 0 30
# CONTEXT CPU 1 30
CPU 31 3 0
# CONTEXT CPU 1 31
BLOCK 32 3
# CONTEXT CPU 0 32
# CONTEXT CPU 1 32
UNBLOCK 33 3
# CONTEXT CPU 0 33
CPU 33 4 1
# CONTEXT CPU 0 34
CPU 34 4 1
BLOCK 35 4
CPU 35 5 0
# CONTEXT CPU 1 35
UNBLOCK 36 4
CPU 36 5 0
# CONTEXT CPU 1 36
CPU 37 5 0
# CONTEXT CPU 1 37
# CONTEXT CPU 0 38
CPU 38 6 1
# CONTEXT CPU 0 39
# CONTEXT CPU 1 39
# CONTEXT CPU 0 40
CPU 40 9 1
BLOCK 41 9
CPU 41 7 0
# CONTEXT CPU 1 41
UNBLOCK 42 9
CPU 42 7 0
# CONTEXT CPU 1 42
CPU 43 7 0
# CONTEXT CPU 1 43
BLOCK 44 7
# CONTEXT CPU 0 44
CPU 44 8 1
UNBLOCK 45 7
CPU 45 11 0
CPU 45 8 1
# CONTEXT CPU 0 46
# CONTEXT CPU 1 46
# CONTEXT CPU 0 47
CPU 47 13 1
BLOCK 48 13
# CONTEXT CPU 0 48
# CONTEXT CPU 1 48
UNBLOCK 49 13
CPU 49 10 0
# CONTEXT CPU 1 49
CPU 50 10 0
# CONTEXT CPU 1 50
CPU 51 10 0
CPU 51 12 1
BLOCK 52 10
# CONTEXT CPU 0 52
CPU 52 12 1
UNBLOCK 53 10
CPU 53 14 0
# CONTEXT CPU 1 53
BLOCK 54 14
# CONTEXT CPU 0 54
CPU 54 0 1
UNBLOCK 55 14
CPU 55 1 0
CPU 55 0 1
BLOCK 56 1
# CONTEXT CPU 0 56
# CONTEXT CPU 1 56
UNBLOCK 57 1
# CONTEXT CPU 0 57
# CONTEXT CPU 1 57
# CONTEXT CPU 0 58
# CONTEXT CPU 1 58
CPU 59 2 0
CPU 59 3 1
# CONTEXT CPU 0 60
CPU 60 3 1
# CONTEXT CPU 0 61
# CONTEXT CPU 1 61
# CONTEXT CPU 0 62
# CONTEXT CPU 1 62
CPU 63 4 0
# CONTEXT CPU 1 63
CPU 64 4 0
CPU 64 5 1
BLOCK 65 5
CPU 65 4 0
# CONTEXT CPU 1 65
UNBLOCK 66 5
# CONTEXT CPU 0 66
CPU 66 6 1
# CONTEXT CPU 0 67
CPU 67 6 1
# CONTEXT CPU 0 68
# CONTEXT CPU 1 68
CPU 69 9 0
# CONTEXT CPU 1 69
CPU 70 9 0
# CONTEXT CPU 1 70
BLOCK 71 9
# CONTEXT CPU 0 71
CPU 71 7 1
UNBLOCK 72 9
CPU 72 11 0
CPU 72 7 1
CPU 73 11 0
# CONTEXT CPU 1 73
BLOCK 74 11
# CONTEXT CPU 0 74
CPU 74 8 1
BLOCK 75 8
UNBLOCK 75 11
# CONTEXT CPU 0 75
# CONTEXT CPU 1 75
UNBLOCK 76 8
# CONTEXT CPU 0 76
# CONTEXT CPU 1 76
CPU 77 13 0
# CONTEXT CPU 1 77
# CONTEXT CPU 0 78
CPU 78 10 1
# CONTEXT CPU 0 79
CPU 79 10 1
# CONTEXT CPU 0 80
# CONTEXT CPU 1 80
CPU 81 12 0
# CONTEXT CPU 1 81
CPU 82 12 0
# CONTEXT CPU 1 82
BLOCK 83 12
# CONTEXT CPU 0 83
CPU 83 14 1
BLOCK 84 14
UNBLOCK 84 12
# CONTEXT CPU 0 84
# CONTEXT CPU 1 84
UNBLOCK 85 14
# CONTEXT CPU 0 85
# CONTEXT CPU 1 85
CPU 86 0 0
# CONTEXT CPU 1 86
CPU 87 0 0
CPU 87 1 1
# CONTEXT CPU 0 88
CPU 88 1 1
CPU 89 2 0
# CONTEXT CPU 1 89
CPU 90 2 0
CPU 90 3 1
CPU 91 2 0
CPU 91 3 1
# CONTEXT CPU 0 92
# CONTEXT CPU 1 92
# CONTEXT CPU 0 93
# CONTEXT CPU 1 93
# CONTEXT CPU 0 94
# CONTEXT CPU 1 94
CPU 95 5 0
CPU 95 4 1
EXIT 96 4 1
CPU 96 5 0
# CONTEXT CPU 1 96
CPU 97 5 0
CPU 97 6 1
EXIT 98 5 0
# CONTEXT CPU 0 98
CPU 98 6 1
BLOCK 99 6
CPU 99 9 0
# CONTEXT CPU 1 99
UNBLOCK 100 6
CPU 100 9 0
CPU 100 7 1
CPU 101 9 0
# CONTEXT CPU 1 101
# CONTEXT CPU 0 102
# CONTEXT CPU 1 102
# CONTEXT CPU 0 103
# CONTEXT CPU 1 103
# CONTEXT CPU 0 104
CPU 104 11 1
CPU 105 8 0
CPU 105 11 1
CPU 106 8 0
# CONTEXT CPU 1 106
CPU 107 8 0
# CONTEXT CPU 1 107
EXIT 108 8 0
# CONTEXT CPU 0 108
# CONTEXT CPU 1 108
# CONTEXT CPU 0 109
CPU 109 13 1
# CONTEXT CPU 0 110
CPU 110 13 1
CPU 111 10 0
# CONTEXT CPU 1 111
CPU 112 10 0
# CONTEXT CPU 1 112
EXIT 113 10 0
# CONTEXT CPU 0 113
# CONTEXT CPU 1 113
# CONTEXT CPU 0 114
CPU 114 12 1
BLOCK 115 12
# CONTEXT CPU 0 115
# CONTEXT CPU 1 115
UNBLOCK 116 12
CPU 116 14 0
# CONTEXT CPU 1 116
BLOCK 117 14
# CONTEXT CPU 0 117
# CONTEXT CPU 1 117
UNBLOCK 118 14
# CONTEXT CPU 0 118
CPU 118 0 1
# CONTEXT CPU 0 119
CPU 119 0 1
EXIT 120 0 1
CPU 120 1 0
# CONTEXT CPU 1 120
EXIT 121 1 0
# CONTEXT CPU 0 121
# CONTEXT CPU 1 121
# CONTEXT CPU 0 122
# CONTEXT CPU 1 122
# CONTEXT CPU 0 123
CPU 123 2 1
CPU 124 3 0
CPU 124 2 1
EXIT 125 2 1
CPU 125 3 0
# CONTEXT CPU 1 125
EXIT 126 3 0
# CONTEXT CPU 0 126
CPU 126 6 1
EXIT 127 6 1
# CONTEXT CPU 0 127
# CONTEXT CPU 1 127
# CONTEXT CPU 0 128
# CONTEXT CPU 1 128
CPU 129 7 0
# CONTEXT CPU 1 129
EXIT 130 7 0
# CONTEXT CPU 0 130
CPU 130 9 1
EXIT 131 9 1
# CONTEXT CPU 0 131
# CONTEXT CPU 1 131
# CONTEXT CPU 0 132
CPU 132 13 1
BLOCK 133 13
CPU 133 11 0
# CONTEXT CPU 1 133
BLOCK 134 11
UNBLOCK 134 13
# CONTEXT CPU 0 134
CPU 134 12 1
UNBLOCK 135 11
CPU 135 14 0
CPU 135 12 1
BLOCK 136 14
BLOCK 136 12
# CONTEXT CPU 0 136
# CONTEXT CPU 1 136
UNBLOCK 137 12
UNBLOCK 137 14
# CONTEXT CPU 0 137
# CONTEXT CPU 1 137
# CONTEXT CPU 0 138
# CONTEXT CPU 1 138
CPU 139 13 0
CPU 139 11 1
BLOCK 140 13
# CONTEXT CPU 0 140
# CONTEXT CPU 1 140
UNBLOCK 141 13
# CONTEXT CPU 0 141
# CONTEXT CPU 1 141
# CONTEXT CPU 0 142
# CONTEXT CPU 1 142
CPU 143 12 0
CPU 143 14 1
EXIT 144 12 0
BLOCK 144 14
# CONTEXT CPU 0 144
# CONTEXT CPU 1 144
UNBLOCK 145 14
# CONTEXT CPU 0 145
# CONTEXT CPU 1 145
# CONTEXT CPU 0 146
# CONTEXT CPU 1 146
CPU 147 11 0
CPU 147 13 1
EXIT 148 11 0
BLOCK 148 13
# CONTEXT CPU 0 148
CPU 148 -1 1
UNBLOCK 149 13
# CONTEXT CPU 0 149
# CONTEXT CPU 1 149
# CONTEXT CPU 0 150
CPU 150 13 1
EXIT 151 13 1
CPU 151 14 0
CPU 151 -1 1
BLOCK 152 14
CPU 152 -1 0
CPU 152 -1 1
UNBLOCK 153 14
# CONTEXT CPU 0 153
CPU 153 -1 1
CPU 154 14 0
CPU 154 -1 1
BLOCK 155 14
CPU 155 -1 0
CPU 155 -1 1
UNBLOCK 156 14
# CONTEXT CPU 0 156
CPU 156 -1 1
CPU 157 14 0
CPU 157 -1 1
EXIT 158 14 0
CPU 158 -1 0
CPU 158 -1 1
