# SETTINGS ../simusched tareas.tsk 2 1 2 SchedRR 2 6 6
LOAD 0 0
LOAD 0 1
LOAD 0 2
LOAD 0 3
LOAD 0 4
LOAD 0 5
LOAD 0 6
LOAD 0 7
LOAD 0 8
LOAD 0 9
LOAD 0 10
LOAD 0 11
LOAD 0 12
LOAD 0 13
LOAD 0 14
# CONTEXT CPU 0 0
# CONTEXT CPU 1 0
CPU 1 0 0
CPU 1 1 1
BLOCK 2 0
# CONTEXT CPU 0 2
CPU 2 1 1
UNBLOCK 3 0
CPU 3 2 0
CPU 3 1 1
BLOCK 4 2
# CONTEXT CPU 0 4
CPU 4 1 1
UNBLOCK 5 2
CPU 5 3 0
CPU 5 1 1
CPU 6 3 0
CPU 6 1 1
BLOCK 7 1
CPU 7 3 0
# CONTEXT CPU 1 7
BLOCK 8 3
UNBLOCK 8 1
# CONTEXT CPU 0 8
CPU 8 4 1
UNBLOCK 9 3
CPU 9 5 0
CPU 9 4 1
# CONTEXT CPU 0 10
# CONTEXT CPU 1 10
CPU 11 6 0
CPU 11 7 1
CPU 12 6 0
CPU 12 7 1
CPU 13 6 0
CPU 13 7 1
# CONTEXT CPU 0 14
CPU 14 7 1
CPU 15 8 0
CPU 15 7 1
BLOCK 16 7
CPU 16 8 0
# CONTEXT CPU 1 16
UNBLOCK 17 7
CPU 17 8 0
CPU 17 9 1
BLOCK 18 8
# CONTEXT CPU 0 18
CPU 18 9 1
UNBLOCK 19 8
CPU 19 10 0
CPU 19 9 1
BLOCK 20 9
# CONTEXT CPU 0 20
# CONTEXT CPU 1 20
UNBLOCK 21 9
CPU 21 11 0
CPU 21 12 1
BLOCK 22 12
CPU 22 11 0
# CONTEXT CPU 1 22
UNBLOCK 23 12
CPU 23 11 0
CPU 23 13 1
# CONTEXT CPU 0 24
# CONTEXT CPU 1 24
CPU 25 14 0
# CONTEXT CPU 1 25
BLOCK 26 14
# CONTEXT CPU 0 26
# CONTEXT CPU 1 26
UNBLOCK 27 14
CPU 27 2 0
CPU 27 0 1
CPU 28 2 0
CPU 28 0 1
CPU 29 2 0
CPU 29 0 1
# CONTEXT CPU 0 30
CPU 30 0 1
# CONTEXT CPU 0 31
CPU 31 0 1
# CONTEXT CPU 0 32
CPU 32 0 1
CPU 33 1 0
CPU 33 0 1
CPU 34 1 0
# CONTEXT CPU 1 34
CPU 35 1 0
# CONTEXT CPU 1 35
EXIT 36 1 0
# CONTEXT CPU 0 36
# CONTEXT CPU 1 36
CPU 37 5 0
CPU 37 3 1
CPU 38 5 0
CPU 38 3 1
CPU 39 5 0
CPU 39 3 1
# CONTEXT CPU 0 40
CPU 40 3 1
# CONTEXT CPU 0 41
CPU 41 3 1
# CONTEXT CPU 0 42
CPU 42 3 1
EXIT 43 3 1
CPU 43 4 0
# CONTEXT CPU 1 43
CPU 44 4 0
# CONTEXT CPU 1 44
CPU 45 4 0
# CONTEXT CPU 1 45
BLOCK 46 4
# CONTEXT CPU 0 46
CPU 46 6 1
UNBLOCK 47 4
# CONTEXT CPU 0 47
CPU 47 6 1
# CONTEXT CPU 0 48
CPU 48 6 1
CPU 49 7 0
CPU 49 6 1
# CONTEXT CPU 0 50
CPU 50 6 1
BLOCK 51 6
CPU 51 8 0
# CONTEXT CPU 1 51
UNBLOCK 52 6
CPU 52 8 0
# CONTEXT CPU 1 52
CPU 53 8 0
# CONTEXT CPU 1 53
BLOCK 54 8
# CONTEXT CPU 0 54
CPU 54 10 1
BLOCK 55 10
UNBLOCK 55 8
# CONTEXT CPU 0 55
# CONTEXT CPU 1 55
UNBLOCK 56 10
# CONTEXT CPU 0 56
CPU 56 12 1
CPU 57 9 0
CPU 57 12 1
# CONTEXT CPU 0 58
CPU 58 12 1
CPU 59 11 0
# CONTEXT CPU 1 59
BLOCK 60 11
# CONTEXT CPU 0 60
CPU 60 13 1
BLOCK 61 13
UNBLOCK 61 11
CPU 61 14 0
# CONTEXT CPU 1 61
BLOCK 62 14
UNBLOCK 62 13
# CONTEXT CPU 0 62
# CONTEXT CPU 1 62
UNBLOCK 63 14
# CONTEXT CPU 0 63
# CONTEXT CPU 1 63
# CONTEXT CPU 0 64
CPU 64 2 1
CPU 65 0 0
CPU 65 2 1
EXIT 66 0 0
# CONTEXT CPU 0 66
CPU 66 2 1
CPU 67 5 0
CPU 67 2 1
CPU 68 5 0
CPU 68 2 1
BLOCK 69 5
EXIT 69 2 1
# CONTEXT CPU 0 69
# CONTEXT CPU 1 69
UNBLOCK 70 5
CPU 70 4 0
# CONTEXT CPU 1 70
CPU 71 4 0
# CONTEXT CPU 1 71
# CONTEXT CPU 0 72
CPU 72 7 1
# CONTEXT CPU 0 73
CPU 73 7 1
# CONTEXT CPU 0 74
CPU 74 7 1
EXIT 75 7 1
CPU 75 6 0
# CONTEXT CPU 1 75
EXIT 76 6 0
# CONTEXT CPU 0 76
# CONTEXT CPU 1 76
# CONTEXT CPU 0 77
# CONTEXT CPU 1 77
# CONTEXT CPU 0 78
CPU 78 8 1
CPU 79 10 0
CPU 79 8 1
CPU 80 10 0
CPU 80 8 1
EXIT 81 8 1
CPU 81 10 0
# CONTEXT CPU 1 81
BLOCK 82 10
# CONTEXT CPU 0 82
# CONTEXT CPU 1 82
UNBLOCK 83 10
# CONTEXT CPU 0 83
# CONTEXT CPU 1 83
# CONTEXT CPU 0 84
CPU 84 9 1
BLOCK 85 9
CPU 85 12 0
# CONTEXT CPU 1 85
BLOCK 86 12
UNBLOCK 86 9
# CONTEXT CPU 0 86
# CONTEXT CPU 1 86
UNBLOCK 87 12
# CONTEXT CPU 0 87
# CONTEXT CPU 1 87
# CONTEXT CPU 0 88
CPU 88 11 1
CPU 89 13 0
CPU 89 11 1
# CONTEXT CPU 0 90
CPU 90 11 1
BLOCK 91 11
CPU 91 14 0
# CONTEXT CPU 1 91
BLOCK 92 14
UNBLOCK 92 11
# CONTEXT CPU 0 92
# CONTEXT CPU 1 92
UNBLOCK 93 14
CPU 93 4 0
# CONTEXT CPU 1 93
CPU 94 4 0
CPU 94 5 1
EXIT 95 4 0
# CONTEXT CPU 0 95
CPU 95 5 1
CPU 96 10 0
CPU 96 5 1
EXIT 97 5 1
CPU 97 10 0
# CONTEXT CPU 1 97
CPU 98 10 0
CPU 98 9 1
# CONTEXT CPU 0 99
CPU 99 9 1
CPU 100 12 0
CPU 100 9 1
BLOCK 101 12
# CONTEXT CPU 0 101
CPU 101 9 1
EXIT 102 9 1
UNBLOCK 102 12
CPU 102 13 0
# CONTEXT CPU 1 102
CPU 103 13 0
CPU 103 11 1
CPU 104 13 0
CPU 104 11 1
BLOCK 105 13
EXIT 105 11 1
# CONTEXT CPU 0 105
# CONTEXT CPU 1 105
UNBLOCK 106 13
CPU 106 14 0
# CONTEXT CPU 1 106
BLOCK 107 14
# CONTEXT CPU 0 107
# CONTEXT CPU 1 107
UNBLOCK 108 14
CPU 108 12 0
CPU 108 10 1
EXIT 109 10 1
# CONTEXT CPU 0 109
# CONTEXT CPU 1 109
CPU 110 13 0
# CONTEXT CPU 1 110
BLOCK 111 13
# CONTEXT CPU 0 111
# CONTEXT CPU 1 111
UNBLOCK 112 13
CPU 112 12 0
CPU 112 14 1
BLOCK 113 12
BLOCK 113 14
# CONTEXT CPU 0 113
CPU 113 -1 1
UNBLOCK 114 12
UNBLOCK 114 14
CPU 114 13 0
# CONTEXT CPU 1 114
BLOCK 115 13
# CONTEXT CPU 0 115
# CONTEXT CPU 1 115
UNBLOCK 116 13
# CONTEXT CPU 0 116
# CONTEXT CPU 1 116
# CONTEXT CPU 0 117
CPU 117 12 1
EXIT 118 12 1
CPU 118 14 0
# CONTEXT CPU 1 118
BLOCK 119 14
CPU 119 -1 0
# CONTEXT CPU 1 119
UNBLOCK 120 14
# CONTEXT CPU 0 120
# CONTEXT CPU 1 120
CPU 121 14 0
CPU 121 13 1
BLOCK 122 14
EXIT 122 13 1
CPU 122 -1 0
CPU 122 -1 1
UNBLOCK 123 14
# CONTEXT CPU 0 123
CPU 123 -1 1
CPU 124 14 0
CPU 124 -1 1
BLOCK 125 14
CPU 125 -1 0
CPU 125 -1 1
UNBLOCK 126 14
# CONTEXT CPU 0 126
CPU 126 -1 1
CPU 127 14 0
CPU 127 -1 1
EXIT 128 14 0
CPU 128 -1 0
CPU 128 -1 1
