# SETTINGS ../simusched tareas.tsk 4 1 2 SchedRR 4 3 3 5 6
LOAD 0 0
LOAD 0 1
LOAD 0 2
LOAD 0 3
LOAD 0 4
LOAD 0 5
LOAD 0 6
LOAD 0 7
LOAD 0 8
LOAD 0 9
LOAD 0 10
LOAD 0 11
LOAD 0 12
LOAD 0 13
LOAD 0 14
# CONTEXT CPU 0 0
# CONTEXT CPU 1 0
# CONTEXT CPU 2 0
# CONTEXT CPU 3 0
CPU 1 0 0
CPU 1 1 1
CPU 1 2 2
CPU 1 3 3
BLOCK 2 3
CPU 2 0 0
CPU 2 1 1
CPU 2 2 2
# CONTEXT CPU 3 2
UNBLOCK 3 3
CPU 3 0 0
CPU 3 1 1
CPU 3 2 2
CPU 3 4 3
CPU 4 0 0
CPU 4 1 1
CPU 4 2 2
CPU 4 4 3
CPU 5 0 0
# CONTEXT CPU 1 5
# CONTEXT CPU 2 5
CPU 5 4 3
# CONTEXT CPU 0 6
CPU 6 5 1
CPU 6 6 2
CPU 6 4 3
BLOCK 7 4
CPU 7 7 0
CPU 7 5 1
CPU 7 6 2
# CONTEXT CPU 3 7
BLOCK 8 7
UNBLOCK 8 4
# CONTEXT CPU 0 8
CPU 8 5 1
CPU 8 6 2
CPU 8 8 3
BLOCK 9 8
UNBLOCK 9 7
CPU 9 9 0
CPU 9 5 1
CPU 9 6 2
# CONTEXT CPU 3 9
BLOCK 10 5
UNBLOCK 10 8
CPU 10 9 0
# CONTEXT CPU 1 10
# CONTEXT CPU 2 10
CPU 10 10 3
UNBLOCK 11 5
CPU 11 9 0
CPU 11 11 1
CPU 11 12 2
CPU 11 10 3
BLOCK 12 11
BLOCK 12 12
BLOCK 12 10
CPU 12 9 0
# CONTEXT CPU 1 12
# CONTEXT CPU 2 12
# CONTEXT CPU 3 12
UNBLOCK 13 10
UNBLOCK 13 11
UNBLOCK 13 12
CPU 13 9 0
CPU 13 13 1
CPU 13 14 2
CPU 13 3 3
BLOCK 14 9
BLOCK 14 13
BLOCK 14 14
# CONTEXT CPU 0 14
# CONTEXT CPU 1 14
# CONTEXT CPU 2 14
CPU 14 3 3
UNBLOCK 15 9
UNBLOCK 15 13
UNBLOCK 15 14
# CONTEXT CPU 0 15
# CONTEXT CPU 1 15
# CONTEXT CPU 2 15
# CONTEXT CPU 3 15
# CONTEXT CPU 0 16
# CONTEXT CPU 1 16
# CONTEXT CPU 2 16
CPU 16 4 3
CPU 17 1 0
CPU 17 2 1
CPU 17 0 2
CPU 17 4 3
BLOCK 18 0
# CONTEXT CPU 0 18
# CONTEXT CPU 1 18
# CONTEXT CPU 2 18
CPU 18 4 3
UNBLOCK 19 0
CPU 19 7 0
# CONTEXT CPU 1 19
CPU 19 6 2
CPU 19 4 3
CPU 20 7 0
# CONTEXT CPU 1 20
CPU 20 6 2
CPU 20 4 3
BLOCK 21 6
EXIT 21 4 3
CPU 21 7 0
CPU 21 8 1
# CONTEXT CPU 2 21
# CONTEXT CPU 3 21
UNBLOCK 22 6
CPU 22 7 0
CPU 22 8 1
# CONTEXT CPU 2 22
CPU 22 10 3
BLOCK 23 10
CPU 23 7 0
CPU 23 8 1
# CONTEXT CPU 2 23
# CONTEXT CPU 3 23
BLOCK 24 8
UNBLOCK 24 10
# CONTEXT CPU 0 24
# CONTEXT CPU 1 24
CPU 24 5 2
# CONTEXT CPU 3 24
UNBLOCK 25 8
# CONTEXT CPU 0 25
# CONTEXT CPU 1 25
CPU 25 5 2
# CONTEXT CPU 3 25
# CONTEXT CPU 0 26
# CONTEXT CPU 1 26
CPU 26 5 2
CPU 26 11 3
CPU 27 12 0
CPU 27 9 1
# CONTEXT CPU 2 27
CPU 27 11 3
BLOCK 28 12
BLOCK 28 9
BLOCK 28 11
# CONTEXT CPU 0 28
# CONTEXT CPU 1 28
# CONTEXT CPU 2 28
# CONTEXT CPU 3 28
UNBLOCK 29 9
UNBLOCK 29 11
UNBLOCK 29 12
# CONTEXT CPU 0 29
# CONTEXT CPU 1 29
# CONTEXT CPU 2 29
# CONTEXT CPU 3 29
# CONTEXT CPU 0 30
# CONTEXT CPU 1 30
CPU 30 13 2
# CONTEXT CPU 3 30
CPU 31 14 0
CPU 31 3 1
CPU 31 13 2
CPU 31 1 3
BLOCK 32 14
# CONTEXT CPU 0 32
CPU 32 3 1
CPU 32 13 2
CPU 32 1 3
BLOCK 33 1
UNBLOCK 33 14
# CONTEXT CPU 0 33
# CONTEXT CPU 1 33
CPU 33 13 2
# CONTEXT CPU 3 33
BLOCK 34 13
UNBLOCK 34 1
# CONTEXT CPU 0 34
# CONTEXT CPU 1 34
# CONTEXT CPU 2 34
# CONTEXT CPU 3 34
UNBLOCK 35 13
CPU 35 2 0
# CONTEXT CPU 1 35
# CONTEXT CPU 2 35
# CONTEXT CPU 3 35
CPU 36 2 0
CPU 36 0 1
# CONTEXT CPU 2 36
CPU 36 6 3
BLOCK 37 2
# CONTEXT CPU 0 37
CPU 37 0 1
CPU 37 10 2
CPU 37 6 3
UNBLOCK 38 2
CPU 38 7 0
CPU 38 0 1
# CONTEXT CPU 2 38
CPU 38 6 3
EXIT 39 0 1
EXIT 39 6 3
CPU 39 7 0
# CONTEXT CPU 1 39
# CONTEXT CPU 2 39
# CONTEXT CPU 3 39
CPU 40 7 0
# CONTEXT CPU 1 40
# CONTEXT CPU 2 40
# CONTEXT CPU 3 40
EXIT 41 7 0
# CONTEXT CPU 0 41
# CONTEXT CPU 1 41
CPU 41 8 2
# CONTEXT CPU 3 41
# CONTEXT CPU 0 42
CPU 42 5 1
CPU 42 8 2
CPU 42 9 3
# CONTEXT CPU 0 43
CPU 43 5 1
CPU 43 8 2
CPU 43 9 3
EXIT 44 5 1
CPU 44 11 0
# CONTEXT CPU 1 44
CPU 44 8 2
CPU 44 9 3
EXIT 45 9 3
CPU 45 11 0
# CONTEXT CPU 1 45
# CONTEXT CPU 2 45
# CONTEXT CPU 3 45
CPU 46 11 0
# CONTEXT CPU 1 46
# CONTEXT CPU 2 46
# CONTEXT CPU 3 46
CPU 47 11 0
CPU 47 12 1
# CONTEXT CPU 2 47
# CONTEXT CPU 3 47
BLOCK 48 12
CPU 48 11 0
# CONTEXT CPU 1 48
CPU 48 14 2
CPU 48 3 3
BLOCK 49 14
UNBLOCK 49 12
# CONTEXT CPU 0 49
# CONTEXT CPU 1 49
# CONTEXT CPU 2 49
CPU 49 3 3
UNBLOCK 50 14
# CONTEXT CPU 0 50
# CONTEXT CPU 1 50
# CONTEXT CPU 2 50
CPU 50 3 3
# CONTEXT CPU 0 51
CPU 51 1 1
# CONTEXT CPU 2 51
CPU 51 3 3
EXIT 52 3 3
CPU 52 13 0
CPU 52 1 1
CPU 52 2 2
# CONTEXT CPU 3 52
BLOCK 53 13
EXIT 53 1 1
# CONTEXT CPU 0 53
# CONTEXT CPU 1 53
CPU 53 2 2
# CONTEXT CPU 3 53
EXIT 54 2 2
UNBLOCK 54 13
# CONTEXT CPU 0 54
CPU 54 12 1
# CONTEXT CPU 2 54
# CONTEXT CPU 3 54
BLOCK 55 12
# CONTEXT CPU 0 55
# CONTEXT CPU 1 55
# CONTEXT CPU 2 55
CPU 55 10 3
UNBLOCK 56 12
CPU 56 8 0
# CONTEXT CPU 1 56
# CONTEXT CPU 2 56
CPU 56 10 3
EXIT 57 8 0
# CONTEXT CPU 0 57
# CONTEXT CPU 1 57
CPU 57 11 2
CPU 57 10 3
EXIT 58 11 2
CPU 58 13 0
CPU 58 14 1
# CONTEXT CPU 2 58
CPU 58 10 3
BLOCK 59 14
CPU 59 13 0
CPU 59 -1 1
# CONTEXT CPU 2 59
CPU 59 10 3
BLOCK 60 13
EXIT 60 10 3
UNBLOCK 60 14
# CONTEXT CPU 0 60
CPU 60 -1 1
# CONTEXT CPU 2 60
CPU 60 -1 3
UNBLOCK 61 13
# CONTEXT CPU 0 61
# CONTEXT CPU 1 61
CPU 61 12 2
CPU 61 -1 3
# CONTEXT CPU 0 62
# CONTEXT CPU 1 62
CPU 62 12 2
CPU 62 -1 3
CPU 63 14 0
# CONTEXT CPU 1 63
CPU 63 12 2
CPU 63 -1 3
BLOCK 64 14
CPU 64 -1 0
CPU 64 13 1
CPU 64 12 2
CPU 64 -1 3
EXIT 65 13 1
UNBLOCK 65 14
# CONTEXT CPU 0 65
CPU 65 -1 1
CPU 65 12 2
CPU 65 -1 3
EXIT 66 12 2
CPU 66 14 0
CPU 66 -1 1
CPU 66 -1 2
CPU 66 -1 3
BLOCK 67 14
CPU 67 -1 0
CPU 67 -1 1
CPU 67 -1 2
CPU 67 -1 3
UNBLOCK 68 14
# CONTEXT CPU 0 68
CPU 68 -1 1
CPU 68 -1 2
CPU 68 -1 3
CPU 69 14 0
CPU 69 -1 1
CPU 69 -1 2
CPU 69 -1 3
BLOCK 70 14
CPU 70 -1 0
CPU 70 -1 1
CPU 70 -1 2
CPU 70 -1 3
UNBLOCK 71 14
# CONTEXT CPU 0 71
CPU 71 -1 1
CPU 71 -1 2
CPU 71 -1 3
CPU 72 14 0
CPU 72 -1 1
CPU 72 -1 2
CPU 72 -1 3
BLOCK 73 14
CPU 73 -1 0
CPU 73 -1 1
CPU 73 -1 2
CPU 73 -1 3
UNBLOCK 74 14
# CONTEXT CPU 0 74
CPU 74 -1 1
CPU 74 -1 2
CPU 74 -1 3
CPU 75 14 0
CPU 75 -1 1
CPU 75 -1 2
CPU 75 -1 3
EXIT 76 14 0
CPU 76 -1 0
CPU 76 -1 1
CPU 76 -1 2
CPU 76 -1 3
