# SETTINGS ../simusched tareas.tsk 4 1 2 SchedRR 4 5 8 8 8
LOAD 0 0
LOAD 0 1
LOAD 0 2
LOAD 0 3
LOAD 0 4
LOAD 0 5
LOAD 0 6
LOAD 0 7
LOAD 0 8
LOAD 0 9
LOAD 0 10
LOAD 0 11
LOAD 0 12
LOAD 0 13
LOAD 0 14
# CONTEXT CPU 0 0
# CONTEXT CPU 1 0
# CONTEXT CPU 2 0
# CONTEXT CPU 3 0
CPU 1 0 0
CPU 1 1 1
CPU 1 2 2
CPU 1 3 3
CPU 2 0 0
CPU 2 1 1
CPU 2 2 2
CPU 2 3 3
BLOCK 3 1
CPU 3 0 0
# CONTEXT CPU 1 3
CPU 3 2 2
CPU 3 3 3
BLOCK 4 3
UNBLOCK 4 1
CPU 4 0 0
CPU 4 4 1
CPU 4 2 2
# CONTEXT CPU 3 4
UNBLOCK 5 3
CPU 5 0 0
CPU 5 4 1
CPU 5 2 2
CPU 5 5 3
BLOCK 6 0
# CONTEXT CPU 0 6
CPU 6 4 1
CPU 6 2 2
CPU 6 5 3
BLOCK 7 2
UNBLOCK 7 0
CPU 7 6 0
CPU 7 4 1
# CONTEXT CPU 2 7
CPU 7 5 3
UNBLOCK 8 2
# CONTEXT CPU 0 8
CPU 8 4 1
CPU 8 7 2
CPU 8 5 3
BLOCK 9 4
CPU 9 8 0
# CONTEXT CPU 1 9
CPU 9 7 2
CPU 9 5 3
BLOCK 10 8
UNBLOCK 10 4
# CONTEXT CPU 0 10
CPU 10 9 1
CPU 10 7 2
CPU 10 5 3
BLOCK 11 5
UNBLOCK 11 8
CPU 11 10 0
# CONTEXT CPU 1 11
CPU 11 7 2
# CONTEXT CPU 3 11
UNBLOCK 12 5
CPU 12 10 0
CPU 12 11 1
# CONTEXT CPU 2 12
CPU 12 12 3
CPU 13 10 0
CPU 13 11 1
CPU 13 13 2
CPU 13 12 3
BLOCK 14 10
BLOCK 14 12
# CONTEXT CPU 0 14
CPU 14 11 1
CPU 14 13 2
# CONTEXT CPU 3 14
BLOCK 15 11
UNBLOCK 15 10
UNBLOCK 15 12
CPU 15 14 0
# CONTEXT CPU 1 15
CPU 15 13 2
# CONTEXT CPU 3 15
BLOCK 16 14
BLOCK 16 13
UNBLOCK 16 11
# CONTEXT CPU 0 16
# CONTEXT CPU 1 16
# CONTEXT CPU 2 16
# CONTEXT CPU 3 16
UNBLOCK 17 13
UNBLOCK 17 14
CPU 17 0 0
# CONTEXT CPU 1 17
CPU 17 2 2
CPU 17 1 3
CPU 18 0 0
CPU 18 3 1
CPU 18 2 2
# CONTEXT CPU 3 18
CPU 19 0 0
CPU 19 3 1
CPU 19 2 2
# CONTEXT CPU 3 19
EXIT 20 2 2
# CONTEXT CPU 0 20
CPU 20 3 1
# CONTEXT CPU 2 20
# CONTEXT CPU 3 20
# CONTEXT CPU 0 21
CPU 21 3 1
# CONTEXT CPU 2 21
CPU 21 6 3
# CONTEXT CPU 0 22
# CONTEXT CPU 1 22
# CONTEXT CPU 2 22
CPU 22 6 3
BLOCK 23 6
CPU 23 4 0
CPU 23 9 1
CPU 23 8 2
# CONTEXT CPU 3 23
BLOCK 24 9
UNBLOCK 24 6
CPU 24 4 0
# CONTEXT CPU 1 24
CPU 24 8 2
CPU 24 5 3
UNBLOCK 25 9
CPU 25 4 0
# CONTEXT CPU 1 25
CPU 25 8 2
CPU 25 5 3
CPU 26 4 0
# CONTEXT CPU 1 26
CPU 26 8 2
CPU 26 5 3
EXIT 27 4 0
EXIT 27 5 3
# CONTEXT CPU 0 27
CPU 27 7 1
CPU 27 8 2
# CONTEXT CPU 3 27
BLOCK 28 7
BLOCK 28 8
CPU 28 10 0
# CONTEXT CPU 1 28
# CONTEXT CPU 2 28
CPU 28 12 3
BLOCK 29 12
UNBLOCK 29 7
UNBLOCK 29 8
CPU 29 10 0
CPU 29 11 1
CPU 29 13 2
# CONTEXT CPU 3 29
BLOCK 30 10
UNBLOCK 30 12
# CONTEXT CPU 0 30
CPU 30 11 1
CPU 30 13 2
# CONTEXT CPU 3 30
BLOCK 31 11
BLOCK 31 13
UNBLOCK 31 10
# CONTEXT CPU 0 31
# CONTEXT CPU 1 31
# CONTEXT CPU 2 31
# CONTEXT CPU 3 31
UNBLOCK 32 11
UNBLOCK 32 13
# CONTEXT CPU 0 32
# CONTEXT CPU 1 32
# CONTEXT CPU 2 32
CPU 32 14 3
BLOCK 33 14
CPU 33 1 0
# CONTEXT CPU 1 33
# CONTEXT CPU 2 33
# CONTEXT CPU 3 33
UNBLOCK 34 14
CPU 34 1 0
CPU 34 0 1
CPU 34 3 2
CPU 34 6 3
EXIT 35 0 1
CPU 35 1 0
# CONTEXT CPU 1 35
CPU 35 3 2
CPU 35 6 3
EXIT 36 3 2
CPU 36 1 0
CPU 36 9 1
# CONTEXT CPU 2 36
CPU 36 6 3
# CONTEXT CPU 0 37
CPU 37 9 1
# CONTEXT CPU 2 37
CPU 37 6 3
# CONTEXT CPU 0 38
CPU 38 9 1
# CONTEXT CPU 2 38
CPU 38 6 3
# CONTEXT CPU 0 39
CPU 39 9 1
CPU 39 7 2
CPU 39 6 3
EXIT 40 6 3
CPU 40 8 0
CPU 40 9 1
CPU 40 7 2
# CONTEXT CPU 3 40
CPU 41 8 0
CPU 41 9 1
CPU 41 7 2
CPU 41 12 3
BLOCK 42 9
BLOCK 42 12
CPU 42 8 0
# CONTEXT CPU 1 42
CPU 42 7 2
# CONTEXT CPU 3 42
EXIT 43 8 0
EXIT 43 7 2
UNBLOCK 43 9
UNBLOCK 43 12
# CONTEXT CPU 0 43
# CONTEXT CPU 1 43
# CONTEXT CPU 2 43
# CONTEXT CPU 3 43
# CONTEXT CPU 0 44
# CONTEXT CPU 1 44
# CONTEXT CPU 2 44
# CONTEXT CPU 3 44
# CONTEXT CPU 0 45
CPU 45 10 1
# CONTEXT CPU 2 45
CPU 45 11 3
CPU 46 13 0
# CONTEXT CPU 1 46
CPU 46 14 2
CPU 46 11 3
BLOCK 47 13
BLOCK 47 14
# CONTEXT CPU 0 47
# CONTEXT CPU 1 47
# CONTEXT CPU 2 47
CPU 47 11 3
UNBLOCK 48 13
UNBLOCK 48 14
# CONTEXT CPU 0 48
# CONTEXT CPU 1 48
# CONTEXT CPU 2 48
CPU 48 11 3
EXIT 49 11 3
# CONTEXT CPU 0 49
CPU 49 1 1
# CONTEXT CPU 2 49
# CONTEXT CPU 3 49
CPU 50 9 0
CPU 50 1 1
CPU 50 12 2
# CONTEXT CPU 3 50
EXIT 51 9 0
EXIT 51 1 1
# CONTEXT CPU 0 51
# CONTEXT CPU 1 51
CPU 51 12 2
# CONTEXT CPU 3 51
BLOCK 52 12
CPU 52 13 0
# CONTEXT CPU 1 52
CPU 52 -1 2
CPU 52 10 3
BLOCK 53 13
UNBLOCK 53 12
# CONTEXT CPU 0 53
# CONTEXT CPU 1 53
CPU 53 -1 2
CPU 53 10 3
UNBLOCK 54 13
# CONTEXT CPU 0 54
CPU 54 14 1
# CONTEXT CPU 2 54
CPU 54 10 3
BLOCK 55 14
EXIT 55 10 3
# CONTEXT CPU 0 55
CPU 55 -1 1
# CONTEXT CPU 2 55
CPU 55 -1 3
UNBLOCK 56 14
CPU 56 12 0
# CONTEXT CPU 1 56
# CONTEXT CPU 2 56
CPU 56 -1 3
CPU 57 12 0
CPU 57 14 1
CPU 57 13 2
CPU 57 -1 3
BLOCK 58 14
CPU 58 12 0
CPU 58 -1 1
CPU 58 13 2
CPU 58 -1 3
EXIT 59 12 0
EXIT 59 13 2
UNBLOCK 59 14
# CONTEXT CPU 0 59
CPU 59 -1 1
CPU 59 -1 2
CPU 59 -1 3
# CONTEXT CPU 0 60
CPU 60 -1 1
CPU 60 -1 2
CPU 60 -1 3
# CONTEXT CPU 0 61
CPU 61 -1 1
CPU 61 -1 2
CPU 61 -1 3
CPU 62 14 0
CPU 62 -1 1
CPU 62 -1 2
CPU 62 -1 3
BLOCK 63 14
CPU 63 -1 0
CPU 63 -1 1
CPU 63 -1 2
CPU 63 -1 3
UNBLOCK 64 14
# CONTEXT CPU 0 64
CPU 64 -1 1
CPU 64 -1 2
CPU 64 -1 3
CPU 65 14 0
CPU 65 -1 1
CPU 65 -1 2
CPU 65 -1 3
BLOCK 66 14
CPU 66 -1 0
CPU 66 -1 1
CPU 66 -1 2
CPU 66 -1 3
UNBLOCK 67 14
# CONTEXT CPU 0 67
CPU 67 -1 1
CPU 67 -1 2
CPU 67 -1 3
CPU 68 14 0
CPU 68 -1 1
CPU 68 -1 2
CPU 68 -1 3
BLOCK 69 14
CPU 69 -1 0
CPU 69 -1 1
CPU 69 -1 2
CPU 69 -1 3
UNBLOCK 70 14
# CONTEXT CPU 0 70
CPU 70 -1 1
CPU 70 -1 2
CPU 70 -1 3
CPU 71 14 0
CPU 71 -1 1
CPU 71 -1 2
CPU 71 -1 3
EXIT 72 14 0
CPU 72 -1 0
CPU 72 -1 1
CPU 72 -1 2
CPU 72 -1 3
