# SETTINGS ../simusched tareas.tsk 4 1 2 SchedRR 4 1 1 7 8
LOAD 0 0
LOAD 0 1
LOAD 0 2
LOAD 0 3
# CONTEXT CPU 0 0
# CONTEXT CPU 1 0
# CONTEXT CPU 2 0
# CONTEXT CPU 3 0
CPU 1 0 0
CPU 1 1 1
CPU 1 2 2
CPU 1 3 3
BLOCK 2 3
CPU 2 0 0
CPU 2 1 1
CPU 2 2 2
CPU 2 -1 3
BLOCK 3 2
UNBLOCK 3 3
CPU 3 0 0
# CONTEXT CPU 1 3
# CONTEXT CPU 2 3
CPU 3 -1 3
UNBLOCK 4 2
CPU 4 0 0
# CONTEXT CPU 1 4
# CONTEXT CPU 2 4
# CONTEXT CPU 3 4
CPU 5 0 0
# CONTEXT CPU 1 5
# CONTEXT CPU 2 5
# CONTEXT CPU 3 5
CPU 6 0 0
CPU 6 3 1
CPU 6 1 2
# CONTEXT CPU 3 6
BLOCK 7 3
BLOCK 7 1
CPU 7 0 0
CPU 7 -1 1
CPU 7 -1 2
CPU 7 2 3
BLOCK 8 0
BLOCK 8 2
UNBLOCK 8 1
UNBLOCK 8 3
# CONTEXT CPU 0 8
# CONTEXT CPU 1 8
CPU 8 -1 2
CPU 8 -1 3
UNBLOCK 9 0
UNBLOCK 9 2
# CONTEXT CPU 0 9
CPU 9 3 1
# CONTEXT CPU 2 9
# CONTEXT CPU 3 9
BLOCK 10 3
# CONTEXT CPU 0 10
CPU 10 -1 1
# CONTEXT CPU 2 10
CPU 10 2 3
BLOCK 11 2
UNBLOCK 11 3
CPU 11 1 0
# CONTEXT CPU 1 11
# CONTEXT CPU 2 11
CPU 11 -1 3
UNBLOCK 12 2
CPU 12 1 0
CPU 12 3 1
CPU 12 0 2
# CONTEXT CPU 3 12
BLOCK 13 3
CPU 13 1 0
CPU 13 -1 1
CPU 13 0 2
CPU 13 2 3
EXIT 14 0 2
BLOCK 14 2
UNBLOCK 14 3
CPU 14 1 0
# CONTEXT CPU 1 14
CPU 14 -1 2
CPU 14 -1 3
BLOCK 15 1
UNBLOCK 15 2
# CONTEXT CPU 0 15
CPU 15 3 1
CPU 15 -1 2
CPU 15 -1 3
BLOCK 16 3
UNBLOCK 16 1
# CONTEXT CPU 0 16
# CONTEXT CPU 1 16
CPU 16 -1 2
CPU 16 -1 3
UNBLOCK 17 3
# CONTEXT CPU 0 17
# CONTEXT CPU 1 17
# CONTEXT CPU 2 17
CPU 17 -1 3
CPU 18 2 0
# CONTEXT CPU 1 18
# CONTEXT CPU 2 18
CPU 18 -1 3
CPU 19 2 0
CPU 19 1 1
# CONTEXT CPU 2 19
CPU 19 -1 3
CPU 20 2 0
CPU 20 1 1
CPU 20 3 2
CPU 20 -1 3
EXIT 21 1 1
BLOCK 21 3
CPU 21 2 0
CPU 21 -1 1
CPU 21 -1 2
CPU 21 -1 3
EXIT 22 2 0
UNBLOCK 22 3
# CONTEXT CPU 0 22
CPU 22 -1 1
CPU 22 -1 2
CPU 22 -1 3
# CONTEXT CPU 0 23
CPU 23 -1 1
CPU 23 -1 2
CPU 23 -1 3
# CONTEXT CPU 0 24
CPU 24 -1 1
CPU 24 -1 2
CPU 24 -1 3
CPU 25 3 0
CPU 25 -1 1
CPU 25 -1 2
CPU 25 -1 3
BLOCK 26 3
CPU 26 -1 0
CPU 26 -1 1
CPU 26 -1 2
CPU 26 -1 3
UNBLOCK 27 3
# CONTEXT CPU 0 27
CPU 27 -1 1
CPU 27 -1 2
CPU 27 -1 3
CPU 28 3 0
CPU 28 -1 1
CPU 28 -1 2
CPU 28 -1 3
BLOCK 29 3
CPU 29 -1 0
CPU 29 -1 1
CPU 29 -1 2
CPU 29 -1 3
UNBLOCK 30 3
# CONTEXT CPU 0 30
CPU 30 -1 1
CPU 30 -1 2
CPU 30 -1 3
CPU 31 3 0
CPU 31 -1 1
CPU 31 -1 2
CPU 31 -1 3
EXIT 32 3 0
CPU 32 -1 0
CPU 32 -1 1
CPU 32 -1 2
CPU 32 -1 3
