# SETTINGS ../simusched tareas.tsk 4 1 2 SchedRR 4 3 5 7 7
LOAD 0 0
LOAD 0 1
LOAD 0 2
LOAD 0 3
LOAD 0 4
LOAD 0 5
LOAD 0 6
LOAD 0 7
LOAD 0 8
LOAD 0 9
LOAD 0 10
LOAD 0 11
LOAD 0 12
LOAD 0 13
LOAD 0 14
# CONTEXT CPU 0 0
# CONTEXT CPU 1 0
# CONTEXT CPU 2 0
# CONTEXT CPU 3 0
CPU 1 0 0
CPU 1 1 1
CPU 1 2 2
CPU 1 3 3
CPU 2 0 0
CPU 2 1 1
CPU 2 2 2
CPU 2 3 3
CPU 3 0 0
CPU 3 1 1
CPU 3 2 2
CPU 3 3 3
BLOCK 4 0
BLOCK 4 1
BLOCK 4 3
# CONTEXT CPU 0 4
# CONTEXT CPU 1 4
CPU 4 2 2
# CONTEXT CPU 3 4
BLOCK 5 2
UNBLOCK 5 0
UNBLOCK 5 1
UNBLOCK 5 3
CPU 5 4 0
CPU 5 5 1
# CONTEXT CPU 2 5
CPU 5 6 3
UNBLOCK 6 2
CPU 6 4 0
CPU 6 5 1
CPU 6 7 2
CPU 6 6 3
CPU 7 4 0
# CONTEXT CPU 1 7
CPU 7 7 2
CPU 7 6 3
# CONTEXT CPU 0 8
CPU 8 8 1
CPU 8 7 2
CPU 8 6 3
BLOCK 9 8
CPU 9 9 0
# CONTEXT CPU 1 9
# CONTEXT CPU 2 9
CPU 9 6 3
UNBLOCK 10 8
CPU 10 9 0
CPU 10 10 1
CPU 10 11 2
CPU 10 6 3
CPU 11 9 0
CPU 11 10 1
CPU 11 11 2
# CONTEXT CPU 3 11
BLOCK 12 9
BLOCK 12 10
# CONTEXT CPU 0 12
# CONTEXT CPU 1 12
CPU 12 11 2
CPU 12 12 3
UNBLOCK 13 9
UNBLOCK 13 10
CPU 13 13 0
CPU 13 14 1
CPU 13 11 2
CPU 13 12 3
BLOCK 14 14
BLOCK 14 11
BLOCK 14 12
CPU 14 13 0
# CONTEXT CPU 1 14
# CONTEXT CPU 2 14
# CONTEXT CPU 3 14
UNBLOCK 15 11
UNBLOCK 15 12
UNBLOCK 15 14
CPU 15 13 0
# CONTEXT CPU 1 15
# CONTEXT CPU 2 15
CPU 15 3 3
BLOCK 16 13
# CONTEXT CPU 0 16
# CONTEXT CPU 1 16
# CONTEXT CPU 2 16
CPU 16 3 3
UNBLOCK 17 13
# CONTEXT CPU 0 17
CPU 17 0 1
CPU 17 1 2
CPU 17 3 3
# CONTEXT CPU 0 18
CPU 18 0 1
CPU 18 1 2
CPU 18 3 3
CPU 19 2 0
CPU 19 0 1
CPU 19 1 2
CPU 19 3 3
# CONTEXT CPU 0 20
# CONTEXT CPU 1 20
# CONTEXT CPU 2 20
CPU 20 3 3
EXIT 21 3 3
# CONTEXT CPU 0 21
# CONTEXT CPU 1 21
CPU 21 7 2
# CONTEXT CPU 3 21
BLOCK 22 7
# CONTEXT CPU 0 22
# CONTEXT CPU 1 22
# CONTEXT CPU 2 22
# CONTEXT CPU 3 22
UNBLOCK 23 7
CPU 23 5 0
CPU 23 4 1
# CONTEXT CPU 2 23
# CONTEXT CPU 3 23
BLOCK 24 4
CPU 24 5 0
# CONTEXT CPU 1 24
# CONTEXT CPU 2 24
CPU 24 8 3
UNBLOCK 25 4
CPU 25 5 0
# CONTEXT CPU 1 25
CPU 25 6 2
CPU 25 8 3
CPU 26 5 0
# CONTEXT CPU 1 26
CPU 26 6 2
CPU 26 8 3
BLOCK 27 5
BLOCK 27 6
# CONTEXT CPU 0 27
CPU 27 9 1
# CONTEXT CPU 2 27
CPU 27 8 3
UNBLOCK 28 5
UNBLOCK 28 6
# CONTEXT CPU 0 28
CPU 28 9 1
CPU 28 11 2
CPU 28 8 3
# CONTEXT CPU 0 29
CPU 29 9 1
CPU 29 11 2
CPU 29 8 3
CPU 30 10 0
CPU 30 9 1
CPU 30 11 2
CPU 30 8 3
BLOCK 31 9
BLOCK 31 8
CPU 31 10 0
# CONTEXT CPU 1 31
CPU 31 11 2
# CONTEXT CPU 3 31
BLOCK 32 10
BLOCK 32 11
UNBLOCK 32 8
UNBLOCK 32 9
# CONTEXT CPU 0 32
# CONTEXT CPU 1 32
# CONTEXT CPU 2 32
# CONTEXT CPU 3 32
UNBLOCK 33 10
UNBLOCK 33 11
CPU 33 13 0
# CONTEXT CPU 1 33
# CONTEXT CPU 2 33
# CONTEXT CPU 3 33
BLOCK 34 13
# CONTEXT CPU 0 34
CPU 34 12 1
# CONTEXT CPU 2 34
CPU 34 14 3
BLOCK 35 14
UNBLOCK 35 13
# CONTEXT CPU 0 35
# CONTEXT CPU 1 35
CPU 35 2 2
# CONTEXT CPU 3 35
UNBLOCK 36 14
# CONTEXT CPU 0 36
# CONTEXT CPU 1 36
CPU 36 2 2
# CONTEXT CPU 3 36
CPU 37 0 0
# CONTEXT CPU 1 37
# CONTEXT CPU 2 37
# CONTEXT CPU 3 37
# CONTEXT CPU 0 38
CPU 38 1 1
# CONTEXT CPU 2 38
CPU 38 7 3
CPU 39 5 0
CPU 39 1 1
# CONTEXT CPU 2 39
CPU 39 7 3
CPU 40 5 0
CPU 40 1 1
CPU 40 4 2
# CONTEXT CPU 3 40
EXIT 41 1 1
CPU 41 5 0
# CONTEXT CPU 1 41
CPU 41 4 2
# CONTEXT CPU 3 41
EXIT 42 5 0
# CONTEXT CPU 0 42
# CONTEXT CPU 1 42
CPU 42 4 2
# CONTEXT CPU 3 42
# CONTEXT CPU 0 43
# CONTEXT CPU 1 43
CPU 43 4 2
CPU 43 6 3
EXIT 44 6 3
# CONTEXT CPU 0 44
CPU 44 8 1
CPU 44 4 2
# CONTEXT CPU 3 44
EXIT 45 8 1
EXIT 45 4 2
CPU 45 9 0
# CONTEXT CPU 1 45
# CONTEXT CPU 2 45
# CONTEXT CPU 3 45
CPU 46 9 0
# CONTEXT CPU 1 46
# CONTEXT CPU 2 46
# CONTEXT CPU 3 46
EXIT 47 9 0
# CONTEXT CPU 0 47
# CONTEXT CPU 1 47
# CONTEXT CPU 2 47
CPU 47 10 3
# CONTEXT CPU 0 48
CPU 48 11 1
CPU 48 13 2
CPU 48 10 3
EXIT 49 11 1
BLOCK 49 13
# CONTEXT CPU 0 49
# CONTEXT CPU 1 49
# CONTEXT CPU 2 49
CPU 49 10 3
UNBLOCK 50 13
CPU 50 12 0
# CONTEXT CPU 1 50
CPU 50 2 2
CPU 50 10 3
BLOCK 51 12
# CONTEXT CPU 0 51
# CONTEXT CPU 1 51
CPU 51 2 2
CPU 51 10 3
EXIT 52 2 2
EXIT 52 10 3
UNBLOCK 52 12
CPU 52 0 0
CPU 52 14 1
# CONTEXT CPU 2 52
# CONTEXT CPU 3 52
BLOCK 53 14
CPU 53 0 0
# CONTEXT CPU 1 53
# CONTEXT CPU 2 53
# CONTEXT CPU 3 53
EXIT 54 0 0
UNBLOCK 54 14
# CONTEXT CPU 0 54
# CONTEXT CPU 1 54
# CONTEXT CPU 2 54
# CONTEXT CPU 3 54
# CONTEXT CPU 0 55
# CONTEXT CPU 1 55
CPU 55 7 2
CPU 55 13 3
# CONTEXT CPU 0 56
CPU 56 12 1
CPU 56 7 2
CPU 56 13 3
BLOCK 57 12
CPU 57 14 0
CPU 57 -1 1
CPU 57 7 2
CPU 57 13 3
BLOCK 58 14
EXIT 58 7 2
BLOCK 58 13
UNBLOCK 58 12
# CONTEXT CPU 0 58
CPU 58 -1 1
CPU 58 -1 2
CPU 58 -1 3
UNBLOCK 59 13
UNBLOCK 59 14
# CONTEXT CPU 0 59
# CONTEXT CPU 1 59
# CONTEXT CPU 2 59
CPU 59 -1 3
# CONTEXT CPU 0 60
# CONTEXT CPU 1 60
# CONTEXT CPU 2 60
CPU 60 -1 3
CPU 61 12 0
# CONTEXT CPU 1 61
# CONTEXT CPU 2 61
CPU 61 -1 3
BLOCK 62 12
CPU 62 -1 0
CPU 62 13 1
CPU 62 14 2
CPU 62 -1 3
EXIT 63 13 1
BLOCK 63 14
UNBLOCK 63 12
# CONTEXT CPU 0 63
CPU 63 -1 1
CPU 63 -1 2
CPU 63 -1 3
UNBLOCK 64 14
CPU 64 12 0
# CONTEXT CPU 1 64
CPU 64 -1 2
CPU 64 -1 3
CPU 65 12 0
# CONTEXT CPU 1 65
CPU 65 -1 2
CPU 65 -1 3
CPU 66 12 0
# CONTEXT CPU 1 66
CPU 66 -1 2
CPU 66 -1 3
EXIT 67 12 0
CPU 67 -1 0
CPU 67 14 1
CPU 67 -1 2
CPU 67 -1 3
BLOCK 68 14
CPU 68 -1 0
CPU 68 -1 1
CPU 68 -1 2
CPU 68 -1 3
UNBLOCK 69 14
# CONTEXT CPU 0 69
CPU 69 -1 1
CPU 69 -1 2
CPU 69 -1 3
# CONTEXT CPU 0 70
CPU 70 -1 1
CPU 70 -1 2
CPU 70 -1 3
# CONTEXT CPU 0 71
CPU 71 -1 1
CPU 71 -1 2
CPU 71 -1 3
CPU 72 14 0
CPU 72 -1 1
CPU 72 -1 2
CPU 72 -1 3
BLOCK 73 14
CPU 73 -1 0
CPU 73 -1 1
CPU 73 -1 2
CPU 73 -1 3
UNBLOCK 74 14
# CONTEXT CPU 0 74
CPU 74 -1 1
CPU 74 -1 2
CPU 74 -1 3
CPU 75 14 0
CPU 75 -1 1
CPU 75 -1 2
CPU 75 -1 3
BLOCK 76 14
CPU 76 -1 0
CPU 76 -1 1
CPU 76 -1 2
CPU 76 -1 3
UNBLOCK 77 14
# CONTEXT CPU 0 77
CPU 77 -1 1
CPU 77 -1 2
CPU 77 -1 3
CPU 78 14 0
CPU 78 -1 1
CPU 78 -1 2
CPU 78 -1 3
EXIT 79 14 0
CPU 79 -1 0
CPU 79 -1 1
CPU 79 -1 2
CPU 79 -1 3
