# SETTINGS ../simusched tareas.tsk 2 1 2 SchedRR 2 5 6
LOAD 0 0
LOAD 0 1
LOAD 0 2
LOAD 0 3
LOAD 0 4
LOAD 0 5
LOAD 0 6
LOAD 0 7
LOAD 0 8
LOAD 0 9
LOAD 0 10
LOAD 0 11
LOAD 0 12
LOAD 0 13
LOAD 0 14
# CONTEXT CPU 0 0
# CONTEXT CPU 1 0
CPU 1 0 0
CPU 1 1 1
BLOCK 2 0
# CONTEXT CPU 0 2
CPU 2 1 1
UNBLOCK 3 0
CPU 3 2 0
CPU 3 1 1
BLOCK 4 2
# CONTEXT CPU 0 4
CPU 4 1 1
UNBLOCK 5 2
CPU 5 3 0
CPU 5 1 1
CPU 6 3 0
CPU 6 1 1
BLOCK 7 1
CPU 7 3 0
# CONTEXT CPU 1 7
BLOCK 8 3
UNBLOCK 8 1
# CONTEXT CPU 0 8
CPU 8 4 1
UNBLOCK 9 3
CPU 9 5 0
# CONTEXT CPU 1 9
# CONTEXT CPU 0 10
CPU 10 6 1
CPU 11 7 0
CPU 11 6 1
CPU 12 7 0
CPU 12 6 1
CPU 13 7 0
CPU 13 6 1
# CONTEXT CPU 0 14
CPU 14 6 1
CPU 15 8 0
CPU 15 6 1
CPU 16 8 0
# CONTEXT CPU 1 16
CPU 17 8 0
CPU 17 9 1
BLOCK 18 8
# CONTEXT CPU 0 18
CPU 18 9 1
UNBLOCK 19 8
CPU 19 10 0
CPU 19 9 1
BLOCK 20 9
# CONTEXT CPU 0 20
# CONTEXT CPU 1 20
UNBLOCK 21 9
CPU 21 11 0
CPU 21 12 1
BLOCK 22 12
CPU 22 11 0
# CONTEXT CPU 1 22
UNBLOCK 23 12
CPU 23 11 0
CPU 23 13 1
# CONTEXT CPU 0 24
CPU 24 13 1
BLOCK 25 13
CPU 25 14 0
# CONTEXT CPU 1 25
BLOCK 26 14
UNBLOCK 26 13
# CONTEXT CPU 0 26
# CONTEXT CPU 1 26
UNBLOCK 27 14
CPU 27 2 0
# CONTEXT CPU 1 27
CPU 28 2 0
CPU 28 0 1
CPU 29 2 0
CPU 29 0 1
# CONTEXT CPU 0 30
CPU 30 0 1
# CONTEXT CPU 0 31
# CONTEXT CPU 1 31
# CONTEXT CPU 0 32
# CONTEXT CPU 1 32
CPU 33 1 0
# CONTEXT CPU 1 33
CPU 34 1 0
CPU 34 3 1
CPU 35 1 0
CPU 35 3 1
EXIT 36 1 0
# CONTEXT CPU 0 36
CPU 36 3 1
# CONTEXT CPU 0 37
CPU 37 3 1
# CONTEXT CPU 0 38
CPU 38 3 1
CPU 39 4 0
CPU 39 3 1
EXIT 40 3 1
CPU 40 4 0
# CONTEXT CPU 1 40
CPU 41 4 0
# CONTEXT CPU 1 41
# CONTEXT CPU 0 42
# CONTEXT CPU 1 42
CPU 43 7 0
CPU 43 5 1
CPU 44 7 0
CPU 44 5 1
BLOCK 45 7
# CONTEXT CPU 0 45
CPU 45 5 1
UNBLOCK 46 7
# CONTEXT CPU 0 46
CPU 46 5 1
# CONTEXT CPU 0 47
CPU 47 5 1
BLOCK 48 5
CPU 48 6 0
# CONTEXT CPU 1 48
UNBLOCK 49 5
CPU 49 6 0
# CONTEXT CPU 1 49
BLOCK 50 6
# CONTEXT CPU 0 50
# CONTEXT CPU 1 50
UNBLOCK 51 6
CPU 51 10 0
CPU 51 8 1
BLOCK 52 10
# CONTEXT CPU 0 52
CPU 52 8 1
UNBLOCK 53 10
# CONTEXT CPU 0 53
# CONTEXT CPU 1 53
# CONTEXT CPU 0 54
CPU 54 12 1
CPU 55 9 0
CPU 55 12 1
# CONTEXT CPU 0 56
CPU 56 12 1
CPU 57 11 0
CPU 57 12 1
BLOCK 58 11
BLOCK 58 12
# CONTEXT CPU 0 58
# CONTEXT CPU 1 58
UNBLOCK 59 11
UNBLOCK 59 12
# CONTEXT CPU 0 59
# CONTEXT CPU 1 59
# CONTEXT CPU 0 60
# CONTEXT CPU 1 60
CPU 61 13 0
CPU 61 14 1
BLOCK 62 14
CPU 62 13 0
# CONTEXT CPU 1 62
UNBLOCK 63 14
CPU 63 13 0
# CONTEXT CPU 1 63
# CONTEXT CPU 0 64
# CONTEXT CPU 1 64
# CONTEXT CPU 0 65
CPU 65 2 1
# CONTEXT CPU 0 66
CPU 66 2 1
CPU 67 0 0
CPU 67 2 1
CPU 68 0 0
# CONTEXT CPU 1 68
CPU 69 0 0
# CONTEXT CPU 1 69
# CONTEXT CPU 0 70
# CONTEXT CPU 1 70
CPU 71 7 0
CPU 71 4 1
BLOCK 72 4
CPU 72 7 0
# CONTEXT CPU 1 72
UNBLOCK 73 4
CPU 73 7 0
CPU 73 5 1
# CONTEXT CPU 0 74
CPU 74 5 1
CPU 75 6 0
CPU 75 5 1
EXIT 76 6 0
EXIT 76 5 1
# CONTEXT CPU 0 76
# CONTEXT CPU 1 76
CPU 77 10 0
CPU 77 8 1
BLOCK 78 8
CPU 78 10 0
# CONTEXT CPU 1 78
UNBLOCK 79 8
CPU 79 10 0
# CONTEXT CPU 1 79
BLOCK 80 10
# CONTEXT CPU 0 80
# CONTEXT CPU 1 80
UNBLOCK 81 10
CPU 81 11 0
CPU 81 9 1
BLOCK 82 9
# CONTEXT CPU 0 82
# CONTEXT CPU 1 82
UNBLOCK 83 9
# CONTEXT CPU 0 83
CPU 83 14 1
BLOCK 84 14
# CONTEXT CPU 0 84
# CONTEXT CPU 1 84
UNBLOCK 85 14
CPU 85 12 0
# CONTEXT CPU 1 85
BLOCK 86 12
# CONTEXT CPU 0 86
# CONTEXT CPU 1 86
UNBLOCK 87 12
# CONTEXT CPU 0 87
CPU 87 13 1
BLOCK 88 13
# CONTEXT CPU 0 88
# CONTEXT CPU 1 88
UNBLOCK 89 13
CPU 89 2 0
# CONTEXT CPU 1 89
CPU 90 2 0
# CONTEXT CPU 1 90
EXIT 91 2 0
# CONTEXT CPU 0 91
CPU 91 0 1
# CONTEXT CPU 0 92
CPU 92 0 1
EXIT 93 0 1
# CONTEXT CPU 0 93
# CONTEXT CPU 1 93
CPU 94 4 0
# CONTEXT CPU 1 94
CPU 95 4 0
# CONTEXT CPU 1 95
CPU 96 4 0
CPU 96 7 1
EXIT 97 7 1
# CONTEXT CPU 0 97
# CONTEXT CPU 1 97
# CONTEXT CPU 0 98
# CONTEXT CPU 1 98
# CONTEXT CPU 0 99
# CONTEXT CPU 1 99
CPU 100 8 0
CPU 100 10 1
CPU 101 8 0
CPU 101 10 1
CPU 102 8 0
CPU 102 10 1
EXIT 103 8 0
# CONTEXT CPU 0 103
CPU 103 10 1
EXIT 104 10 1
CPU 104 11 0
# CONTEXT CPU 1 104
CPU 105 11 0
CPU 105 9 1
BLOCK 106 11
# CONTEXT CPU 0 106
CPU 106 9 1
UNBLOCK 107 11
# CONTEXT CPU 0 107
CPU 107 9 1
# CONTEXT CPU 0 108
CPU 108 9 1
EXIT 109 9 1
CPU 109 14 0
# CONTEXT CPU 1 109
BLOCK 110 14
# CONTEXT CPU 0 110
# CONTEXT CPU 1 110
UNBLOCK 111 14
# CONTEXT CPU 0 111
# CONTEXT CPU 1 111
# CONTEXT CPU 0 112
CPU 112 12 1
CPU 113 13 0
CPU 113 12 1
BLOCK 114 13
BLOCK 114 12
# CONTEXT CPU 0 114
# CONTEXT CPU 1 114
UNBLOCK 115 12
UNBLOCK 115 13
CPU 115 4 0
# CONTEXT CPU 1 115
EXIT 116 4 0
# CONTEXT CPU 0 116
# CONTEXT CPU 1 116
CPU 117 14 0
CPU 117 11 1
BLOCK 118 14
# CONTEXT CPU 0 118
CPU 118 11 1
EXIT 119 11 1
UNBLOCK 119 14
# CONTEXT CPU 0 119
# CONTEXT CPU 1 119
# CONTEXT CPU 0 120
# CONTEXT CPU 1 120
CPU 121 12 0
# CONTEXT CPU 1 121
EXIT 122 12 0
# CONTEXT CPU 0 122
CPU 122 13 1
BLOCK 123 13
CPU 123 14 0
CPU 123 -1 1
BLOCK 124 14
UNBLOCK 124 13
# CONTEXT CPU 0 124
CPU 124 -1 1
UNBLOCK 125 14
# CONTEXT CPU 0 125
# CONTEXT CPU 1 125
# CONTEXT CPU 0 126
# CONTEXT CPU 1 126
CPU 127 13 0
# CONTEXT CPU 1 127
EXIT 128 13 0
CPU 128 -1 0
CPU 128 14 1
BLOCK 129 14
CPU 129 -1 0
CPU 129 -1 1
UNBLOCK 130 14
# CONTEXT CPU 0 130
CPU 130 -1 1
# CONTEXT CPU 0 131
CPU 131 -1 1
# CONTEXT CPU 0 132
CPU 132 -1 1
CPU 133 14 0
CPU 133 -1 1
BLOCK 134 14
CPU 134 -1 0
CPU 134 -1 1
UNBLOCK 135 14
# CONTEXT CPU 0 135
CPU 135 -1 1
CPU 136 14 0
CPU 136 -1 1
EXIT 137 14 0
CPU 137 -1 0
CPU 137 -1 1
