# SETTINGS ../simusched tareas.tsk 2 1 2 SchedRR 2 8 8
LOAD 0 0
LOAD 0 1
LOAD 0 2
LOAD 0 3
LOAD 0 4
LOAD 0 5
LOAD 0 6
LOAD 0 7
LOAD 0 8
LOAD 0 9
LOAD 0 10
LOAD 0 11
LOAD 0 12
LOAD 0 13
LOAD 0 14
# CONTEXT CPU 0 0
# CONTEXT CPU 1 0
CPU 1 0 0
CPU 1 1 1
CPU 2 0 0
CPU 2 1 1
BLOCK 3 1
CPU 3 0 0
# CONTEXT CPU 1 3
UNBLOCK 4 1
# CONTEXT CPU 0 4
CPU 4 2 1
CPU 5 3 0
CPU 5 2 1
CPU 6 3 0
CPU 6 2 1
BLOCK 7 3
# CONTEXT CPU 0 7
CPU 7 2 1
UNBLOCK 8 3
CPU 8 4 0
CPU 8 2 1
CPU 9 4 0
CPU 9 2 1
# CONTEXT CPU 0 10
CPU 10 2 1
CPU 11 5 0
CPU 11 2 1
BLOCK 12 2
CPU 12 5 0
# CONTEXT CPU 1 12
UNBLOCK 13 2
CPU 13 5 0
CPU 13 6 1
# CONTEXT CPU 0 14
# CONTEXT CPU 1 14
CPU 15 7 0
CPU 15 8 1
CPU 16 7 0
CPU 16 8 1
BLOCK 17 8
CPU 17 7 0
# CONTEXT CPU 1 17
BLOCK 18 7
UNBLOCK 18 8
# CONTEXT CPU 0 18
CPU 18 9 1
UNBLOCK 19 7
CPU 19 10 0
CPU 19 9 1
BLOCK 20 10
# CONTEXT CPU 0 20
CPU 20 9 1
UNBLOCK 21 10
CPU 21 11 0
CPU 21 9 1
# CONTEXT CPU 0 22
CPU 22 9 1
BLOCK 23 9
CPU 23 12 0
# CONTEXT CPU 1 23
UNBLOCK 24 9
CPU 24 12 0
CPU 24 13 1
BLOCK 25 12
# CONTEXT CPU 0 25
CPU 25 13 1
UNBLOCK 26 12
CPU 26 14 0
CPU 26 13 1
BLOCK 27 14
BLOCK 27 13
# CONTEXT CPU 0 27
# CONTEXT CPU 1 27
UNBLOCK 28 13
UNBLOCK 28 14
# CONTEXT CPU 0 28
# CONTEXT CPU 1 28
# CONTEXT CPU 0 29
# CONTEXT CPU 1 29
CPU 30 1 0
CPU 30 0 1
BLOCK 31 0
CPU 31 1 0
# CONTEXT CPU 1 31
UNBLOCK 32 0
# CONTEXT CPU 0 32
# CONTEXT CPU 1 32
CPU 33 4 0
# CONTEXT CPU 1 33
CPU 34 4 0
CPU 34 3 1
CPU 35 4 0
CPU 35 3 1
BLOCK 36 4
# CONTEXT CPU 0 36
# CONTEXT CPU 1 36
UNBLOCK 37 4
# CONTEXT CPU 0 37
# CONTEXT CPU 1 37
# CONTEXT CPU 0 38
# CONTEXT CPU 1 38
CPU 39 2 0
CPU 39 5 1
EXIT 40 2 0
# CONTEXT CPU 0 40
CPU 40 5 1
# CONTEXT CPU 0 41
CPU 41 5 1
# CONTEXT CPU 0 42
CPU 42 5 1
BLOCK 43 5
CPU 43 6 0
# CONTEXT CPU 1 43
UNBLOCK 44 5
CPU 44 6 0
CPU 44 8 1
CPU 45 6 0
CPU 45 8 1
BLOCK 46 8
# CONTEXT CPU 0 46
# CONTEXT CPU 1 46
UNBLOCK 47 8
CPU 47 7 0
# CONTEXT CPU 1 47
CPU 48 7 0
# CONTEXT CPU 1 48
CPU 49 7 0
CPU 49 10 1
# CONTEXT CPU 0 50
CPU 50 10 1
CPU 51 11 0
CPU 51 10 1
BLOCK 52 10
CPU 52 11 0
# CONTEXT CPU 1 52
BLOCK 53 11
UNBLOCK 53 10
# CONTEXT CPU 0 53
CPU 53 9 1
UNBLOCK 54 11
CPU 54 12 0
CPU 54 9 1
BLOCK 55 9
CPU 55 12 0
# CONTEXT CPU 1 55
UNBLOCK 56 9
# CONTEXT CPU 0 56
CPU 56 13 1
CPU 57 14 0
CPU 57 13 1
BLOCK 58 14
BLOCK 58 13
# CONTEXT CPU 0 58
# CONTEXT CPU 1 58
UNBLOCK 59 13
UNBLOCK 59 14
# CONTEXT CPU 0 59
# CONTEXT CPU 1 59
# CONTEXT CPU 0 60
# CONTEXT CPU 1 60
CPU 61 0 0
CPU 61 1 1
CPU 62 0 0
# CONTEXT CPU 1 62
CPU 63 0 0
CPU 63 3 1
# CONTEXT CPU 0 64
CPU 64 3 1
CPU 65 4 0
CPU 65 3 1
CPU 66 4 0
CPU 66 3 1
CPU 67 4 0
CPU 67 3 1
EXIT 68 3 1
# CONTEXT CPU 0 68
# CONTEXT CPU 1 68
# CONTEXT CPU 0 69
# CONTEXT CPU 1 69
# CONTEXT CPU 0 70
# CONTEXT CPU 1 70
CPU 71 5 0
CPU 71 6 1
BLOCK 72 6
CPU 72 5 0
# CONTEXT CPU 1 72
EXIT 73 5 0
UNBLOCK 73 6
# CONTEXT CPU 0 73
CPU 73 8 1
CPU 74 7 0
CPU 74 8 1
CPU 75 7 0
CPU 75 8 1
CPU 76 7 0
CPU 76 8 1
EXIT 77 7 0
# CONTEXT CPU 0 77
CPU 77 8 1
EXIT 78 8 1
# CONTEXT CPU 0 78
# CONTEXT CPU 1 78
# CONTEXT CPU 0 79
# CONTEXT CPU 1 79
CPU 80 10 0
# CONTEXT CPU 1 80
CPU 81 10 0
CPU 81 11 1
BLOCK 82 11
CPU 82 10 0
# CONTEXT CPU 1 82
UNBLOCK 83 11
# CONTEXT CPU 0 83
CPU 83 9 1
CPU 84 12 0
CPU 84 9 1
BLOCK 85 12
EXIT 85 9 1
# CONTEXT CPU 0 85
# CONTEXT CPU 1 85
UNBLOCK 86 12
# CONTEXT CPU 0 86
# CONTEXT CPU 1 86
# CONTEXT CPU 0 87
# CONTEXT CPU 1 87
CPU 88 13 0
CPU 88 14 1
BLOCK 89 13
BLOCK 89 14
# CONTEXT CPU 0 89
# CONTEXT CPU 1 89
UNBLOCK 90 13
UNBLOCK 90 14
# CONTEXT CPU 0 90
# CONTEXT CPU 1 90
# CONTEXT CPU 0 91
# CONTEXT CPU 1 91
CPU 92 1 0
CPU 92 0 1
CPU 93 1 0
CPU 93 0 1
EXIT 94 0 1
CPU 94 1 0
# CONTEXT CPU 1 94
# CONTEXT CPU 0 95
# CONTEXT CPU 1 95
# CONTEXT CPU 0 96
# CONTEXT CPU 1 96
# CONTEXT CPU 0 97
CPU 97 4 1
EXIT 98 4 1
CPU 98 6 0
# CONTEXT CPU 1 98
CPU 99 6 0
CPU 99 11 1
CPU 100 6 0
CPU 100 11 1
# CONTEXT CPU 0 101
CPU 101 11 1
CPU 102 10 0
CPU 102 11 1
CPU 103 10 0
CPU 103 11 1
EXIT 104 10 0
EXIT 104 11 1
# CONTEXT CPU 0 104
# CONTEXT CPU 1 104
CPU 105 12 0
# CONTEXT CPU 1 105
CPU 106 12 0
# CONTEXT CPU 1 106
BLOCK 107 12
# CONTEXT CPU 0 107
CPU 107 13 1
UNBLOCK 108 12
# CONTEXT CPU 0 108
CPU 108 13 1
BLOCK 109 13
# CONTEXT CPU 0 109
# CONTEXT CPU 1 109
UNBLOCK 110 13
CPU 110 14 0
# CONTEXT CPU 1 110
BLOCK 111 14
# CONTEXT CPU 0 111
# CONTEXT CPU 1 111
UNBLOCK 112 14
CPU 112 6 0
CPU 112 1 1
EXIT 113 6 0
EXIT 113 1 1
# CONTEXT CPU 0 113
# CONTEXT CPU 1 113
CPU 114 12 0
CPU 114 13 1
BLOCK 115 12
EXIT 115 13 1
# CONTEXT CPU 0 115
CPU 115 -1 1
UNBLOCK 116 12
CPU 116 14 0
# CONTEXT CPU 1 116
BLOCK 117 14
CPU 117 -1 0
# CONTEXT CPU 1 117
UNBLOCK 118 14
# CONTEXT CPU 0 118
# CONTEXT CPU 1 118
CPU 119 14 0
CPU 119 12 1
BLOCK 120 14
EXIT 120 12 1
CPU 120 -1 0
CPU 120 -1 1
UNBLOCK 121 14
# CONTEXT CPU 0 121
CPU 121 -1 1
CPU 122 14 0
CPU 122 -1 1
BLOCK 123 14
CPU 123 -1 0
CPU 123 -1 1
UNBLOCK 124 14
# CONTEXT CPU 0 124
CPU 124 -1 1
CPU 125 14 0
CPU 125 -1 1
BLOCK 126 14
CPU 126 -1 0
CPU 126 -1 1
UNBLOCK 127 14
# CONTEXT CPU 0 127
CPU 127 -1 1
CPU 128 14 0
CPU 128 -1 1
EXIT 129 14 0
CPU 129 -1 0
CPU 129 -1 1
