# SETTINGS ../simusched tareas.tsk 3 1 2 SchedRR 3 3 4 6
LOAD 0 0
LOAD 0 1
LOAD 0 2
LOAD 0 3
LOAD 0 4
LOAD 0 5
LOAD 0 6
LOAD 0 7
LOAD 0 8
LOAD 0 9
LOAD 0 10
LOAD 0 11
LOAD 0 12
LOAD 0 13
LOAD 0 14
# CONTEXT CPU 0 0
# CONTEXT CPU 1 0
# CONTEXT CPU 2 0
CPU 1 0 0
CPU 1 1 1
CPU 1 2 2
BLOCK 2 1
CPU 2 0 0
# CONTEXT CPU 1 2
CPU 2 2 2
UNBLOCK 3 1
CPU 3 0 0
CPU 3 3 1
CPU 3 2 2
BLOCK 4 3
CPU 4 0 0
# CONTEXT CPU 1 4
CPU 4 2 2
UNBLOCK 5 3
# CONTEXT CPU 0 5
CPU 5 4 1
CPU 5 2 2
CPU 6 5 0
CPU 6 4 1
# CONTEXT CPU 2 6
CPU 7 5 0
CPU 7 4 1
CPU 7 6 2
CPU 8 5 0
CPU 8 4 1
CPU 8 6 2
CPU 9 5 0
# CONTEXT CPU 1 9
CPU 9 6 2
# CONTEXT CPU 0 10
CPU 10 7 1
CPU 10 6 2
CPU 11 8 0
CPU 11 7 1
CPU 11 6 2
CPU 12 8 0
CPU 12 7 1
# CONTEXT CPU 2 12
CPU 13 8 0
CPU 13 7 1
CPU 13 9 2
CPU 14 8 0
# CONTEXT CPU 1 14
CPU 14 9 2
BLOCK 15 9
# CONTEXT CPU 0 15
CPU 15 10 1
# CONTEXT CPU 2 15
UNBLOCK 16 9
CPU 16 11 0
CPU 16 10 1
CPU 16 12 2
BLOCK 17 10
BLOCK 17 12
CPU 17 11 0
# CONTEXT CPU 1 17
# CONTEXT CPU 2 17
UNBLOCK 18 10
UNBLOCK 18 12
CPU 18 11 0
CPU 18 13 1
CPU 18 14 2
BLOCK 19 11
BLOCK 19 14
# CONTEXT CPU 0 19
CPU 19 13 1
# CONTEXT CPU 2 19
BLOCK 20 13
UNBLOCK 20 11
UNBLOCK 20 14
# CONTEXT CPU 0 20
# CONTEXT CPU 1 20
# CONTEXT CPU 2 20
UNBLOCK 21 13
# CONTEXT CPU 0 21
# CONTEXT CPU 1 21
# CONTEXT CPU 2 21
CPU 22 1 0
# CONTEXT CPU 1 22
CPU 22 3 2
CPU 23 1 0
CPU 23 0 1
CPU 23 3 2
BLOCK 24 0
# CONTEXT CPU 0 24
# CONTEXT CPU 1 24
CPU 24 3 2
UNBLOCK 25 0
# CONTEXT CPU 0 25
CPU 25 4 1
CPU 25 3 2
# CONTEXT CPU 0 26
CPU 26 4 1
# CONTEXT CPU 2 26
CPU 27 2 0
# CONTEXT CPU 1 27
# CONTEXT CPU 2 27
CPU 28 2 0
# CONTEXT CPU 1 28
# CONTEXT CPU 2 28
BLOCK 29 2
# CONTEXT CPU 0 29
# CONTEXT CPU 1 29
CPU 29 5 2
UNBLOCK 30 2
# CONTEXT CPU 0 30
CPU 30 6 1
CPU 30 5 2
BLOCK 31 6
BLOCK 31 5
# CONTEXT CPU 0 31
# CONTEXT CPU 1 31
# CONTEXT CPU 2 31
UNBLOCK 32 5
UNBLOCK 32 6
CPU 32 7 0
# CONTEXT CPU 1 32
CPU 32 9 2
CPU 33 7 0
# CONTEXT CPU 1 33
CPU 33 9 2
BLOCK 34 9
CPU 34 7 0
CPU 34 8 1
# CONTEXT CPU 2 34
BLOCK 35 7
UNBLOCK 35 9
# CONTEXT CPU 0 35
CPU 35 8 1
# CONTEXT CPU 2 35
UNBLOCK 36 7
# CONTEXT CPU 0 36
CPU 36 8 1
# CONTEXT CPU 2 36
BLOCK 37 8
# CONTEXT CPU 0 37
# CONTEXT CPU 1 37
CPU 37 10 2
BLOCK 38 10
UNBLOCK 38 8
CPU 38 12 0
# CONTEXT CPU 1 38
# CONTEXT CPU 2 38
BLOCK 39 12
UNBLOCK 39 10
# CONTEXT CPU 0 39
# CONTEXT CPU 1 39
CPU 39 14 2
BLOCK 40 14
UNBLOCK 40 12
# CONTEXT CPU 0 40
CPU 40 11 1
# CONTEXT CPU 2 40
UNBLOCK 41 14
# CONTEXT CPU 0 41
CPU 41 11 1
# CONTEXT CPU 2 41
CPU 42 13 0
# CONTEXT CPU 1 42
# CONTEXT CPU 2 42
# CONTEXT CPU 0 43
CPU 43 0 1
CPU 43 1 2
# CONTEXT CPU 0 44
CPU 44 0 1
CPU 44 1 2
# CONTEXT CPU 0 45
CPU 45 0 1
CPU 45 1 2
CPU 46 3 0
CPU 46 0 1
# CONTEXT CPU 2 46
EXIT 47 0 1
CPU 47 3 0
# CONTEXT CPU 1 47
# CONTEXT CPU 2 47
CPU 48 3 0
# CONTEXT CPU 1 48
# CONTEXT CPU 2 48
CPU 49 3 0
# CONTEXT CPU 1 49
CPU 49 4 2
EXIT 50 3 0
# CONTEXT CPU 0 50
CPU 50 2 1
CPU 50 4 2
BLOCK 51 4
# CONTEXT CPU 0 51
CPU 51 2 1
# CONTEXT CPU 2 51
EXIT 52 2 1
UNBLOCK 52 4
# CONTEXT CPU 0 52
# CONTEXT CPU 1 52
# CONTEXT CPU 2 52
CPU 53 5 0
# CONTEXT CPU 1 53
# CONTEXT CPU 2 53
CPU 54 5 0
# CONTEXT CPU 1 54
CPU 54 6 2
CPU 55 5 0
CPU 55 9 1
CPU 55 6 2
EXIT 56 5 0
# CONTEXT CPU 0 56
CPU 56 9 1
CPU 56 6 2
EXIT 57 6 2
CPU 57 7 0
CPU 57 9 1
# CONTEXT CPU 2 57
CPU 58 7 0
CPU 58 9 1
# CONTEXT CPU 2 58
EXIT 59 7 0
# CONTEXT CPU 0 59
# CONTEXT CPU 1 59
# CONTEXT CPU 2 59
# CONTEXT CPU 0 60
# CONTEXT CPU 1 60
CPU 60 8 2
BLOCK 61 8
# CONTEXT CPU 0 61
# CONTEXT CPU 1 61
# CONTEXT CPU 2 61
UNBLOCK 62 8
CPU 62 10 0
CPU 62 12 1
CPU 62 14 2
BLOCK 63 12
BLOCK 63 14
CPU 63 10 0
# CONTEXT CPU 1 63
# CONTEXT CPU 2 63
UNBLOCK 64 12
UNBLOCK 64 14
CPU 64 10 0
CPU 64 11 1
# CONTEXT CPU 2 64
CPU 65 10 0
CPU 65 11 1
# CONTEXT CPU 2 65
# CONTEXT CPU 0 66
CPU 66 11 1
CPU 66 13 2
BLOCK 67 11
BLOCK 67 13
# CONTEXT CPU 0 67
# CONTEXT CPU 1 67
# CONTEXT CPU 2 67
UNBLOCK 68 11
UNBLOCK 68 13
# CONTEXT CPU 0 68
# CONTEXT CPU 1 68
# CONTEXT CPU 2 68
CPU 69 1 0
# CONTEXT CPU 1 69
# CONTEXT CPU 2 69
CPU 70 1 0
CPU 70 4 1
CPU 70 9 2
EXIT 71 4 1
EXIT 71 9 2
CPU 71 1 0
# CONTEXT CPU 1 71
# CONTEXT CPU 2 71
EXIT 72 1 0
# CONTEXT CPU 0 72
# CONTEXT CPU 1 72
# CONTEXT CPU 2 72
# CONTEXT CPU 0 73
# CONTEXT CPU 1 73
# CONTEXT CPU 2 73
# CONTEXT CPU 0 74
CPU 74 8 1
CPU 74 12 2
EXIT 75 8 1
CPU 75 14 0
# CONTEXT CPU 1 75
CPU 75 12 2
BLOCK 76 14
# CONTEXT CPU 0 76
# CONTEXT CPU 1 76
CPU 76 12 2
UNBLOCK 77 14
# CONTEXT CPU 0 77
# CONTEXT CPU 1 77
CPU 77 12 2
BLOCK 78 12
# CONTEXT CPU 0 78
CPU 78 10 1
# CONTEXT CPU 2 78
UNBLOCK 79 12
CPU 79 11 0
CPU 79 10 1
CPU 79 13 2
EXIT 80 11 0
EXIT 80 10 1
# CONTEXT CPU 0 80
# CONTEXT CPU 1 80
CPU 80 13 2
BLOCK 81 13
CPU 81 14 0
# CONTEXT CPU 1 81
CPU 81 -1 2
BLOCK 82 14
UNBLOCK 82 13
# CONTEXT CPU 0 82
# CONTEXT CPU 1 82
CPU 82 -1 2
UNBLOCK 83 14
# CONTEXT CPU 0 83
CPU 83 12 1
# CONTEXT CPU 2 83
# CONTEXT CPU 0 84
CPU 84 12 1
# CONTEXT CPU 2 84
EXIT 85 12 1
CPU 85 13 0
CPU 85 -1 1
# CONTEXT CPU 2 85
BLOCK 86 13
CPU 86 -1 0
CPU 86 -1 1
CPU 86 14 2
BLOCK 87 14
UNBLOCK 87 13
# CONTEXT CPU 0 87
CPU 87 -1 1
CPU 87 -1 2
UNBLOCK 88 14
CPU 88 13 0
# CONTEXT CPU 1 88
CPU 88 -1 2
CPU 89 13 0
# CONTEXT CPU 1 89
CPU 89 -1 2
EXIT 90 13 0
CPU 90 -1 0
# CONTEXT CPU 1 90
CPU 90 -1 2
CPU 91 -1 0
CPU 91 14 1
CPU 91 -1 2
BLOCK 92 14
CPU 92 -1 0
CPU 92 -1 1
CPU 92 -1 2
UNBLOCK 93 14
# CONTEXT CPU 0 93
CPU 93 -1 1
CPU 93 -1 2
# CONTEXT CPU 0 94
CPU 94 -1 1
CPU 94 -1 2
# CONTEXT CPU 0 95
CPU 95 -1 1
CPU 95 -1 2
CPU 96 14 0
CPU 96 -1 1
CPU 96 -1 2
BLOCK 97 14
CPU 97 -1 0
CPU 97 -1 1
CPU 97 -1 2
UNBLOCK 98 14
# CONTEXT CPU 0 98
CPU 98 -1 1
CPU 98 -1 2
CPU 99 14 0
CPU 99 -1 1
CPU 99 -1 2
EXIT 100 14 0
CPU 100 -1 0
CPU 100 -1 1
CPU 100 -1 2
