# SETTINGS ../simusched tareas.tsk 2 1 2 SchedRR 2 2 7
LOAD 0 0
LOAD 0 1
LOAD 0 2
LOAD 0 3
# CONTEXT CPU 0 0
# CONTEXT CPU 1 0
CPU 1 0 0
CPU 1 1 1
BLOCK 2 0
# CONTEXT CPU 0 2
CPU 2 1 1
BLOCK 3 1
UNBLOCK 3 0
CPU 3 2 0
# CONTEXT CPU 1 3
UNBLOCK 4 1
CPU 4 2 0
CPU 4 3 1
BLOCK 5 2
BLOCK 5 3
# CONTEXT CPU 0 5
# CONTEXT CPU 1 5
UNBLOCK 6 2
UNBLOCK 6 3
CPU 6 0 0
CPU 6 1 1
CPU 7 0 0
CPU 7 1 1
# CONTEXT CPU 0 8
# CONTEXT CPU 1 8
CPU 9 2 0
CPU 9 3 1
BLOCK 10 3
CPU 10 2 0
# CONTEXT CPU 1 10
UNBLOCK 11 3
CPU 11 2 0
# CONTEXT CPU 1 11
BLOCK 12 2
# CONTEXT CPU 0 12
# CONTEXT CPU 1 12
UNBLOCK 13 2
# CONTEXT CPU 0 13
CPU 13 0 1
# CONTEXT CPU 0 14
CPU 14 0 1
CPU 15 1 0
CPU 15 0 1
# CONTEXT CPU 0 16
# CONTEXT CPU 1 16
# CONTEXT CPU 0 17
# CONTEXT CPU 1 17
# CONTEXT CPU 0 18
# CONTEXT CPU 1 18
CPU 19 3 0
CPU 19 2 1
BLOCK 20 3
BLOCK 20 2
# CONTEXT CPU 0 20
# CONTEXT CPU 1 20
UNBLOCK 21 2
UNBLOCK 21 3
CPU 21 1 0
CPU 21 0 1
BLOCK 22 1
# CONTEXT CPU 0 22
CPU 22 0 1
UNBLOCK 23 1
# CONTEXT CPU 0 23
CPU 23 0 1
EXIT 24 0 1
# CONTEXT CPU 0 24
# CONTEXT CPU 1 24
CPU 25 2 0
# CONTEXT CPU 1 25
CPU 26 2 0
# CONTEXT CPU 1 26
BLOCK 27 2
# CONTEXT CPU 0 27
CPU 27 3 1
BLOCK 28 3
UNBLOCK 28 2
CPU 28 1 0
# CONTEXT CPU 1 28
UNBLOCK 29 3
CPU 29 1 0
# CONTEXT CPU 1 29
# CONTEXT CPU 0 30
# CONTEXT CPU 1 30
# CONTEXT CPU 0 31
CPU 31 2 1
EXIT 32 2 1
# CONTEXT CPU 0 32
# CONTEXT CPU 1 32
CPU 33 3 0
# CONTEXT CPU 1 33
BLOCK 34 3
CPU 34 -1 0
# CONTEXT CPU 1 34
UNBLOCK 35 3
# CONTEXT CPU 0 35
CPU 35 1 1
EXIT 36 1 1
CPU 36 3 0
CPU 36 -1 1
BLOCK 37 3
CPU 37 -1 0
CPU 37 -1 1
UNBLOCK 38 3
# CONTEXT CPU 0 38
CPU 38 -1 1
CPU 39 3 0
CPU 39 -1 1
BLOCK 40 3
CPU 40 -1 0
CPU 40 -1 1
UNBLOCK 41 3
# CONTEXT CPU 0 41
CPU 41 -1 1
CPU 42 3 0
CPU 42 -1 1
BLOCK 43 3
CPU 43 -1 0
CPU 43 -1 1
UNBLOCK 44 3
# CONTEXT CPU 0 44
CPU 44 -1 1
CPU 45 3 0
CPU 45 -1 1
EXIT 46 3 0
CPU 46 -1 0
CPU 46 -1 1
