# SETTINGS ../simusched tareas.tsk 4 1 2 SchedRR 4 1 2 2 6
LOAD 0 0
LOAD 0 1
LOAD 0 2
LOAD 0 3
LOAD 0 4
LOAD 0 5
LOAD 0 6
LOAD 0 7
LOAD 0 8
LOAD 0 9
LOAD 0 10
LOAD 0 11
LOAD 0 12
LOAD 0 13
LOAD 0 14
# CONTEXT CPU 0 0
# CONTEXT CPU 1 0
# CONTEXT CPU 2 0
# CONTEXT CPU 3 0
CPU 1 0 0
CPU 1 1 1
CPU 1 2 2
CPU 1 3 3
CPU 2 0 0
CPU 2 1 1
CPU 2 2 2
CPU 2 3 3
CPU 3 0 0
# CONTEXT CPU 1 3
CPU 3 2 2
CPU 3 3 3
BLOCK 4 0
# CONTEXT CPU 0 4
CPU 4 4 1
# CONTEXT CPU 2 4
# CONTEXT CPU 3 4
UNBLOCK 5 0
CPU 5 5 0
CPU 5 4 1
CPU 5 6 2
CPU 5 7 3
CPU 6 5 0
# CONTEXT CPU 1 6
CPU 6 6 2
CPU 6 7 3
BLOCK 7 5
# CONTEXT CPU 0 7
CPU 7 8 1
CPU 7 6 2
CPU 7 7 3
UNBLOCK 8 5
CPU 8 9 0
CPU 8 8 1
# CONTEXT CPU 2 8
# CONTEXT CPU 3 8
BLOCK 9 9
BLOCK 9 8
# CONTEXT CPU 0 9
# CONTEXT CPU 1 9
CPU 9 10 2
CPU 9 11 3
BLOCK 10 10
UNBLOCK 10 8
UNBLOCK 10 9
CPU 10 12 0
CPU 10 13 1
# CONTEXT CPU 2 10
CPU 10 11 3
UNBLOCK 11 10
CPU 11 12 0
# CONTEXT CPU 1 11
CPU 11 14 2
CPU 11 11 3
BLOCK 12 12
BLOCK 12 14
BLOCK 12 11
# CONTEXT CPU 0 12
CPU 12 1 1
# CONTEXT CPU 2 12
# CONTEXT CPU 3 12
UNBLOCK 13 11
UNBLOCK 13 12
UNBLOCK 13 14
# CONTEXT CPU 0 13
CPU 13 1 1
# CONTEXT CPU 2 13
# CONTEXT CPU 3 13
# CONTEXT CPU 0 14
# CONTEXT CPU 1 14
# CONTEXT CPU 2 14
# CONTEXT CPU 3 14
CPU 15 2 0
CPU 15 4 1
CPU 15 3 2
CPU 15 0 3
# CONTEXT CPU 0 16
CPU 16 4 1
CPU 16 3 2
# CONTEXT CPU 3 16
BLOCK 17 3
CPU 17 5 0
# CONTEXT CPU 1 17
# CONTEXT CPU 2 17
# CONTEXT CPU 3 17
UNBLOCK 18 3
CPU 18 5 0
# CONTEXT CPU 1 18
# CONTEXT CPU 2 18
# CONTEXT CPU 3 18
CPU 19 5 0
# CONTEXT CPU 1 19
# CONTEXT CPU 2 19
CPU 19 6 3
BLOCK 20 6
CPU 20 5 0
CPU 20 7 1
CPU 20 8 2
# CONTEXT CPU 3 20
UNBLOCK 21 6
CPU 21 5 0
CPU 21 7 1
CPU 21 8 2
# CONTEXT CPU 3 21
BLOCK 22 8
# CONTEXT CPU 0 22
# CONTEXT CPU 1 22
# CONTEXT CPU 2 22
# CONTEXT CPU 3 22
UNBLOCK 23 8
# CONTEXT CPU 0 23
CPU 23 13 1
# CONTEXT CPU 2 23
CPU 23 9 3
# CONTEXT CPU 0 24
CPU 24 13 1
# CONTEXT CPU 2 24
CPU 24 9 3
CPU 25 10 0
# CONTEXT CPU 1 25
CPU 25 11 2
CPU 25 9 3
BLOCK 26 11
BLOCK 26 9
CPU 26 10 0
# CONTEXT CPU 1 26
# CONTEXT CPU 2 26
# CONTEXT CPU 3 26
BLOCK 27 10
UNBLOCK 27 9
UNBLOCK 27 11
# CONTEXT CPU 0 27
# CONTEXT CPU 1 27
CPU 27 14 2
# CONTEXT CPU 3 27
BLOCK 28 14
UNBLOCK 28 10
CPU 28 2 0
CPU 28 12 1
# CONTEXT CPU 2 28
# CONTEXT CPU 3 28
UNBLOCK 29 14
CPU 29 2 0
CPU 29 12 1
# CONTEXT CPU 2 29
CPU 29 1 3
BLOCK 30 12
CPU 30 2 0
# CONTEXT CPU 1 30
# CONTEXT CPU 2 30
# CONTEXT CPU 3 30
BLOCK 31 2
UNBLOCK 31 12
# CONTEXT CPU 0 31
CPU 31 4 1
CPU 31 0 2
# CONTEXT CPU 3 31
UNBLOCK 32 2
# CONTEXT CPU 0 32
# CONTEXT CPU 1 32
# CONTEXT CPU 2 32
# CONTEXT CPU 3 32
# CONTEXT CPU 0 33
# CONTEXT CPU 1 33
# CONTEXT CPU 2 33
CPU 33 3 3
CPU 34 6 0
# CONTEXT CPU 1 34
# CONTEXT CPU 2 34
CPU 34 3 3
CPU 35 6 0
CPU 35 5 1
CPU 35 7 2
CPU 35 3 3
# CONTEXT CPU 0 36
CPU 36 5 1
CPU 36 7 2
# CONTEXT CPU 3 36
EXIT 37 5 1
# CONTEXT CPU 0 37
# CONTEXT CPU 1 37
CPU 37 7 2
# CONTEXT CPU 3 37
BLOCK 38 7
# CONTEXT CPU 0 38
# CONTEXT CPU 1 38
# CONTEXT CPU 2 38
# CONTEXT CPU 3 38
UNBLOCK 39 7
CPU 39 8 0
# CONTEXT CPU 1 39
CPU 39 11 2
CPU 39 13 3
BLOCK 40 13
CPU 40 8 0
CPU 40 9 1
# CONTEXT CPU 2 40
# CONTEXT CPU 3 40
UNBLOCK 41 13
CPU 41 8 0
CPU 41 9 1
# CONTEXT CPU 2 41
# CONTEXT CPU 3 41
CPU 42 8 0
# CONTEXT CPU 1 42
# CONTEXT CPU 2 42
# CONTEXT CPU 3 42
CPU 43 8 0
# CONTEXT CPU 1 43
CPU 43 10 2
CPU 43 14 3
EXIT 44 8 0
BLOCK 44 14
# CONTEXT CPU 0 44
# CONTEXT CPU 1 44
CPU 44 10 2
# CONTEXT CPU 3 44
UNBLOCK 45 14
# CONTEXT CPU 0 45
CPU 45 1 1
CPU 45 10 2
# CONTEXT CPU 3 45
# CONTEXT CPU 0 46
CPU 46 1 1
# CONTEXT CPU 2 46
# CONTEXT CPU 3 46
CPU 47 12 0
# CONTEXT CPU 1 47
# CONTEXT CPU 2 47
CPU 47 2 3
CPU 48 12 0
# CONTEXT CPU 1 48
# CONTEXT CPU 2 48
CPU 48 2 3
EXIT 49 2 3
CPU 49 12 0
# CONTEXT CPU 1 49
CPU 49 4 2
# CONTEXT CPU 3 49
BLOCK 50 12
# CONTEXT CPU 0 50
CPU 50 0 1
CPU 50 4 2
# CONTEXT CPU 3 50
BLOCK 51 4
UNBLOCK 51 12
# CONTEXT CPU 0 51
CPU 51 0 1
# CONTEXT CPU 2 51
# CONTEXT CPU 3 51
UNBLOCK 52 4
# CONTEXT CPU 0 52
# CONTEXT CPU 1 52
CPU 52 7 2
CPU 52 6 3
EXIT 53 7 2
CPU 53 3 0
# CONTEXT CPU 1 53
# CONTEXT CPU 2 53
CPU 53 6 3
EXIT 54 3 0
# CONTEXT CPU 0 54
# CONTEXT CPU 1 54
# CONTEXT CPU 2 54
CPU 54 6 3
EXIT 55 6 3
# CONTEXT CPU 0 55
CPU 55 11 1
# CONTEXT CPU 2 55
# CONTEXT CPU 3 55
# CONTEXT CPU 0 56
CPU 56 11 1
CPU 56 13 2
CPU 56 14 3
BLOCK 57 13
BLOCK 57 14
CPU 57 9 0
# CONTEXT CPU 1 57
# CONTEXT CPU 2 57
# CONTEXT CPU 3 57
UNBLOCK 58 13
UNBLOCK 58 14
CPU 58 9 0
# CONTEXT CPU 1 58
# CONTEXT CPU 2 58
# CONTEXT CPU 3 58
CPU 59 9 0
# CONTEXT CPU 1 59
# CONTEXT CPU 2 59
# CONTEXT CPU 3 59
EXIT 60 9 0
# CONTEXT CPU 0 60
CPU 60 10 1
CPU 60 1 2
CPU 60 12 3
BLOCK 61 1
BLOCK 61 12
# CONTEXT CPU 0 61
CPU 61 10 1
# CONTEXT CPU 2 61
# CONTEXT CPU 3 61
UNBLOCK 62 1
UNBLOCK 62 12
# CONTEXT CPU 0 62
# CONTEXT CPU 1 62
# CONTEXT CPU 2 62
# CONTEXT CPU 3 62
CPU 63 4 0
# CONTEXT CPU 1 63
# CONTEXT CPU 2 63
# CONTEXT CPU 3 63
CPU 64 4 0
# CONTEXT CPU 1 64
CPU 64 0 2
CPU 64 11 3
EXIT 65 4 0
# CONTEXT CPU 0 65
CPU 65 13 1
CPU 65 0 2
CPU 65 11 3
BLOCK 66 13
EXIT 66 0 2
EXIT 66 11 3
# CONTEXT CPU 0 66
# CONTEXT CPU 1 66
# CONTEXT CPU 2 66
# CONTEXT CPU 3 66
UNBLOCK 67 13
# CONTEXT CPU 0 67
# CONTEXT CPU 1 67
# CONTEXT CPU 2 67
# CONTEXT CPU 3 67
CPU 68 14 0
# CONTEXT CPU 1 68
# CONTEXT CPU 2 68
# CONTEXT CPU 3 68
BLOCK 69 14
# CONTEXT CPU 0 69
CPU 69 1 1
CPU 69 12 2
CPU 69 10 3
EXIT 70 1 1
EXIT 70 12 2
EXIT 70 10 3
UNBLOCK 70 14
# CONTEXT CPU 0 70
# CONTEXT CPU 1 70
CPU 70 -1 2
CPU 70 -1 3
# CONTEXT CPU 0 71
# CONTEXT CPU 1 71
CPU 71 -1 2
CPU 71 -1 3
CPU 72 13 0
# CONTEXT CPU 1 72
CPU 72 -1 2
CPU 72 -1 3
BLOCK 73 13
CPU 73 -1 0
CPU 73 14 1
CPU 73 -1 2
CPU 73 -1 3
BLOCK 74 14
UNBLOCK 74 13
# CONTEXT CPU 0 74
CPU 74 -1 1
CPU 74 -1 2
CPU 74 -1 3
UNBLOCK 75 14
CPU 75 13 0
# CONTEXT CPU 1 75
CPU 75 -1 2
CPU 75 -1 3
CPU 76 13 0
CPU 76 14 1
CPU 76 -1 2
CPU 76 -1 3
EXIT 77 13 0
BLOCK 77 14
CPU 77 -1 0
CPU 77 -1 1
CPU 77 -1 2
CPU 77 -1 3
UNBLOCK 78 14
# CONTEXT CPU 0 78
CPU 78 -1 1
CPU 78 -1 2
CPU 78 -1 3
# CONTEXT CPU 0 79
CPU 79 -1 1
CPU 79 -1 2
CPU 79 -1 3
# CONTEXT CPU 0 80
CPU 80 -1 1
CPU 80 -1 2
CPU 80 -1 3
CPU 81 14 0
CPU 81 -1 1
CPU 81 -1 2
CPU 81 -1 3
BLOCK 82 14
CPU 82 -1 0
CPU 82 -1 1
CPU 82 -1 2
CPU 82 -1 3
UNBLOCK 83 14
# CONTEXT CPU 0 83
CPU 83 -1 1
CPU 83 -1 2
CPU 83 -1 3
CPU 84 14 0
CPU 84 -1 1
CPU 84 -1 2
CPU 84 -1 3
EXIT 85 14 0
CPU 85 -1 0
CPU 85 -1 1
CPU 85 -1 2
CPU 85 -1 3
