# SETTINGS ../simusched tareas.tsk 3 1 2 SchedRR 3 6 7 8
LOAD 0 0
LOAD 0 1
LOAD 0 2
LOAD 0 3
LOAD 0 4
LOAD 0 5
LOAD 0 6
LOAD 0 7
LOAD 0 8
LOAD 0 9
LOAD 0 10
LOAD 0 11
LOAD 0 12
LOAD 0 13
LOAD 0 14
# CONTEXT CPU 0 0
# CONTEXT CPU 1 0
# CONTEXT CPU 2 0
CPU 1 0 0
CPU 1 1 1
CPU 1 2 2
BLOCK 2 1
CPU 2 0 0
# CONTEXT CPU 1 2
CPU 2 2 2
UNBLOCK 3 1
CPU 3 0 0
CPU 3 3 1
CPU 3 2 2
BLOCK 4 3
CPU 4 0 0
# CONTEXT CPU 1 4
CPU 4 2 2
UNBLOCK 5 3
# CONTEXT CPU 0 5
CPU 5 4 1
CPU 5 2 2
CPU 6 5 0
CPU 6 4 1
CPU 6 2 2
CPU 7 5 0
CPU 7 4 1
CPU 7 2 2
BLOCK 8 2
CPU 8 5 0
CPU 8 4 1
# CONTEXT CPU 2 8
UNBLOCK 9 2
CPU 9 5 0
CPU 9 4 1
CPU 9 6 2
# CONTEXT CPU 0 10
CPU 10 4 1
CPU 10 6 2
CPU 11 7 0
CPU 11 4 1
# CONTEXT CPU 2 11
CPU 12 7 0
# CONTEXT CPU 1 12
CPU 12 8 2
CPU 13 7 0
CPU 13 9 1
CPU 13 8 2
CPU 14 7 0
CPU 14 9 1
CPU 14 8 2
BLOCK 15 9
# CONTEXT CPU 0 15
# CONTEXT CPU 1 15
CPU 15 8 2
UNBLOCK 16 9
CPU 16 10 0
CPU 16 11 1
CPU 16 8 2
CPU 17 10 0
CPU 17 11 1
CPU 17 8 2
BLOCK 18 10
# CONTEXT CPU 0 18
CPU 18 11 1
CPU 18 8 2
BLOCK 19 11
BLOCK 19 8
UNBLOCK 19 10
CPU 19 12 0
# CONTEXT CPU 1 19
# CONTEXT CPU 2 19
BLOCK 20 12
UNBLOCK 20 8
UNBLOCK 20 11
# CONTEXT CPU 0 20
CPU 20 13 1
CPU 20 14 2
BLOCK 21 14
UNBLOCK 21 12
# CONTEXT CPU 0 21
CPU 21 13 1
# CONTEXT CPU 2 21
BLOCK 22 13
UNBLOCK 22 14
# CONTEXT CPU 0 22
# CONTEXT CPU 1 22
# CONTEXT CPU 2 22
UNBLOCK 23 13
CPU 23 1 0
# CONTEXT CPU 1 23
# CONTEXT CPU 2 23
CPU 24 1 0
# CONTEXT CPU 1 24
CPU 24 3 2
CPU 25 1 0
CPU 25 0 1
CPU 25 3 2
BLOCK 26 0
# CONTEXT CPU 0 26
# CONTEXT CPU 1 26
# CONTEXT CPU 2 26
UNBLOCK 27 0
# CONTEXT CPU 0 27
# CONTEXT CPU 1 27
CPU 27 6 2
# CONTEXT CPU 0 28
# CONTEXT CPU 1 28
CPU 28 6 2
CPU 29 2 0
CPU 29 5 1
CPU 29 6 2
CPU 30 2 0
CPU 30 5 1
CPU 30 6 2
EXIT 31 2 0
BLOCK 31 5
BLOCK 31 6
# CONTEXT CPU 0 31
# CONTEXT CPU 1 31
# CONTEXT CPU 2 31
UNBLOCK 32 5
UNBLOCK 32 6
# CONTEXT CPU 0 32
# CONTEXT CPU 1 32
# CONTEXT CPU 2 32
# CONTEXT CPU 0 33
# CONTEXT CPU 1 33
# CONTEXT CPU 2 33
CPU 34 4 0
CPU 34 7 1
CPU 34 9 2
BLOCK 35 4
# CONTEXT CPU 0 35
CPU 35 7 1
CPU 35 9 2
BLOCK 36 9
UNBLOCK 36 4
CPU 36 10 0
# CONTEXT CPU 1 36
# CONTEXT CPU 2 36
BLOCK 37 10
UNBLOCK 37 9
# CONTEXT CPU 0 37
# CONTEXT CPU 1 37
# CONTEXT CPU 2 37
UNBLOCK 38 10
CPU 38 12 0
# CONTEXT CPU 1 38
# CONTEXT CPU 2 38
BLOCK 39 12
# CONTEXT CPU 0 39
CPU 39 8 1
CPU 39 11 2
BLOCK 40 8
UNBLOCK 40 12
# CONTEXT CPU 0 40
# CONTEXT CPU 1 40
CPU 40 11 2
UNBLOCK 41 8
# CONTEXT CPU 0 41
CPU 41 13 1
CPU 41 11 2
CPU 42 14 0
CPU 42 13 1
CPU 42 11 2
BLOCK 43 14
BLOCK 43 13
# CONTEXT CPU 0 43
# CONTEXT CPU 1 43
# CONTEXT CPU 2 43
UNBLOCK 44 13
UNBLOCK 44 14
CPU 44 1 0
# CONTEXT CPU 1 44
# CONTEXT CPU 2 44
CPU 45 1 0
# CONTEXT CPU 1 45
# CONTEXT CPU 2 45
CPU 46 1 0
CPU 46 3 1
CPU 46 0 2
CPU 47 1 0
CPU 47 3 1
CPU 47 0 2
# CONTEXT CPU 0 48
CPU 48 3 1
CPU 48 0 2
# CONTEXT CPU 0 49
CPU 49 3 1
CPU 49 0 2
EXIT 50 0 2
# CONTEXT CPU 0 50
CPU 50 3 1
# CONTEXT CPU 2 50
CPU 51 5 0
CPU 51 3 1
CPU 51 6 2
EXIT 52 3 1
CPU 52 5 0
# CONTEXT CPU 1 52
CPU 52 6 2
CPU 53 5 0
# CONTEXT CPU 1 53
CPU 53 6 2
EXIT 54 5 0
EXIT 54 6 2
# CONTEXT CPU 0 54
# CONTEXT CPU 1 54
# CONTEXT CPU 2 54
# CONTEXT CPU 0 55
CPU 55 4 1
CPU 55 9 2
EXIT 56 4 1
# CONTEXT CPU 0 56
# CONTEXT CPU 1 56
CPU 56 9 2
CPU 57 7 0
# CONTEXT CPU 1 57
CPU 57 9 2
BLOCK 58 7
# CONTEXT CPU 0 58
# CONTEXT CPU 1 58
CPU 58 9 2
UNBLOCK 59 7
CPU 59 12 0
CPU 59 10 1
CPU 59 9 2
BLOCK 60 12
EXIT 60 9 2
# CONTEXT CPU 0 60
CPU 60 10 1
# CONTEXT CPU 2 60
UNBLOCK 61 12
# CONTEXT CPU 0 61
CPU 61 10 1
CPU 61 11 2
BLOCK 62 11
# CONTEXT CPU 0 62
CPU 62 10 1
# CONTEXT CPU 2 62
UNBLOCK 63 11
CPU 63 8 0
CPU 63 10 1
# CONTEXT CPU 2 63
EXIT 64 8 0
# CONTEXT CPU 0 64
CPU 64 10 1
# CONTEXT CPU 2 64
EXIT 65 10 1
CPU 65 14 0
# CONTEXT CPU 1 65
CPU 65 13 2
BLOCK 66 14
# CONTEXT CPU 0 66
# CONTEXT CPU 1 66
CPU 66 13 2
BLOCK 67 13
UNBLOCK 67 14
CPU 67 7 0
# CONTEXT CPU 1 67
# CONTEXT CPU 2 67
UNBLOCK 68 13
CPU 68 7 0
CPU 68 1 1
# CONTEXT CPU 2 68
EXIT 69 7 0
EXIT 69 1 1
# CONTEXT CPU 0 69
# CONTEXT CPU 1 69
# CONTEXT CPU 2 69
# CONTEXT CPU 0 70
# CONTEXT CPU 1 70
CPU 70 12 2
# CONTEXT CPU 0 71
# CONTEXT CPU 1 71
CPU 71 12 2
CPU 72 11 0
CPU 72 14 1
CPU 72 12 2
EXIT 73 11 0
BLOCK 73 14
# CONTEXT CPU 0 73
CPU 73 -1 1
CPU 73 12 2
BLOCK 74 12
UNBLOCK 74 14
# CONTEXT CPU 0 74
# CONTEXT CPU 1 74
CPU 74 -1 2
UNBLOCK 75 12
# CONTEXT CPU 0 75
CPU 75 14 1
# CONTEXT CPU 2 75
BLOCK 76 14
CPU 76 13 0
CPU 76 -1 1
CPU 76 12 2
BLOCK 77 13
UNBLOCK 77 14
# CONTEXT CPU 0 77
CPU 77 -1 1
CPU 77 12 2
EXIT 78 12 2
UNBLOCK 78 13
# CONTEXT CPU 0 78
# CONTEXT CPU 1 78
CPU 78 -1 2
# CONTEXT CPU 0 79
# CONTEXT CPU 1 79
CPU 79 -1 2
CPU 80 14 0
# CONTEXT CPU 1 80
CPU 80 -1 2
BLOCK 81 14
CPU 81 -1 0
CPU 81 13 1
CPU 81 -1 2
UNBLOCK 82 14
# CONTEXT CPU 0 82
CPU 82 13 1
CPU 82 -1 2
EXIT 83 13 1
CPU 83 14 0
CPU 83 -1 1
CPU 83 -1 2
BLOCK 84 14
CPU 84 -1 0
CPU 84 -1 1
CPU 84 -1 2
UNBLOCK 85 14
# CONTEXT CPU 0 85
CPU 85 -1 1
CPU 85 -1 2
CPU 86 14 0
CPU 86 -1 1
CPU 86 -1 2
BLOCK 87 14
CPU 87 -1 0
CPU 87 -1 1
CPU 87 -1 2
UNBLOCK 88 14
# CONTEXT CPU 0 88
CPU 88 -1 1
CPU 88 -1 2
CPU 89 14 0
CPU 89 -1 1
CPU 89 -1 2
EXIT 90 14 0
CPU 90 -1 0
CPU 90 -1 1
CPU 90 -1 2
