# SETTINGS ../simusched tareas.tsk 4 1 2 SchedRR 4 4 4 4 7
LOAD 0 0
LOAD 0 1
LOAD 0 2
LOAD 0 3
LOAD 0 4
LOAD 0 5
LOAD 0 6
LOAD 0 7
LOAD 0 8
LOAD 0 9
LOAD 0 10
LOAD 0 11
LOAD 0 12
LOAD 0 13
LOAD 0 14
# CONTEXT CPU 0 0
# CONTEXT CPU 1 0
# CONTEXT CPU 2 0
# CONTEXT CPU 3 0
CPU 1 0 0
CPU 1 1 1
CPU 1 2 2
CPU 1 3 3
CPU 2 0 0
CPU 2 1 1
CPU 2 2 2
CPU 2 3 3
CPU 3 0 0
CPU 3 1 1
CPU 3 2 2
CPU 3 3 3
BLOCK 4 0
BLOCK 4 1
BLOCK 4 3
# CONTEXT CPU 0 4
# CONTEXT CPU 1 4
CPU 4 2 2
# CONTEXT CPU 3 4
BLOCK 5 2
UNBLOCK 5 0
UNBLOCK 5 1
UNBLOCK 5 3
CPU 5 4 0
CPU 5 5 1
# CONTEXT CPU 2 5
CPU 5 6 3
UNBLOCK 6 2
CPU 6 4 0
CPU 6 5 1
CPU 6 7 2
CPU 6 6 3
CPU 7 4 0
CPU 7 5 1
CPU 7 7 2
CPU 7 6 3
# CONTEXT CPU 0 8
# CONTEXT CPU 1 8
# CONTEXT CPU 2 8
# CONTEXT CPU 3 8
CPU 9 8 0
CPU 9 9 1
CPU 9 10 2
CPU 9 11 3
BLOCK 10 8
# CONTEXT CPU 0 10
CPU 10 9 1
CPU 10 10 2
CPU 10 11 3
BLOCK 11 10
UNBLOCK 11 8
CPU 11 12 0
CPU 11 9 1
# CONTEXT CPU 2 11
CPU 11 11 3
BLOCK 12 9
UNBLOCK 12 10
CPU 12 12 0
# CONTEXT CPU 1 12
CPU 12 13 2
CPU 12 11 3
BLOCK 13 12
BLOCK 13 11
UNBLOCK 13 9
# CONTEXT CPU 0 13
CPU 13 14 1
CPU 13 13 2
# CONTEXT CPU 3 13
BLOCK 14 14
UNBLOCK 14 11
UNBLOCK 14 12
CPU 14 0 0
# CONTEXT CPU 1 14
CPU 14 13 2
# CONTEXT CPU 3 14
BLOCK 15 13
UNBLOCK 15 14
CPU 15 0 0
# CONTEXT CPU 1 15
# CONTEXT CPU 2 15
# CONTEXT CPU 3 15
UNBLOCK 16 13
CPU 16 0 0
# CONTEXT CPU 1 16
CPU 16 2 2
CPU 16 1 3
CPU 17 0 0
CPU 17 3 1
CPU 17 2 2
CPU 17 1 3
# CONTEXT CPU 0 18
CPU 18 3 1
# CONTEXT CPU 2 18
# CONTEXT CPU 3 18
CPU 19 4 0
CPU 19 3 1
# CONTEXT CPU 2 19
# CONTEXT CPU 3 19
BLOCK 20 4
# CONTEXT CPU 0 20
# CONTEXT CPU 1 20
# CONTEXT CPU 2 20
# CONTEXT CPU 3 20
UNBLOCK 21 4
# CONTEXT CPU 0 21
# CONTEXT CPU 1 21
CPU 21 5 2
CPU 21 7 3
# CONTEXT CPU 0 22
# CONTEXT CPU 1 22
CPU 22 5 2
CPU 22 7 3
BLOCK 23 7
CPU 23 6 0
CPU 23 8 1
CPU 23 5 2
# CONTEXT CPU 3 23
BLOCK 24 5
UNBLOCK 24 7
CPU 24 6 0
CPU 24 8 1
# CONTEXT CPU 2 24
# CONTEXT CPU 3 24
UNBLOCK 25 5
CPU 25 6 0
CPU 25 8 1
# CONTEXT CPU 2 25
# CONTEXT CPU 3 25
CPU 26 6 0
CPU 26 8 1
# CONTEXT CPU 2 26
CPU 26 10 3
CPU 27 6 0
CPU 27 8 1
CPU 27 9 2
CPU 27 10 3
BLOCK 28 6
BLOCK 28 10
# CONTEXT CPU 0 28
# CONTEXT CPU 1 28
CPU 28 9 2
# CONTEXT CPU 3 28
UNBLOCK 29 6
UNBLOCK 29 10
# CONTEXT CPU 0 29
# CONTEXT CPU 1 29
CPU 29 9 2
# CONTEXT CPU 3 29
# CONTEXT CPU 0 30
# CONTEXT CPU 1 30
# CONTEXT CPU 2 30
# CONTEXT CPU 3 30
CPU 31 11 0
CPU 31 12 1
CPU 31 13 2
CPU 31 14 3
BLOCK 32 13
BLOCK 32 14
# CONTEXT CPU 0 32
CPU 32 12 1
# CONTEXT CPU 2 32
# CONTEXT CPU 3 32
BLOCK 33 12
UNBLOCK 33 13
UNBLOCK 33 14
CPU 33 0 0
# CONTEXT CPU 1 33
CPU 33 2 2
CPU 33 1 3
UNBLOCK 34 12
CPU 34 0 0
CPU 34 3 1
CPU 34 2 2
CPU 34 1 3
EXIT 35 0 0
# CONTEXT CPU 0 35
CPU 35 3 1
CPU 35 2 2
CPU 35 1 3
EXIT 36 2 2
CPU 36 4 0
CPU 36 3 1
# CONTEXT CPU 2 36
# CONTEXT CPU 3 36
EXIT 37 3 1
CPU 37 4 0
# CONTEXT CPU 1 37
# CONTEXT CPU 2 37
# CONTEXT CPU 3 37
CPU 38 4 0
CPU 38 8 1
# CONTEXT CPU 2 38
# CONTEXT CPU 3 38
CPU 39 4 0
CPU 39 8 1
CPU 39 7 2
CPU 39 5 3
BLOCK 40 8
CPU 40 4 0
# CONTEXT CPU 1 40
CPU 40 7 2
CPU 40 5 3
EXIT 41 4 0
UNBLOCK 41 8
# CONTEXT CPU 0 41
# CONTEXT CPU 1 41
CPU 41 7 2
CPU 41 5 3
EXIT 42 5 3
# CONTEXT CPU 0 42
# CONTEXT CPU 1 42
CPU 42 7 2
# CONTEXT CPU 3 42
# CONTEXT CPU 0 43
CPU 43 6 1
CPU 43 7 2
# CONTEXT CPU 3 43
EXIT 44 6 1
EXIT 44 7 2
CPU 44 10 0
# CONTEXT CPU 1 44
# CONTEXT CPU 2 44
# CONTEXT CPU 3 44
CPU 45 10 0
# CONTEXT CPU 1 45
CPU 45 13 2
CPU 45 9 3
BLOCK 46 13
BLOCK 46 9
CPU 46 10 0
# CONTEXT CPU 1 46
# CONTEXT CPU 2 46
# CONTEXT CPU 3 46
UNBLOCK 47 9
UNBLOCK 47 13
CPU 47 10 0
CPU 47 11 1
# CONTEXT CPU 2 47
# CONTEXT CPU 3 47
CPU 48 10 0
CPU 48 11 1
# CONTEXT CPU 2 48
# CONTEXT CPU 3 48
EXIT 49 10 0
# CONTEXT CPU 0 49
CPU 49 11 1
CPU 49 14 2
CPU 49 12 3
BLOCK 50 11
BLOCK 50 14
BLOCK 50 12
# CONTEXT CPU 0 50
# CONTEXT CPU 1 50
# CONTEXT CPU 2 50
# CONTEXT CPU 3 50
UNBLOCK 51 11
UNBLOCK 51 12
UNBLOCK 51 14
# CONTEXT CPU 0 51
CPU 51 8 1
# CONTEXT CPU 2 51
# CONTEXT CPU 3 51
EXIT 52 8 1
CPU 52 1 0
# CONTEXT CPU 1 52
# CONTEXT CPU 2 52
# CONTEXT CPU 3 52
EXIT 53 1 0
# CONTEXT CPU 0 53
CPU 53 11 1
CPU 53 9 2
CPU 53 13 3
EXIT 54 11 1
# CONTEXT CPU 0 54
# CONTEXT CPU 1 54
CPU 54 9 2
CPU 54 13 3
EXIT 55 9 2
# CONTEXT CPU 0 55
# CONTEXT CPU 1 55
CPU 55 -1 2
CPU 55 13 3
BLOCK 56 13
CPU 56 12 0
# CONTEXT CPU 1 56
CPU 56 -1 2
CPU 56 -1 3
BLOCK 57 12
UNBLOCK 57 13
# CONTEXT CPU 0 57
CPU 57 14 1
CPU 57 -1 2
CPU 57 -1 3
BLOCK 58 14
UNBLOCK 58 12
# CONTEXT CPU 0 58
# CONTEXT CPU 1 58
CPU 58 -1 2
CPU 58 -1 3
UNBLOCK 59 14
# CONTEXT CPU 0 59
# CONTEXT CPU 1 59
# CONTEXT CPU 2 59
CPU 59 -1 3
CPU 60 13 0
# CONTEXT CPU 1 60
# CONTEXT CPU 2 60
CPU 60 -1 3
EXIT 61 13 0
CPU 61 -1 0
CPU 61 12 1
# CONTEXT CPU 2 61
CPU 61 -1 3
CPU 62 -1 0
CPU 62 12 1
CPU 62 14 2
CPU 62 -1 3
BLOCK 63 14
CPU 63 -1 0
CPU 63 12 1
CPU 63 -1 2
CPU 63 -1 3
EXIT 64 12 1
UNBLOCK 64 14
# CONTEXT CPU 0 64
CPU 64 -1 1
CPU 64 -1 2
CPU 64 -1 3
# CONTEXT CPU 0 65
CPU 65 -1 1
CPU 65 -1 2
CPU 65 -1 3
# CONTEXT CPU 0 66
CPU 66 -1 1
CPU 66 -1 2
CPU 66 -1 3
CPU 67 14 0
CPU 67 -1 1
CPU 67 -1 2
CPU 67 -1 3
BLOCK 68 14
CPU 68 -1 0
CPU 68 -1 1
CPU 68 -1 2
CPU 68 -1 3
UNBLOCK 69 14
# CONTEXT CPU 0 69
CPU 69 -1 1
CPU 69 -1 2
CPU 69 -1 3
CPU 70 14 0
CPU 70 -1 1
CPU 70 -1 2
CPU 70 -1 3
BLOCK 71 14
CPU 71 -1 0
CPU 71 -1 1
CPU 71 -1 2
CPU 71 -1 3
UNBLOCK 72 14
# CONTEXT CPU 0 72
CPU 72 -1 1
CPU 72 -1 2
CPU 72 -1 3
CPU 73 14 0
CPU 73 -1 1
CPU 73 -1 2
CPU 73 -1 3
BLOCK 74 14
CPU 74 -1 0
CPU 74 -1 1
CPU 74 -1 2
CPU 74 -1 3
UNBLOCK 75 14
# CONTEXT CPU 0 75
CPU 75 -1 1
CPU 75 -1 2
CPU 75 -1 3
CPU 76 14 0
CPU 76 -1 1
CPU 76 -1 2
CPU 76 -1 3
EXIT 77 14 0
CPU 77 -1 0
CPU 77 -1 1
CPU 77 -1 2
CPU 77 -1 3
