# SETTINGS ../simusched tareas.tsk 4 1 2 SchedRR 4 1 2 7 8
LOAD 0 0
LOAD 0 1
LOAD 0 2
LOAD 0 3
LOAD 0 4
LOAD 0 5
LOAD 0 6
LOAD 0 7
LOAD 0 8
LOAD 0 9
LOAD 0 10
LOAD 0 11
LOAD 0 12
LOAD 0 13
LOAD 0 14
# CONTEXT CPU 0 0
# CONTEXT CPU 1 0
# CONTEXT CPU 2 0
# CONTEXT CPU 3 0
CPU 1 0 0
CPU 1 1 1
CPU 1 2 2
CPU 1 3 3
CPU 2 0 0
CPU 2 1 1
CPU 2 2 2
CPU 2 3 3
CPU 3 0 0
# CONTEXT CPU 1 3
CPU 3 2 2
CPU 3 3 3
BLOCK 4 0
# CONTEXT CPU 0 4
CPU 4 4 1
# CONTEXT CPU 2 4
CPU 4 3 3
UNBLOCK 5 0
CPU 5 5 0
CPU 5 4 1
CPU 5 6 2
CPU 5 3 3
BLOCK 6 3
CPU 6 5 0
# CONTEXT CPU 1 6
CPU 6 6 2
# CONTEXT CPU 3 6
BLOCK 7 5
UNBLOCK 7 3
# CONTEXT CPU 0 7
CPU 7 7 1
CPU 7 6 2
CPU 7 8 3
UNBLOCK 8 5
CPU 8 9 0
CPU 8 7 1
# CONTEXT CPU 2 8
CPU 8 8 3
BLOCK 9 9
BLOCK 9 8
# CONTEXT CPU 0 9
# CONTEXT CPU 1 9
CPU 9 10 2
# CONTEXT CPU 3 9
BLOCK 10 10
UNBLOCK 10 8
UNBLOCK 10 9
CPU 10 11 0
CPU 10 12 1
# CONTEXT CPU 2 10
CPU 10 13 3
UNBLOCK 11 10
CPU 11 11 0
CPU 11 12 1
CPU 11 14 2
CPU 11 13 3
BLOCK 12 12
BLOCK 12 14
# CONTEXT CPU 0 12
# CONTEXT CPU 1 12
# CONTEXT CPU 2 12
CPU 12 13 3
UNBLOCK 13 12
UNBLOCK 13 14
# CONTEXT CPU 0 13
# CONTEXT CPU 1 13
# CONTEXT CPU 2 13
# CONTEXT CPU 3 13
# CONTEXT CPU 0 14
# CONTEXT CPU 1 14
# CONTEXT CPU 2 14
# CONTEXT CPU 3 14
CPU 15 1 0
CPU 15 2 1
CPU 15 0 2
# CONTEXT CPU 3 15
CPU 16 1 0
# CONTEXT CPU 1 16
CPU 16 0 2
CPU 16 4 3
CPU 17 1 0
# CONTEXT CPU 1 17
CPU 17 0 2
CPU 17 4 3
CPU 18 1 0
# CONTEXT CPU 1 18
# CONTEXT CPU 2 18
CPU 18 4 3
CPU 19 1 0
CPU 19 3 1
# CONTEXT CPU 2 19
CPU 19 4 3
# CONTEXT CPU 0 20
CPU 20 3 1
# CONTEXT CPU 2 20
CPU 20 4 3
BLOCK 21 4
# CONTEXT CPU 0 21
# CONTEXT CPU 1 21
CPU 21 5 2
# CONTEXT CPU 3 21
UNBLOCK 22 4
# CONTEXT CPU 0 22
CPU 22 7 1
CPU 22 5 2
CPU 22 8 3
CPU 23 6 0
CPU 23 7 1
CPU 23 5 2
CPU 23 8 3
BLOCK 24 6
BLOCK 24 8
# CONTEXT CPU 0 24
# CONTEXT CPU 1 24
# CONTEXT CPU 2 24
# CONTEXT CPU 3 24
UNBLOCK 25 6
UNBLOCK 25 8
CPU 25 9 0
# CONTEXT CPU 1 25
# CONTEXT CPU 2 25
# CONTEXT CPU 3 25
CPU 26 9 0
# CONTEXT CPU 1 26
# CONTEXT CPU 2 26
# CONTEXT CPU 3 26
CPU 27 9 0
CPU 27 10 1
CPU 27 11 2
CPU 27 12 3
BLOCK 28 9
BLOCK 28 11
# CONTEXT CPU 0 28
CPU 28 10 1
# CONTEXT CPU 2 28
CPU 28 12 3
BLOCK 29 10
BLOCK 29 12
UNBLOCK 29 9
UNBLOCK 29 11
# CONTEXT CPU 0 29
# CONTEXT CPU 1 29
# CONTEXT CPU 2 29
# CONTEXT CPU 3 29
UNBLOCK 30 10
UNBLOCK 30 12
# CONTEXT CPU 0 30
CPU 30 2 1
# CONTEXT CPU 2 30
# CONTEXT CPU 3 30
CPU 31 14 0
# CONTEXT CPU 1 31
CPU 31 13 2
# CONTEXT CPU 3 31
BLOCK 32 14
BLOCK 32 13
# CONTEXT CPU 0 32
# CONTEXT CPU 1 32
# CONTEXT CPU 2 32
CPU 32 0 3
UNBLOCK 33 13
UNBLOCK 33 14
# CONTEXT CPU 0 33
# CONTEXT CPU 1 33
# CONTEXT CPU 2 33
CPU 33 0 3
# CONTEXT CPU 0 34
CPU 34 1 1
# CONTEXT CPU 2 34
# CONTEXT CPU 3 34
BLOCK 35 1
CPU 35 3 0
# CONTEXT CPU 1 35
CPU 35 4 2
# CONTEXT CPU 3 35
UNBLOCK 36 1
CPU 36 3 0
# CONTEXT CPU 1 36
CPU 36 4 2
# CONTEXT CPU 3 36
EXIT 37 3 0
EXIT 37 4 2
# CONTEXT CPU 0 37
# CONTEXT CPU 1 37
# CONTEXT CPU 2 37
CPU 37 7 3
CPU 38 6 0
CPU 38 5 1
# CONTEXT CPU 2 38
CPU 38 7 3
CPU 39 6 0
CPU 39 5 1
# CONTEXT CPU 2 39
CPU 39 7 3
CPU 40 6 0
# CONTEXT CPU 1 40
CPU 40 8 2
CPU 40 7 3
BLOCK 41 7
CPU 41 6 0
# CONTEXT CPU 1 41
CPU 41 8 2
# CONTEXT CPU 3 41
UNBLOCK 42 7
CPU 42 6 0
# CONTEXT CPU 1 42
CPU 42 8 2
# CONTEXT CPU 3 42
EXIT 43 6 0
# CONTEXT CPU 0 43
CPU 43 9 1
# CONTEXT CPU 2 43
# CONTEXT CPU 3 43
# CONTEXT CPU 0 44
CPU 44 9 1
# CONTEXT CPU 2 44
CPU 44 11 3
BLOCK 45 11
# CONTEXT CPU 0 45
# CONTEXT CPU 1 45
# CONTEXT CPU 2 45
# CONTEXT CPU 3 45
UNBLOCK 46 11
CPU 46 10 0
CPU 46 2 1
CPU 46 12 2
# CONTEXT CPU 3 46
CPU 47 10 0
CPU 47 2 1
CPU 47 12 2
# CONTEXT CPU 3 47
BLOCK 48 2
CPU 48 10 0
# CONTEXT CPU 1 48
CPU 48 12 2
CPU 48 13 3
BLOCK 49 12
BLOCK 49 13
UNBLOCK 49 2
CPU 49 10 0
# CONTEXT CPU 1 49
# CONTEXT CPU 2 49
# CONTEXT CPU 3 49
UNBLOCK 50 12
UNBLOCK 50 13
CPU 50 10 0
# CONTEXT CPU 1 50
# CONTEXT CPU 2 50
# CONTEXT CPU 3 50
# CONTEXT CPU 0 51
CPU 51 14 1
# CONTEXT CPU 2 51
# CONTEXT CPU 3 51
BLOCK 52 14
# CONTEXT CPU 0 52
# CONTEXT CPU 1 52
CPU 52 0 2
CPU 52 1 3
EXIT 53 0 2
EXIT 53 1 3
UNBLOCK 53 14
# CONTEXT CPU 0 53
# CONTEXT CPU 1 53
# CONTEXT CPU 2 53
# CONTEXT CPU 3 53
CPU 54 5 0
# CONTEXT CPU 1 54
CPU 54 8 2
# CONTEXT CPU 3 54
CPU 55 5 0
CPU 55 7 1
CPU 55 8 2
# CONTEXT CPU 3 55
EXIT 56 5 0
EXIT 56 7 1
EXIT 56 8 2
# CONTEXT CPU 0 56
# CONTEXT CPU 1 56
# CONTEXT CPU 2 56
CPU 56 9 3
# CONTEXT CPU 0 57
CPU 57 2 1
CPU 57 12 2
CPU 57 9 3
BLOCK 58 12
# CONTEXT CPU 0 58
CPU 58 2 1
# CONTEXT CPU 2 58
CPU 58 9 3
EXIT 59 2 1
EXIT 59 9 3
UNBLOCK 59 12
CPU 59 11 0
# CONTEXT CPU 1 59
# CONTEXT CPU 2 59
# CONTEXT CPU 3 59
CPU 60 11 0
# CONTEXT CPU 1 60
# CONTEXT CPU 2 60
# CONTEXT CPU 3 60
CPU 61 11 0
# CONTEXT CPU 1 61
CPU 61 13 2
# CONTEXT CPU 3 61
BLOCK 62 13
CPU 62 11 0
CPU 62 10 1
# CONTEXT CPU 2 62
CPU 62 14 3
EXIT 63 10 1
BLOCK 63 14
UNBLOCK 63 13
CPU 63 11 0
# CONTEXT CPU 1 63
CPU 63 12 2
CPU 63 -1 3
EXIT 64 11 0
EXIT 64 12 2
UNBLOCK 64 14
# CONTEXT CPU 0 64
# CONTEXT CPU 1 64
CPU 64 -1 2
CPU 64 -1 3
# CONTEXT CPU 0 65
# CONTEXT CPU 1 65
CPU 65 -1 2
CPU 65 -1 3
# CONTEXT CPU 0 66
CPU 66 13 1
CPU 66 -1 2
CPU 66 -1 3
BLOCK 67 13
CPU 67 14 0
CPU 67 -1 1
CPU 67 -1 2
CPU 67 -1 3
BLOCK 68 14
UNBLOCK 68 13
# CONTEXT CPU 0 68
CPU 68 -1 1
CPU 68 -1 2
CPU 68 -1 3
UNBLOCK 69 14
# CONTEXT CPU 0 69
# CONTEXT CPU 1 69
CPU 69 -1 2
CPU 69 -1 3
# CONTEXT CPU 0 70
# CONTEXT CPU 1 70
CPU 70 -1 2
CPU 70 -1 3
CPU 71 13 0
# CONTEXT CPU 1 71
CPU 71 -1 2
CPU 71 -1 3
CPU 72 13 0
CPU 72 14 1
CPU 72 -1 2
CPU 72 -1 3
EXIT 73 13 0
BLOCK 73 14
CPU 73 -1 0
CPU 73 -1 1
CPU 73 -1 2
CPU 73 -1 3
UNBLOCK 74 14
# CONTEXT CPU 0 74
CPU 74 -1 1
CPU 74 -1 2
CPU 74 -1 3
# CONTEXT CPU 0 75
CPU 75 -1 1
CPU 75 -1 2
CPU 75 -1 3
# CONTEXT CPU 0 76
CPU 76 -1 1
CPU 76 -1 2
CPU 76 -1 3
CPU 77 14 0
CPU 77 -1 1
CPU 77 -1 2
CPU 77 -1 3
BLOCK 78 14
CPU 78 -1 0
CPU 78 -1 1
CPU 78 -1 2
CPU 78 -1 3
UNBLOCK 79 14
# CONTEXT CPU 0 79
CPU 79 -1 1
CPU 79 -1 2
CPU 79 -1 3
CPU 80 14 0
CPU 80 -1 1
CPU 80 -1 2
CPU 80 -1 3
BLOCK 81 14
CPU 81 -1 0
CPU 81 -1 1
CPU 81 -1 2
CPU 81 -1 3
UNBLOCK 82 14
# CONTEXT CPU 0 82
CPU 82 -1 1
CPU 82 -1 2
CPU 82 -1 3
CPU 83 14 0
CPU 83 -1 1
CPU 83 -1 2
CPU 83 -1 3
EXIT 84 14 0
CPU 84 -1 0
CPU 84 -1 1
CPU 84 -1 2
CPU 84 -1 3
