# SETTINGS ../simusched tareas.tsk 3 1 2 SchedRR 3 5 6 6
LOAD 0 0
LOAD 0 1
LOAD 0 2
LOAD 0 3
LOAD 0 4
LOAD 0 5
LOAD 0 6
LOAD 0 7
LOAD 0 8
LOAD 0 9
LOAD 0 10
LOAD 0 11
LOAD 0 12
LOAD 0 13
LOAD 0 14
# CONTEXT CPU 0 0
# CONTEXT CPU 1 0
# CONTEXT CPU 2 0
CPU 1 0 0
CPU 1 1 1
CPU 1 2 2
BLOCK 2 1
CPU 2 0 0
# CONTEXT CPU 1 2
CPU 2 2 2
UNBLOCK 3 1
CPU 3 0 0
CPU 3 3 1
CPU 3 2 2
BLOCK 4 3
CPU 4 0 0
# CONTEXT CPU 1 4
CPU 4 2 2
UNBLOCK 5 3
# CONTEXT CPU 0 5
CPU 5 4 1
CPU 5 2 2
CPU 6 5 0
CPU 6 4 1
CPU 6 2 2
CPU 7 5 0
CPU 7 4 1
CPU 7 2 2
BLOCK 8 2
CPU 8 5 0
CPU 8 4 1
# CONTEXT CPU 2 8
UNBLOCK 9 2
CPU 9 5 0
CPU 9 4 1
CPU 9 6 2
# CONTEXT CPU 0 10
CPU 10 4 1
# CONTEXT CPU 2 10
CPU 11 7 0
# CONTEXT CPU 1 11
CPU 11 8 2
CPU 12 7 0
CPU 12 9 1
CPU 12 8 2
CPU 13 7 0
CPU 13 9 1
CPU 13 8 2
BLOCK 14 9
CPU 14 7 0
# CONTEXT CPU 1 14
CPU 14 8 2
UNBLOCK 15 9
# CONTEXT CPU 0 15
CPU 15 10 1
CPU 15 8 2
CPU 16 11 0
CPU 16 10 1
CPU 16 8 2
BLOCK 17 10
CPU 17 11 0
# CONTEXT CPU 1 17
CPU 17 8 2
BLOCK 18 8
UNBLOCK 18 10
CPU 18 11 0
CPU 18 12 1
# CONTEXT CPU 2 18
BLOCK 19 11
BLOCK 19 12
UNBLOCK 19 8
# CONTEXT CPU 0 19
# CONTEXT CPU 1 19
CPU 19 13 2
UNBLOCK 20 11
UNBLOCK 20 12
CPU 20 14 0
CPU 20 1 1
# CONTEXT CPU 2 20
BLOCK 21 14
# CONTEXT CPU 0 21
CPU 21 1 1
# CONTEXT CPU 2 21
UNBLOCK 22 14
CPU 22 0 0
CPU 22 1 1
# CONTEXT CPU 2 22
BLOCK 23 0
# CONTEXT CPU 0 23
CPU 23 1 1
CPU 23 3 2
UNBLOCK 24 0
# CONTEXT CPU 0 24
# CONTEXT CPU 1 24
CPU 24 3 2
# CONTEXT CPU 0 25
# CONTEXT CPU 1 25
CPU 25 3 2
CPU 26 2 0
# CONTEXT CPU 1 26
CPU 26 3 2
CPU 27 2 0
CPU 27 5 1
CPU 27 3 2
EXIT 28 2 0
# CONTEXT CPU 0 28
CPU 28 5 1
CPU 28 3 2
BLOCK 29 5
# CONTEXT CPU 0 29
# CONTEXT CPU 1 29
CPU 29 3 2
UNBLOCK 30 5
# CONTEXT CPU 0 30
CPU 30 4 1
# CONTEXT CPU 2 30
CPU 31 6 0
CPU 31 4 1
# CONTEXT CPU 2 31
BLOCK 32 4
CPU 32 6 0
# CONTEXT CPU 1 32
# CONTEXT CPU 2 32
UNBLOCK 33 4
CPU 33 6 0
# CONTEXT CPU 1 33
CPU 33 9 2
CPU 34 6 0
# CONTEXT CPU 1 34
CPU 34 9 2
BLOCK 35 9
# CONTEXT CPU 0 35
CPU 35 7 1
# CONTEXT CPU 2 35
UNBLOCK 36 9
# CONTEXT CPU 0 36
CPU 36 7 1
CPU 36 8 2
BLOCK 37 8
# CONTEXT CPU 0 37
CPU 37 7 1
# CONTEXT CPU 2 37
BLOCK 38 7
UNBLOCK 38 8
CPU 38 10 0
# CONTEXT CPU 1 38
# CONTEXT CPU 2 38
BLOCK 39 10
UNBLOCK 39 7
# CONTEXT CPU 0 39
CPU 39 12 1
# CONTEXT CPU 2 39
BLOCK 40 12
UNBLOCK 40 10
# CONTEXT CPU 0 40
# CONTEXT CPU 1 40
CPU 40 11 2
UNBLOCK 41 12
# CONTEXT CPU 0 41
# CONTEXT CPU 1 41
CPU 41 11 2
CPU 42 13 0
# CONTEXT CPU 1 42
CPU 42 11 2
BLOCK 43 13
# CONTEXT CPU 0 43
CPU 43 14 1
CPU 43 11 2
BLOCK 44 14
UNBLOCK 44 13
CPU 44 0 0
# CONTEXT CPU 1 44
CPU 44 11 2
BLOCK 45 11
UNBLOCK 45 14
CPU 45 0 0
CPU 45 1 1
# CONTEXT CPU 2 45
UNBLOCK 46 11
CPU 46 0 0
CPU 46 1 1
# CONTEXT CPU 2 46
CPU 47 0 0
# CONTEXT CPU 1 47
# CONTEXT CPU 2 47
EXIT 48 0 0
# CONTEXT CPU 0 48
# CONTEXT CPU 1 48
CPU 48 5 2
# CONTEXT CPU 0 49
# CONTEXT CPU 1 49
CPU 49 5 2
# CONTEXT CPU 0 50
CPU 50 3 1
# CONTEXT CPU 2 50
EXIT 51 3 1
CPU 51 4 0
# CONTEXT CPU 1 51
# CONTEXT CPU 2 51
EXIT 52 4 0
# CONTEXT CPU 0 52
# CONTEXT CPU 1 52
# CONTEXT CPU 2 52
# CONTEXT CPU 0 53
# CONTEXT CPU 1 53
CPU 53 6 2
BLOCK 54 6
# CONTEXT CPU 0 54
CPU 54 9 1
# CONTEXT CPU 2 54
UNBLOCK 55 6
CPU 55 8 0
CPU 55 9 1
# CONTEXT CPU 2 55
EXIT 56 8 0
# CONTEXT CPU 0 56
CPU 56 9 1
# CONTEXT CPU 2 56
CPU 57 10 0
CPU 57 9 1
CPU 57 7 2
CPU 58 10 0
CPU 58 9 1
CPU 58 7 2
EXIT 59 9 1
EXIT 59 7 2
CPU 59 10 0
# CONTEXT CPU 1 59
# CONTEXT CPU 2 59
CPU 60 10 0
CPU 60 12 1
# CONTEXT CPU 2 60
BLOCK 61 12
# CONTEXT CPU 0 61
# CONTEXT CPU 1 61
# CONTEXT CPU 2 61
UNBLOCK 62 12
# CONTEXT CPU 0 62
# CONTEXT CPU 1 62
CPU 62 13 2
# CONTEXT CPU 0 63
# CONTEXT CPU 1 63
CPU 63 13 2
BLOCK 64 13
CPU 64 14 0
CPU 64 11 1
# CONTEXT CPU 2 64
BLOCK 65 14
EXIT 65 11 1
UNBLOCK 65 13
# CONTEXT CPU 0 65
# CONTEXT CPU 1 65
# CONTEXT CPU 2 65
UNBLOCK 66 14
# CONTEXT CPU 0 66
# CONTEXT CPU 1 66
# CONTEXT CPU 2 66
# CONTEXT CPU 0 67
# CONTEXT CPU 1 67
CPU 67 1 2
CPU 68 5 0
CPU 68 6 1
CPU 68 1 2
EXIT 69 5 0
EXIT 69 1 2
# CONTEXT CPU 0 69
CPU 69 6 1
# CONTEXT CPU 2 69
CPU 70 10 0
CPU 70 6 1
# CONTEXT CPU 2 70
EXIT 71 6 1
CPU 71 10 0
# CONTEXT CPU 1 71
# CONTEXT CPU 2 71
EXIT 72 10 0
# CONTEXT CPU 0 72
# CONTEXT CPU 1 72
CPU 72 12 2
CPU 73 14 0
# CONTEXT CPU 1 73
CPU 73 12 2
BLOCK 74 14
CPU 74 -1 0
CPU 74 13 1
CPU 74 12 2
UNBLOCK 75 14
# CONTEXT CPU 0 75
CPU 75 13 1
CPU 75 12 2
BLOCK 76 13
BLOCK 76 12
CPU 76 14 0
CPU 76 -1 1
CPU 76 -1 2
BLOCK 77 14
UNBLOCK 77 12
UNBLOCK 77 13
# CONTEXT CPU 0 77
# CONTEXT CPU 1 77
CPU 77 -1 2
UNBLOCK 78 14
# CONTEXT CPU 0 78
CPU 78 13 1
# CONTEXT CPU 2 78
BLOCK 79 13
# CONTEXT CPU 0 79
CPU 79 -1 1
# CONTEXT CPU 2 79
UNBLOCK 80 13
CPU 80 12 0
# CONTEXT CPU 1 80
# CONTEXT CPU 2 80
CPU 81 12 0
CPU 81 13 1
CPU 81 14 2
EXIT 82 12 0
BLOCK 82 14
CPU 82 -1 0
CPU 82 13 1
CPU 82 -1 2
EXIT 83 13 1
UNBLOCK 83 14
# CONTEXT CPU 0 83
CPU 83 -1 1
CPU 83 -1 2
# CONTEXT CPU 0 84
CPU 84 -1 1
CPU 84 -1 2
# CONTEXT CPU 0 85
CPU 85 -1 1
CPU 85 -1 2
CPU 86 14 0
CPU 86 -1 1
CPU 86 -1 2
BLOCK 87 14
CPU 87 -1 0
CPU 87 -1 1
CPU 87 -1 2
UNBLOCK 88 14
# CONTEXT CPU 0 88
CPU 88 -1 1
CPU 88 -1 2
CPU 89 14 0
CPU 89 -1 1
CPU 89 -1 2
BLOCK 90 14
CPU 90 -1 0
CPU 90 -1 1
CPU 90 -1 2
UNBLOCK 91 14
# CONTEXT CPU 0 91
CPU 91 -1 1
CPU 91 -1 2
CPU 92 14 0
CPU 92 -1 1
CPU 92 -1 2
EXIT 93 14 0
CPU 93 -1 0
CPU 93 -1 1
CPU 93 -1 2
