# SETTINGS ../simusched tareas.tsk 4 1 2 SchedRR 4 2 4 4 8
LOAD 0 0
LOAD 0 1
LOAD 0 2
LOAD 0 3
LOAD 0 4
LOAD 0 5
LOAD 0 6
LOAD 0 7
LOAD 0 8
LOAD 0 9
LOAD 0 10
LOAD 0 11
LOAD 0 12
LOAD 0 13
LOAD 0 14
# CONTEXT CPU 0 0
# CONTEXT CPU 1 0
# CONTEXT CPU 2 0
# CONTEXT CPU 3 0
CPU 1 0 0
CPU 1 1 1
CPU 1 2 2
CPU 1 3 3
BLOCK 2 3
CPU 2 0 0
CPU 2 1 1
CPU 2 2 2
# CONTEXT CPU 3 2
UNBLOCK 3 3
CPU 3 0 0
CPU 3 1 1
CPU 3 2 2
CPU 3 4 3
CPU 4 0 0
# CONTEXT CPU 1 4
CPU 4 2 2
CPU 4 4 3
CPU 5 0 0
CPU 5 5 1
CPU 5 2 2
CPU 5 4 3
# CONTEXT CPU 0 6
CPU 6 5 1
# CONTEXT CPU 2 6
CPU 6 4 3
BLOCK 7 4
CPU 7 6 0
CPU 7 5 1
CPU 7 7 2
# CONTEXT CPU 3 7
BLOCK 8 7
UNBLOCK 8 4
CPU 8 6 0
# CONTEXT CPU 1 8
# CONTEXT CPU 2 8
CPU 8 8 3
BLOCK 9 8
UNBLOCK 9 7
CPU 9 6 0
CPU 9 9 1
CPU 9 10 2
# CONTEXT CPU 3 9
UNBLOCK 10 8
CPU 10 6 0
CPU 10 9 1
CPU 10 10 2
CPU 10 11 3
BLOCK 11 10
BLOCK 11 11
CPU 11 6 0
CPU 11 9 1
# CONTEXT CPU 2 11
# CONTEXT CPU 3 11
UNBLOCK 12 10
UNBLOCK 12 11
# CONTEXT CPU 0 12
# CONTEXT CPU 1 12
CPU 12 12 2
CPU 12 13 3
BLOCK 13 12
BLOCK 13 13
CPU 13 14 0
# CONTEXT CPU 1 13
# CONTEXT CPU 2 13
# CONTEXT CPU 3 13
BLOCK 14 14
UNBLOCK 14 12
UNBLOCK 14 13
# CONTEXT CPU 0 14
# CONTEXT CPU 1 14
# CONTEXT CPU 2 14
# CONTEXT CPU 3 14
UNBLOCK 15 14
# CONTEXT CPU 0 15
CPU 15 3 1
# CONTEXT CPU 2 15
# CONTEXT CPU 3 15
# CONTEXT CPU 0 16
CPU 16 3 1
CPU 16 1 2
CPU 16 0 3
BLOCK 17 0
CPU 17 2 0
CPU 17 3 1
CPU 17 1 2
# CONTEXT CPU 3 17
UNBLOCK 18 0
CPU 18 2 0
# CONTEXT CPU 1 18
CPU 18 1 2
CPU 18 4 3
BLOCK 19 2
# CONTEXT CPU 0 19
CPU 19 5 1
CPU 19 1 2
CPU 19 4 3
BLOCK 20 5
BLOCK 20 1
UNBLOCK 20 2
# CONTEXT CPU 0 20
# CONTEXT CPU 1 20
# CONTEXT CPU 2 20
# CONTEXT CPU 3 20
UNBLOCK 21 1
UNBLOCK 21 5
# CONTEXT CPU 0 21
# CONTEXT CPU 1 21
CPU 21 10 2
CPU 21 11 3
BLOCK 22 10
CPU 22 7 0
# CONTEXT CPU 1 22
# CONTEXT CPU 2 22
CPU 22 11 3
BLOCK 23 11
UNBLOCK 23 10
CPU 23 7 0
CPU 23 8 1
# CONTEXT CPU 2 23
# CONTEXT CPU 3 23
UNBLOCK 24 11
CPU 24 7 0
CPU 24 8 1
# CONTEXT CPU 2 24
# CONTEXT CPU 3 24
CPU 25 7 0
CPU 25 8 1
CPU 25 6 2
# CONTEXT CPU 3 25
BLOCK 26 8
BLOCK 26 6
# CONTEXT CPU 0 26
# CONTEXT CPU 1 26
# CONTEXT CPU 2 26
CPU 26 9 3
UNBLOCK 27 6
UNBLOCK 27 8
# CONTEXT CPU 0 27
# CONTEXT CPU 1 27
# CONTEXT CPU 2 27
CPU 27 9 3
BLOCK 28 9
# CONTEXT CPU 0 28
# CONTEXT CPU 1 28
# CONTEXT CPU 2 28
# CONTEXT CPU 3 28
UNBLOCK 29 9
CPU 29 12 0
CPU 29 13 1
CPU 29 14 2
CPU 29 0 3
BLOCK 30 12
BLOCK 30 14
# CONTEXT CPU 0 30
# CONTEXT CPU 1 30
# CONTEXT CPU 2 30
CPU 30 0 3
UNBLOCK 31 12
UNBLOCK 31 14
# CONTEXT CPU 0 31
# CONTEXT CPU 1 31
# CONTEXT CPU 2 31
CPU 31 0 3
EXIT 32 0 3
# CONTEXT CPU 0 32
# CONTEXT CPU 1 32
# CONTEXT CPU 2 32
# CONTEXT CPU 3 32
CPU 33 3 0
CPU 33 2 1
CPU 33 4 2
# CONTEXT CPU 3 33
CPU 34 3 0
CPU 34 2 1
# CONTEXT CPU 2 34
# CONTEXT CPU 3 34
EXIT 35 2 1
CPU 35 3 0
# CONTEXT CPU 1 35
# CONTEXT CPU 2 35
CPU 35 1 3
CPU 36 3 0
# CONTEXT CPU 1 36
# CONTEXT CPU 2 36
CPU 36 1 3
EXIT 37 1 3
CPU 37 3 0
# CONTEXT CPU 1 37
CPU 37 5 2
# CONTEXT CPU 3 37
EXIT 38 3 0
# CONTEXT CPU 0 38
CPU 38 10 1
CPU 38 5 2
CPU 38 11 3
CPU 39 7 0
CPU 39 10 1
CPU 39 5 2
CPU 39 11 3
CPU 40 7 0
CPU 40 10 1
CPU 40 5 2
CPU 40 11 3
CPU 41 7 0
# CONTEXT CPU 1 41
CPU 41 5 2
CPU 41 11 3
EXIT 42 5 2
CPU 42 7 0
# CONTEXT CPU 1 42
# CONTEXT CPU 2 42
CPU 42 11 3
EXIT 43 7 0
# CONTEXT CPU 0 43
# CONTEXT CPU 1 43
# CONTEXT CPU 2 43
# CONTEXT CPU 3 43
# CONTEXT CPU 0 44
CPU 44 6 1
# CONTEXT CPU 2 44
# CONTEXT CPU 3 44
# CONTEXT CPU 0 45
CPU 45 6 1
CPU 45 8 2
# CONTEXT CPU 3 45
CPU 46 9 0
CPU 46 6 1
CPU 46 8 2
CPU 46 13 3
BLOCK 47 9
EXIT 47 6 1
# CONTEXT CPU 0 47
# CONTEXT CPU 1 47
CPU 47 8 2
CPU 47 13 3
UNBLOCK 48 9
CPU 48 12 0
# CONTEXT CPU 1 48
CPU 48 8 2
CPU 48 13 3
BLOCK 49 12
BLOCK 49 13
# CONTEXT CPU 0 49
# CONTEXT CPU 1 49
CPU 49 8 2
# CONTEXT CPU 3 49
EXIT 50 8 2
UNBLOCK 50 12
UNBLOCK 50 13
# CONTEXT CPU 0 50
CPU 50 14 1
# CONTEXT CPU 2 50
# CONTEXT CPU 3 50
BLOCK 51 14
# CONTEXT CPU 0 51
# CONTEXT CPU 1 51
# CONTEXT CPU 2 51
# CONTEXT CPU 3 51
UNBLOCK 52 14
CPU 52 4 0
# CONTEXT CPU 1 52
# CONTEXT CPU 2 52
CPU 52 10 3
CPU 53 4 0
# CONTEXT CPU 1 53
CPU 53 11 2
CPU 53 10 3
EXIT 54 4 0
EXIT 54 11 2
# CONTEXT CPU 0 54
CPU 54 9 1
# CONTEXT CPU 2 54
CPU 54 10 3
EXIT 55 10 3
CPU 55 12 0
CPU 55 9 1
# CONTEXT CPU 2 55
# CONTEXT CPU 3 55
BLOCK 56 12
CPU 56 -1 0
CPU 56 9 1
# CONTEXT CPU 2 56
# CONTEXT CPU 3 56
EXIT 57 9 1
UNBLOCK 57 12
# CONTEXT CPU 0 57
CPU 57 -1 1
CPU 57 13 2
# CONTEXT CPU 3 57
BLOCK 58 13
CPU 58 12 0
CPU 58 -1 1
CPU 58 -1 2
CPU 58 14 3
BLOCK 59 14
UNBLOCK 59 13
CPU 59 12 0
# CONTEXT CPU 1 59
CPU 59 -1 2
CPU 59 -1 3
UNBLOCK 60 14
CPU 60 12 0
# CONTEXT CPU 1 60
# CONTEXT CPU 2 60
CPU 60 -1 3
CPU 61 12 0
# CONTEXT CPU 1 61
# CONTEXT CPU 2 61
CPU 61 -1 3
CPU 62 12 0
CPU 62 13 1
# CONTEXT CPU 2 62
CPU 62 -1 3
EXIT 63 12 0
CPU 63 -1 0
CPU 63 13 1
CPU 63 14 2
CPU 63 -1 3
BLOCK 64 13
BLOCK 64 14
CPU 64 -1 0
CPU 64 -1 1
CPU 64 -1 2
CPU 64 -1 3
UNBLOCK 65 13
UNBLOCK 65 14
# CONTEXT CPU 0 65
# CONTEXT CPU 1 65
CPU 65 -1 2
CPU 65 -1 3
# CONTEXT CPU 0 66
# CONTEXT CPU 1 66
CPU 66 -1 2
CPU 66 -1 3
# CONTEXT CPU 0 67
# CONTEXT CPU 1 67
CPU 67 -1 2
CPU 67 -1 3
CPU 68 13 0
CPU 68 14 1
CPU 68 -1 2
CPU 68 -1 3
EXIT 69 13 0
BLOCK 69 14
CPU 69 -1 0
CPU 69 -1 1
CPU 69 -1 2
CPU 69 -1 3
UNBLOCK 70 14
# CONTEXT CPU 0 70
CPU 70 -1 1
CPU 70 -1 2
CPU 70 -1 3
# CONTEXT CPU 0 71
CPU 71 -1 1
CPU 71 -1 2
CPU 71 -1 3
# CONTEXT CPU 0 72
CPU 72 -1 1
CPU 72 -1 2
CPU 72 -1 3
CPU 73 14 0
CPU 73 -1 1
CPU 73 -1 2
CPU 73 -1 3
BLOCK 74 14
CPU 74 -1 0
CPU 74 -1 1
CPU 74 -1 2
CPU 74 -1 3
UNBLOCK 75 14
# CONTEXT CPU 0 75
CPU 75 -1 1
CPU 75 -1 2
CPU 75 -1 3
CPU 76 14 0
CPU 76 -1 1
CPU 76 -1 2
CPU 76 -1 3
BLOCK 77 14
CPU 77 -1 0
CPU 77 -1 1
CPU 77 -1 2
CPU 77 -1 3
UNBLOCK 78 14
# CONTEXT CPU 0 78
CPU 78 -1 1
CPU 78 -1 2
CPU 78 -1 3
CPU 79 14 0
CPU 79 -1 1
CPU 79 -1 2
CPU 79 -1 3
EXIT 80 14 0
CPU 80 -1 0
CPU 80 -1 1
CPU 80 -1 2
CPU 80 -1 3
