# SETTINGS ../simusched tareas.tsk 3 1 2 SchedRR 3 1 5 8
LOAD 0 0
LOAD 0 1
LOAD 0 2
LOAD 0 3
LOAD 0 4
LOAD 0 5
LOAD 0 6
LOAD 0 7
LOAD 0 8
LOAD 0 9
LOAD 0 10
LOAD 0 11
LOAD 0 12
LOAD 0 13
LOAD 0 14
# CONTEXT CPU 0 0
# CONTEXT CPU 1 0
# CONTEXT CPU 2 0
CPU 1 0 0
CPU 1 1 1
CPU 1 2 2
CPU 2 0 0
CPU 2 1 1
CPU 2 2 2
BLOCK 3 1
CPU 3 0 0
# CONTEXT CPU 1 3
CPU 3 2 2
UNBLOCK 4 1
CPU 4 0 0
CPU 4 3 1
CPU 4 2 2
BLOCK 5 0
# CONTEXT CPU 0 5
# CONTEXT CPU 1 5
CPU 5 2 2
UNBLOCK 6 0
CPU 6 4 0
CPU 6 5 1
CPU 6 2 2
# CONTEXT CPU 0 7
CPU 7 5 1
# CONTEXT CPU 2 7
CPU 8 6 0
# CONTEXT CPU 1 8
CPU 8 7 2
CPU 9 6 0
CPU 9 8 1
CPU 9 7 2
CPU 10 6 0
CPU 10 8 1
CPU 10 7 2
BLOCK 11 8
BLOCK 11 7
CPU 11 6 0
# CONTEXT CPU 1 11
# CONTEXT CPU 2 11
UNBLOCK 12 7
UNBLOCK 12 8
# CONTEXT CPU 0 12
CPU 12 9 1
CPU 12 10 2
BLOCK 13 10
CPU 13 11 0
# CONTEXT CPU 1 13
# CONTEXT CPU 2 13
UNBLOCK 14 10
CPU 14 11 0
CPU 14 12 1
CPU 14 13 2
CPU 15 11 0
CPU 15 12 1
CPU 15 13 2
BLOCK 16 11
BLOCK 16 12
# CONTEXT CPU 0 16
# CONTEXT CPU 1 16
CPU 16 13 2
BLOCK 17 13
UNBLOCK 17 11
UNBLOCK 17 12
CPU 17 14 0
CPU 17 1 1
# CONTEXT CPU 2 17
BLOCK 18 14
UNBLOCK 18 13
# CONTEXT CPU 0 18
# CONTEXT CPU 1 18
# CONTEXT CPU 2 18
UNBLOCK 19 14
CPU 19 0 0
# CONTEXT CPU 1 19
# CONTEXT CPU 2 19
CPU 20 0 0
# CONTEXT CPU 1 20
CPU 20 3 2
BLOCK 21 3
# CONTEXT CPU 0 21
CPU 21 4 1
# CONTEXT CPU 2 21
UNBLOCK 22 3
# CONTEXT CPU 0 22
CPU 22 4 1
# CONTEXT CPU 2 22
# CONTEXT CPU 0 23
# CONTEXT CPU 1 23
# CONTEXT CPU 2 23
CPU 24 2 0
# CONTEXT CPU 1 24
CPU 24 5 2
CPU 25 2 0
# CONTEXT CPU 1 25
CPU 25 5 2
BLOCK 26 2
# CONTEXT CPU 0 26
CPU 26 7 1
# CONTEXT CPU 2 26
UNBLOCK 27 2
# CONTEXT CPU 0 27
CPU 27 7 1
# CONTEXT CPU 2 27
# CONTEXT CPU 0 28
# CONTEXT CPU 1 28
# CONTEXT CPU 2 28
CPU 29 8 0
CPU 29 9 1
CPU 29 6 2
BLOCK 30 6
CPU 30 8 0
CPU 30 9 1
# CONTEXT CPU 2 30
BLOCK 31 8
UNBLOCK 31 6
# CONTEXT CPU 0 31
# CONTEXT CPU 1 31
CPU 31 10 2
UNBLOCK 32 8
CPU 32 11 0
CPU 32 12 1
CPU 32 10 2
BLOCK 33 11
# CONTEXT CPU 0 33
CPU 33 12 1
CPU 33 10 2
BLOCK 34 10
UNBLOCK 34 11
# CONTEXT CPU 0 34
# CONTEXT CPU 1 34
# CONTEXT CPU 2 34
UNBLOCK 35 10
# CONTEXT CPU 0 35
CPU 35 1 1
# CONTEXT CPU 2 35
CPU 36 13 0
CPU 36 1 1
# CONTEXT CPU 2 36
CPU 37 13 0
# CONTEXT CPU 1 37
CPU 37 14 2
BLOCK 38 13
BLOCK 38 14
# CONTEXT CPU 0 38
# CONTEXT CPU 1 38
# CONTEXT CPU 2 38
UNBLOCK 39 13
UNBLOCK 39 14
# CONTEXT CPU 0 39
# CONTEXT CPU 1 39
# CONTEXT CPU 2 39
# CONTEXT CPU 0 40
CPU 40 0 1
# CONTEXT CPU 2 40
CPU 41 3 0
CPU 41 0 1
CPU 41 4 2
# CONTEXT CPU 0 42
# CONTEXT CPU 1 42
CPU 42 4 2
BLOCK 43 4
# CONTEXT CPU 0 43
# CONTEXT CPU 1 43
# CONTEXT CPU 2 43
UNBLOCK 44 4
# CONTEXT CPU 0 44
# CONTEXT CPU 1 44
# CONTEXT CPU 2 44
CPU 45 5 0
CPU 45 2 1
# CONTEXT CPU 2 45
EXIT 46 2 1
CPU 46 5 0
# CONTEXT CPU 1 46
CPU 46 7 2
CPU 47 5 0
# CONTEXT CPU 1 47
CPU 47 7 2
BLOCK 48 5
# CONTEXT CPU 0 48
# CONTEXT CPU 1 48
CPU 48 7 2
UNBLOCK 49 5
# CONTEXT CPU 0 49
CPU 49 6 1
# CONTEXT CPU 2 49
# CONTEXT CPU 0 50
CPU 50 6 1
# CONTEXT CPU 2 50
CPU 51 9 0
# CONTEXT CPU 1 51
# CONTEXT CPU 2 51
CPU 52 9 0
# CONTEXT CPU 1 52
CPU 52 8 2
BLOCK 53 9
# CONTEXT CPU 0 53
# CONTEXT CPU 1 53
CPU 53 8 2
UNBLOCK 54 9
# CONTEXT CPU 0 54
CPU 54 11 1
CPU 54 8 2
# CONTEXT CPU 0 55
CPU 55 11 1
CPU 55 8 2
CPU 56 12 0
# CONTEXT CPU 1 56
CPU 56 8 2
BLOCK 57 12
EXIT 57 8 2
# CONTEXT CPU 0 57
# CONTEXT CPU 1 57
# CONTEXT CPU 2 57
UNBLOCK 58 12
# CONTEXT CPU 0 58
# CONTEXT CPU 1 58
# CONTEXT CPU 2 58
# CONTEXT CPU 0 59
CPU 59 10 1
# CONTEXT CPU 2 59
CPU 60 1 0
CPU 60 10 1
CPU 60 13 2
BLOCK 61 13
# CONTEXT CPU 0 61
# CONTEXT CPU 1 61
# CONTEXT CPU 2 61
UNBLOCK 62 13
# CONTEXT CPU 0 62
# CONTEXT CPU 1 62
# CONTEXT CPU 2 62
# CONTEXT CPU 0 63
# CONTEXT CPU 1 63
# CONTEXT CPU 2 63
CPU 64 14 0
CPU 64 3 1
CPU 64 0 2
BLOCK 65 14
EXIT 65 0 2
# CONTEXT CPU 0 65
CPU 65 3 1
# CONTEXT CPU 2 65
UNBLOCK 66 14
# CONTEXT CPU 0 66
# CONTEXT CPU 1 66
# CONTEXT CPU 2 66
# CONTEXT CPU 0 67
# CONTEXT CPU 1 67
# CONTEXT CPU 2 67
CPU 68 4 0
# CONTEXT CPU 1 68
CPU 68 5 2
CPU 69 4 0
CPU 69 7 1
CPU 69 5 2
EXIT 70 7 1
EXIT 70 5 2
CPU 70 4 0
# CONTEXT CPU 1 70
# CONTEXT CPU 2 70
CPU 71 4 0
CPU 71 6 1
# CONTEXT CPU 2 71
EXIT 72 4 0
# CONTEXT CPU 0 72
CPU 72 6 1
# CONTEXT CPU 2 72
EXIT 73 6 1
# CONTEXT CPU 0 73
# CONTEXT CPU 1 73
CPU 73 9 2
# CONTEXT CPU 0 74
# CONTEXT CPU 1 74
CPU 74 9 2
BLOCK 75 9
CPU 75 11 0
# CONTEXT CPU 1 75
# CONTEXT CPU 2 75
UNBLOCK 76 9
CPU 76 11 0
CPU 76 12 1
# CONTEXT CPU 2 76
CPU 77 11 0
CPU 77 12 1
# CONTEXT CPU 2 77
EXIT 78 11 0
BLOCK 78 12
# CONTEXT CPU 0 78
# CONTEXT CPU 1 78
CPU 78 1 2
UNBLOCK 79 12
# CONTEXT CPU 0 79
# CONTEXT CPU 1 79
CPU 79 1 2
# CONTEXT CPU 0 80
# CONTEXT CPU 1 80
CPU 80 1 2
EXIT 81 1 2
CPU 81 10 0
CPU 81 13 1
# CONTEXT CPU 2 81
CPU 82 10 0
# CONTEXT CPU 1 82
# CONTEXT CPU 2 82
CPU 83 10 0
CPU 83 3 1
# CONTEXT CPU 2 83
EXIT 84 10 0
# CONTEXT CPU 0 84
CPU 84 3 1
CPU 84 14 2
BLOCK 85 14
# CONTEXT CPU 0 85
# CONTEXT CPU 1 85
# CONTEXT CPU 2 85
UNBLOCK 86 14
# CONTEXT CPU 0 86
CPU 86 12 1
# CONTEXT CPU 2 86
BLOCK 87 12
CPU 87 9 0
# CONTEXT CPU 1 87
# CONTEXT CPU 2 87
UNBLOCK 88 12
CPU 88 9 0
CPU 88 3 1
CPU 88 13 2
EXIT 89 9 0
BLOCK 89 13
# CONTEXT CPU 0 89
CPU 89 3 1
# CONTEXT CPU 2 89
EXIT 90 3 1
UNBLOCK 90 13
# CONTEXT CPU 0 90
# CONTEXT CPU 1 90
# CONTEXT CPU 2 90
# CONTEXT CPU 0 91
# CONTEXT CPU 1 91
# CONTEXT CPU 2 91
CPU 92 14 0
# CONTEXT CPU 1 92
CPU 92 12 2
BLOCK 93 14
EXIT 93 12 2
CPU 93 -1 0
CPU 93 13 1
CPU 93 -1 2
EXIT 94 13 1
UNBLOCK 94 14
# CONTEXT CPU 0 94
CPU 94 -1 1
CPU 94 -1 2
CPU 95 14 0
CPU 95 -1 1
CPU 95 -1 2
BLOCK 96 14
CPU 96 -1 0
CPU 96 -1 1
CPU 96 -1 2
UNBLOCK 97 14
# CONTEXT CPU 0 97
CPU 97 -1 1
CPU 97 -1 2
CPU 98 14 0
CPU 98 -1 1
CPU 98 -1 2
BLOCK 99 14
CPU 99 -1 0
CPU 99 -1 1
CPU 99 -1 2
UNBLOCK 100 14
# CONTEXT CPU 0 100
CPU 100 -1 1
CPU 100 -1 2
CPU 101 14 0
CPU 101 -1 1
CPU 101 -1 2
BLOCK 102 14
CPU 102 -1 0
CPU 102 -1 1
CPU 102 -1 2
UNBLOCK 103 14
# CONTEXT CPU 0 103
CPU 103 -1 1
CPU 103 -1 2
CPU 104 14 0
CPU 104 -1 1
CPU 104 -1 2
EXIT 105 14 0
CPU 105 -1 0
CPU 105 -1 1
CPU 105 -1 2
