# SETTINGS ../simusched tareas.tsk 4 1 2 SchedRR 4 1 4 4 6
LOAD 0 0
LOAD 0 1
LOAD 0 2
LOAD 0 3
LOAD 0 4
LOAD 0 5
LOAD 0 6
LOAD 0 7
LOAD 0 8
LOAD 0 9
LOAD 0 10
LOAD 0 11
LOAD 0 12
LOAD 0 13
LOAD 0 14
# CONTEXT CPU 0 0
# CONTEXT CPU 1 0
# CONTEXT CPU 2 0
# CONTEXT CPU 3 0
CPU 1 0 0
CPU 1 1 1
CPU 1 2 2
CPU 1 3 3
CPU 2 0 0
CPU 2 1 1
CPU 2 2 2
CPU 2 3 3
BLOCK 3 0
# CONTEXT CPU 0 3
# CONTEXT CPU 1 3
CPU 3 2 2
CPU 3 3 3
BLOCK 4 2
UNBLOCK 4 0
CPU 4 4 0
CPU 4 5 1
# CONTEXT CPU 2 4
CPU 4 3 3
UNBLOCK 5 2
CPU 5 4 0
CPU 5 5 1
CPU 5 6 2
CPU 5 3 3
CPU 6 4 0
# CONTEXT CPU 1 6
CPU 6 6 2
# CONTEXT CPU 3 6
CPU 7 4 0
CPU 7 7 1
CPU 7 6 2
CPU 7 8 3
BLOCK 8 7
BLOCK 8 8
# CONTEXT CPU 0 8
# CONTEXT CPU 1 8
# CONTEXT CPU 2 8
# CONTEXT CPU 3 8
UNBLOCK 9 7
UNBLOCK 9 8
CPU 9 9 0
CPU 9 10 1
CPU 9 11 2
CPU 9 12 3
BLOCK 10 12
CPU 10 9 0
CPU 10 10 1
CPU 10 11 2
# CONTEXT CPU 3 10
UNBLOCK 11 12
CPU 11 9 0
# CONTEXT CPU 1 11
CPU 11 11 2
CPU 11 13 3
BLOCK 12 13
CPU 12 9 0
CPU 12 14 1
CPU 12 11 2
# CONTEXT CPU 3 12
BLOCK 13 14
BLOCK 13 11
UNBLOCK 13 13
CPU 13 9 0
# CONTEXT CPU 1 13
# CONTEXT CPU 2 13
# CONTEXT CPU 3 13
UNBLOCK 14 11
UNBLOCK 14 14
# CONTEXT CPU 0 14
# CONTEXT CPU 1 14
CPU 14 2 2
# CONTEXT CPU 3 14
# CONTEXT CPU 0 15
# CONTEXT CPU 1 15
CPU 15 2 2
CPU 15 1 3
# CONTEXT CPU 0 16
CPU 16 0 1
# CONTEXT CPU 2 16
CPU 16 1 3
CPU 17 5 0
CPU 17 0 1
# CONTEXT CPU 2 17
CPU 17 1 3
CPU 18 5 0
# CONTEXT CPU 1 18
# CONTEXT CPU 2 18
CPU 18 1 3
BLOCK 19 5
# CONTEXT CPU 0 19
# CONTEXT CPU 1 19
CPU 19 3 2
CPU 19 1 3
UNBLOCK 20 5
# CONTEXT CPU 0 20
# CONTEXT CPU 1 20
CPU 20 3 2
# CONTEXT CPU 3 20
BLOCK 21 3
# CONTEXT CPU 0 21
CPU 21 4 1
# CONTEXT CPU 2 21
# CONTEXT CPU 3 21
UNBLOCK 22 3
CPU 22 6 0
CPU 22 4 1
# CONTEXT CPU 2 22
# CONTEXT CPU 3 22
CPU 23 6 0
# CONTEXT CPU 1 23
# CONTEXT CPU 2 23
CPU 23 7 3
CPU 24 6 0
# CONTEXT CPU 1 24
CPU 24 8 2
CPU 24 7 3
CPU 25 6 0
# CONTEXT CPU 1 25
CPU 25 8 2
CPU 25 7 3
BLOCK 26 6
# CONTEXT CPU 0 26
CPU 26 12 1
CPU 26 8 2
CPU 26 7 3
BLOCK 27 12
UNBLOCK 27 6
# CONTEXT CPU 0 27
# CONTEXT CPU 1 27
CPU 27 8 2
CPU 27 7 3
UNBLOCK 28 12
# CONTEXT CPU 0 28
# CONTEXT CPU 1 28
# CONTEXT CPU 2 28
# CONTEXT CPU 3 28
CPU 29 10 0
# CONTEXT CPU 1 29
CPU 29 11 2
# CONTEXT CPU 3 29
BLOCK 30 10
# CONTEXT CPU 0 30
CPU 30 13 1
CPU 30 11 2
# CONTEXT CPU 3 30
BLOCK 31 13
UNBLOCK 31 10
CPU 31 9 0
# CONTEXT CPU 1 31
CPU 31 11 2
CPU 31 14 3
BLOCK 32 9
BLOCK 32 14
UNBLOCK 32 13
# CONTEXT CPU 0 32
# CONTEXT CPU 1 32
CPU 32 11 2
# CONTEXT CPU 3 32
BLOCK 33 11
UNBLOCK 33 9
UNBLOCK 33 14
# CONTEXT CPU 0 33
# CONTEXT CPU 1 33
# CONTEXT CPU 2 33
# CONTEXT CPU 3 33
UNBLOCK 34 11
# CONTEXT CPU 0 34
CPU 34 2 1
# CONTEXT CPU 2 34
# CONTEXT CPU 3 34
CPU 35 0 0
CPU 35 2 1
# CONTEXT CPU 2 35
CPU 35 5 3
# CONTEXT CPU 0 36
# CONTEXT CPU 1 36
CPU 36 1 2
CPU 36 5 3
BLOCK 37 1
# CONTEXT CPU 0 37
CPU 37 4 1
# CONTEXT CPU 2 37
CPU 37 5 3
UNBLOCK 38 1
# CONTEXT CPU 0 38
CPU 38 4 1
# CONTEXT CPU 2 38
CPU 38 5 3
BLOCK 39 4
CPU 39 3 0
# CONTEXT CPU 1 39
# CONTEXT CPU 2 39
CPU 39 5 3
EXIT 40 5 3
UNBLOCK 40 4
CPU 40 3 0
CPU 40 12 1
CPU 40 6 2
# CONTEXT CPU 3 40
EXIT 41 3 0
BLOCK 41 12
# CONTEXT CPU 0 41
# CONTEXT CPU 1 41
CPU 41 6 2
# CONTEXT CPU 3 41
EXIT 42 6 2
UNBLOCK 42 12
# CONTEXT CPU 0 42
# CONTEXT CPU 1 42
# CONTEXT CPU 2 42
# CONTEXT CPU 3 42
# CONTEXT CPU 0 43
# CONTEXT CPU 1 43
# CONTEXT CPU 2 43
CPU 43 8 3
CPU 44 7 0
CPU 44 10 1
# CONTEXT CPU 2 44
CPU 44 8 3
BLOCK 45 8
CPU 45 7 0
# CONTEXT CPU 1 45
CPU 45 13 2
# CONTEXT CPU 3 45
UNBLOCK 46 8
CPU 46 7 0
# CONTEXT CPU 1 46
CPU 46 13 2
CPU 46 14 3
EXIT 47 7 0
BLOCK 47 14
# CONTEXT CPU 0 47
# CONTEXT CPU 1 47
CPU 47 13 2
# CONTEXT CPU 3 47
UNBLOCK 48 14
# CONTEXT CPU 0 48
CPU 48 9 1
CPU 48 13 2
# CONTEXT CPU 3 48
BLOCK 49 13
# CONTEXT CPU 0 49
CPU 49 9 1
# CONTEXT CPU 2 49
# CONTEXT CPU 3 49
BLOCK 50 9
UNBLOCK 50 13
CPU 50 11 0
# CONTEXT CPU 1 50
# CONTEXT CPU 2 50
CPU 50 0 3
EXIT 51 11 0
UNBLOCK 51 9
# CONTEXT CPU 0 51
# CONTEXT CPU 1 51
# CONTEXT CPU 2 51
CPU 51 0 3
# CONTEXT CPU 0 52
# CONTEXT CPU 1 52
CPU 52 2 2
CPU 52 0 3
# CONTEXT CPU 0 53
CPU 53 1 1
CPU 53 2 2
CPU 53 0 3
EXIT 54 1 1
EXIT 54 2 2
EXIT 54 0 3
CPU 54 4 0
# CONTEXT CPU 1 54
# CONTEXT CPU 2 54
# CONTEXT CPU 3 54
EXIT 55 4 0
# CONTEXT CPU 0 55
CPU 55 12 1
# CONTEXT CPU 2 55
CPU 55 8 3
# CONTEXT CPU 0 56
CPU 56 12 1
# CONTEXT CPU 2 56
CPU 56 8 3
BLOCK 57 12
EXIT 57 8 3
# CONTEXT CPU 0 57
# CONTEXT CPU 1 57
CPU 57 10 2
# CONTEXT CPU 3 57
BLOCK 58 10
UNBLOCK 58 12
CPU 58 14 0
# CONTEXT CPU 1 58
# CONTEXT CPU 2 58
# CONTEXT CPU 3 58
BLOCK 59 14
UNBLOCK 59 10
# CONTEXT CPU 0 59
# CONTEXT CPU 1 59
# CONTEXT CPU 2 59
# CONTEXT CPU 3 59
UNBLOCK 60 14
# CONTEXT CPU 0 60
CPU 60 13 1
# CONTEXT CPU 2 60
CPU 60 9 3
EXIT 61 9 3
# CONTEXT CPU 0 61
# CONTEXT CPU 1 61
CPU 61 12 2
# CONTEXT CPU 3 61
CPU 62 10 0
# CONTEXT CPU 1 62
CPU 62 12 2
# CONTEXT CPU 3 62
CPU 63 10 0
# CONTEXT CPU 1 63
CPU 63 12 2
# CONTEXT CPU 3 63
CPU 64 10 0
CPU 64 14 1
CPU 64 12 2
CPU 64 13 3
BLOCK 65 14
EXIT 65 12 2
BLOCK 65 13
CPU 65 10 0
CPU 65 -1 1
CPU 65 -1 2
CPU 65 -1 3
EXIT 66 10 0
UNBLOCK 66 13
UNBLOCK 66 14
# CONTEXT CPU 0 66
# CONTEXT CPU 1 66
CPU 66 -1 2
CPU 66 -1 3
# CONTEXT CPU 0 67
CPU 67 14 1
CPU 67 -1 2
CPU 67 -1 3
BLOCK 68 14
# CONTEXT CPU 0 68
CPU 68 -1 1
CPU 68 -1 2
CPU 68 -1 3
UNBLOCK 69 14
CPU 69 13 0
# CONTEXT CPU 1 69
CPU 69 -1 2
CPU 69 -1 3
EXIT 70 13 0
CPU 70 -1 0
CPU 70 14 1
CPU 70 -1 2
CPU 70 -1 3
BLOCK 71 14
CPU 71 -1 0
CPU 71 -1 1
CPU 71 -1 2
CPU 71 -1 3
UNBLOCK 72 14
# CONTEXT CPU 0 72
CPU 72 -1 1
CPU 72 -1 2
CPU 72 -1 3
# CONTEXT CPU 0 73
CPU 73 -1 1
CPU 73 -1 2
CPU 73 -1 3
# CONTEXT CPU 0 74
CPU 74 -1 1
CPU 74 -1 2
CPU 74 -1 3
CPU 75 14 0
CPU 75 -1 1
CPU 75 -1 2
CPU 75 -1 3
BLOCK 76 14
CPU 76 -1 0
CPU 76 -1 1
CPU 76 -1 2
CPU 76 -1 3
UNBLOCK 77 14
# CONTEXT CPU 0 77
CPU 77 -1 1
CPU 77 -1 2
CPU 77 -1 3
CPU 78 14 0
CPU 78 -1 1
CPU 78 -1 2
CPU 78 -1 3
EXIT 79 14 0
CPU 79 -1 0
CPU 79 -1 1
CPU 79 -1 2
CPU 79 -1 3
