# SETTINGS ../simusched tareas.tsk 3 1 2 SchedRR 3 4 4 6
LOAD 0 0
LOAD 0 1
LOAD 0 2
LOAD 0 3
LOAD 0 4
LOAD 0 5
LOAD 0 6
LOAD 0 7
LOAD 0 8
LOAD 0 9
LOAD 0 10
LOAD 0 11
LOAD 0 12
LOAD 0 13
LOAD 0 14
# CONTEXT CPU 0 0
# CONTEXT CPU 1 0
# CONTEXT CPU 2 0
CPU 1 0 0
CPU 1 1 1
CPU 1 2 2
BLOCK 2 1
CPU 2 0 0
# CONTEXT CPU 1 2
CPU 2 2 2
UNBLOCK 3 1
CPU 3 0 0
CPU 3 3 1
CPU 3 2 2
BLOCK 4 3
CPU 4 0 0
# CONTEXT CPU 1 4
CPU 4 2 2
UNBLOCK 5 3
# CONTEXT CPU 0 5
CPU 5 4 1
CPU 5 2 2
CPU 6 5 0
CPU 6 4 1
# CONTEXT CPU 2 6
CPU 7 5 0
CPU 7 4 1
CPU 7 6 2
CPU 8 5 0
CPU 8 4 1
CPU 8 6 2
CPU 9 5 0
CPU 9 4 1
CPU 9 6 2
# CONTEXT CPU 0 10
# CONTEXT CPU 1 10
CPU 10 6 2
CPU 11 7 0
CPU 11 8 1
CPU 11 6 2
CPU 12 7 0
CPU 12 8 1
# CONTEXT CPU 2 12
CPU 13 7 0
CPU 13 8 1
CPU 13 9 2
CPU 14 7 0
CPU 14 8 1
CPU 14 9 2
BLOCK 15 9
# CONTEXT CPU 0 15
CPU 15 8 1
# CONTEXT CPU 2 15
UNBLOCK 16 9
CPU 16 10 0
# CONTEXT CPU 1 16
CPU 16 11 2
CPU 17 10 0
CPU 17 12 1
CPU 17 11 2
BLOCK 18 10
BLOCK 18 12
# CONTEXT CPU 0 18
# CONTEXT CPU 1 18
CPU 18 11 2
BLOCK 19 11
UNBLOCK 19 10
UNBLOCK 19 12
CPU 19 13 0
CPU 19 14 1
# CONTEXT CPU 2 19
BLOCK 20 14
UNBLOCK 20 11
CPU 20 13 0
# CONTEXT CPU 1 20
# CONTEXT CPU 2 20
BLOCK 21 13
UNBLOCK 21 14
# CONTEXT CPU 0 21
CPU 21 3 1
# CONTEXT CPU 2 21
UNBLOCK 22 13
CPU 22 0 0
CPU 22 3 1
CPU 22 1 2
BLOCK 23 0
# CONTEXT CPU 0 23
CPU 23 3 1
CPU 23 1 2
UNBLOCK 24 0
# CONTEXT CPU 0 24
CPU 24 3 1
# CONTEXT CPU 2 24
# CONTEXT CPU 0 25
CPU 25 3 1
# CONTEXT CPU 2 25
CPU 26 2 0
# CONTEXT CPU 1 26
# CONTEXT CPU 2 26
CPU 27 2 0
CPU 27 4 1
CPU 27 5 2
BLOCK 28 2
# CONTEXT CPU 0 28
CPU 28 4 1
CPU 28 5 2
BLOCK 29 5
UNBLOCK 29 2
# CONTEXT CPU 0 29
CPU 29 4 1
# CONTEXT CPU 2 29
BLOCK 30 4
UNBLOCK 30 5
# CONTEXT CPU 0 30
# CONTEXT CPU 1 30
# CONTEXT CPU 2 30
UNBLOCK 31 4
CPU 31 6 0
# CONTEXT CPU 1 31
# CONTEXT CPU 2 31
BLOCK 32 6
# CONTEXT CPU 0 32
# CONTEXT CPU 1 32
CPU 32 7 2
UNBLOCK 33 6
# CONTEXT CPU 0 33
CPU 33 9 1
CPU 33 7 2
# CONTEXT CPU 0 34
CPU 34 9 1
CPU 34 7 2
BLOCK 35 9
BLOCK 35 7
CPU 35 8 0
# CONTEXT CPU 1 35
# CONTEXT CPU 2 35
UNBLOCK 36 7
UNBLOCK 36 9
# CONTEXT CPU 0 36
# CONTEXT CPU 1 36
# CONTEXT CPU 2 36
# CONTEXT CPU 0 37
# CONTEXT CPU 1 37
# CONTEXT CPU 2 37
# CONTEXT CPU 0 38
CPU 38 10 1
CPU 38 12 2
BLOCK 39 10
BLOCK 39 12
CPU 39 11 0
# CONTEXT CPU 1 39
# CONTEXT CPU 2 39
UNBLOCK 40 10
UNBLOCK 40 12
CPU 40 11 0
CPU 40 14 1
# CONTEXT CPU 2 40
BLOCK 41 14
CPU 41 11 0
# CONTEXT CPU 1 41
# CONTEXT CPU 2 41
UNBLOCK 42 14
CPU 42 11 0
# CONTEXT CPU 1 42
CPU 42 13 2
# CONTEXT CPU 0 43
# CONTEXT CPU 1 43
CPU 43 13 2
BLOCK 44 13
# CONTEXT CPU 0 44
CPU 44 0 1
# CONTEXT CPU 2 44
UNBLOCK 45 13
# CONTEXT CPU 0 45
CPU 45 0 1
# CONTEXT CPU 2 45
CPU 46 1 0
# CONTEXT CPU 1 46
# CONTEXT CPU 2 46
CPU 47 1 0
# CONTEXT CPU 1 47
CPU 47 3 2
CPU 48 1 0
# CONTEXT CPU 1 48
# CONTEXT CPU 2 48
CPU 49 1 0
CPU 49 2 1
CPU 49 5 2
# CONTEXT CPU 0 50
CPU 50 2 1
CPU 50 5 2
EXIT 51 2 1
# CONTEXT CPU 0 51
# CONTEXT CPU 1 51
CPU 51 5 2
EXIT 52 5 2
# CONTEXT CPU 0 52
# CONTEXT CPU 1 52
# CONTEXT CPU 2 52
CPU 53 4 0
# CONTEXT CPU 1 53
CPU 53 7 2
EXIT 54 4 0
# CONTEXT CPU 0 54
CPU 54 6 1
CPU 54 7 2
EXIT 55 7 2
# CONTEXT CPU 0 55
CPU 55 6 1
# CONTEXT CPU 2 55
# CONTEXT CPU 0 56
CPU 56 6 1
# CONTEXT CPU 2 56
EXIT 57 6 1
CPU 57 9 0
# CONTEXT CPU 1 57
# CONTEXT CPU 2 57
CPU 58 9 0
CPU 58 10 1
CPU 58 8 2
BLOCK 59 8
CPU 59 9 0
CPU 59 10 1
# CONTEXT CPU 2 59
UNBLOCK 60 8
CPU 60 9 0
CPU 60 10 1
CPU 60 12 2
BLOCK 61 12
# CONTEXT CPU 0 61
CPU 61 10 1
# CONTEXT CPU 2 61
UNBLOCK 62 12
# CONTEXT CPU 0 62
CPU 62 10 1
# CONTEXT CPU 2 62
# CONTEXT CPU 0 63
# CONTEXT CPU 1 63
# CONTEXT CPU 2 63
CPU 64 14 0
# CONTEXT CPU 1 64
CPU 64 11 2
BLOCK 65 14
BLOCK 65 11
# CONTEXT CPU 0 65
# CONTEXT CPU 1 65
# CONTEXT CPU 2 65
UNBLOCK 66 11
UNBLOCK 66 14
# CONTEXT CPU 0 66
CPU 66 13 1
CPU 66 3 2
# CONTEXT CPU 0 67
CPU 67 13 1
CPU 67 3 2
BLOCK 68 13
EXIT 68 3 2
CPU 68 0 0
# CONTEXT CPU 1 68
# CONTEXT CPU 2 68
UNBLOCK 69 13
CPU 69 0 0
# CONTEXT CPU 1 69
CPU 69 8 2
EXIT 70 0 0
BLOCK 70 8
# CONTEXT CPU 0 70
# CONTEXT CPU 1 70
# CONTEXT CPU 2 70
UNBLOCK 71 8
CPU 71 9 0
CPU 71 1 1
CPU 71 12 2
EXIT 72 9 0
# CONTEXT CPU 0 72
CPU 72 1 1
CPU 72 12 2
EXIT 73 1 1
# CONTEXT CPU 0 73
# CONTEXT CPU 1 73
CPU 73 12 2
# CONTEXT CPU 0 74
# CONTEXT CPU 1 74
CPU 74 12 2
BLOCK 75 12
CPU 75 10 0
# CONTEXT CPU 1 75
# CONTEXT CPU 2 75
EXIT 76 10 0
UNBLOCK 76 12
# CONTEXT CPU 0 76
CPU 76 11 1
# CONTEXT CPU 2 76
EXIT 77 11 1
# CONTEXT CPU 0 77
# CONTEXT CPU 1 77
# CONTEXT CPU 2 77
# CONTEXT CPU 0 78
# CONTEXT CPU 1 78
CPU 78 14 2
BLOCK 79 14
CPU 79 13 0
# CONTEXT CPU 1 79
# CONTEXT CPU 2 79
BLOCK 80 13
UNBLOCK 80 14
# CONTEXT CPU 0 80
CPU 80 8 1
CPU 80 12 2
EXIT 81 8 1
UNBLOCK 81 13
# CONTEXT CPU 0 81
# CONTEXT CPU 1 81
CPU 81 12 2
EXIT 82 12 2
# CONTEXT CPU 0 82
# CONTEXT CPU 1 82
CPU 82 -1 2
CPU 83 14 0
# CONTEXT CPU 1 83
CPU 83 -1 2
BLOCK 84 14
CPU 84 -1 0
CPU 84 13 1
CPU 84 -1 2
UNBLOCK 85 14
# CONTEXT CPU 0 85
CPU 85 13 1
CPU 85 -1 2
EXIT 86 13 1
CPU 86 14 0
CPU 86 -1 1
CPU 86 -1 2
BLOCK 87 14
CPU 87 -1 0
CPU 87 -1 1
CPU 87 -1 2
UNBLOCK 88 14
# CONTEXT CPU 0 88
CPU 88 -1 1
CPU 88 -1 2
CPU 89 14 0
CPU 89 -1 1
CPU 89 -1 2
BLOCK 90 14
CPU 90 -1 0
CPU 90 -1 1
CPU 90 -1 2
UNBLOCK 91 14
# CONTEXT CPU 0 91
CPU 91 -1 1
CPU 91 -1 2
CPU 92 14 0
CPU 92 -1 1
CPU 92 -1 2
BLOCK 93 14
CPU 93 -1 0
CPU 93 -1 1
CPU 93 -1 2
UNBLOCK 94 14
# CONTEXT CPU 0 94
CPU 94 -1 1
CPU 94 -1 2
CPU 95 14 0
CPU 95 -1 1
CPU 95 -1 2
EXIT 96 14 0
CPU 96 -1 0
CPU 96 -1 1
CPU 96 -1 2
