# SETTINGS ../simusched tareas.tsk 4 1 2 SchedRR 4 4 4 8 8
LOAD 0 0
LOAD 0 1
LOAD 0 2
LOAD 0 3
LOAD 0 4
LOAD 0 5
LOAD 0 6
LOAD 0 7
LOAD 0 8
LOAD 0 9
LOAD 0 10
LOAD 0 11
LOAD 0 12
LOAD 0 13
LOAD 0 14
# CONTEXT CPU 0 0
# CONTEXT CPU 1 0
# CONTEXT CPU 2 0
# CONTEXT CPU 3 0
CPU 1 0 0
CPU 1 1 1
CPU 1 2 2
CPU 1 3 3
CPU 2 0 0
CPU 2 1 1
CPU 2 2 2
CPU 2 3 3
CPU 3 0 0
CPU 3 1 1
CPU 3 2 2
CPU 3 3 3
BLOCK 4 0
BLOCK 4 1
BLOCK 4 3
# CONTEXT CPU 0 4
# CONTEXT CPU 1 4
CPU 4 2 2
# CONTEXT CPU 3 4
BLOCK 5 2
UNBLOCK 5 0
UNBLOCK 5 1
UNBLOCK 5 3
CPU 5 4 0
CPU 5 5 1
# CONTEXT CPU 2 5
CPU 5 6 3
UNBLOCK 6 2
CPU 6 4 0
CPU 6 5 1
CPU 6 7 2
CPU 6 6 3
CPU 7 4 0
CPU 7 5 1
CPU 7 7 2
CPU 7 6 3
# CONTEXT CPU 0 8
# CONTEXT CPU 1 8
# CONTEXT CPU 2 8
CPU 8 6 3
CPU 9 8 0
CPU 9 9 1
CPU 9 10 2
CPU 9 6 3
BLOCK 10 8
# CONTEXT CPU 0 10
CPU 10 9 1
CPU 10 10 2
CPU 10 6 3
BLOCK 11 10
UNBLOCK 11 8
CPU 11 11 0
CPU 11 9 1
# CONTEXT CPU 2 11
CPU 11 6 3
BLOCK 12 9
UNBLOCK 12 10
CPU 12 11 0
# CONTEXT CPU 1 12
CPU 12 12 2
# CONTEXT CPU 3 12
UNBLOCK 13 9
CPU 13 11 0
CPU 13 13 1
CPU 13 12 2
CPU 13 14 3
BLOCK 14 12
BLOCK 14 14
CPU 14 11 0
CPU 14 13 1
# CONTEXT CPU 2 14
# CONTEXT CPU 3 14
BLOCK 15 11
UNBLOCK 15 12
UNBLOCK 15 14
# CONTEXT CPU 0 15
CPU 15 13 1
# CONTEXT CPU 2 15
# CONTEXT CPU 3 15
BLOCK 16 13
UNBLOCK 16 11
# CONTEXT CPU 0 16
# CONTEXT CPU 1 16
# CONTEXT CPU 2 16
# CONTEXT CPU 3 16
UNBLOCK 17 13
# CONTEXT CPU 0 17
# CONTEXT CPU 1 17
CPU 17 0 2
CPU 17 1 3
CPU 18 3 0
# CONTEXT CPU 1 18
CPU 18 0 2
CPU 18 1 3
CPU 19 3 0
CPU 19 2 1
CPU 19 0 2
CPU 19 1 3
# CONTEXT CPU 0 20
# CONTEXT CPU 1 20
# CONTEXT CPU 2 20
CPU 20 1 3
CPU 21 4 0
CPU 21 5 1
CPU 21 7 2
CPU 21 1 3
BLOCK 22 4
# CONTEXT CPU 0 22
CPU 22 5 1
CPU 22 7 2
CPU 22 1 3
BLOCK 23 7
EXIT 23 1 3
UNBLOCK 23 4
CPU 23 8 0
CPU 23 5 1
# CONTEXT CPU 2 23
# CONTEXT CPU 3 23
BLOCK 24 5
UNBLOCK 24 7
CPU 24 8 0
# CONTEXT CPU 1 24
CPU 24 10 2
CPU 24 6 3
BLOCK 25 6
UNBLOCK 25 5
CPU 25 8 0
CPU 25 9 1
CPU 25 10 2
# CONTEXT CPU 3 25
BLOCK 26 10
UNBLOCK 26 6
CPU 26 8 0
CPU 26 9 1
# CONTEXT CPU 2 26
# CONTEXT CPU 3 26
UNBLOCK 27 10
CPU 27 8 0
CPU 27 9 1
# CONTEXT CPU 2 27
# CONTEXT CPU 3 27
# CONTEXT CPU 0 28
# CONTEXT CPU 1 28
# CONTEXT CPU 2 28
CPU 28 12 3
CPU 29 11 0
CPU 29 13 1
CPU 29 14 2
CPU 29 12 3
BLOCK 30 13
BLOCK 30 14
BLOCK 30 12
CPU 30 11 0
# CONTEXT CPU 1 30
# CONTEXT CPU 2 30
# CONTEXT CPU 3 30
UNBLOCK 31 12
UNBLOCK 31 13
UNBLOCK 31 14
CPU 31 11 0
# CONTEXT CPU 1 31
# CONTEXT CPU 2 31
# CONTEXT CPU 3 31
CPU 32 11 0
# CONTEXT CPU 1 32
# CONTEXT CPU 2 32
# CONTEXT CPU 3 32
BLOCK 33 11
# CONTEXT CPU 0 33
CPU 33 3 1
CPU 33 2 2
CPU 33 0 3
UNBLOCK 34 11
CPU 34 4 0
CPU 34 3 1
CPU 34 2 2
CPU 34 0 3
CPU 35 4 0
CPU 35 3 1
CPU 35 2 2
CPU 35 0 3
EXIT 36 0 3
# CONTEXT CPU 0 36
CPU 36 3 1
# CONTEXT CPU 2 36
# CONTEXT CPU 3 36
EXIT 37 3 1
# CONTEXT CPU 0 37
# CONTEXT CPU 1 37
# CONTEXT CPU 2 37
CPU 37 6 3
EXIT 38 6 3
# CONTEXT CPU 0 38
# CONTEXT CPU 1 38
# CONTEXT CPU 2 38
# CONTEXT CPU 3 38
CPU 39 7 0
# CONTEXT CPU 1 39
CPU 39 5 2
# CONTEXT CPU 3 39
CPU 40 7 0
CPU 40 10 1
CPU 40 5 2
# CONTEXT CPU 3 40
CPU 41 7 0
CPU 41 10 1
CPU 41 5 2
CPU 41 8 3
EXIT 42 5 2
CPU 42 7 0
CPU 42 10 1
# CONTEXT CPU 2 42
CPU 42 8 3
BLOCK 43 8
CPU 43 7 0
CPU 43 10 1
# CONTEXT CPU 2 43
# CONTEXT CPU 3 43
EXIT 44 7 0
UNBLOCK 44 8
# CONTEXT CPU 0 44
CPU 44 10 1
# CONTEXT CPU 2 44
CPU 44 12 3
EXIT 45 10 1
BLOCK 45 12
# CONTEXT CPU 0 45
# CONTEXT CPU 1 45
CPU 45 9 2
# CONTEXT CPU 3 45
BLOCK 46 9
UNBLOCK 46 12
# CONTEXT CPU 0 46
# CONTEXT CPU 1 46
# CONTEXT CPU 2 46
# CONTEXT CPU 3 46
UNBLOCK 47 9
CPU 47 13 0
# CONTEXT CPU 1 47
# CONTEXT CPU 2 47
# CONTEXT CPU 3 47
BLOCK 48 13
# CONTEXT CPU 0 48
CPU 48 14 1
# CONTEXT CPU 2 48
CPU 48 11 3
BLOCK 49 14
EXIT 49 11 3
UNBLOCK 49 13
# CONTEXT CPU 0 49
# CONTEXT CPU 1 49
CPU 49 4 2
# CONTEXT CPU 3 49
UNBLOCK 50 14
# CONTEXT CPU 0 50
# CONTEXT CPU 1 50
CPU 50 4 2
CPU 50 12 3
BLOCK 51 12
CPU 51 2 0
# CONTEXT CPU 1 51
CPU 51 4 2
# CONTEXT CPU 3 51
EXIT 52 2 0
EXIT 52 4 2
UNBLOCK 52 12
# CONTEXT CPU 0 52
CPU 52 8 1
# CONTEXT CPU 2 52
# CONTEXT CPU 3 52
EXIT 53 8 1
CPU 53 13 0
# CONTEXT CPU 1 53
# CONTEXT CPU 2 53
# CONTEXT CPU 3 53
CPU 54 13 0
# CONTEXT CPU 1 54
# CONTEXT CPU 2 54
CPU 54 9 3
CPU 55 13 0
# CONTEXT CPU 1 55
CPU 55 14 2
CPU 55 9 3
BLOCK 56 13
BLOCK 56 14
EXIT 56 9 3
CPU 56 -1 0
CPU 56 12 1
CPU 56 -1 2
CPU 56 -1 3
UNBLOCK 57 13
UNBLOCK 57 14
# CONTEXT CPU 0 57
CPU 57 12 1
# CONTEXT CPU 2 57
CPU 57 -1 3
CPU 58 13 0
CPU 58 12 1
CPU 58 14 2
CPU 58 -1 3
EXIT 59 13 0
EXIT 59 12 1
BLOCK 59 14
CPU 59 -1 0
CPU 59 -1 1
CPU 59 -1 2
CPU 59 -1 3
UNBLOCK 60 14
# CONTEXT CPU 0 60
CPU 60 -1 1
CPU 60 -1 2
CPU 60 -1 3
# CONTEXT CPU 0 61
CPU 61 -1 1
CPU 61 -1 2
CPU 61 -1 3
# CONTEXT CPU 0 62
CPU 62 -1 1
CPU 62 -1 2
CPU 62 -1 3
CPU 63 14 0
CPU 63 -1 1
CPU 63 -1 2
CPU 63 -1 3
BLOCK 64 14
CPU 64 -1 0
CPU 64 -1 1
CPU 64 -1 2
CPU 64 -1 3
UNBLOCK 65 14
# CONTEXT CPU 0 65
CPU 65 -1 1
CPU 65 -1 2
CPU 65 -1 3
CPU 66 14 0
CPU 66 -1 1
CPU 66 -1 2
CPU 66 -1 3
BLOCK 67 14
CPU 67 -1 0
CPU 67 -1 1
CPU 67 -1 2
CPU 67 -1 3
UNBLOCK 68 14
# CONTEXT CPU 0 68
CPU 68 -1 1
CPU 68 -1 2
CPU 68 -1 3
CPU 69 14 0
CPU 69 -1 1
CPU 69 -1 2
CPU 69 -1 3
BLOCK 70 14
CPU 70 -1 0
CPU 70 -1 1
CPU 70 -1 2
CPU 70 -1 3
UNBLOCK 71 14
# CONTEXT CPU 0 71
CPU 71 -1 1
CPU 71 -1 2
CPU 71 -1 3
CPU 72 14 0
CPU 72 -1 1
CPU 72 -1 2
CPU 72 -1 3
EXIT 73 14 0
CPU 73 -1 0
CPU 73 -1 1
CPU 73 -1 2
CPU 73 -1 3
