# SETTINGS ../simusched tareas.tsk 4 1 2 SchedRR 4 1 8 8 8
LOAD 0 0
LOAD 0 1
LOAD 0 2
LOAD 0 3
LOAD 0 4
LOAD 0 5
LOAD 0 6
LOAD 0 7
LOAD 0 8
LOAD 0 9
LOAD 0 10
LOAD 0 11
LOAD 0 12
LOAD 0 13
LOAD 0 14
# CONTEXT CPU 0 0
# CONTEXT CPU 1 0
# CONTEXT CPU 2 0
# CONTEXT CPU 3 0
CPU 1 0 0
CPU 1 1 1
CPU 1 2 2
CPU 1 3 3
CPU 2 0 0
CPU 2 1 1
CPU 2 2 2
CPU 2 3 3
BLOCK 3 0
# CONTEXT CPU 0 3
# CONTEXT CPU 1 3
CPU 3 2 2
CPU 3 3 3
BLOCK 4 2
UNBLOCK 4 0
CPU 4 4 0
CPU 4 5 1
# CONTEXT CPU 2 4
CPU 4 3 3
UNBLOCK 5 2
CPU 5 4 0
CPU 5 5 1
CPU 5 6 2
CPU 5 3 3
CPU 6 4 0
# CONTEXT CPU 1 6
CPU 6 6 2
CPU 6 3 3
CPU 7 4 0
CPU 7 7 1
CPU 7 6 2
CPU 7 3 3
BLOCK 8 7
BLOCK 8 3
# CONTEXT CPU 0 8
# CONTEXT CPU 1 8
CPU 8 6 2
# CONTEXT CPU 3 8
UNBLOCK 9 3
UNBLOCK 9 7
CPU 9 8 0
CPU 9 9 1
CPU 9 6 2
CPU 9 10 3
BLOCK 10 8
# CONTEXT CPU 0 10
CPU 10 9 1
CPU 10 6 2
CPU 10 10 3
UNBLOCK 11 8
CPU 11 11 0
# CONTEXT CPU 1 11
CPU 11 6 2
CPU 11 10 3
BLOCK 12 6
BLOCK 12 10
CPU 12 11 0
CPU 12 12 1
# CONTEXT CPU 2 12
# CONTEXT CPU 3 12
BLOCK 13 12
UNBLOCK 13 6
UNBLOCK 13 10
CPU 13 11 0
# CONTEXT CPU 1 13
CPU 13 13 2
CPU 13 14 3
BLOCK 14 13
BLOCK 14 14
UNBLOCK 14 12
CPU 14 11 0
CPU 14 1 1
# CONTEXT CPU 2 14
# CONTEXT CPU 3 14
BLOCK 15 11
UNBLOCK 15 13
UNBLOCK 15 14
# CONTEXT CPU 0 15
CPU 15 1 1
# CONTEXT CPU 2 15
# CONTEXT CPU 3 15
UNBLOCK 16 11
# CONTEXT CPU 0 16
# CONTEXT CPU 1 16
# CONTEXT CPU 2 16
# CONTEXT CPU 3 16
# CONTEXT CPU 0 17
# CONTEXT CPU 1 17
CPU 17 0 2
CPU 17 2 3
CPU 18 5 0
# CONTEXT CPU 1 18
# CONTEXT CPU 2 18
# CONTEXT CPU 3 18
CPU 19 5 0
CPU 19 4 1
# CONTEXT CPU 2 19
# CONTEXT CPU 3 19
BLOCK 20 5
# CONTEXT CPU 0 20
CPU 20 4 1
# CONTEXT CPU 2 20
# CONTEXT CPU 3 20
UNBLOCK 21 5
CPU 21 8 0
# CONTEXT CPU 1 21
CPU 21 3 2
CPU 21 7 3
# CONTEXT CPU 0 22
CPU 22 9 1
CPU 22 3 2
CPU 22 7 3
EXIT 23 3 2
# CONTEXT CPU 0 23
CPU 23 9 1
# CONTEXT CPU 2 23
CPU 23 7 3
# CONTEXT CPU 0 24
# CONTEXT CPU 1 24
# CONTEXT CPU 2 24
CPU 24 7 3
CPU 25 6 0
CPU 25 12 1
# CONTEXT CPU 2 25
CPU 25 7 3
BLOCK 26 12
CPU 26 6 0
# CONTEXT CPU 1 26
CPU 26 10 2
CPU 26 7 3
EXIT 27 6 0
UNBLOCK 27 12
# CONTEXT CPU 0 27
# CONTEXT CPU 1 27
CPU 27 10 2
CPU 27 7 3
BLOCK 28 10
# CONTEXT CPU 0 28
# CONTEXT CPU 1 28
# CONTEXT CPU 2 28
CPU 28 7 3
EXIT 29 7 3
UNBLOCK 29 10
# CONTEXT CPU 0 29
CPU 29 13 1
# CONTEXT CPU 2 29
# CONTEXT CPU 3 29
BLOCK 30 13
CPU 30 14 0
# CONTEXT CPU 1 30
# CONTEXT CPU 2 30
# CONTEXT CPU 3 30
BLOCK 31 14
UNBLOCK 31 13
# CONTEXT CPU 0 31
# CONTEXT CPU 1 31
CPU 31 11 2
# CONTEXT CPU 3 31
UNBLOCK 32 14
# CONTEXT CPU 0 32
# CONTEXT CPU 1 32
CPU 32 11 2
CPU 32 1 3
# CONTEXT CPU 0 33
CPU 33 0 1
CPU 33 11 2
CPU 33 1 3
CPU 34 2 0
CPU 34 0 1
CPU 34 11 2
CPU 34 1 3
BLOCK 35 11
CPU 35 2 0
# CONTEXT CPU 1 35
# CONTEXT CPU 2 35
CPU 35 1 3
BLOCK 36 1
UNBLOCK 36 11
CPU 36 2 0
# CONTEXT CPU 1 36
# CONTEXT CPU 2 36
# CONTEXT CPU 3 36
UNBLOCK 37 1
CPU 37 2 0
# CONTEXT CPU 1 37
# CONTEXT CPU 2 37
# CONTEXT CPU 3 37
CPU 38 2 0
CPU 38 5 1
CPU 38 4 2
# CONTEXT CPU 3 38
EXIT 39 2 0
# CONTEXT CPU 0 39
CPU 39 5 1
CPU 39 4 2
CPU 39 8 3
BLOCK 40 4
# CONTEXT CPU 0 40
# CONTEXT CPU 1 40
# CONTEXT CPU 2 40
CPU 40 8 3
UNBLOCK 41 4
# CONTEXT CPU 0 41
CPU 41 12 1
CPU 41 10 2
CPU 41 8 3
BLOCK 42 12
CPU 42 9 0
# CONTEXT CPU 1 42
CPU 42 10 2
CPU 42 8 3
UNBLOCK 43 12
CPU 43 9 0
CPU 43 13 1
CPU 43 10 2
CPU 43 8 3
BLOCK 44 9
BLOCK 44 8
# CONTEXT CPU 0 44
CPU 44 13 1
CPU 44 10 2
# CONTEXT CPU 3 44
EXIT 45 10 2
UNBLOCK 45 8
UNBLOCK 45 9
CPU 45 14 0
# CONTEXT CPU 1 45
# CONTEXT CPU 2 45
# CONTEXT CPU 3 45
BLOCK 46 14
# CONTEXT CPU 0 46
# CONTEXT CPU 1 46
# CONTEXT CPU 2 46
# CONTEXT CPU 3 46
UNBLOCK 47 14
# CONTEXT CPU 0 47
# CONTEXT CPU 1 47
# CONTEXT CPU 2 47
CPU 47 0 3
# CONTEXT CPU 0 48
CPU 48 11 1
CPU 48 1 2
CPU 48 0 3
EXIT 49 11 1
EXIT 49 1 2
CPU 49 5 0
# CONTEXT CPU 1 49
# CONTEXT CPU 2 49
# CONTEXT CPU 3 49
CPU 50 5 0
# CONTEXT CPU 1 50
# CONTEXT CPU 2 50
CPU 50 8 3
CPU 51 5 0
# CONTEXT CPU 1 51
# CONTEXT CPU 2 51
CPU 51 8 3
EXIT 52 5 0
EXIT 52 8 3
# CONTEXT CPU 0 52
CPU 52 4 1
CPU 52 12 2
# CONTEXT CPU 3 52
EXIT 53 4 1
CPU 53 9 0
# CONTEXT CPU 1 53
CPU 53 12 2
# CONTEXT CPU 3 53
BLOCK 54 12
CPU 54 9 0
# CONTEXT CPU 1 54
# CONTEXT CPU 2 54
# CONTEXT CPU 3 54
BLOCK 55 9
UNBLOCK 55 12
# CONTEXT CPU 0 55
# CONTEXT CPU 1 55
# CONTEXT CPU 2 55
CPU 55 13 3
UNBLOCK 56 9
# CONTEXT CPU 0 56
CPU 56 14 1
# CONTEXT CPU 2 56
CPU 56 13 3
BLOCK 57 14
BLOCK 57 13
# CONTEXT CPU 0 57
# CONTEXT CPU 1 57
CPU 57 0 2
CPU 57 -1 3
UNBLOCK 58 13
UNBLOCK 58 14
CPU 58 12 0
# CONTEXT CPU 1 58
CPU 58 0 2
# CONTEXT CPU 3 58
EXIT 59 0 2
CPU 59 12 0
# CONTEXT CPU 1 59
# CONTEXT CPU 2 59
CPU 59 13 3
CPU 60 12 0
CPU 60 9 1
# CONTEXT CPU 2 60
CPU 60 13 3
EXIT 61 9 1
BLOCK 61 13
CPU 61 12 0
CPU 61 -1 1
# CONTEXT CPU 2 61
CPU 61 -1 3
EXIT 62 12 0
UNBLOCK 62 13
# CONTEXT CPU 0 62
CPU 62 -1 1
CPU 62 14 2
CPU 62 -1 3
BLOCK 63 14
# CONTEXT CPU 0 63
CPU 63 -1 1
CPU 63 -1 2
CPU 63 -1 3
UNBLOCK 64 14
# CONTEXT CPU 0 64
# CONTEXT CPU 1 64
CPU 64 -1 2
CPU 64 -1 3
CPU 65 13 0
# CONTEXT CPU 1 65
CPU 65 -1 2
CPU 65 -1 3
EXIT 66 13 0
CPU 66 -1 0
# CONTEXT CPU 1 66
CPU 66 -1 2
CPU 66 -1 3
CPU 67 -1 0
CPU 67 14 1
CPU 67 -1 2
CPU 67 -1 3
BLOCK 68 14
CPU 68 -1 0
CPU 68 -1 1
CPU 68 -1 2
CPU 68 -1 3
UNBLOCK 69 14
# CONTEXT CPU 0 69
CPU 69 -1 1
CPU 69 -1 2
CPU 69 -1 3
# CONTEXT CPU 0 70
CPU 70 -1 1
CPU 70 -1 2
CPU 70 -1 3
# CONTEXT CPU 0 71
CPU 71 -1 1
CPU 71 -1 2
CPU 71 -1 3
CPU 72 14 0
CPU 72 -1 1
CPU 72 -1 2
CPU 72 -1 3
BLOCK 73 14
CPU 73 -1 0
CPU 73 -1 1
CPU 73 -1 2
CPU 73 -1 3
UNBLOCK 74 14
# CONTEXT CPU 0 74
CPU 74 -1 1
CPU 74 -1 2
CPU 74 -1 3
CPU 75 14 0
CPU 75 -1 1
CPU 75 -1 2
CPU 75 -1 3
BLOCK 76 14
CPU 76 -1 0
CPU 76 -1 1
CPU 76 -1 2
CPU 76 -1 3
UNBLOCK 77 14
# CONTEXT CPU 0 77
CPU 77 -1 1
CPU 77 -1 2
CPU 77 -1 3
CPU 78 14 0
CPU 78 -1 1
CPU 78 -1 2
CPU 78 -1 3
EXIT 79 14 0
CPU 79 -1 0
CPU 79 -1 1
CPU 79 -1 2
CPU 79 -1 3
