# SETTINGS ../simusched tareas.tsk 4 1 2 SchedRR 4 5 5 5 5
LOAD 0 0
LOAD 0 1
LOAD 0 2
LOAD 0 3
LOAD 0 4
LOAD 0 5
LOAD 0 6
LOAD 0 7
LOAD 0 8
LOAD 0 9
LOAD 0 10
LOAD 0 11
LOAD 0 12
LOAD 0 13
LOAD 0 14
# CONTEXT CPU 0 0
# CONTEXT CPU 1 0
# CONTEXT CPU 2 0
# CONTEXT CPU 3 0
CPU 1 0 0
CPU 1 1 1
CPU 1 2 2
CPU 1 3 3
CPU 2 0 0
CPU 2 1 1
CPU 2 2 2
CPU 2 3 3
BLOCK 3 1
CPU 3 0 0
# CONTEXT CPU 1 3
CPU 3 2 2
CPU 3 3 3
BLOCK 4 3
UNBLOCK 4 1
CPU 4 0 0
CPU 4 4 1
CPU 4 2 2
# CONTEXT CPU 3 4
UNBLOCK 5 3
CPU 5 0 0
CPU 5 4 1
CPU 5 2 2
CPU 5 5 3
BLOCK 6 0
# CONTEXT CPU 0 6
CPU 6 4 1
CPU 6 2 2
CPU 6 5 3
BLOCK 7 2
UNBLOCK 7 0
CPU 7 6 0
CPU 7 4 1
# CONTEXT CPU 2 7
CPU 7 5 3
UNBLOCK 8 2
# CONTEXT CPU 0 8
CPU 8 4 1
CPU 8 7 2
CPU 8 5 3
BLOCK 9 4
CPU 9 8 0
# CONTEXT CPU 1 9
# CONTEXT CPU 2 9
# CONTEXT CPU 3 9
BLOCK 10 8
UNBLOCK 10 4
# CONTEXT CPU 0 10
CPU 10 9 1
CPU 10 10 2
CPU 10 11 3
UNBLOCK 11 8
CPU 11 12 0
# CONTEXT CPU 1 11
CPU 11 10 2
CPU 11 11 3
CPU 12 12 0
CPU 12 13 1
CPU 12 10 2
CPU 12 11 3
BLOCK 13 12
BLOCK 13 10
BLOCK 13 11
# CONTEXT CPU 0 13
CPU 13 13 1
# CONTEXT CPU 2 13
# CONTEXT CPU 3 13
UNBLOCK 14 10
UNBLOCK 14 11
UNBLOCK 14 12
CPU 14 14 0
CPU 14 13 1
# CONTEXT CPU 2 14
CPU 14 3 3
BLOCK 15 14
BLOCK 15 13
# CONTEXT CPU 0 15
# CONTEXT CPU 1 15
# CONTEXT CPU 2 15
CPU 15 3 3
UNBLOCK 16 13
UNBLOCK 16 14
CPU 16 0 0
# CONTEXT CPU 1 16
CPU 16 1 2
CPU 16 3 3
CPU 17 0 0
# CONTEXT CPU 1 17
CPU 17 1 2
CPU 17 3 3
CPU 18 0 0
CPU 18 2 1
CPU 18 1 2
# CONTEXT CPU 3 18
CPU 19 0 0
CPU 19 2 1
CPU 19 1 2
# CONTEXT CPU 3 19
EXIT 20 0 0
# CONTEXT CPU 0 20
CPU 20 2 1
# CONTEXT CPU 2 20
# CONTEXT CPU 3 20
EXIT 21 2 1
# CONTEXT CPU 0 21
# CONTEXT CPU 1 21
# CONTEXT CPU 2 21
CPU 21 6 3
# CONTEXT CPU 0 22
CPU 22 4 1
# CONTEXT CPU 2 22
CPU 22 6 3
BLOCK 23 6
CPU 23 7 0
CPU 23 4 1
CPU 23 5 2
# CONTEXT CPU 3 23
UNBLOCK 24 6
CPU 24 7 0
CPU 24 4 1
CPU 24 5 2
# CONTEXT CPU 3 24
BLOCK 25 5
CPU 25 7 0
CPU 25 4 1
# CONTEXT CPU 2 25
# CONTEXT CPU 3 25
EXIT 26 4 1
UNBLOCK 26 5
CPU 26 7 0
# CONTEXT CPU 1 26
# CONTEXT CPU 2 26
CPU 26 8 3
BLOCK 27 7
# CONTEXT CPU 0 27
# CONTEXT CPU 1 27
# CONTEXT CPU 2 27
CPU 27 8 3
UNBLOCK 28 7
# CONTEXT CPU 0 28
# CONTEXT CPU 1 28
CPU 28 9 2
CPU 28 8 3
BLOCK 29 9
# CONTEXT CPU 0 29
CPU 29 10 1
# CONTEXT CPU 2 29
CPU 29 8 3
UNBLOCK 30 9
CPU 30 11 0
CPU 30 10 1
# CONTEXT CPU 2 30
CPU 30 8 3
BLOCK 31 10
BLOCK 31 8
CPU 31 11 0
# CONTEXT CPU 1 31
# CONTEXT CPU 2 31
# CONTEXT CPU 3 31
BLOCK 32 11
UNBLOCK 32 8
UNBLOCK 32 10
# CONTEXT CPU 0 32
CPU 32 13 1
CPU 32 12 2
# CONTEXT CPU 3 32
BLOCK 33 12
UNBLOCK 33 11
# CONTEXT CPU 0 33
CPU 33 13 1
# CONTEXT CPU 2 33
# CONTEXT CPU 3 33
BLOCK 34 13
UNBLOCK 34 12
# CONTEXT CPU 0 34
# CONTEXT CPU 1 34
CPU 34 1 2
CPU 34 14 3
BLOCK 35 14
UNBLOCK 35 13
CPU 35 3 0
# CONTEXT CPU 1 35
CPU 35 1 2
# CONTEXT CPU 3 35
UNBLOCK 36 14
# CONTEXT CPU 0 36
# CONTEXT CPU 1 36
CPU 36 1 2
# CONTEXT CPU 3 36
EXIT 37 1 2
CPU 37 7 0
CPU 37 6 1
# CONTEXT CPU 2 37
# CONTEXT CPU 3 37
CPU 38 7 0
CPU 38 6 1
CPU 38 9 2
CPU 38 5 3
CPU 39 7 0
CPU 39 6 1
CPU 39 9 2
# CONTEXT CPU 3 39
CPU 40 7 0
CPU 40 6 1
CPU 40 9 2
CPU 40 8 3
EXIT 41 7 0
# CONTEXT CPU 0 41
# CONTEXT CPU 1 41
CPU 41 9 2
CPU 41 8 3
# CONTEXT CPU 0 42
# CONTEXT CPU 1 42
CPU 42 9 2
CPU 42 8 3
EXIT 43 8 3
# CONTEXT CPU 0 43
# CONTEXT CPU 1 43
CPU 43 9 2
# CONTEXT CPU 3 43
BLOCK 44 9
CPU 44 10 0
CPU 44 11 1
# CONTEXT CPU 2 44
# CONTEXT CPU 3 44
UNBLOCK 45 9
CPU 45 10 0
CPU 45 11 1
# CONTEXT CPU 2 45
# CONTEXT CPU 3 45
CPU 46 10 0
CPU 46 11 1
# CONTEXT CPU 2 46
CPU 46 12 3
BLOCK 47 12
CPU 47 10 0
CPU 47 11 1
CPU 47 13 2
# CONTEXT CPU 3 47
EXIT 48 10 0
EXIT 48 11 1
BLOCK 48 13
UNBLOCK 48 12
# CONTEXT CPU 0 48
# CONTEXT CPU 1 48
# CONTEXT CPU 2 48
CPU 48 14 3
BLOCK 49 14
UNBLOCK 49 13
CPU 49 3 0
# CONTEXT CPU 1 49
# CONTEXT CPU 2 49
# CONTEXT CPU 3 49
EXIT 50 3 0
UNBLOCK 50 14
# CONTEXT CPU 0 50
# CONTEXT CPU 1 50
# CONTEXT CPU 2 50
# CONTEXT CPU 3 50
# CONTEXT CPU 0 51
CPU 51 5 1
CPU 51 6 2
# CONTEXT CPU 3 51
# CONTEXT CPU 0 52
CPU 52 5 1
# CONTEXT CPU 2 52
CPU 52 9 3
EXIT 53 5 1
EXIT 53 9 3
CPU 53 12 0
# CONTEXT CPU 1 53
CPU 53 13 2
# CONTEXT CPU 3 53
BLOCK 54 13
CPU 54 12 0
# CONTEXT CPU 1 54
CPU 54 -1 2
# CONTEXT CPU 3 54
BLOCK 55 12
UNBLOCK 55 13
# CONTEXT CPU 0 55
# CONTEXT CPU 1 55
CPU 55 -1 2
# CONTEXT CPU 3 55
UNBLOCK 56 12
# CONTEXT CPU 0 56
CPU 56 14 1
# CONTEXT CPU 2 56
CPU 56 6 3
BLOCK 57 14
EXIT 57 6 3
# CONTEXT CPU 0 57
CPU 57 -1 1
# CONTEXT CPU 2 57
CPU 57 -1 3
UNBLOCK 58 14
CPU 58 13 0
# CONTEXT CPU 1 58
# CONTEXT CPU 2 58
CPU 58 -1 3
CPU 59 13 0
CPU 59 14 1
CPU 59 12 2
CPU 59 -1 3
EXIT 60 13 0
BLOCK 60 14
CPU 60 -1 0
CPU 60 -1 1
CPU 60 12 2
CPU 60 -1 3
UNBLOCK 61 14
# CONTEXT CPU 0 61
CPU 61 -1 1
CPU 61 12 2
CPU 61 -1 3
EXIT 62 12 2
# CONTEXT CPU 0 62
CPU 62 -1 1
CPU 62 -1 2
CPU 62 -1 3
# CONTEXT CPU 0 63
CPU 63 -1 1
CPU 63 -1 2
CPU 63 -1 3
CPU 64 14 0
CPU 64 -1 1
CPU 64 -1 2
CPU 64 -1 3
BLOCK 65 14
CPU 65 -1 0
CPU 65 -1 1
CPU 65 -1 2
CPU 65 -1 3
UNBLOCK 66 14
# CONTEXT CPU 0 66
CPU 66 -1 1
CPU 66 -1 2
CPU 66 -1 3
CPU 67 14 0
CPU 67 -1 1
CPU 67 -1 2
CPU 67 -1 3
BLOCK 68 14
CPU 68 -1 0
CPU 68 -1 1
CPU 68 -1 2
CPU 68 -1 3
UNBLOCK 69 14
# CONTEXT CPU 0 69
CPU 69 -1 1
CPU 69 -1 2
CPU 69 -1 3
CPU 70 14 0
CPU 70 -1 1
CPU 70 -1 2
CPU 70 -1 3
BLOCK 71 14
CPU 71 -1 0
CPU 71 -1 1
CPU 71 -1 2
CPU 71 -1 3
UNBLOCK 72 14
# CONTEXT CPU 0 72
CPU 72 -1 1
CPU 72 -1 2
CPU 72 -1 3
CPU 73 14 0
CPU 73 -1 1
CPU 73 -1 2
CPU 73 -1 3
EXIT 74 14 0
CPU 74 -1 0
CPU 74 -1 1
CPU 74 -1 2
CPU 74 -1 3
