# SETTINGS ../simusched tareas.tsk 3 1 2 SchedRR 3 1 2 4
LOAD 0 0
LOAD 0 1
LOAD 0 2
LOAD 0 3
LOAD 0 4
LOAD 0 5
LOAD 0 6
LOAD 0 7
LOAD 0 8
LOAD 0 9
LOAD 0 10
LOAD 0 11
LOAD 0 12
LOAD 0 13
LOAD 0 14
# CONTEXT CPU 0 0
# CONTEXT CPU 1 0
# CONTEXT CPU 2 0
CPU 1 0 0
CPU 1 1 1
CPU 1 2 2
CPU 2 0 0
CPU 2 1 1
CPU 2 2 2
BLOCK 3 1
CPU 3 0 0
# CONTEXT CPU 1 3
CPU 3 2 2
UNBLOCK 4 1
CPU 4 0 0
CPU 4 3 1
# CONTEXT CPU 2 4
BLOCK 5 0
# CONTEXT CPU 0 5
# CONTEXT CPU 1 5
CPU 5 4 2
UNBLOCK 6 0
CPU 6 5 0
CPU 6 6 1
CPU 6 4 2
# CONTEXT CPU 0 7
CPU 7 6 1
CPU 7 4 2
CPU 8 7 0
# CONTEXT CPU 1 8
# CONTEXT CPU 2 8
CPU 9 7 0
CPU 9 8 1
CPU 9 9 2
CPU 10 7 0
CPU 10 8 1
CPU 10 9 2
BLOCK 11 7
BLOCK 11 8
# CONTEXT CPU 0 11
# CONTEXT CPU 1 11
CPU 11 9 2
UNBLOCK 12 7
UNBLOCK 12 8
CPU 12 10 0
CPU 12 11 1
# CONTEXT CPU 2 12
BLOCK 13 10
# CONTEXT CPU 0 13
# CONTEXT CPU 1 13
CPU 13 12 2
UNBLOCK 14 10
CPU 14 13 0
CPU 14 14 1
CPU 14 12 2
BLOCK 15 14
BLOCK 15 12
CPU 15 13 0
# CONTEXT CPU 1 15
# CONTEXT CPU 2 15
UNBLOCK 16 12
UNBLOCK 16 14
# CONTEXT CPU 0 16
CPU 16 1 1
CPU 16 2 2
# CONTEXT CPU 0 17
CPU 17 1 1
CPU 17 2 2
# CONTEXT CPU 0 18
# CONTEXT CPU 1 18
# CONTEXT CPU 2 18
CPU 19 3 0
# CONTEXT CPU 1 19
# CONTEXT CPU 2 19
BLOCK 20 3
# CONTEXT CPU 0 20
# CONTEXT CPU 1 20
# CONTEXT CPU 2 20
UNBLOCK 21 3
# CONTEXT CPU 0 21
CPU 21 0 1
CPU 21 5 2
# CONTEXT CPU 0 22
CPU 22 0 1
CPU 22 5 2
CPU 23 6 0
# CONTEXT CPU 1 23
CPU 23 5 2
CPU 24 6 0
# CONTEXT CPU 1 24
# CONTEXT CPU 2 24
CPU 25 6 0
# CONTEXT CPU 1 25
# CONTEXT CPU 2 25
BLOCK 26 6
# CONTEXT CPU 0 26
CPU 26 4 1
# CONTEXT CPU 2 26
UNBLOCK 27 6
# CONTEXT CPU 0 27
CPU 27 4 1
CPU 27 7 2
BLOCK 28 4
# CONTEXT CPU 0 28
# CONTEXT CPU 1 28
CPU 28 7 2
UNBLOCK 29 4
CPU 29 8 0
# CONTEXT CPU 1 29
CPU 29 7 2
CPU 30 8 0
# CONTEXT CPU 1 30
# CONTEXT CPU 2 30
BLOCK 31 8
# CONTEXT CPU 0 31
CPU 31 9 1
# CONTEXT CPU 2 31
UNBLOCK 32 8
CPU 32 10 0
# CONTEXT CPU 1 32
# CONTEXT CPU 2 32
# CONTEXT CPU 0 33
# CONTEXT CPU 1 33
CPU 33 11 2
# CONTEXT CPU 0 34
# CONTEXT CPU 1 34
CPU 34 11 2
BLOCK 35 11
# CONTEXT CPU 0 35
CPU 35 12 1
# CONTEXT CPU 2 35
UNBLOCK 36 11
CPU 36 14 0
CPU 36 12 1
# CONTEXT CPU 2 36
BLOCK 37 14
# CONTEXT CPU 0 37
# CONTEXT CPU 1 37
# CONTEXT CPU 2 37
UNBLOCK 38 14
# CONTEXT CPU 0 38
# CONTEXT CPU 1 38
CPU 38 13 2
BLOCK 39 13
# CONTEXT CPU 0 39
# CONTEXT CPU 1 39
# CONTEXT CPU 2 39
UNBLOCK 40 13
CPU 40 1 0
CPU 40 2 1
# CONTEXT CPU 2 40
CPU 41 1 0
CPU 41 2 1
# CONTEXT CPU 2 41
CPU 42 1 0
# CONTEXT CPU 1 42
CPU 42 3 2
CPU 43 1 0
CPU 43 0 1
CPU 43 3 2
# CONTEXT CPU 0 44
CPU 44 0 1
# CONTEXT CPU 2 44
# CONTEXT CPU 0 45
# CONTEXT CPU 1 45
# CONTEXT CPU 2 45
# CONTEXT CPU 0 46
CPU 46 4 1
# CONTEXT CPU 2 46
CPU 47 5 0
CPU 47 4 1
CPU 47 6 2
CPU 48 5 0
# CONTEXT CPU 1 48
CPU 48 6 2
CPU 49 5 0
# CONTEXT CPU 1 49
CPU 49 6 2
BLOCK 50 5
# CONTEXT CPU 0 50
# CONTEXT CPU 1 50
# CONTEXT CPU 2 50
UNBLOCK 51 5
CPU 51 8 0
CPU 51 7 1
# CONTEXT CPU 2 51
CPU 52 8 0
CPU 52 7 1
# CONTEXT CPU 2 52
# CONTEXT CPU 0 53
# CONTEXT CPU 1 53
CPU 53 9 2
BLOCK 54 9
CPU 54 10 0
# CONTEXT CPU 1 54
# CONTEXT CPU 2 54
UNBLOCK 55 9
CPU 55 10 0
# CONTEXT CPU 1 55
# CONTEXT CPU 2 55
BLOCK 56 10
# CONTEXT CPU 0 56
CPU 56 11 1
# CONTEXT CPU 2 56
BLOCK 57 11
UNBLOCK 57 10
CPU 57 14 0
# CONTEXT CPU 1 57
CPU 57 12 2
BLOCK 58 14
BLOCK 58 12
UNBLOCK 58 11
# CONTEXT CPU 0 58
# CONTEXT CPU 1 58
# CONTEXT CPU 2 58
UNBLOCK 59 12
UNBLOCK 59 14
# CONTEXT CPU 0 59
# CONTEXT CPU 1 59
# CONTEXT CPU 2 59
# CONTEXT CPU 0 60
CPU 60 13 1
# CONTEXT CPU 2 60
CPU 61 2 0
CPU 61 13 1
CPU 61 1 2
BLOCK 62 2
BLOCK 62 13
EXIT 62 1 2
# CONTEXT CPU 0 62
# CONTEXT CPU 1 62
# CONTEXT CPU 2 62
UNBLOCK 63 2
UNBLOCK 63 13
# CONTEXT CPU 0 63
CPU 63 0 1
# CONTEXT CPU 2 63
EXIT 64 0 1
# CONTEXT CPU 0 64
# CONTEXT CPU 1 64
# CONTEXT CPU 2 64
CPU 65 3 0
# CONTEXT CPU 1 65
CPU 65 4 2
CPU 66 3 0
# CONTEXT CPU 1 66
CPU 66 4 2
EXIT 67 4 2
CPU 67 3 0
CPU 67 6 1
# CONTEXT CPU 2 67
EXIT 68 6 1
# CONTEXT CPU 0 68
# CONTEXT CPU 1 68
# CONTEXT CPU 2 68
CPU 69 8 0
CPU 69 7 1
# CONTEXT CPU 2 69
EXIT 70 7 1
CPU 70 8 0
# CONTEXT CPU 1 70
CPU 70 5 2
CPU 71 8 0
# CONTEXT CPU 1 71
CPU 71 5 2
EXIT 72 8 0
EXIT 72 5 2
# CONTEXT CPU 0 72
# CONTEXT CPU 1 72
# CONTEXT CPU 2 72
CPU 73 10 0
CPU 73 9 1
# CONTEXT CPU 2 73
CPU 74 10 0
CPU 74 9 1
# CONTEXT CPU 2 74
BLOCK 75 9
CPU 75 10 0
# CONTEXT CPU 1 75
CPU 75 11 2
UNBLOCK 76 9
CPU 76 10 0
# CONTEXT CPU 1 76
CPU 76 11 2
# CONTEXT CPU 0 77
# CONTEXT CPU 1 77
CPU 77 11 2
CPU 78 14 0
CPU 78 12 1
# CONTEXT CPU 2 78
BLOCK 79 14
# CONTEXT CPU 0 79
# CONTEXT CPU 1 79
# CONTEXT CPU 2 79
UNBLOCK 80 14
# CONTEXT CPU 0 80
# CONTEXT CPU 1 80
# CONTEXT CPU 2 80
# CONTEXT CPU 0 81
# CONTEXT CPU 1 81
CPU 81 2 2
EXIT 82 2 2
CPU 82 13 0
CPU 82 3 1
# CONTEXT CPU 2 82
BLOCK 83 13
# CONTEXT CPU 0 83
CPU 83 3 1
# CONTEXT CPU 2 83
EXIT 84 3 1
UNBLOCK 84 13
CPU 84 10 0
# CONTEXT CPU 1 84
# CONTEXT CPU 2 84
EXIT 85 10 0
# CONTEXT CPU 0 85
# CONTEXT CPU 1 85
CPU 85 9 2
# CONTEXT CPU 0 86
# CONTEXT CPU 1 86
CPU 86 9 2
EXIT 87 9 2
# CONTEXT CPU 0 87
CPU 87 11 1
# CONTEXT CPU 2 87
CPU 88 12 0
CPU 88 11 1
# CONTEXT CPU 2 88
BLOCK 89 12
EXIT 89 11 1
# CONTEXT CPU 0 89
CPU 89 -1 1
# CONTEXT CPU 2 89
UNBLOCK 90 12
CPU 90 13 0
# CONTEXT CPU 1 90
CPU 90 14 2
BLOCK 91 14
CPU 91 13 0
# CONTEXT CPU 1 91
CPU 91 -1 2
BLOCK 92 13
UNBLOCK 92 14
# CONTEXT CPU 0 92
# CONTEXT CPU 1 92
CPU 92 -1 2
UNBLOCK 93 13
# CONTEXT CPU 0 93
CPU 93 12 1
# CONTEXT CPU 2 93
BLOCK 94 12
# CONTEXT CPU 0 94
CPU 94 -1 1
# CONTEXT CPU 2 94
UNBLOCK 95 12
CPU 95 14 0
# CONTEXT CPU 1 95
# CONTEXT CPU 2 95
BLOCK 96 14
CPU 96 -1 0
CPU 96 12 1
CPU 96 13 2
EXIT 97 12 1
EXIT 97 13 2
UNBLOCK 97 14
# CONTEXT CPU 0 97
CPU 97 -1 1
CPU 97 -1 2
CPU 98 14 0
CPU 98 -1 1
CPU 98 -1 2
BLOCK 99 14
CPU 99 -1 0
CPU 99 -1 1
CPU 99 -1 2
UNBLOCK 100 14
# CONTEXT CPU 0 100
CPU 100 -1 1
CPU 100 -1 2
CPU 101 14 0
CPU 101 -1 1
CPU 101 -1 2
BLOCK 102 14
CPU 102 -1 0
CPU 102 -1 1
CPU 102 -1 2
UNBLOCK 103 14
# CONTEXT CPU 0 103
CPU 103 -1 1
CPU 103 -1 2
CPU 104 14 0
CPU 104 -1 1
CPU 104 -1 2
EXIT 105 14 0
CPU 105 -1 0
CPU 105 -1 1
CPU 105 -1 2
