# SETTINGS ../simusched tareas.tsk 4 1 2 SchedRR 4 1 4 5 5
LOAD 0 0
LOAD 0 1
LOAD 0 2
LOAD 0 3
LOAD 0 4
LOAD 0 5
LOAD 0 6
LOAD 0 7
LOAD 0 8
LOAD 0 9
LOAD 0 10
LOAD 0 11
LOAD 0 12
LOAD 0 13
LOAD 0 14
# CONTEXT CPU 0 0
# CONTEXT CPU 1 0
# CONTEXT CPU 2 0
# CONTEXT CPU 3 0
CPU 1 0 0
CPU 1 1 1
CPU 1 2 2
CPU 1 3 3
CPU 2 0 0
CPU 2 1 1
CPU 2 2 2
CPU 2 3 3
BLOCK 3 0
# CONTEXT CPU 0 3
# CONTEXT CPU 1 3
CPU 3 2 2
CPU 3 3 3
BLOCK 4 2
UNBLOCK 4 0
CPU 4 4 0
CPU 4 5 1
# CONTEXT CPU 2 4
CPU 4 3 3
UNBLOCK 5 2
CPU 5 4 0
CPU 5 5 1
CPU 5 6 2
CPU 5 3 3
CPU 6 4 0
# CONTEXT CPU 1 6
CPU 6 6 2
CPU 6 3 3
CPU 7 4 0
CPU 7 7 1
CPU 7 6 2
# CONTEXT CPU 3 7
BLOCK 8 7
# CONTEXT CPU 0 8
# CONTEXT CPU 1 8
# CONTEXT CPU 2 8
CPU 8 8 3
BLOCK 9 8
UNBLOCK 9 7
CPU 9 9 0
CPU 9 10 1
CPU 9 11 2
# CONTEXT CPU 3 9
UNBLOCK 10 8
CPU 10 9 0
CPU 10 10 1
CPU 10 11 2
CPU 10 12 3
BLOCK 11 12
CPU 11 9 0
# CONTEXT CPU 1 11
CPU 11 11 2
# CONTEXT CPU 3 11
UNBLOCK 12 12
CPU 12 9 0
CPU 12 13 1
CPU 12 11 2
CPU 12 14 3
BLOCK 13 13
BLOCK 13 11
BLOCK 13 14
CPU 13 9 0
# CONTEXT CPU 1 13
# CONTEXT CPU 2 13
# CONTEXT CPU 3 13
UNBLOCK 14 11
UNBLOCK 14 13
UNBLOCK 14 14
# CONTEXT CPU 0 14
CPU 14 1 1
# CONTEXT CPU 2 14
# CONTEXT CPU 3 14
# CONTEXT CPU 0 15
CPU 15 1 1
# CONTEXT CPU 2 15
# CONTEXT CPU 3 15
# CONTEXT CPU 0 16
# CONTEXT CPU 1 16
CPU 16 0 2
CPU 16 2 3
CPU 17 5 0
# CONTEXT CPU 1 17
CPU 17 0 2
CPU 17 2 3
CPU 18 5 0
# CONTEXT CPU 1 18
# CONTEXT CPU 2 18
CPU 18 2 3
BLOCK 19 5
# CONTEXT CPU 0 19
CPU 19 3 1
# CONTEXT CPU 2 19
CPU 19 2 3
BLOCK 20 3
UNBLOCK 20 5
# CONTEXT CPU 0 20
# CONTEXT CPU 1 20
# CONTEXT CPU 2 20
CPU 20 2 3
UNBLOCK 21 3
# CONTEXT CPU 0 21
CPU 21 7 1
CPU 21 4 2
CPU 21 2 3
EXIT 22 2 3
CPU 22 6 0
CPU 22 7 1
CPU 22 4 2
# CONTEXT CPU 3 22
CPU 23 6 0
# CONTEXT CPU 1 23
CPU 23 4 2
CPU 23 8 3
CPU 24 6 0
CPU 24 10 1
CPU 24 4 2
CPU 24 8 3
BLOCK 25 10
BLOCK 25 4
CPU 25 6 0
# CONTEXT CPU 1 25
# CONTEXT CPU 2 25
CPU 25 8 3
BLOCK 26 6
UNBLOCK 26 4
UNBLOCK 26 10
# CONTEXT CPU 0 26
# CONTEXT CPU 1 26
CPU 26 11 2
CPU 26 8 3
UNBLOCK 27 6
# CONTEXT CPU 0 27
# CONTEXT CPU 1 27
CPU 27 11 2
CPU 27 8 3
# CONTEXT CPU 0 28
CPU 28 12 1
# CONTEXT CPU 2 28
CPU 28 8 3
BLOCK 29 12
BLOCK 29 8
CPU 29 13 0
# CONTEXT CPU 1 29
# CONTEXT CPU 2 29
# CONTEXT CPU 3 29
BLOCK 30 13
UNBLOCK 30 8
UNBLOCK 30 12
# CONTEXT CPU 0 30
# CONTEXT CPU 1 30
# CONTEXT CPU 2 30
# CONTEXT CPU 3 30
UNBLOCK 31 13
# CONTEXT CPU 0 31
# CONTEXT CPU 1 31
CPU 31 14 2
# CONTEXT CPU 3 31
BLOCK 32 14
# CONTEXT CPU 0 32
CPU 32 9 1
# CONTEXT CPU 2 32
CPU 32 1 3
BLOCK 33 9
UNBLOCK 33 14
CPU 33 0 0
# CONTEXT CPU 1 33
# CONTEXT CPU 2 33
# CONTEXT CPU 3 33
UNBLOCK 34 9
# CONTEXT CPU 0 34
CPU 34 3 1
# CONTEXT CPU 2 34
# CONTEXT CPU 3 34
# CONTEXT CPU 0 35
CPU 35 3 1
CPU 35 5 2
# CONTEXT CPU 3 35
EXIT 36 3 1
# CONTEXT CPU 0 36
# CONTEXT CPU 1 36
CPU 36 5 2
CPU 36 7 3
CPU 37 4 0
CPU 37 10 1
CPU 37 5 2
CPU 37 7 3
EXIT 38 4 0
# CONTEXT CPU 0 38
CPU 38 10 1
CPU 38 5 2
CPU 38 7 3
BLOCK 39 10
CPU 39 6 0
# CONTEXT CPU 1 39
CPU 39 5 2
CPU 39 7 3
EXIT 40 5 2
UNBLOCK 40 10
CPU 40 6 0
# CONTEXT CPU 1 40
# CONTEXT CPU 2 40
CPU 40 7 3
EXIT 41 6 0
# CONTEXT CPU 0 41
# CONTEXT CPU 1 41
# CONTEXT CPU 2 41
CPU 41 7 3
EXIT 42 7 3
# CONTEXT CPU 0 42
CPU 42 11 1
# CONTEXT CPU 2 42
# CONTEXT CPU 3 42
# CONTEXT CPU 0 43
# CONTEXT CPU 1 43
CPU 43 8 2
# CONTEXT CPU 3 43
CPU 44 12 0
# CONTEXT CPU 1 44
CPU 44 8 2
# CONTEXT CPU 3 44
BLOCK 45 12
EXIT 45 8 2
# CONTEXT CPU 0 45
# CONTEXT CPU 1 45
# CONTEXT CPU 2 45
CPU 45 13 3
UNBLOCK 46 12
# CONTEXT CPU 0 46
CPU 46 14 1
# CONTEXT CPU 2 46
CPU 46 13 3
BLOCK 47 14
# CONTEXT CPU 0 47
# CONTEXT CPU 1 47
# CONTEXT CPU 2 47
CPU 47 13 3
UNBLOCK 48 14
CPU 48 1 0
# CONTEXT CPU 1 48
CPU 48 9 2
CPU 48 13 3
BLOCK 49 13
CPU 49 1 0
# CONTEXT CPU 1 49
CPU 49 9 2
# CONTEXT CPU 3 49
BLOCK 50 9
UNBLOCK 50 13
CPU 50 1 0
CPU 50 0 1
# CONTEXT CPU 2 50
# CONTEXT CPU 3 50
BLOCK 51 1
UNBLOCK 51 9
# CONTEXT CPU 0 51
CPU 51 0 1
# CONTEXT CPU 2 51
# CONTEXT CPU 3 51
UNBLOCK 52 1
CPU 52 12 0
# CONTEXT CPU 1 52
# CONTEXT CPU 2 52
CPU 52 10 3
CPU 53 12 0
CPU 53 14 1
CPU 53 11 2
CPU 53 10 3
BLOCK 54 12
BLOCK 54 14
BLOCK 54 11
# CONTEXT CPU 0 54
# CONTEXT CPU 1 54
# CONTEXT CPU 2 54
CPU 54 10 3
UNBLOCK 55 11
UNBLOCK 55 12
UNBLOCK 55 14
# CONTEXT CPU 0 55
# CONTEXT CPU 1 55
# CONTEXT CPU 2 55
# CONTEXT CPU 3 55
# CONTEXT CPU 0 56
# CONTEXT CPU 1 56
# CONTEXT CPU 2 56
# CONTEXT CPU 3 56
CPU 57 13 0
CPU 57 9 1
CPU 57 1 2
# CONTEXT CPU 3 57
EXIT 58 9 1
EXIT 58 1 2
CPU 58 13 0
# CONTEXT CPU 1 58
# CONTEXT CPU 2 58
CPU 58 0 3
BLOCK 59 13
# CONTEXT CPU 0 59
# CONTEXT CPU 1 59
# CONTEXT CPU 2 59
CPU 59 0 3
EXIT 60 0 3
UNBLOCK 60 13
# CONTEXT CPU 0 60
# CONTEXT CPU 1 60
# CONTEXT CPU 2 60
# CONTEXT CPU 3 60
# CONTEXT CPU 0 61
CPU 61 11 1
CPU 61 12 2
CPU 61 10 3
EXIT 62 11 1
EXIT 62 10 3
CPU 62 14 0
# CONTEXT CPU 1 62
CPU 62 12 2
CPU 62 -1 3
BLOCK 63 14
CPU 63 -1 0
# CONTEXT CPU 1 63
CPU 63 12 2
CPU 63 -1 3
UNBLOCK 64 14
# CONTEXT CPU 0 64
# CONTEXT CPU 1 64
CPU 64 12 2
CPU 64 -1 3
EXIT 65 12 2
CPU 65 14 0
CPU 65 13 1
CPU 65 -1 2
CPU 65 -1 3
BLOCK 66 14
EXIT 66 13 1
CPU 66 -1 0
CPU 66 -1 1
CPU 66 -1 2
CPU 66 -1 3
UNBLOCK 67 14
# CONTEXT CPU 0 67
CPU 67 -1 1
CPU 67 -1 2
CPU 67 -1 3
CPU 68 14 0
CPU 68 -1 1
CPU 68 -1 2
CPU 68 -1 3
BLOCK 69 14
CPU 69 -1 0
CPU 69 -1 1
CPU 69 -1 2
CPU 69 -1 3
UNBLOCK 70 14
# CONTEXT CPU 0 70
CPU 70 -1 1
CPU 70 -1 2
CPU 70 -1 3
CPU 71 14 0
CPU 71 -1 1
CPU 71 -1 2
CPU 71 -1 3
BLOCK 72 14
CPU 72 -1 0
CPU 72 -1 1
CPU 72 -1 2
CPU 72 -1 3
UNBLOCK 73 14
# CONTEXT CPU 0 73
CPU 73 -1 1
CPU 73 -1 2
CPU 73 -1 3
CPU 74 14 0
CPU 74 -1 1
CPU 74 -1 2
CPU 74 -1 3
EXIT 75 14 0
CPU 75 -1 0
CPU 75 -1 1
CPU 75 -1 2
CPU 75 -1 3
