# SETTINGS ../simusched tareas.tsk 3 1 2 SchedRR 3 1 4 7
LOAD 0 0
LOAD 0 1
LOAD 0 2
LOAD 0 3
LOAD 0 4
LOAD 0 5
LOAD 0 6
LOAD 0 7
LOAD 0 8
LOAD 0 9
LOAD 0 10
LOAD 0 11
LOAD 0 12
LOAD 0 13
LOAD 0 14
# CONTEXT CPU 0 0
# CONTEXT CPU 1 0
# CONTEXT CPU 2 0
CPU 1 0 0
CPU 1 1 1
CPU 1 2 2
CPU 2 0 0
CPU 2 1 1
CPU 2 2 2
BLOCK 3 1
CPU 3 0 0
# CONTEXT CPU 1 3
CPU 3 2 2
UNBLOCK 4 1
CPU 4 0 0
CPU 4 3 1
CPU 4 2 2
BLOCK 5 0
# CONTEXT CPU 0 5
# CONTEXT CPU 1 5
CPU 5 2 2
UNBLOCK 6 0
CPU 6 4 0
CPU 6 5 1
# CONTEXT CPU 2 6
# CONTEXT CPU 0 7
CPU 7 5 1
CPU 7 6 2
CPU 8 7 0
# CONTEXT CPU 1 8
CPU 8 6 2
CPU 9 7 0
CPU 9 8 1
CPU 9 6 2
CPU 10 7 0
CPU 10 8 1
CPU 10 6 2
BLOCK 11 7
BLOCK 11 8
# CONTEXT CPU 0 11
# CONTEXT CPU 1 11
CPU 11 6 2
BLOCK 12 6
UNBLOCK 12 7
UNBLOCK 12 8
CPU 12 9 0
CPU 12 10 1
# CONTEXT CPU 2 12
BLOCK 13 10
UNBLOCK 13 6
CPU 13 9 0
# CONTEXT CPU 1 13
CPU 13 11 2
UNBLOCK 14 10
# CONTEXT CPU 0 14
CPU 14 12 1
# CONTEXT CPU 2 14
CPU 15 13 0
# CONTEXT CPU 1 15
CPU 15 14 2
BLOCK 16 14
CPU 16 13 0
CPU 16 1 1
# CONTEXT CPU 2 16
UNBLOCK 17 14
CPU 17 13 0
CPU 17 1 1
# CONTEXT CPU 2 17
BLOCK 18 13
# CONTEXT CPU 0 18
# CONTEXT CPU 1 18
# CONTEXT CPU 2 18
UNBLOCK 19 13
CPU 19 0 0
# CONTEXT CPU 1 19
CPU 19 3 2
BLOCK 20 3
CPU 20 0 0
# CONTEXT CPU 1 20
# CONTEXT CPU 2 20
UNBLOCK 21 3
# CONTEXT CPU 0 21
CPU 21 2 1
# CONTEXT CPU 2 21
# CONTEXT CPU 0 22
CPU 22 2 1
# CONTEXT CPU 2 22
# CONTEXT CPU 0 23
# CONTEXT CPU 1 23
CPU 23 4 2
CPU 24 5 0
# CONTEXT CPU 1 24
CPU 24 4 2
CPU 25 5 0
# CONTEXT CPU 1 25
CPU 25 4 2
CPU 26 5 0
CPU 26 7 1
CPU 26 4 2
BLOCK 27 4
CPU 27 5 0
CPU 27 7 1
# CONTEXT CPU 2 27
UNBLOCK 28 4
# CONTEXT CPU 0 28
# CONTEXT CPU 1 28
# CONTEXT CPU 2 28
# CONTEXT CPU 0 29
CPU 29 10 1
# CONTEXT CPU 2 29
# CONTEXT CPU 0 30
CPU 30 10 1
CPU 30 8 2
CPU 31 6 0
# CONTEXT CPU 1 31
CPU 31 8 2
BLOCK 32 8
CPU 32 6 0
# CONTEXT CPU 1 32
# CONTEXT CPU 2 32
UNBLOCK 33 8
CPU 33 6 0
# CONTEXT CPU 1 33
CPU 33 11 2
CPU 34 6 0
CPU 34 9 1
# CONTEXT CPU 2 34
EXIT 35 6 0
# CONTEXT CPU 0 35
CPU 35 9 1
# CONTEXT CPU 2 35
# CONTEXT CPU 0 36
# CONTEXT CPU 1 36
# CONTEXT CPU 2 36
# CONTEXT CPU 0 37
CPU 37 1 1
CPU 37 12 2
BLOCK 38 12
CPU 38 14 0
CPU 38 1 1
# CONTEXT CPU 2 38
BLOCK 39 14
UNBLOCK 39 12
# CONTEXT CPU 0 39
# CONTEXT CPU 1 39
# CONTEXT CPU 2 39
UNBLOCK 40 14
# CONTEXT CPU 0 40
# CONTEXT CPU 1 40
# CONTEXT CPU 2 40
# CONTEXT CPU 0 41
# CONTEXT CPU 1 41
CPU 41 13 2
CPU 42 3 0
CPU 42 0 1
CPU 42 13 2
BLOCK 43 13
CPU 43 3 0
CPU 43 0 1
# CONTEXT CPU 2 43
UNBLOCK 44 13
CPU 44 3 0
# CONTEXT CPU 1 44
# CONTEXT CPU 2 44
CPU 45 3 0
# CONTEXT CPU 1 45
# CONTEXT CPU 2 45
# CONTEXT CPU 0 46
# CONTEXT CPU 1 46
CPU 46 2 2
BLOCK 47 2
CPU 47 5 0
CPU 47 4 1
# CONTEXT CPU 2 47
BLOCK 48 5
UNBLOCK 48 2
# CONTEXT CPU 0 48
CPU 48 4 1
# CONTEXT CPU 2 48
UNBLOCK 49 5
# CONTEXT CPU 0 49
# CONTEXT CPU 1 49
# CONTEXT CPU 2 49
# CONTEXT CPU 0 50
# CONTEXT CPU 1 50
CPU 50 7 2
CPU 51 10 0
# CONTEXT CPU 1 51
CPU 51 7 2
BLOCK 52 10
# CONTEXT CPU 0 52
CPU 52 8 1
CPU 52 7 2
UNBLOCK 53 10
# CONTEXT CPU 0 53
CPU 53 8 1
CPU 53 7 2
EXIT 54 7 2
# CONTEXT CPU 0 54
# CONTEXT CPU 1 54
# CONTEXT CPU 2 54
CPU 55 11 0
CPU 55 9 1
CPU 55 12 2
BLOCK 56 11
BLOCK 56 9
# CONTEXT CPU 0 56
# CONTEXT CPU 1 56
CPU 56 12 2
UNBLOCK 57 9
UNBLOCK 57 11
# CONTEXT CPU 0 57
# CONTEXT CPU 1 57
CPU 57 12 2
BLOCK 58 12
# CONTEXT CPU 0 58
# CONTEXT CPU 1 58
# CONTEXT CPU 2 58
UNBLOCK 59 12
CPU 59 1 0
CPU 59 14 1
CPU 59 13 2
BLOCK 60 14
BLOCK 60 13
CPU 60 1 0
# CONTEXT CPU 1 60
# CONTEXT CPU 2 60
UNBLOCK 61 13
UNBLOCK 61 14
CPU 61 1 0
CPU 61 0 1
# CONTEXT CPU 2 61
EXIT 62 1 0
EXIT 62 0 1
# CONTEXT CPU 0 62
# CONTEXT CPU 1 62
# CONTEXT CPU 2 62
# CONTEXT CPU 0 63
# CONTEXT CPU 1 63
CPU 63 3 2
# CONTEXT CPU 0 64
# CONTEXT CPU 1 64
CPU 64 3 2
CPU 65 2 0
CPU 65 5 1
CPU 65 3 2
EXIT 66 2 0
EXIT 66 3 2
# CONTEXT CPU 0 66
CPU 66 5 1
# CONTEXT CPU 2 66
EXIT 67 5 1
# CONTEXT CPU 0 67
# CONTEXT CPU 1 67
# CONTEXT CPU 2 67
# CONTEXT CPU 0 68
CPU 68 8 1
# CONTEXT CPU 2 68
CPU 69 4 0
CPU 69 8 1
CPU 69 10 2
CPU 70 4 0
# CONTEXT CPU 1 70
CPU 70 10 2
EXIT 71 4 0
# CONTEXT CPU 0 71
CPU 71 9 1
CPU 71 10 2
CPU 72 11 0
CPU 72 9 1
CPU 72 10 2
BLOCK 73 11
BLOCK 73 9
# CONTEXT CPU 0 73
# CONTEXT CPU 1 73
CPU 73 10 2
EXIT 74 10 2
UNBLOCK 74 9
UNBLOCK 74 11
# CONTEXT CPU 0 74
# CONTEXT CPU 1 74
# CONTEXT CPU 2 74
# CONTEXT CPU 0 75
# CONTEXT CPU 1 75
# CONTEXT CPU 2 75
CPU 76 12 0
CPU 76 13 1
# CONTEXT CPU 2 76
CPU 77 12 0
# CONTEXT CPU 1 77
CPU 77 14 2
BLOCK 78 12
BLOCK 78 14
# CONTEXT CPU 0 78
CPU 78 8 1
# CONTEXT CPU 2 78
EXIT 79 8 1
UNBLOCK 79 12
UNBLOCK 79 14
# CONTEXT CPU 0 79
# CONTEXT CPU 1 79
# CONTEXT CPU 2 79
# CONTEXT CPU 0 80
CPU 80 13 1
# CONTEXT CPU 2 80
BLOCK 81 13
CPU 81 9 0
# CONTEXT CPU 1 81
CPU 81 11 2
UNBLOCK 82 13
CPU 82 9 0
# CONTEXT CPU 1 82
CPU 82 11 2
EXIT 83 9 0
# CONTEXT CPU 0 83
# CONTEXT CPU 1 83
CPU 83 11 2
# CONTEXT CPU 0 84
CPU 84 12 1
CPU 84 11 2
BLOCK 85 12
# CONTEXT CPU 0 85
# CONTEXT CPU 1 85
CPU 85 11 2
EXIT 86 11 2
UNBLOCK 86 12
CPU 86 14 0
CPU 86 13 1
# CONTEXT CPU 2 86
BLOCK 87 14
EXIT 87 13 1
CPU 87 -1 0
CPU 87 -1 1
# CONTEXT CPU 2 87
UNBLOCK 88 14
# CONTEXT CPU 0 88
CPU 88 -1 1
# CONTEXT CPU 2 88
CPU 89 14 0
CPU 89 -1 1
CPU 89 12 2
BLOCK 90 14
EXIT 90 12 2
CPU 90 -1 0
CPU 90 -1 1
CPU 90 -1 2
UNBLOCK 91 14
# CONTEXT CPU 0 91
CPU 91 -1 1
CPU 91 -1 2
CPU 92 14 0
CPU 92 -1 1
CPU 92 -1 2
BLOCK 93 14
CPU 93 -1 0
CPU 93 -1 1
CPU 93 -1 2
UNBLOCK 94 14
# CONTEXT CPU 0 94
CPU 94 -1 1
CPU 94 -1 2
CPU 95 14 0
CPU 95 -1 1
CPU 95 -1 2
BLOCK 96 14
CPU 96 -1 0
CPU 96 -1 1
CPU 96 -1 2
UNBLOCK 97 14
# CONTEXT CPU 0 97
CPU 97 -1 1
CPU 97 -1 2
CPU 98 14 0
CPU 98 -1 1
CPU 98 -1 2
EXIT 99 14 0
CPU 99 -1 0
CPU 99 -1 1
CPU 99 -1 2
