# SETTINGS ../simusched tareas.tsk 3 1 2 SchedRR 3 2 2 2
LOAD 0 0
LOAD 0 1
LOAD 0 2
LOAD 0 3
# CONTEXT CPU 0 0
# CONTEXT CPU 1 0
# CONTEXT CPU 2 0
CPU 1 0 0
CPU 1 1 1
CPU 1 2 2
BLOCK 2 0
# CONTEXT CPU 0 2
CPU 2 1 1
CPU 2 2 2
BLOCK 3 1
BLOCK 3 2
UNBLOCK 3 0
CPU 3 3 0
# CONTEXT CPU 1 3
CPU 3 -1 2
BLOCK 4 3
UNBLOCK 4 1
UNBLOCK 4 2
# CONTEXT CPU 0 4
# CONTEXT CPU 1 4
# CONTEXT CPU 2 4
UNBLOCK 5 3
# CONTEXT CPU 0 5
# CONTEXT CPU 1 5
CPU 5 2 2
# CONTEXT CPU 0 6
CPU 6 0 1
CPU 6 2 2
CPU 7 1 0
CPU 7 0 1
CPU 7 2 2
BLOCK 8 2
CPU 8 1 0
# CONTEXT CPU 1 8
# CONTEXT CPU 2 8
UNBLOCK 9 2
CPU 9 1 0
# CONTEXT CPU 1 9
# CONTEXT CPU 2 9
CPU 10 1 0
# CONTEXT CPU 1 10
# CONTEXT CPU 2 10
BLOCK 11 1
# CONTEXT CPU 0 11
CPU 11 3 1
CPU 11 0 2
BLOCK 12 3
UNBLOCK 12 1
# CONTEXT CPU 0 12
# CONTEXT CPU 1 12
CPU 12 0 2
UNBLOCK 13 3
# CONTEXT CPU 0 13
# CONTEXT CPU 1 13
CPU 13 0 2
CPU 14 2 0
# CONTEXT CPU 1 14
CPU 14 0 2
BLOCK 15 2
# CONTEXT CPU 0 15
CPU 15 1 1
CPU 15 0 2
UNBLOCK 16 2
# CONTEXT CPU 0 16
CPU 16 1 1
CPU 16 0 2
EXIT 17 0 2
# CONTEXT CPU 0 17
CPU 17 1 1
# CONTEXT CPU 2 17
EXIT 18 1 1
CPU 18 3 0
CPU 18 -1 1
# CONTEXT CPU 2 18
BLOCK 19 3
CPU 19 -1 0
CPU 19 -1 1
# CONTEXT CPU 2 19
UNBLOCK 20 3
# CONTEXT CPU 0 20
CPU 20 -1 1
CPU 20 2 2
CPU 21 3 0
CPU 21 -1 1
CPU 21 2 2
BLOCK 22 3
BLOCK 22 2
CPU 22 -1 0
CPU 22 -1 1
CPU 22 -1 2
UNBLOCK 23 2
UNBLOCK 23 3
# CONTEXT CPU 0 23
# CONTEXT CPU 1 23
CPU 23 -1 2
# CONTEXT CPU 0 24
# CONTEXT CPU 1 24
CPU 24 -1 2
# CONTEXT CPU 0 25
# CONTEXT CPU 1 25
CPU 25 -1 2
CPU 26 2 0
CPU 26 3 1
CPU 26 -1 2
EXIT 27 2 0
BLOCK 27 3
CPU 27 -1 0
CPU 27 -1 1
CPU 27 -1 2
UNBLOCK 28 3
# CONTEXT CPU 0 28
CPU 28 -1 1
CPU 28 -1 2
# CONTEXT CPU 0 29
CPU 29 -1 1
CPU 29 -1 2
# CONTEXT CPU 0 30
CPU 30 -1 1
CPU 30 -1 2
CPU 31 3 0
CPU 31 -1 1
CPU 31 -1 2
BLOCK 32 3
CPU 32 -1 0
CPU 32 -1 1
CPU 32 -1 2
UNBLOCK 33 3
# CONTEXT CPU 0 33
CPU 33 -1 1
CPU 33 -1 2
CPU 34 3 0
CPU 34 -1 1
CPU 34 -1 2
BLOCK 35 3
CPU 35 -1 0
CPU 35 -1 1
CPU 35 -1 2
UNBLOCK 36 3
# CONTEXT CPU 0 36
CPU 36 -1 1
CPU 36 -1 2
CPU 37 3 0
CPU 37 -1 1
CPU 37 -1 2
BLOCK 38 3
CPU 38 -1 0
CPU 38 -1 1
CPU 38 -1 2
UNBLOCK 39 3
# CONTEXT CPU 0 39
CPU 39 -1 1
CPU 39 -1 2
CPU 40 3 0
CPU 40 -1 1
CPU 40 -1 2
EXIT 41 3 0
CPU 41 -1 0
CPU 41 -1 1
CPU 41 -1 2
