# SETTINGS ../simusched tareas.tsk 4 1 2 SchedRR 4 1 4 6 6
LOAD 0 0
LOAD 0 1
LOAD 0 2
LOAD 0 3
LOAD 0 4
LOAD 0 5
LOAD 0 6
LOAD 0 7
LOAD 0 8
LOAD 0 9
LOAD 0 10
LOAD 0 11
LOAD 0 12
LOAD 0 13
LOAD 0 14
# CONTEXT CPU 0 0
# CONTEXT CPU 1 0
# CONTEXT CPU 2 0
# CONTEXT CPU 3 0
CPU 1 0 0
CPU 1 1 1
CPU 1 2 2
CPU 1 3 3
CPU 2 0 0
CPU 2 1 1
CPU 2 2 2
CPU 2 3 3
BLOCK 3 0
# CONTEXT CPU 0 3
# CONTEXT CPU 1 3
CPU 3 2 2
CPU 3 3 3
BLOCK 4 2
UNBLOCK 4 0
CPU 4 4 0
CPU 4 5 1
# CONTEXT CPU 2 4
CPU 4 3 3
UNBLOCK 5 2
CPU 5 4 0
CPU 5 5 1
CPU 5 6 2
CPU 5 3 3
CPU 6 4 0
# CONTEXT CPU 1 6
CPU 6 6 2
CPU 6 3 3
CPU 7 4 0
CPU 7 7 1
CPU 7 6 2
CPU 7 3 3
BLOCK 8 7
BLOCK 8 3
# CONTEXT CPU 0 8
# CONTEXT CPU 1 8
# CONTEXT CPU 2 8
# CONTEXT CPU 3 8
UNBLOCK 9 3
UNBLOCK 9 7
CPU 9 8 0
CPU 9 9 1
CPU 9 10 2
CPU 9 11 3
BLOCK 10 8
# CONTEXT CPU 0 10
CPU 10 9 1
CPU 10 10 2
# CONTEXT CPU 3 10
UNBLOCK 11 8
CPU 11 12 0
# CONTEXT CPU 1 11
CPU 11 10 2
CPU 11 13 3
BLOCK 12 12
BLOCK 12 10
BLOCK 12 13
# CONTEXT CPU 0 12
CPU 12 14 1
# CONTEXT CPU 2 12
# CONTEXT CPU 3 12
BLOCK 13 14
UNBLOCK 13 10
UNBLOCK 13 12
UNBLOCK 13 13
# CONTEXT CPU 0 13
# CONTEXT CPU 1 13
# CONTEXT CPU 2 13
# CONTEXT CPU 3 13
UNBLOCK 14 14
# CONTEXT CPU 0 14
CPU 14 5 1
# CONTEXT CPU 2 14
# CONTEXT CPU 3 14
CPU 15 1 0
CPU 15 5 1
CPU 15 0 2
CPU 15 2 3
BLOCK 16 5
CPU 16 1 0
# CONTEXT CPU 1 16
CPU 16 0 2
CPU 16 2 3
UNBLOCK 17 5
CPU 17 1 0
# CONTEXT CPU 1 17
CPU 17 0 2
CPU 17 2 3
CPU 18 1 0
# CONTEXT CPU 1 18
# CONTEXT CPU 2 18
CPU 18 2 3
CPU 19 1 0
CPU 19 4 1
CPU 19 6 2
CPU 19 2 3
# CONTEXT CPU 0 20
# CONTEXT CPU 1 20
CPU 20 6 2
CPU 20 2 3
EXIT 21 2 3
# CONTEXT CPU 0 21
CPU 21 7 1
CPU 21 6 2
# CONTEXT CPU 3 21
# CONTEXT CPU 0 22
CPU 22 7 1
CPU 22 6 2
CPU 22 11 3
BLOCK 23 6
CPU 23 3 0
# CONTEXT CPU 1 23
# CONTEXT CPU 2 23
CPU 23 11 3
UNBLOCK 24 6
CPU 24 3 0
# CONTEXT CPU 1 24
# CONTEXT CPU 2 24
CPU 24 11 3
EXIT 25 3 0
BLOCK 25 11
# CONTEXT CPU 0 25
# CONTEXT CPU 1 25
# CONTEXT CPU 2 25
# CONTEXT CPU 3 25
UNBLOCK 26 11
# CONTEXT CPU 0 26
CPU 26 8 1
CPU 26 9 2
# CONTEXT CPU 3 26
# CONTEXT CPU 0 27
CPU 27 8 1
CPU 27 9 2
# CONTEXT CPU 3 27
CPU 28 10 0
# CONTEXT CPU 1 28
# CONTEXT CPU 2 28
CPU 28 12 3
BLOCK 29 12
CPU 29 10 0
# CONTEXT CPU 1 29
# CONTEXT CPU 2 29
# CONTEXT CPU 3 29
BLOCK 30 10
UNBLOCK 30 12
# CONTEXT CPU 0 30
# CONTEXT CPU 1 30
# CONTEXT CPU 2 30
# CONTEXT CPU 3 30
UNBLOCK 31 10
# CONTEXT CPU 0 31
CPU 31 13 1
CPU 31 14 2
# CONTEXT CPU 3 31
BLOCK 32 13
BLOCK 32 14
# CONTEXT CPU 0 32
# CONTEXT CPU 1 32
# CONTEXT CPU 2 32
CPU 32 5 3
UNBLOCK 33 13
UNBLOCK 33 14
CPU 33 0 0
# CONTEXT CPU 1 33
# CONTEXT CPU 2 33
CPU 33 5 3
CPU 34 0 0
# CONTEXT CPU 1 34
# CONTEXT CPU 2 34
CPU 34 5 3
CPU 35 0 0
CPU 35 1 1
CPU 35 4 2
CPU 35 5 3
BLOCK 36 1
CPU 36 0 0
# CONTEXT CPU 1 36
CPU 36 4 2
CPU 36 5 3
EXIT 37 0 0
EXIT 37 5 3
UNBLOCK 37 1
# CONTEXT CPU 0 37
CPU 37 7 1
CPU 37 4 2
# CONTEXT CPU 3 37
BLOCK 38 4
# CONTEXT CPU 0 38
CPU 38 7 1
# CONTEXT CPU 2 38
CPU 38 11 3
UNBLOCK 39 4
# CONTEXT CPU 0 39
# CONTEXT CPU 1 39
# CONTEXT CPU 2 39
CPU 39 11 3
CPU 40 6 0
# CONTEXT CPU 1 40
# CONTEXT CPU 2 40
CPU 40 11 3
CPU 41 6 0
# CONTEXT CPU 1 41
CPU 41 8 2
CPU 41 11 3
EXIT 42 6 0
BLOCK 42 11
# CONTEXT CPU 0 42
CPU 42 9 1
CPU 42 8 2
# CONTEXT CPU 3 42
UNBLOCK 43 11
# CONTEXT CPU 0 43
CPU 43 9 1
CPU 43 8 2
# CONTEXT CPU 3 43
BLOCK 44 9
# CONTEXT CPU 0 44
# CONTEXT CPU 1 44
# CONTEXT CPU 2 44
# CONTEXT CPU 3 44
UNBLOCK 45 9
CPU 45 12 0
CPU 45 13 1
CPU 45 14 2
CPU 45 10 3
BLOCK 46 12
BLOCK 46 14
# CONTEXT CPU 0 46
# CONTEXT CPU 1 46
# CONTEXT CPU 2 46
CPU 46 10 3
UNBLOCK 47 12
UNBLOCK 47 14
# CONTEXT CPU 0 47
# CONTEXT CPU 1 47
# CONTEXT CPU 2 47
CPU 47 10 3
# CONTEXT CPU 0 48
# CONTEXT CPU 1 48
# CONTEXT CPU 2 48
CPU 48 10 3
EXIT 49 10 3
CPU 49 1 0
CPU 49 4 1
CPU 49 7 2
# CONTEXT CPU 3 49
EXIT 50 1 0
EXIT 50 4 1
# CONTEXT CPU 0 50
# CONTEXT CPU 1 50
CPU 50 7 2
CPU 50 11 3
EXIT 51 11 3
# CONTEXT CPU 0 51
CPU 51 9 1
CPU 51 7 2
# CONTEXT CPU 3 51
# CONTEXT CPU 0 52
CPU 52 9 1
CPU 52 7 2
# CONTEXT CPU 3 52
BLOCK 53 9
EXIT 53 7 2
CPU 53 8 0
# CONTEXT CPU 1 53
# CONTEXT CPU 2 53
# CONTEXT CPU 3 53
BLOCK 54 8
UNBLOCK 54 9
# CONTEXT CPU 0 54
# CONTEXT CPU 1 54
CPU 54 14 2
CPU 54 13 3
BLOCK 55 14
UNBLOCK 55 8
# CONTEXT CPU 0 55
# CONTEXT CPU 1 55
# CONTEXT CPU 2 55
CPU 55 13 3
UNBLOCK 56 14
# CONTEXT CPU 0 56
CPU 56 12 1
# CONTEXT CPU 2 56
CPU 56 13 3
BLOCK 57 13
CPU 57 9 0
# CONTEXT CPU 1 57
# CONTEXT CPU 2 57
# CONTEXT CPU 3 57
EXIT 58 9 0
UNBLOCK 58 13
# CONTEXT CPU 0 58
# CONTEXT CPU 1 58
CPU 58 8 2
# CONTEXT CPU 3 58
# CONTEXT CPU 0 59
# CONTEXT CPU 1 59
CPU 59 8 2
# CONTEXT CPU 3 59
EXIT 60 8 2
# CONTEXT CPU 0 60
CPU 60 14 1
CPU 60 -1 2
CPU 60 12 3
BLOCK 61 14
BLOCK 61 12
CPU 61 13 0
CPU 61 -1 1
CPU 61 -1 2
CPU 61 -1 3
UNBLOCK 62 12
UNBLOCK 62 14
CPU 62 13 0
# CONTEXT CPU 1 62
# CONTEXT CPU 2 62
CPU 62 -1 3
BLOCK 63 13
CPU 63 -1 0
# CONTEXT CPU 1 63
# CONTEXT CPU 2 63
CPU 63 -1 3
UNBLOCK 64 13
# CONTEXT CPU 0 64
# CONTEXT CPU 1 64
# CONTEXT CPU 2 64
CPU 64 -1 3
CPU 65 13 0
CPU 65 12 1
CPU 65 14 2
CPU 65 -1 3
EXIT 66 13 0
BLOCK 66 14
CPU 66 -1 0
CPU 66 12 1
CPU 66 -1 2
CPU 66 -1 3
UNBLOCK 67 14
# CONTEXT CPU 0 67
CPU 67 12 1
CPU 67 -1 2
CPU 67 -1 3
# CONTEXT CPU 0 68
CPU 68 12 1
CPU 68 -1 2
CPU 68 -1 3
EXIT 69 12 1
# CONTEXT CPU 0 69
CPU 69 -1 1
CPU 69 -1 2
CPU 69 -1 3
CPU 70 14 0
CPU 70 -1 1
CPU 70 -1 2
CPU 70 -1 3
BLOCK 71 14
CPU 71 -1 0
CPU 71 -1 1
CPU 71 -1 2
CPU 71 -1 3
UNBLOCK 72 14
# CONTEXT CPU 0 72
CPU 72 -1 1
CPU 72 -1 2
CPU 72 -1 3
CPU 73 14 0
CPU 73 -1 1
CPU 73 -1 2
CPU 73 -1 3
BLOCK 74 14
CPU 74 -1 0
CPU 74 -1 1
CPU 74 -1 2
CPU 74 -1 3
UNBLOCK 75 14
# CONTEXT CPU 0 75
CPU 75 -1 1
CPU 75 -1 2
CPU 75 -1 3
CPU 76 14 0
CPU 76 -1 1
CPU 76 -1 2
CPU 76 -1 3
EXIT 77 14 0
CPU 77 -1 0
CPU 77 -1 1
CPU 77 -1 2
CPU 77 -1 3
