# SETTINGS ../simusched tareas.tsk 3 1 2 SchedRR 3 3 7 7
LOAD 0 0
LOAD 0 1
LOAD 0 2
LOAD 0 3
LOAD 0 4
LOAD 0 5
LOAD 0 6
LOAD 0 7
LOAD 0 8
LOAD 0 9
LOAD 0 10
LOAD 0 11
LOAD 0 12
LOAD 0 13
LOAD 0 14
# CONTEXT CPU 0 0
# CONTEXT CPU 1 0
# CONTEXT CPU 2 0
CPU 1 0 0
CPU 1 1 1
CPU 1 2 2
BLOCK 2 1
CPU 2 0 0
# CONTEXT CPU 1 2
CPU 2 2 2
UNBLOCK 3 1
CPU 3 0 0
CPU 3 3 1
CPU 3 2 2
BLOCK 4 3
CPU 4 0 0
# CONTEXT CPU 1 4
CPU 4 2 2
UNBLOCK 5 3
# CONTEXT CPU 0 5
CPU 5 4 1
CPU 5 2 2
CPU 6 5 0
CPU 6 4 1
CPU 6 2 2
CPU 7 5 0
CPU 7 4 1
CPU 7 2 2
BLOCK 8 2
CPU 8 5 0
CPU 8 4 1
# CONTEXT CPU 2 8
UNBLOCK 9 2
CPU 9 5 0
# CONTEXT CPU 1 9
CPU 9 6 2
# CONTEXT CPU 0 10
CPU 10 7 1
CPU 10 6 2
CPU 11 8 0
CPU 11 7 1
# CONTEXT CPU 2 11
CPU 12 8 0
CPU 12 7 1
CPU 12 9 2
CPU 13 8 0
CPU 13 7 1
CPU 13 9 2
BLOCK 14 9
CPU 14 8 0
# CONTEXT CPU 1 14
# CONTEXT CPU 2 14
UNBLOCK 15 9
# CONTEXT CPU 0 15
CPU 15 10 1
CPU 15 11 2
CPU 16 12 0
CPU 16 10 1
CPU 16 11 2
BLOCK 17 12
BLOCK 17 10
# CONTEXT CPU 0 17
# CONTEXT CPU 1 17
CPU 17 11 2
BLOCK 18 11
UNBLOCK 18 10
UNBLOCK 18 12
CPU 18 13 0
CPU 18 14 1
# CONTEXT CPU 2 18
BLOCK 19 14
UNBLOCK 19 11
CPU 19 13 0
# CONTEXT CPU 1 19
# CONTEXT CPU 2 19
BLOCK 20 13
UNBLOCK 20 14
# CONTEXT CPU 0 20
CPU 20 3 1
# CONTEXT CPU 2 20
UNBLOCK 21 13
CPU 21 0 0
CPU 21 3 1
CPU 21 1 2
BLOCK 22 0
# CONTEXT CPU 0 22
CPU 22 3 1
CPU 22 1 2
UNBLOCK 23 0
# CONTEXT CPU 0 23
# CONTEXT CPU 1 23
CPU 23 1 2
# CONTEXT CPU 0 24
CPU 24 4 1
CPU 24 1 2
CPU 25 2 0
CPU 25 4 1
CPU 25 1 2
CPU 26 2 0
CPU 26 4 1
# CONTEXT CPU 2 26
EXIT 27 2 0
# CONTEXT CPU 0 27
CPU 27 4 1
# CONTEXT CPU 2 27
BLOCK 28 4
# CONTEXT CPU 0 28
# CONTEXT CPU 1 28
# CONTEXT CPU 2 28
UNBLOCK 29 4
# CONTEXT CPU 0 29
CPU 29 7 1
CPU 29 5 2
CPU 30 6 0
# CONTEXT CPU 1 30
CPU 30 5 2
BLOCK 31 5
CPU 31 6 0
# CONTEXT CPU 1 31
# CONTEXT CPU 2 31
UNBLOCK 32 5
CPU 32 6 0
# CONTEXT CPU 1 32
# CONTEXT CPU 2 32
CPU 33 6 0
CPU 33 9 1
# CONTEXT CPU 2 33
BLOCK 34 6
# CONTEXT CPU 0 34
CPU 34 9 1
CPU 34 8 2
BLOCK 35 9
UNBLOCK 35 6
# CONTEXT CPU 0 35
# CONTEXT CPU 1 35
CPU 35 8 2
UNBLOCK 36 9
# CONTEXT CPU 0 36
# CONTEXT CPU 1 36
CPU 36 8 2
BLOCK 37 8
CPU 37 10 0
# CONTEXT CPU 1 37
# CONTEXT CPU 2 37
BLOCK 38 10
UNBLOCK 38 8
# CONTEXT CPU 0 38
CPU 38 12 1
CPU 38 11 2
BLOCK 39 12
UNBLOCK 39 10
# CONTEXT CPU 0 39
# CONTEXT CPU 1 39
CPU 39 11 2
UNBLOCK 40 12
# CONTEXT CPU 0 40
# CONTEXT CPU 1 40
CPU 40 11 2
CPU 41 14 0
# CONTEXT CPU 1 41
CPU 41 11 2
BLOCK 42 14
# CONTEXT CPU 0 42
CPU 42 13 1
CPU 42 11 2
BLOCK 43 11
UNBLOCK 43 14
CPU 43 0 0
CPU 43 13 1
# CONTEXT CPU 2 43
BLOCK 44 13
UNBLOCK 44 11
# CONTEXT CPU 0 44
# CONTEXT CPU 1 44
# CONTEXT CPU 2 44
UNBLOCK 45 13
# CONTEXT CPU 0 45
CPU 45 4 1
# CONTEXT CPU 2 45
EXIT 46 4 1
# CONTEXT CPU 0 46
# CONTEXT CPU 1 46
CPU 46 3 2
CPU 47 1 0
CPU 47 7 1
# CONTEXT CPU 2 47
CPU 48 1 0
CPU 48 7 1
CPU 48 5 2
BLOCK 49 7
CPU 49 1 0
# CONTEXT CPU 1 49
CPU 49 5 2
EXIT 50 1 0
UNBLOCK 50 7
# CONTEXT CPU 0 50
# CONTEXT CPU 1 50
CPU 50 5 2
EXIT 51 5 2
# CONTEXT CPU 0 51
# CONTEXT CPU 1 51
# CONTEXT CPU 2 51
# CONTEXT CPU 0 52
CPU 52 6 1
CPU 52 8 2
BLOCK 53 8
CPU 53 9 0
CPU 53 6 1
# CONTEXT CPU 2 53
UNBLOCK 54 8
CPU 54 9 0
CPU 54 6 1
# CONTEXT CPU 2 54
EXIT 55 6 1
CPU 55 9 0
# CONTEXT CPU 1 55
# CONTEXT CPU 2 55
CPU 56 9 0
CPU 56 12 1
CPU 56 10 2
BLOCK 57 12
# CONTEXT CPU 0 57
# CONTEXT CPU 1 57
CPU 57 10 2
UNBLOCK 58 12
CPU 58 14 0
# CONTEXT CPU 1 58
CPU 58 10 2
BLOCK 59 14
# CONTEXT CPU 0 59
# CONTEXT CPU 1 59
CPU 59 10 2
UNBLOCK 60 14
CPU 60 0 0
CPU 60 11 1
CPU 60 10 2
EXIT 61 11 1
CPU 61 0 0
# CONTEXT CPU 1 61
CPU 61 10 2
EXIT 62 10 2
CPU 62 0 0
CPU 62 13 1
# CONTEXT CPU 2 62
EXIT 63 0 0
# CONTEXT CPU 0 63
CPU 63 13 1
CPU 63 3 2
BLOCK 64 13
# CONTEXT CPU 0 64
# CONTEXT CPU 1 64
CPU 64 3 2
UNBLOCK 65 13
# CONTEXT CPU 0 65
# CONTEXT CPU 1 65
CPU 65 3 2
CPU 66 7 0
# CONTEXT CPU 1 66
CPU 66 3 2
EXIT 67 3 2
CPU 67 7 0
CPU 67 8 1
# CONTEXT CPU 2 67
EXIT 68 7 0
EXIT 68 8 1
# CONTEXT CPU 0 68
# CONTEXT CPU 1 68
# CONTEXT CPU 2 68
# CONTEXT CPU 0 69
# CONTEXT CPU 1 69
# CONTEXT CPU 2 69
# CONTEXT CPU 0 70
# CONTEXT CPU 1 70
CPU 70 9 2
EXIT 71 9 2
CPU 71 12 0
CPU 71 14 1
# CONTEXT CPU 2 71
BLOCK 72 14
CPU 72 12 0
CPU 72 -1 1
# CONTEXT CPU 2 72
UNBLOCK 73 14
CPU 73 12 0
# CONTEXT CPU 1 73
# CONTEXT CPU 2 73
CPU 74 12 0
CPU 74 14 1
CPU 74 13 2
BLOCK 75 12
BLOCK 75 14
BLOCK 75 13
CPU 75 -1 0
CPU 75 -1 1
CPU 75 -1 2
UNBLOCK 76 12
UNBLOCK 76 13
UNBLOCK 76 14
# CONTEXT CPU 0 76
# CONTEXT CPU 1 76
# CONTEXT CPU 2 76
CPU 77 12 0
# CONTEXT CPU 1 77
# CONTEXT CPU 2 77
CPU 78 12 0
# CONTEXT CPU 1 78
# CONTEXT CPU 2 78
EXIT 79 12 0
CPU 79 -1 0
CPU 79 13 1
CPU 79 14 2
BLOCK 80 14
CPU 80 -1 0
CPU 80 13 1
CPU 80 -1 2
EXIT 81 13 1
UNBLOCK 81 14
# CONTEXT CPU 0 81
CPU 81 -1 1
CPU 81 -1 2
# CONTEXT CPU 0 82
CPU 82 -1 1
CPU 82 -1 2
# CONTEXT CPU 0 83
CPU 83 -1 1
CPU 83 -1 2
CPU 84 14 0
CPU 84 -1 1
CPU 84 -1 2
BLOCK 85 14
CPU 85 -1 0
CPU 85 -1 1
CPU 85 -1 2
UNBLOCK 86 14
# CONTEXT CPU 0 86
CPU 86 -1 1
CPU 86 -1 2
CPU 87 14 0
CPU 87 -1 1
CPU 87 -1 2
BLOCK 88 14
CPU 88 -1 0
CPU 88 -1 1
CPU 88 -1 2
UNBLOCK 89 14
# CONTEXT CPU 0 89
CPU 89 -1 1
CPU 89 -1 2
CPU 90 14 0
CPU 90 -1 1
CPU 90 -1 2
EXIT 91 14 0
CPU 91 -1 0
CPU 91 -1 1
CPU 91 -1 2
