# SETTINGS ../simusched tareas.tsk 4 1 2 SchedRR 4 2 6 8 8
LOAD 0 0
LOAD 0 1
LOAD 0 2
LOAD 0 3
LOAD 0 4
LOAD 0 5
LOAD 0 6
LOAD 0 7
LOAD 0 8
LOAD 0 9
LOAD 0 10
LOAD 0 11
LOAD 0 12
LOAD 0 13
LOAD 0 14
# CONTEXT CPU 0 0
# CONTEXT CPU 1 0
# CONTEXT CPU 2 0
# CONTEXT CPU 3 0
CPU 1 0 0
CPU 1 1 1
CPU 1 2 2
CPU 1 3 3
BLOCK 2 3
CPU 2 0 0
CPU 2 1 1
CPU 2 2 2
# CONTEXT CPU 3 2
UNBLOCK 3 3
CPU 3 0 0
CPU 3 1 1
CPU 3 2 2
CPU 3 4 3
CPU 4 0 0
# CONTEXT CPU 1 4
CPU 4 2 2
CPU 4 4 3
CPU 5 0 0
CPU 5 5 1
CPU 5 2 2
CPU 5 4 3
# CONTEXT CPU 0 6
CPU 6 5 1
CPU 6 2 2
CPU 6 4 3
BLOCK 7 4
CPU 7 6 0
CPU 7 5 1
CPU 7 2 2
# CONTEXT CPU 3 7
BLOCK 8 2
UNBLOCK 8 4
CPU 8 6 0
# CONTEXT CPU 1 8
# CONTEXT CPU 2 8
CPU 8 7 3
BLOCK 9 7
UNBLOCK 9 2
CPU 9 6 0
CPU 9 8 1
CPU 9 9 2
# CONTEXT CPU 3 9
BLOCK 10 8
UNBLOCK 10 7
CPU 10 6 0
# CONTEXT CPU 1 10
# CONTEXT CPU 2 10
CPU 10 10 3
UNBLOCK 11 8
CPU 11 6 0
CPU 11 11 1
CPU 11 12 2
CPU 11 10 3
BLOCK 12 11
BLOCK 12 12
BLOCK 12 10
# CONTEXT CPU 0 12
# CONTEXT CPU 1 12
# CONTEXT CPU 2 12
# CONTEXT CPU 3 12
UNBLOCK 13 10
UNBLOCK 13 11
UNBLOCK 13 12
CPU 13 13 0
CPU 13 14 1
# CONTEXT CPU 2 13
# CONTEXT CPU 3 13
BLOCK 14 13
BLOCK 14 14
# CONTEXT CPU 0 14
# CONTEXT CPU 1 14
# CONTEXT CPU 2 14
# CONTEXT CPU 3 14
UNBLOCK 15 13
UNBLOCK 15 14
CPU 15 0 0
# CONTEXT CPU 1 15
CPU 15 3 2
CPU 15 1 3
BLOCK 16 0
# CONTEXT CPU 0 16
# CONTEXT CPU 1 16
CPU 16 3 2
CPU 16 1 3
UNBLOCK 17 0
# CONTEXT CPU 0 17
CPU 17 4 1
CPU 17 3 2
CPU 17 1 3
# CONTEXT CPU 0 18
CPU 18 4 1
CPU 18 3 2
CPU 18 1 3
BLOCK 19 1
CPU 19 5 0
CPU 19 4 1
CPU 19 3 2
# CONTEXT CPU 3 19
BLOCK 20 5
UNBLOCK 20 1
# CONTEXT CPU 0 20
# CONTEXT CPU 1 20
CPU 20 3 2
# CONTEXT CPU 3 20
UNBLOCK 21 5
# CONTEXT CPU 0 21
# CONTEXT CPU 1 21
CPU 21 3 2
# CONTEXT CPU 3 21
# CONTEXT CPU 0 22
# CONTEXT CPU 1 22
# CONTEXT CPU 2 22
CPU 22 2 3
CPU 23 7 0
CPU 23 9 1
# CONTEXT CPU 2 23
CPU 23 2 3
EXIT 24 2 3
CPU 24 7 0
CPU 24 9 1
# CONTEXT CPU 2 24
# CONTEXT CPU 3 24
CPU 25 7 0
CPU 25 9 1
CPU 25 8 2
# CONTEXT CPU 3 25
CPU 26 7 0
# CONTEXT CPU 1 26
CPU 26 8 2
# CONTEXT CPU 3 26
CPU 27 7 0
# CONTEXT CPU 1 27
CPU 27 8 2
CPU 27 6 3
BLOCK 28 8
BLOCK 28 6
# CONTEXT CPU 0 28
# CONTEXT CPU 1 28
# CONTEXT CPU 2 28
# CONTEXT CPU 3 28
UNBLOCK 29 6
UNBLOCK 29 8
# CONTEXT CPU 0 29
CPU 29 10 1
CPU 29 12 2
# CONTEXT CPU 3 29
BLOCK 30 10
BLOCK 30 12
# CONTEXT CPU 0 30
# CONTEXT CPU 1 30
# CONTEXT CPU 2 30
# CONTEXT CPU 3 30
UNBLOCK 31 10
UNBLOCK 31 12
CPU 31 11 0
CPU 31 14 1
# CONTEXT CPU 2 31
CPU 31 13 3
BLOCK 32 14
CPU 32 11 0
# CONTEXT CPU 1 32
# CONTEXT CPU 2 32
CPU 32 13 3
BLOCK 33 11
UNBLOCK 33 14
# CONTEXT CPU 0 33
# CONTEXT CPU 1 33
CPU 33 0 2
CPU 33 13 3
UNBLOCK 34 11
# CONTEXT CPU 0 34
# CONTEXT CPU 1 34
CPU 34 0 2
CPU 34 13 3
BLOCK 35 13
# CONTEXT CPU 0 35
CPU 35 1 1
CPU 35 0 2
# CONTEXT CPU 3 35
EXIT 36 0 2
UNBLOCK 36 13
CPU 36 4 0
CPU 36 1 1
# CONTEXT CPU 2 36
# CONTEXT CPU 3 36
EXIT 37 1 1
CPU 37 4 0
# CONTEXT CPU 1 37
CPU 37 3 2
# CONTEXT CPU 3 37
EXIT 38 4 0
EXIT 38 3 2
# CONTEXT CPU 0 38
CPU 38 9 1
# CONTEXT CPU 2 38
CPU 38 5 3
BLOCK 39 9
CPU 39 7 0
# CONTEXT CPU 1 39
# CONTEXT CPU 2 39
CPU 39 5 3
UNBLOCK 40 9
CPU 40 7 0
# CONTEXT CPU 1 40
# CONTEXT CPU 2 40
CPU 40 5 3
CPU 41 7 0
# CONTEXT CPU 1 41
CPU 41 6 2
CPU 41 5 3
EXIT 42 7 0
# CONTEXT CPU 0 42
CPU 42 8 1
CPU 42 6 2
CPU 42 5 3
EXIT 43 5 3
# CONTEXT CPU 0 43
CPU 43 8 1
CPU 43 6 2
# CONTEXT CPU 3 43
EXIT 44 6 2
# CONTEXT CPU 0 44
CPU 44 8 1
# CONTEXT CPU 2 44
# CONTEXT CPU 3 44
CPU 45 10 0
# CONTEXT CPU 1 45
# CONTEXT CPU 2 45
# CONTEXT CPU 3 45
CPU 46 10 0
# CONTEXT CPU 1 46
# CONTEXT CPU 2 46
CPU 46 12 3
BLOCK 47 12
CPU 47 10 0
# CONTEXT CPU 1 47
CPU 47 14 2
# CONTEXT CPU 3 47
BLOCK 48 14
UNBLOCK 48 12
CPU 48 10 0
CPU 48 11 1
# CONTEXT CPU 2 48
CPU 48 13 3
BLOCK 49 13
UNBLOCK 49 14
CPU 49 10 0
CPU 49 11 1
# CONTEXT CPU 2 49
# CONTEXT CPU 3 49
UNBLOCK 50 13
# CONTEXT CPU 0 50
CPU 50 11 1
# CONTEXT CPU 2 50
# CONTEXT CPU 3 50
# CONTEXT CPU 0 51
# CONTEXT CPU 1 51
CPU 51 9 2
# CONTEXT CPU 3 51
BLOCK 52 9
# CONTEXT CPU 0 52
# CONTEXT CPU 1 52
# CONTEXT CPU 2 52
CPU 52 8 3
UNBLOCK 53 9
CPU 53 12 0
# CONTEXT CPU 1 53
# CONTEXT CPU 2 53
CPU 53 8 3
BLOCK 54 12
EXIT 54 8 3
# CONTEXT CPU 0 54
CPU 54 14 1
# CONTEXT CPU 2 54
# CONTEXT CPU 3 54
BLOCK 55 14
UNBLOCK 55 12
CPU 55 10 0
# CONTEXT CPU 1 55
CPU 55 13 2
# CONTEXT CPU 3 55
EXIT 56 10 0
UNBLOCK 56 14
# CONTEXT CPU 0 56
# CONTEXT CPU 1 56
CPU 56 13 2
# CONTEXT CPU 3 56
BLOCK 57 13
CPU 57 12 0
# CONTEXT CPU 1 57
# CONTEXT CPU 2 57
CPU 57 11 3
UNBLOCK 58 13
CPU 58 12 0
CPU 58 9 1
# CONTEXT CPU 2 58
CPU 58 11 3
CPU 59 12 0
CPU 59 9 1
# CONTEXT CPU 2 59
CPU 59 11 3
EXIT 60 11 3
CPU 60 12 0
CPU 60 9 1
CPU 60 14 2
# CONTEXT CPU 3 60
EXIT 61 9 1
BLOCK 61 14
CPU 61 12 0
CPU 61 -1 1
CPU 61 -1 2
# CONTEXT CPU 3 61
EXIT 62 12 0
UNBLOCK 62 14
# CONTEXT CPU 0 62
CPU 62 -1 1
CPU 62 -1 2
# CONTEXT CPU 3 62
# CONTEXT CPU 0 63
CPU 63 -1 1
CPU 63 -1 2
CPU 63 13 3
EXIT 64 13 3
# CONTEXT CPU 0 64
CPU 64 -1 1
CPU 64 -1 2
CPU 64 -1 3
CPU 65 14 0
CPU 65 -1 1
CPU 65 -1 2
CPU 65 -1 3
BLOCK 66 14
CPU 66 -1 0
CPU 66 -1 1
CPU 66 -1 2
CPU 66 -1 3
UNBLOCK 67 14
# CONTEXT CPU 0 67
CPU 67 -1 1
CPU 67 -1 2
CPU 67 -1 3
CPU 68 14 0
CPU 68 -1 1
CPU 68 -1 2
CPU 68 -1 3
BLOCK 69 14
CPU 69 -1 0
CPU 69 -1 1
CPU 69 -1 2
CPU 69 -1 3
UNBLOCK 70 14
# CONTEXT CPU 0 70
CPU 70 -1 1
CPU 70 -1 2
CPU 70 -1 3
CPU 71 14 0
CPU 71 -1 1
CPU 71 -1 2
CPU 71 -1 3
BLOCK 72 14
CPU 72 -1 0
CPU 72 -1 1
CPU 72 -1 2
CPU 72 -1 3
UNBLOCK 73 14
# CONTEXT CPU 0 73
CPU 73 -1 1
CPU 73 -1 2
CPU 73 -1 3
CPU 74 14 0
CPU 74 -1 1
CPU 74 -1 2
CPU 74 -1 3
EXIT 75 14 0
CPU 75 -1 0
CPU 75 -1 1
CPU 75 -1 2
CPU 75 -1 3
