# SETTINGS ../simusched tareas.tsk 4 1 2 SchedRR 4 1 5 7 7
LOAD 0 0
LOAD 0 1
LOAD 0 2
LOAD 0 3
LOAD 0 4
LOAD 0 5
LOAD 0 6
LOAD 0 7
LOAD 0 8
LOAD 0 9
LOAD 0 10
LOAD 0 11
LOAD 0 12
LOAD 0 13
LOAD 0 14
# CONTEXT CPU 0 0
# CONTEXT CPU 1 0
# CONTEXT CPU 2 0
# CONTEXT CPU 3 0
CPU 1 0 0
CPU 1 1 1
CPU 1 2 2
CPU 1 3 3
CPU 2 0 0
CPU 2 1 1
CPU 2 2 2
CPU 2 3 3
BLOCK 3 0
# CONTEXT CPU 0 3
# CONTEXT CPU 1 3
CPU 3 2 2
CPU 3 3 3
BLOCK 4 2
UNBLOCK 4 0
CPU 4 4 0
CPU 4 5 1
# CONTEXT CPU 2 4
CPU 4 3 3
UNBLOCK 5 2
CPU 5 4 0
CPU 5 5 1
CPU 5 6 2
CPU 5 3 3
CPU 6 4 0
# CONTEXT CPU 1 6
CPU 6 6 2
CPU 6 3 3
CPU 7 4 0
CPU 7 7 1
CPU 7 6 2
CPU 7 3 3
BLOCK 8 7
BLOCK 8 3
# CONTEXT CPU 0 8
# CONTEXT CPU 1 8
CPU 8 6 2
# CONTEXT CPU 3 8
UNBLOCK 9 3
UNBLOCK 9 7
CPU 9 8 0
CPU 9 9 1
# CONTEXT CPU 2 9
CPU 9 10 3
BLOCK 10 8
# CONTEXT CPU 0 10
CPU 10 9 1
CPU 10 11 2
CPU 10 10 3
UNBLOCK 11 8
CPU 11 12 0
# CONTEXT CPU 1 11
CPU 11 11 2
# CONTEXT CPU 3 11
BLOCK 12 12
# CONTEXT CPU 0 12
CPU 12 13 1
CPU 12 11 2
CPU 12 14 3
BLOCK 13 13
BLOCK 13 14
UNBLOCK 13 12
# CONTEXT CPU 0 13
# CONTEXT CPU 1 13
CPU 13 11 2
# CONTEXT CPU 3 13
BLOCK 14 11
UNBLOCK 14 13
UNBLOCK 14 14
# CONTEXT CPU 0 14
# CONTEXT CPU 1 14
# CONTEXT CPU 2 14
# CONTEXT CPU 3 14
UNBLOCK 15 11
CPU 15 1 0
# CONTEXT CPU 1 15
# CONTEXT CPU 2 15
# CONTEXT CPU 3 15
CPU 16 1 0
CPU 16 0 1
# CONTEXT CPU 2 16
CPU 16 2 3
CPU 17 1 0
CPU 17 0 1
CPU 17 5 2
CPU 17 2 3
CPU 18 1 0
# CONTEXT CPU 1 18
CPU 18 5 2
CPU 18 2 3
BLOCK 19 5
CPU 19 1 0
# CONTEXT CPU 1 19
# CONTEXT CPU 2 19
CPU 19 2 3
UNBLOCK 20 5
# CONTEXT CPU 0 20
# CONTEXT CPU 1 20
# CONTEXT CPU 2 20
CPU 20 2 3
# CONTEXT CPU 0 21
CPU 21 4 1
# CONTEXT CPU 2 21
CPU 21 2 3
EXIT 22 2 3
# CONTEXT CPU 0 22
CPU 22 4 1
CPU 22 3 2
# CONTEXT CPU 3 22
CPU 23 7 0
# CONTEXT CPU 1 23
CPU 23 3 2
# CONTEXT CPU 3 23
EXIT 24 3 2
CPU 24 7 0
# CONTEXT CPU 1 24
# CONTEXT CPU 2 24
# CONTEXT CPU 3 24
CPU 25 7 0
# CONTEXT CPU 1 25
# CONTEXT CPU 2 25
CPU 25 6 3
CPU 26 7 0
CPU 26 8 1
# CONTEXT CPU 2 26
CPU 26 6 3
CPU 27 7 0
CPU 27 8 1
CPU 27 9 2
CPU 27 6 3
BLOCK 28 6
# CONTEXT CPU 0 28
# CONTEXT CPU 1 28
CPU 28 9 2
# CONTEXT CPU 3 28
UNBLOCK 29 6
# CONTEXT CPU 0 29
# CONTEXT CPU 1 29
CPU 29 9 2
# CONTEXT CPU 3 29
# CONTEXT CPU 0 30
# CONTEXT CPU 1 30
CPU 30 9 2
# CONTEXT CPU 3 30
BLOCK 31 9
CPU 31 10 0
CPU 31 12 1
# CONTEXT CPU 2 31
CPU 31 13 3
BLOCK 32 10
BLOCK 32 12
BLOCK 32 13
UNBLOCK 32 9
# CONTEXT CPU 0 32
# CONTEXT CPU 1 32
# CONTEXT CPU 2 32
# CONTEXT CPU 3 32
UNBLOCK 33 10
UNBLOCK 33 12
UNBLOCK 33 13
# CONTEXT CPU 0 33
CPU 33 0 1
# CONTEXT CPU 2 33
# CONTEXT CPU 3 33
# CONTEXT CPU 0 34
CPU 34 0 1
CPU 34 14 2
# CONTEXT CPU 3 34
BLOCK 35 14
CPU 35 11 0
# CONTEXT CPU 1 35
# CONTEXT CPU 2 35
CPU 35 5 3
UNBLOCK 36 14
CPU 36 11 0
# CONTEXT CPU 1 36
# CONTEXT CPU 2 36
CPU 36 5 3
CPU 37 11 0
# CONTEXT CPU 1 37
# CONTEXT CPU 2 37
CPU 37 5 3
CPU 38 11 0
CPU 38 1 1
CPU 38 4 2
CPU 38 5 3
BLOCK 39 11
BLOCK 39 1
# CONTEXT CPU 0 39
# CONTEXT CPU 1 39
CPU 39 4 2
CPU 39 5 3
BLOCK 40 4
EXIT 40 5 3
UNBLOCK 40 1
UNBLOCK 40 11
CPU 40 7 0
CPU 40 8 1
# CONTEXT CPU 2 40
# CONTEXT CPU 3 40
UNBLOCK 41 4
CPU 41 7 0
CPU 41 8 1
# CONTEXT CPU 2 41
# CONTEXT CPU 3 41
# CONTEXT CPU 0 42
# CONTEXT CPU 1 42
# CONTEXT CPU 2 42
# CONTEXT CPU 3 42
CPU 43 10 0
CPU 43 12 1
CPU 43 6 2
CPU 43 9 3
BLOCK 44 12
CPU 44 10 0
# CONTEXT CPU 1 44
CPU 44 6 2
CPU 44 9 3
BLOCK 45 10
EXIT 45 6 2
BLOCK 45 9
UNBLOCK 45 12
# CONTEXT CPU 0 45
# CONTEXT CPU 1 45
# CONTEXT CPU 2 45
# CONTEXT CPU 3 45
UNBLOCK 46 9
UNBLOCK 46 10
# CONTEXT CPU 0 46
# CONTEXT CPU 1 46
CPU 46 14 2
# CONTEXT CPU 3 46
BLOCK 47 14
# CONTEXT CPU 0 47
CPU 47 13 1
# CONTEXT CPU 2 47
# CONTEXT CPU 3 47
UNBLOCK 48 14
CPU 48 0 0
CPU 48 13 1
# CONTEXT CPU 2 48
CPU 48 1 3
EXIT 49 1 3
CPU 49 0 0
# CONTEXT CPU 1 49
# CONTEXT CPU 2 49
# CONTEXT CPU 3 49
CPU 50 0 0
# CONTEXT CPU 1 50
CPU 50 11 2
# CONTEXT CPU 3 50
EXIT 51 0 0
EXIT 51 11 2
# CONTEXT CPU 0 51
# CONTEXT CPU 1 51
# CONTEXT CPU 2 51
# CONTEXT CPU 3 51
# CONTEXT CPU 0 52
CPU 52 4 1
# CONTEXT CPU 2 52
CPU 52 7 3
EXIT 53 4 1
EXIT 53 7 3
# CONTEXT CPU 0 53
# CONTEXT CPU 1 53
# CONTEXT CPU 2 53
# CONTEXT CPU 3 53
CPU 54 8 0
# CONTEXT CPU 1 54
CPU 54 12 2
# CONTEXT CPU 3 54
CPU 55 8 0
# CONTEXT CPU 1 55
CPU 55 12 2
# CONTEXT CPU 3 55
BLOCK 56 8
BLOCK 56 12
# CONTEXT CPU 0 56
CPU 56 9 1
# CONTEXT CPU 2 56
CPU 56 10 3
EXIT 57 9 1
UNBLOCK 57 8
UNBLOCK 57 12
# CONTEXT CPU 0 57
# CONTEXT CPU 1 57
# CONTEXT CPU 2 57
CPU 57 10 3
# CONTEXT CPU 0 58
# CONTEXT CPU 1 58
# CONTEXT CPU 2 58
CPU 58 10 3
CPU 59 14 0
# CONTEXT CPU 1 59
CPU 59 13 2
CPU 59 10 3
BLOCK 60 14
EXIT 60 10 3
# CONTEXT CPU 0 60
CPU 60 8 1
CPU 60 13 2
CPU 60 -1 3
BLOCK 61 13
UNBLOCK 61 14
# CONTEXT CPU 0 61
CPU 61 8 1
# CONTEXT CPU 2 61
CPU 61 -1 3
EXIT 62 8 1
UNBLOCK 62 13
# CONTEXT CPU 0 62
# CONTEXT CPU 1 62
# CONTEXT CPU 2 62
CPU 62 -1 3
CPU 63 12 0
# CONTEXT CPU 1 63
# CONTEXT CPU 2 63
CPU 63 -1 3
CPU 64 12 0
# CONTEXT CPU 1 64
CPU 64 14 2
CPU 64 -1 3
BLOCK 65 14
CPU 65 12 0
CPU 65 13 1
CPU 65 -1 2
CPU 65 -1 3
UNBLOCK 66 14
CPU 66 12 0
CPU 66 13 1
# CONTEXT CPU 2 66
CPU 66 -1 3
EXIT 67 12 0
BLOCK 67 13
CPU 67 -1 0
CPU 67 -1 1
CPU 67 14 2
CPU 67 -1 3
BLOCK 68 14
UNBLOCK 68 13
# CONTEXT CPU 0 68
CPU 68 -1 1
CPU 68 -1 2
CPU 68 -1 3
UNBLOCK 69 14
# CONTEXT CPU 0 69
# CONTEXT CPU 1 69
CPU 69 -1 2
CPU 69 -1 3
# CONTEXT CPU 0 70
# CONTEXT CPU 1 70
CPU 70 -1 2
CPU 70 -1 3
CPU 71 13 0
# CONTEXT CPU 1 71
CPU 71 -1 2
CPU 71 -1 3
EXIT 72 13 0
CPU 72 -1 0
CPU 72 14 1
CPU 72 -1 2
CPU 72 -1 3
BLOCK 73 14
CPU 73 -1 0
CPU 73 -1 1
CPU 73 -1 2
CPU 73 -1 3
UNBLOCK 74 14
# CONTEXT CPU 0 74
CPU 74 -1 1
CPU 74 -1 2
CPU 74 -1 3
# CONTEXT CPU 0 75
CPU 75 -1 1
CPU 75 -1 2
CPU 75 -1 3
# CONTEXT CPU 0 76
CPU 76 -1 1
CPU 76 -1 2
CPU 76 -1 3
CPU 77 14 0
CPU 77 -1 1
CPU 77 -1 2
CPU 77 -1 3
BLOCK 78 14
CPU 78 -1 0
CPU 78 -1 1
CPU 78 -1 2
CPU 78 -1 3
UNBLOCK 79 14
# CONTEXT CPU 0 79
CPU 79 -1 1
CPU 79 -1 2
CPU 79 -1 3
CPU 80 14 0
CPU 80 -1 1
CPU 80 -1 2
CPU 80 -1 3
EXIT 81 14 0
CPU 81 -1 0
CPU 81 -1 1
CPU 81 -1 2
CPU 81 -1 3
