# SETTINGS ../simusched tareas.tsk 4 1 2 SchedRR 4 6 8 8 8
LOAD 0 0
LOAD 0 1
LOAD 0 2
LOAD 0 3
LOAD 0 4
LOAD 0 5
LOAD 0 6
LOAD 0 7
LOAD 0 8
LOAD 0 9
LOAD 0 10
LOAD 0 11
LOAD 0 12
LOAD 0 13
LOAD 0 14
# CONTEXT CPU 0 0
# CONTEXT CPU 1 0
# CONTEXT CPU 2 0
# CONTEXT CPU 3 0
CPU 1 0 0
CPU 1 1 1
CPU 1 2 2
CPU 1 3 3
CPU 2 0 0
CPU 2 1 1
CPU 2 2 2
CPU 2 3 3
BLOCK 3 1
CPU 3 0 0
# CONTEXT CPU 1 3
CPU 3 2 2
CPU 3 3 3
BLOCK 4 3
UNBLOCK 4 1
CPU 4 0 0
CPU 4 4 1
CPU 4 2 2
# CONTEXT CPU 3 4
UNBLOCK 5 3
CPU 5 0 0
CPU 5 4 1
CPU 5 2 2
CPU 5 5 3
BLOCK 6 0
# CONTEXT CPU 0 6
CPU 6 4 1
CPU 6 2 2
CPU 6 5 3
BLOCK 7 2
UNBLOCK 7 0
CPU 7 6 0
CPU 7 4 1
# CONTEXT CPU 2 7
CPU 7 5 3
UNBLOCK 8 2
# CONTEXT CPU 0 8
CPU 8 4 1
CPU 8 7 2
CPU 8 5 3
BLOCK 9 4
CPU 9 8 0
# CONTEXT CPU 1 9
CPU 9 7 2
CPU 9 5 3
BLOCK 10 8
UNBLOCK 10 4
# CONTEXT CPU 0 10
CPU 10 9 1
CPU 10 7 2
CPU 10 5 3
BLOCK 11 5
UNBLOCK 11 8
CPU 11 10 0
CPU 11 9 1
CPU 11 7 2
# CONTEXT CPU 3 11
BLOCK 12 9
UNBLOCK 12 5
CPU 12 10 0
# CONTEXT CPU 1 12
# CONTEXT CPU 2 12
CPU 12 11 3
UNBLOCK 13 9
CPU 13 10 0
CPU 13 12 1
CPU 13 13 2
CPU 13 11 3
BLOCK 14 10
# CONTEXT CPU 0 14
# CONTEXT CPU 1 14
CPU 14 13 2
# CONTEXT CPU 3 14
UNBLOCK 15 10
CPU 15 14 0
CPU 15 1 1
CPU 15 13 2
CPU 15 3 3
BLOCK 16 14
BLOCK 16 13
# CONTEXT CPU 0 16
CPU 16 1 1
# CONTEXT CPU 2 16
CPU 16 3 3
UNBLOCK 17 13
UNBLOCK 17 14
CPU 17 0 0
CPU 17 1 1
CPU 17 2 2
CPU 17 3 3
CPU 18 0 0
CPU 18 1 1
CPU 18 2 2
CPU 18 3 3
CPU 19 0 0
CPU 19 1 1
CPU 19 2 2
CPU 19 3 3
EXIT 20 2 2
# CONTEXT CPU 0 20
CPU 20 1 1
# CONTEXT CPU 2 20
CPU 20 3 3
EXIT 21 3 3
CPU 21 6 0
CPU 21 1 1
# CONTEXT CPU 2 21
# CONTEXT CPU 3 21
EXIT 22 1 1
CPU 22 6 0
# CONTEXT CPU 1 22
# CONTEXT CPU 2 22
# CONTEXT CPU 3 22
BLOCK 23 6
# CONTEXT CPU 0 23
# CONTEXT CPU 1 23
CPU 23 4 2
# CONTEXT CPU 3 23
UNBLOCK 24 6
# CONTEXT CPU 0 24
# CONTEXT CPU 1 24
CPU 24 4 2
CPU 24 8 3
# CONTEXT CPU 0 25
CPU 25 5 1
CPU 25 4 2
CPU 25 8 3
CPU 26 7 0
CPU 26 5 1
CPU 26 4 2
CPU 26 8 3
BLOCK 27 7
EXIT 27 4 2
# CONTEXT CPU 0 27
CPU 27 5 1
# CONTEXT CPU 2 27
CPU 27 8 3
EXIT 28 5 1
UNBLOCK 28 7
# CONTEXT CPU 0 28
# CONTEXT CPU 1 28
# CONTEXT CPU 2 28
CPU 28 8 3
BLOCK 29 8
# CONTEXT CPU 0 29
# CONTEXT CPU 1 29
# CONTEXT CPU 2 29
# CONTEXT CPU 3 29
UNBLOCK 30 8
CPU 30 9 0
# CONTEXT CPU 1 30
CPU 30 12 2
# CONTEXT CPU 3 30
BLOCK 31 12
CPU 31 9 0
CPU 31 11 1
# CONTEXT CPU 2 31
# CONTEXT CPU 3 31
BLOCK 32 11
UNBLOCK 32 12
CPU 32 9 0
# CONTEXT CPU 1 32
CPU 32 13 2
CPU 32 10 3
UNBLOCK 33 11
CPU 33 9 0
# CONTEXT CPU 1 33
CPU 33 13 2
CPU 33 10 3
BLOCK 34 13
BLOCK 34 10
# CONTEXT CPU 0 34
# CONTEXT CPU 1 34
# CONTEXT CPU 2 34
# CONTEXT CPU 3 34
UNBLOCK 35 10
UNBLOCK 35 13
CPU 35 0 0
CPU 35 14 1
# CONTEXT CPU 2 35
# CONTEXT CPU 3 35
EXIT 36 0 0
BLOCK 36 14
# CONTEXT CPU 0 36
# CONTEXT CPU 1 36
# CONTEXT CPU 2 36
# CONTEXT CPU 3 36
UNBLOCK 37 14
# CONTEXT CPU 0 37
# CONTEXT CPU 1 37
CPU 37 6 2
CPU 37 7 3
# CONTEXT CPU 0 38
# CONTEXT CPU 1 38
CPU 38 6 2
CPU 38 7 3
CPU 39 8 0
CPU 39 12 1
CPU 39 6 2
CPU 39 7 3
BLOCK 40 12
CPU 40 8 0
# CONTEXT CPU 1 40
CPU 40 6 2
CPU 40 7 3
EXIT 41 7 3
UNBLOCK 41 12
CPU 41 8 0
CPU 41 11 1
CPU 41 6 2
# CONTEXT CPU 3 41
EXIT 42 8 0
# CONTEXT CPU 0 42
CPU 42 11 1
CPU 42 6 2
# CONTEXT CPU 3 42
BLOCK 43 11
EXIT 43 6 2
# CONTEXT CPU 0 43
# CONTEXT CPU 1 43
# CONTEXT CPU 2 43
# CONTEXT CPU 3 43
UNBLOCK 44 11
# CONTEXT CPU 0 44
# CONTEXT CPU 1 44
# CONTEXT CPU 2 44
CPU 44 9 3
CPU 45 10 0
# CONTEXT CPU 1 45
# CONTEXT CPU 2 45
CPU 45 9 3
BLOCK 46 9
CPU 46 10 0
CPU 46 13 1
CPU 46 14 2
# CONTEXT CPU 3 46
BLOCK 47 13
BLOCK 47 14
UNBLOCK 47 9
CPU 47 10 0
# CONTEXT CPU 1 47
# CONTEXT CPU 2 47
# CONTEXT CPU 3 47
UNBLOCK 48 13
UNBLOCK 48 14
CPU 48 10 0
CPU 48 11 1
# CONTEXT CPU 2 48
# CONTEXT CPU 3 48
EXIT 49 10 0
# CONTEXT CPU 0 49
CPU 49 11 1
# CONTEXT CPU 2 49
CPU 49 12 3
BLOCK 50 12
# CONTEXT CPU 0 50
CPU 50 11 1
CPU 50 9 2
# CONTEXT CPU 3 50
EXIT 51 9 2
UNBLOCK 51 12
# CONTEXT CPU 0 51
CPU 51 11 1
# CONTEXT CPU 2 51
# CONTEXT CPU 3 51
EXIT 52 11 1
CPU 52 13 0
CPU 52 -1 1
# CONTEXT CPU 2 52
# CONTEXT CPU 3 52
BLOCK 53 13
CPU 53 -1 0
CPU 53 -1 1
# CONTEXT CPU 2 53
CPU 53 14 3
BLOCK 54 14
UNBLOCK 54 13
# CONTEXT CPU 0 54
CPU 54 -1 1
CPU 54 12 2
CPU 54 -1 3
UNBLOCK 55 14
CPU 55 13 0
# CONTEXT CPU 1 55
CPU 55 12 2
CPU 55 -1 3
BLOCK 56 12
CPU 56 13 0
# CONTEXT CPU 1 56
CPU 56 -1 2
CPU 56 -1 3
EXIT 57 13 0
UNBLOCK 57 12
# CONTEXT CPU 0 57
# CONTEXT CPU 1 57
CPU 57 -1 2
CPU 57 -1 3
# CONTEXT CPU 0 58
CPU 58 14 1
CPU 58 -1 2
CPU 58 -1 3
BLOCK 59 14
# CONTEXT CPU 0 59
CPU 59 -1 1
CPU 59 -1 2
CPU 59 -1 3
UNBLOCK 60 14
CPU 60 12 0
# CONTEXT CPU 1 60
CPU 60 -1 2
CPU 60 -1 3
CPU 61 12 0
CPU 61 14 1
CPU 61 -1 2
CPU 61 -1 3
BLOCK 62 14
CPU 62 12 0
CPU 62 -1 1
CPU 62 -1 2
CPU 62 -1 3
EXIT 63 12 0
UNBLOCK 63 14
# CONTEXT CPU 0 63
CPU 63 -1 1
CPU 63 -1 2
CPU 63 -1 3
# CONTEXT CPU 0 64
CPU 64 -1 1
CPU 64 -1 2
CPU 64 -1 3
# CONTEXT CPU 0 65
CPU 65 -1 1
CPU 65 -1 2
CPU 65 -1 3
CPU 66 14 0
CPU 66 -1 1
CPU 66 -1 2
CPU 66 -1 3
BLOCK 67 14
CPU 67 -1 0
CPU 67 -1 1
CPU 67 -1 2
CPU 67 -1 3
UNBLOCK 68 14
# CONTEXT CPU 0 68
CPU 68 -1 1
CPU 68 -1 2
CPU 68 -1 3
CPU 69 14 0
CPU 69 -1 1
CPU 69 -1 2
CPU 69 -1 3
BLOCK 70 14
CPU 70 -1 0
CPU 70 -1 1
CPU 70 -1 2
CPU 70 -1 3
UNBLOCK 71 14
# CONTEXT CPU 0 71
CPU 71 -1 1
CPU 71 -1 2
CPU 71 -1 3
CPU 72 14 0
CPU 72 -1 1
CPU 72 -1 2
CPU 72 -1 3
EXIT 73 14 0
CPU 73 -1 0
CPU 73 -1 1
CPU 73 -1 2
CPU 73 -1 3
