# SETTINGS ../simusched tareas.tsk 4 1 2 SchedRR 4 3 3 3 6
LOAD 0 0
LOAD 0 1
LOAD 0 2
LOAD 0 3
LOAD 0 4
LOAD 0 5
LOAD 0 6
LOAD 0 7
LOAD 0 8
LOAD 0 9
LOAD 0 10
LOAD 0 11
LOAD 0 12
LOAD 0 13
LOAD 0 14
# CONTEXT CPU 0 0
# CONTEXT CPU 1 0
# CONTEXT CPU 2 0
# CONTEXT CPU 3 0
CPU 1 0 0
CPU 1 1 1
CPU 1 2 2
CPU 1 3 3
BLOCK 2 3
CPU 2 0 0
CPU 2 1 1
CPU 2 2 2
# CONTEXT CPU 3 2
UNBLOCK 3 3
CPU 3 0 0
CPU 3 1 1
CPU 3 2 2
CPU 3 4 3
CPU 4 0 0
CPU 4 1 1
CPU 4 2 2
CPU 4 4 3
CPU 5 0 0
# CONTEXT CPU 1 5
# CONTEXT CPU 2 5
CPU 5 4 3
# CONTEXT CPU 0 6
CPU 6 5 1
CPU 6 6 2
CPU 6 4 3
BLOCK 7 4
CPU 7 7 0
CPU 7 5 1
CPU 7 6 2
# CONTEXT CPU 3 7
BLOCK 8 7
UNBLOCK 8 4
# CONTEXT CPU 0 8
CPU 8 5 1
CPU 8 6 2
CPU 8 8 3
BLOCK 9 8
UNBLOCK 9 7
CPU 9 9 0
CPU 9 5 1
CPU 9 6 2
# CONTEXT CPU 3 9
BLOCK 10 5
UNBLOCK 10 8
CPU 10 9 0
# CONTEXT CPU 1 10
# CONTEXT CPU 2 10
CPU 10 10 3
UNBLOCK 11 5
CPU 11 9 0
CPU 11 11 1
CPU 11 12 2
# CONTEXT CPU 3 11
BLOCK 12 11
BLOCK 12 12
CPU 12 9 0
# CONTEXT CPU 1 12
# CONTEXT CPU 2 12
CPU 12 13 3
BLOCK 13 13
UNBLOCK 13 11
UNBLOCK 13 12
CPU 13 9 0
CPU 13 14 1
# CONTEXT CPU 2 13
# CONTEXT CPU 3 13
BLOCK 14 9
BLOCK 14 14
UNBLOCK 14 13
# CONTEXT CPU 0 14
# CONTEXT CPU 1 14
# CONTEXT CPU 2 14
# CONTEXT CPU 3 14
UNBLOCK 15 9
UNBLOCK 15 14
# CONTEXT CPU 0 15
# CONTEXT CPU 1 15
CPU 15 3 2
# CONTEXT CPU 3 15
# CONTEXT CPU 0 16
# CONTEXT CPU 1 16
CPU 16 3 2
CPU 16 1 3
CPU 17 2 0
CPU 17 0 1
CPU 17 3 2
CPU 17 1 3
BLOCK 18 0
# CONTEXT CPU 0 18
# CONTEXT CPU 1 18
CPU 18 3 2
CPU 18 1 3
BLOCK 19 1
UNBLOCK 19 0
# CONTEXT CPU 0 19
# CONTEXT CPU 1 19
# CONTEXT CPU 2 19
# CONTEXT CPU 3 19
UNBLOCK 20 1
# CONTEXT CPU 0 20
# CONTEXT CPU 1 20
# CONTEXT CPU 2 20
# CONTEXT CPU 3 20
CPU 21 4 0
CPU 21 7 1
# CONTEXT CPU 2 21
# CONTEXT CPU 3 21
CPU 22 4 0
# CONTEXT CPU 1 22
CPU 22 8 2
CPU 22 6 3
CPU 23 4 0
CPU 23 5 1
CPU 23 8 2
CPU 23 6 3
BLOCK 24 6
CPU 24 4 0
CPU 24 5 1
CPU 24 8 2
# CONTEXT CPU 3 24
BLOCK 25 8
UNBLOCK 25 6
CPU 25 4 0
CPU 25 5 1
# CONTEXT CPU 2 25
CPU 25 10 3
EXIT 26 4 0
BLOCK 26 10
UNBLOCK 26 8
# CONTEXT CPU 0 26
CPU 26 5 1
# CONTEXT CPU 2 26
# CONTEXT CPU 3 26
UNBLOCK 27 10
# CONTEXT CPU 0 27
# CONTEXT CPU 1 27
# CONTEXT CPU 2 27
CPU 27 13 3
# CONTEXT CPU 0 28
# CONTEXT CPU 1 28
CPU 28 11 2
# CONTEXT CPU 3 28
CPU 29 12 0
# CONTEXT CPU 1 29
CPU 29 11 2
# CONTEXT CPU 3 29
BLOCK 30 12
BLOCK 30 11
# CONTEXT CPU 0 30
CPU 30 9 1
# CONTEXT CPU 2 30
# CONTEXT CPU 3 30
BLOCK 31 9
UNBLOCK 31 11
UNBLOCK 31 12
CPU 31 2 0
# CONTEXT CPU 1 31
# CONTEXT CPU 2 31
CPU 31 14 3
BLOCK 32 14
UNBLOCK 32 9
CPU 32 2 0
# CONTEXT CPU 1 32
# CONTEXT CPU 2 32
# CONTEXT CPU 3 32
BLOCK 33 2
UNBLOCK 33 14
# CONTEXT CPU 0 33
# CONTEXT CPU 1 33
CPU 33 0 2
CPU 33 1 3
UNBLOCK 34 2
# CONTEXT CPU 0 34
CPU 34 3 1
# CONTEXT CPU 2 34
CPU 34 1 3
EXIT 35 1 3
# CONTEXT CPU 0 35
CPU 35 3 1
# CONTEXT CPU 2 35
# CONTEXT CPU 3 35
CPU 36 7 0
CPU 36 3 1
# CONTEXT CPU 2 36
# CONTEXT CPU 3 36
CPU 37 7 0
CPU 37 3 1
CPU 37 6 2
# CONTEXT CPU 3 37
EXIT 38 3 1
CPU 38 7 0
# CONTEXT CPU 1 38
CPU 38 6 2
CPU 38 8 3
CPU 39 7 0
# CONTEXT CPU 1 39
CPU 39 6 2
CPU 39 8 3
EXIT 40 6 2
# CONTEXT CPU 0 40
# CONTEXT CPU 1 40
# CONTEXT CPU 2 40
CPU 40 8 3
# CONTEXT CPU 0 41
CPU 41 10 1
# CONTEXT CPU 2 41
CPU 41 8 3
BLOCK 42 10
# CONTEXT CPU 0 42
# CONTEXT CPU 1 42
# CONTEXT CPU 2 42
# CONTEXT CPU 3 42
UNBLOCK 43 10
CPU 43 5 0
# CONTEXT CPU 1 43
CPU 43 13 2
# CONTEXT CPU 3 43
EXIT 44 5 0
# CONTEXT CPU 0 44
# CONTEXT CPU 1 44
CPU 44 13 2
# CONTEXT CPU 3 44
# CONTEXT CPU 0 45
CPU 45 11 1
CPU 45 13 2
CPU 45 12 3
BLOCK 46 13
BLOCK 46 12
# CONTEXT CPU 0 46
CPU 46 11 1
# CONTEXT CPU 2 46
# CONTEXT CPU 3 46
UNBLOCK 47 12
UNBLOCK 47 13
CPU 47 9 0
CPU 47 11 1
# CONTEXT CPU 2 47
# CONTEXT CPU 3 47
CPU 48 9 0
CPU 48 11 1
# CONTEXT CPU 2 48
# CONTEXT CPU 3 48
CPU 49 9 0
# CONTEXT CPU 1 49
CPU 49 14 2
CPU 49 2 3
EXIT 50 9 0
BLOCK 50 14
# CONTEXT CPU 0 50
# CONTEXT CPU 1 50
# CONTEXT CPU 2 50
CPU 50 2 3
EXIT 51 2 3
UNBLOCK 51 14
CPU 51 7 0
# CONTEXT CPU 1 51
# CONTEXT CPU 2 51
# CONTEXT CPU 3 51
CPU 52 7 0
CPU 52 0 1
# CONTEXT CPU 2 52
# CONTEXT CPU 3 52
CPU 53 7 0
CPU 53 0 1
CPU 53 8 2
# CONTEXT CPU 3 53
EXIT 54 7 0
EXIT 54 0 1
EXIT 54 8 2
# CONTEXT CPU 0 54
# CONTEXT CPU 1 54
# CONTEXT CPU 2 54
CPU 54 10 3
# CONTEXT CPU 0 55
# CONTEXT CPU 1 55
# CONTEXT CPU 2 55
CPU 55 10 3
# CONTEXT CPU 0 56
# CONTEXT CPU 1 56
# CONTEXT CPU 2 56
CPU 56 10 3
CPU 57 12 0
CPU 57 13 1
CPU 57 11 2
CPU 57 10 3
BLOCK 58 12
BLOCK 58 13
# CONTEXT CPU 0 58
CPU 58 -1 1
CPU 58 11 2
CPU 58 10 3
EXIT 59 11 2
UNBLOCK 59 12
UNBLOCK 59 13
# CONTEXT CPU 0 59
# CONTEXT CPU 1 59
# CONTEXT CPU 2 59
CPU 59 10 3
EXIT 60 10 3
# CONTEXT CPU 0 60
# CONTEXT CPU 1 60
# CONTEXT CPU 2 60
CPU 60 -1 3
CPU 61 14 0
# CONTEXT CPU 1 61
# CONTEXT CPU 2 61
CPU 61 -1 3
BLOCK 62 14
CPU 62 -1 0
CPU 62 12 1
CPU 62 13 2
CPU 62 -1 3
UNBLOCK 63 14
# CONTEXT CPU 0 63
CPU 63 12 1
CPU 63 13 2
CPU 63 -1 3
BLOCK 64 13
CPU 64 14 0
CPU 64 12 1
CPU 64 -1 2
CPU 64 -1 3
BLOCK 65 14
UNBLOCK 65 13
# CONTEXT CPU 0 65
CPU 65 12 1
CPU 65 -1 2
CPU 65 -1 3
UNBLOCK 66 14
# CONTEXT CPU 0 66
# CONTEXT CPU 1 66
# CONTEXT CPU 2 66
CPU 66 -1 3
# CONTEXT CPU 0 67
# CONTEXT CPU 1 67
# CONTEXT CPU 2 67
CPU 67 -1 3
CPU 68 13 0
# CONTEXT CPU 1 68
# CONTEXT CPU 2 68
CPU 68 -1 3
EXIT 69 13 0
CPU 69 -1 0
CPU 69 14 1
CPU 69 12 2
CPU 69 -1 3
BLOCK 70 14
EXIT 70 12 2
CPU 70 -1 0
CPU 70 -1 1
CPU 70 -1 2
CPU 70 -1 3
UNBLOCK 71 14
# CONTEXT CPU 0 71
CPU 71 -1 1
CPU 71 -1 2
CPU 71 -1 3
# CONTEXT CPU 0 72
CPU 72 -1 1
CPU 72 -1 2
CPU 72 -1 3
# CONTEXT CPU 0 73
CPU 73 -1 1
CPU 73 -1 2
CPU 73 -1 3
CPU 74 14 0
CPU 74 -1 1
CPU 74 -1 2
CPU 74 -1 3
BLOCK 75 14
CPU 75 -1 0
CPU 75 -1 1
CPU 75 -1 2
CPU 75 -1 3
UNBLOCK 76 14
# CONTEXT CPU 0 76
CPU 76 -1 1
CPU 76 -1 2
CPU 76 -1 3
CPU 77 14 0
CPU 77 -1 1
CPU 77 -1 2
CPU 77 -1 3
BLOCK 78 14
CPU 78 -1 0
CPU 78 -1 1
CPU 78 -1 2
CPU 78 -1 3
UNBLOCK 79 14
# CONTEXT CPU 0 79
CPU 79 -1 1
CPU 79 -1 2
CPU 79 -1 3
CPU 80 14 0
CPU 80 -1 1
CPU 80 -1 2
CPU 80 -1 3
EXIT 81 14 0
CPU 81 -1 0
CPU 81 -1 1
CPU 81 -1 2
CPU 81 -1 3
