# SETTINGS ../simusched tareas.tsk 3 1 2 SchedRR 3 1 4 8
LOAD 0 0
LOAD 0 1
LOAD 0 2
LOAD 0 3
# CONTEXT CPU 0 0
# CONTEXT CPU 1 0
# CONTEXT CPU 2 0
CPU 1 0 0
CPU 1 1 1
CPU 1 2 2
BLOCK 2 0
# CONTEXT CPU 0 2
CPU 2 1 1
CPU 2 2 2
BLOCK 3 1
BLOCK 3 2
UNBLOCK 3 0
CPU 3 3 0
# CONTEXT CPU 1 3
CPU 3 -1 2
BLOCK 4 3
UNBLOCK 4 1
UNBLOCK 4 2
# CONTEXT CPU 0 4
# CONTEXT CPU 1 4
# CONTEXT CPU 2 4
UNBLOCK 5 3
# CONTEXT CPU 0 5
# CONTEXT CPU 1 5
CPU 5 2 2
# CONTEXT CPU 0 6
CPU 6 0 1
CPU 6 2 2
CPU 7 1 0
# CONTEXT CPU 1 7
CPU 7 2 2
BLOCK 8 2
CPU 8 1 0
# CONTEXT CPU 1 8
# CONTEXT CPU 2 8
UNBLOCK 9 2
CPU 9 1 0
# CONTEXT CPU 1 9
# CONTEXT CPU 2 9
CPU 10 1 0
CPU 10 3 1
# CONTEXT CPU 2 10
BLOCK 11 1
BLOCK 11 3
# CONTEXT CPU 0 11
CPU 11 -1 1
CPU 11 0 2
UNBLOCK 12 1
UNBLOCK 12 3
# CONTEXT CPU 0 12
# CONTEXT CPU 1 12
CPU 12 0 2
# CONTEXT CPU 0 13
# CONTEXT CPU 1 13
CPU 13 0 2
CPU 14 2 0
# CONTEXT CPU 1 14
# CONTEXT CPU 2 14
BLOCK 15 2
# CONTEXT CPU 0 15
CPU 15 1 1
# CONTEXT CPU 2 15
UNBLOCK 16 2
# CONTEXT CPU 0 16
CPU 16 1 1
# CONTEXT CPU 2 16
# CONTEXT CPU 0 17
# CONTEXT CPU 1 17
CPU 17 3 2
BLOCK 18 3
CPU 18 0 0
# CONTEXT CPU 1 18
# CONTEXT CPU 2 18
UNBLOCK 19 3
# CONTEXT CPU 0 19
# CONTEXT CPU 1 19
# CONTEXT CPU 2 19
# CONTEXT CPU 0 20
CPU 20 2 1
# CONTEXT CPU 2 20
# CONTEXT CPU 0 21
CPU 21 2 1
CPU 21 1 2
BLOCK 22 2
EXIT 22 1 2
CPU 22 3 0
# CONTEXT CPU 1 22
CPU 22 -1 2
BLOCK 23 3
UNBLOCK 23 2
# CONTEXT CPU 0 23
# CONTEXT CPU 1 23
CPU 23 -1 2
UNBLOCK 24 3
# CONTEXT CPU 0 24
# CONTEXT CPU 1 24
# CONTEXT CPU 2 24
# CONTEXT CPU 0 25
CPU 25 0 1
# CONTEXT CPU 2 25
CPU 26 2 0
CPU 26 0 1
# CONTEXT CPU 2 26
EXIT 27 2 0
CPU 27 -1 0
CPU 27 0 1
CPU 27 3 2
EXIT 28 0 1
BLOCK 28 3
CPU 28 -1 0
CPU 28 -1 1
CPU 28 -1 2
UNBLOCK 29 3
# CONTEXT CPU 0 29
CPU 29 -1 1
CPU 29 -1 2
# CONTEXT CPU 0 30
CPU 30 -1 1
CPU 30 -1 2
# CONTEXT CPU 0 31
CPU 31 -1 1
CPU 31 -1 2
CPU 32 3 0
CPU 32 -1 1
CPU 32 -1 2
BLOCK 33 3
CPU 33 -1 0
CPU 33 -1 1
CPU 33 -1 2
UNBLOCK 34 3
# CONTEXT CPU 0 34
CPU 34 -1 1
CPU 34 -1 2
CPU 35 3 0
CPU 35 -1 1
CPU 35 -1 2
BLOCK 36 3
CPU 36 -1 0
CPU 36 -1 1
CPU 36 -1 2
UNBLOCK 37 3
# CONTEXT CPU 0 37
CPU 37 -1 1
CPU 37 -1 2
CPU 38 3 0
CPU 38 -1 1
CPU 38 -1 2
BLOCK 39 3
CPU 39 -1 0
CPU 39 -1 1
CPU 39 -1 2
UNBLOCK 40 3
# CONTEXT CPU 0 40
CPU 40 -1 1
CPU 40 -1 2
CPU 41 3 0
CPU 41 -1 1
CPU 41 -1 2
EXIT 42 3 0
CPU 42 -1 0
CPU 42 -1 1
CPU 42 -1 2
