# SETTINGS ../simusched tareas.tsk 4 1 2 SchedRR 4 1 5 5 5
LOAD 0 0
LOAD 0 1
LOAD 0 2
LOAD 0 3
LOAD 0 4
LOAD 0 5
LOAD 0 6
LOAD 0 7
LOAD 0 8
LOAD 0 9
LOAD 0 10
LOAD 0 11
LOAD 0 12
LOAD 0 13
LOAD 0 14
# CONTEXT CPU 0 0
# CONTEXT CPU 1 0
# CONTEXT CPU 2 0
# CONTEXT CPU 3 0
CPU 1 0 0
CPU 1 1 1
CPU 1 2 2
CPU 1 3 3
CPU 2 0 0
CPU 2 1 1
CPU 2 2 2
CPU 2 3 3
BLOCK 3 0
# CONTEXT CPU 0 3
# CONTEXT CPU 1 3
CPU 3 2 2
CPU 3 3 3
BLOCK 4 2
UNBLOCK 4 0
CPU 4 4 0
CPU 4 5 1
# CONTEXT CPU 2 4
CPU 4 3 3
UNBLOCK 5 2
CPU 5 4 0
CPU 5 5 1
CPU 5 6 2
CPU 5 3 3
CPU 6 4 0
# CONTEXT CPU 1 6
CPU 6 6 2
CPU 6 3 3
CPU 7 4 0
CPU 7 7 1
CPU 7 6 2
# CONTEXT CPU 3 7
BLOCK 8 7
# CONTEXT CPU 0 8
# CONTEXT CPU 1 8
CPU 8 6 2
CPU 8 8 3
BLOCK 9 8
UNBLOCK 9 7
CPU 9 9 0
CPU 9 10 1
# CONTEXT CPU 2 9
# CONTEXT CPU 3 9
UNBLOCK 10 8
CPU 10 9 0
CPU 10 10 1
CPU 10 11 2
CPU 10 12 3
BLOCK 11 12
CPU 11 9 0
# CONTEXT CPU 1 11
CPU 11 11 2
# CONTEXT CPU 3 11
UNBLOCK 12 12
CPU 12 9 0
CPU 12 13 1
CPU 12 11 2
CPU 12 14 3
BLOCK 13 13
BLOCK 13 14
CPU 13 9 0
# CONTEXT CPU 1 13
CPU 13 11 2
# CONTEXT CPU 3 13
BLOCK 14 11
UNBLOCK 14 13
UNBLOCK 14 14
# CONTEXT CPU 0 14
CPU 14 1 1
# CONTEXT CPU 2 14
# CONTEXT CPU 3 14
UNBLOCK 15 11
# CONTEXT CPU 0 15
CPU 15 1 1
# CONTEXT CPU 2 15
# CONTEXT CPU 3 15
# CONTEXT CPU 0 16
# CONTEXT CPU 1 16
# CONTEXT CPU 2 16
CPU 16 0 3
CPU 17 2 0
# CONTEXT CPU 1 17
CPU 17 5 2
CPU 17 0 3
CPU 18 2 0
# CONTEXT CPU 1 18
CPU 18 5 2
CPU 18 0 3
BLOCK 19 5
CPU 19 2 0
CPU 19 3 1
# CONTEXT CPU 2 19
CPU 19 0 3
BLOCK 20 3
UNBLOCK 20 5
CPU 20 2 0
# CONTEXT CPU 1 20
# CONTEXT CPU 2 20
CPU 20 0 3
UNBLOCK 21 3
CPU 21 2 0
CPU 21 7 1
# CONTEXT CPU 2 21
CPU 21 0 3
# CONTEXT CPU 0 22
CPU 22 7 1
CPU 22 4 2
# CONTEXT CPU 3 22
# CONTEXT CPU 0 23
# CONTEXT CPU 1 23
CPU 23 4 2
CPU 23 8 3
# CONTEXT CPU 0 24
CPU 24 10 1
# CONTEXT CPU 2 24
CPU 24 8 3
BLOCK 25 10
CPU 25 6 0
# CONTEXT CPU 1 25
# CONTEXT CPU 2 25
CPU 25 8 3
UNBLOCK 26 10
CPU 26 6 0
CPU 26 13 1
# CONTEXT CPU 2 26
CPU 26 8 3
BLOCK 27 13
CPU 27 6 0
# CONTEXT CPU 1 27
CPU 27 12 2
CPU 27 8 3
BLOCK 28 6
BLOCK 28 12
UNBLOCK 28 13
# CONTEXT CPU 0 28
# CONTEXT CPU 1 28
# CONTEXT CPU 2 28
CPU 28 8 3
BLOCK 29 8
UNBLOCK 29 6
UNBLOCK 29 12
CPU 29 9 0
# CONTEXT CPU 1 29
CPU 29 11 2
# CONTEXT CPU 3 29
BLOCK 30 9
UNBLOCK 30 8
# CONTEXT CPU 0 30
CPU 30 14 1
CPU 30 11 2
# CONTEXT CPU 3 30
BLOCK 31 14
UNBLOCK 31 9
# CONTEXT CPU 0 31
# CONTEXT CPU 1 31
CPU 31 11 2
# CONTEXT CPU 3 31
UNBLOCK 32 14
# CONTEXT CPU 0 32
CPU 32 3 1
CPU 32 11 2
CPU 32 1 3
BLOCK 33 11
CPU 33 5 0
CPU 33 3 1
# CONTEXT CPU 2 33
# CONTEXT CPU 3 33
EXIT 34 3 1
UNBLOCK 34 11
CPU 34 5 0
# CONTEXT CPU 1 34
# CONTEXT CPU 2 34
CPU 34 0 3
EXIT 35 0 3
CPU 35 5 0
CPU 35 7 1
# CONTEXT CPU 2 35
# CONTEXT CPU 3 35
# CONTEXT CPU 0 36
CPU 36 7 1
CPU 36 2 2
# CONTEXT CPU 3 36
EXIT 37 2 2
# CONTEXT CPU 0 37
# CONTEXT CPU 1 37
# CONTEXT CPU 2 37
# CONTEXT CPU 3 37
# CONTEXT CPU 0 38
CPU 38 13 1
# CONTEXT CPU 2 38
CPU 38 4 3
CPU 39 10 0
CPU 39 13 1
# CONTEXT CPU 2 39
CPU 39 4 3
BLOCK 40 4
CPU 40 10 0
# CONTEXT CPU 1 40
CPU 40 6 2
# CONTEXT CPU 3 40
BLOCK 41 10
UNBLOCK 41 4
# CONTEXT CPU 0 41
# CONTEXT CPU 1 41
CPU 41 6 2
CPU 41 8 3
EXIT 42 6 2
UNBLOCK 42 10
CPU 42 9 0
# CONTEXT CPU 1 42
# CONTEXT CPU 2 42
CPU 42 8 3
EXIT 43 8 3
CPU 43 9 0
CPU 43 12 1
# CONTEXT CPU 2 43
# CONTEXT CPU 3 43
BLOCK 44 9
BLOCK 44 12
# CONTEXT CPU 0 44
# CONTEXT CPU 1 44
# CONTEXT CPU 2 44
CPU 44 1 3
UNBLOCK 45 9
UNBLOCK 45 12
# CONTEXT CPU 0 45
# CONTEXT CPU 1 45
CPU 45 14 2
CPU 45 1 3
BLOCK 46 14
# CONTEXT CPU 0 46
# CONTEXT CPU 1 46
# CONTEXT CPU 2 46
CPU 46 1 3
BLOCK 47 1
UNBLOCK 47 14
CPU 47 11 0
CPU 47 5 1
# CONTEXT CPU 2 47
# CONTEXT CPU 3 47
EXIT 48 11 0
UNBLOCK 48 1
# CONTEXT CPU 0 48
CPU 48 5 1
# CONTEXT CPU 2 48
# CONTEXT CPU 3 48
EXIT 49 5 1
# CONTEXT CPU 0 49
# CONTEXT CPU 1 49
CPU 49 7 2
# CONTEXT CPU 3 49
# CONTEXT CPU 0 50
# CONTEXT CPU 1 50
CPU 50 7 2
CPU 50 13 3
CPU 51 4 0
# CONTEXT CPU 1 51
CPU 51 7 2
CPU 51 13 3
EXIT 52 4 0
BLOCK 52 13
# CONTEXT CPU 0 52
CPU 52 10 1
CPU 52 7 2
# CONTEXT CPU 3 52
EXIT 53 7 2
UNBLOCK 53 13
CPU 53 9 0
CPU 53 10 1
# CONTEXT CPU 2 53
# CONTEXT CPU 3 53
EXIT 54 9 0
# CONTEXT CPU 0 54
# CONTEXT CPU 1 54
CPU 54 14 2
# CONTEXT CPU 3 54
BLOCK 55 14
# CONTEXT CPU 0 55
# CONTEXT CPU 1 55
# CONTEXT CPU 2 55
CPU 55 12 3
UNBLOCK 56 14
# CONTEXT CPU 0 56
# CONTEXT CPU 1 56
# CONTEXT CPU 2 56
CPU 56 12 3
BLOCK 57 12
CPU 57 1 0
CPU 57 13 1
# CONTEXT CPU 2 57
# CONTEXT CPU 3 57
EXIT 58 1 0
UNBLOCK 58 12
# CONTEXT CPU 0 58
CPU 58 13 1
CPU 58 10 2
# CONTEXT CPU 3 58
BLOCK 59 13
# CONTEXT CPU 0 59
CPU 59 -1 1
CPU 59 10 2
# CONTEXT CPU 3 59
EXIT 60 10 2
UNBLOCK 60 13
# CONTEXT CPU 0 60
# CONTEXT CPU 1 60
CPU 60 -1 2
CPU 60 14 3
BLOCK 61 14
CPU 61 12 0
CPU 61 13 1
CPU 61 -1 2
CPU 61 -1 3
EXIT 62 13 1
UNBLOCK 62 14
CPU 62 12 0
# CONTEXT CPU 1 62
CPU 62 -1 2
CPU 62 -1 3
CPU 63 12 0
# CONTEXT CPU 1 63
CPU 63 -1 2
CPU 63 -1 3
CPU 64 12 0
# CONTEXT CPU 1 64
CPU 64 -1 2
CPU 64 -1 3
EXIT 65 12 0
CPU 65 -1 0
CPU 65 14 1
CPU 65 -1 2
CPU 65 -1 3
BLOCK 66 14
CPU 66 -1 0
CPU 66 -1 1
CPU 66 -1 2
CPU 66 -1 3
UNBLOCK 67 14
# CONTEXT CPU 0 67
CPU 67 -1 1
CPU 67 -1 2
CPU 67 -1 3
# CONTEXT CPU 0 68
CPU 68 -1 1
CPU 68 -1 2
CPU 68 -1 3
# CONTEXT CPU 0 69
CPU 69 -1 1
CPU 69 -1 2
CPU 69 -1 3
CPU 70 14 0
CPU 70 -1 1
CPU 70 -1 2
CPU 70 -1 3
BLOCK 71 14
CPU 71 -1 0
CPU 71 -1 1
CPU 71 -1 2
CPU 71 -1 3
UNBLOCK 72 14
# CONTEXT CPU 0 72
CPU 72 -1 1
CPU 72 -1 2
CPU 72 -1 3
CPU 73 14 0
CPU 73 -1 1
CPU 73 -1 2
CPU 73 -1 3
BLOCK 74 14
CPU 74 -1 0
CPU 74 -1 1
CPU 74 -1 2
CPU 74 -1 3
UNBLOCK 75 14
# CONTEXT CPU 0 75
CPU 75 -1 1
CPU 75 -1 2
CPU 75 -1 3
CPU 76 14 0
CPU 76 -1 1
CPU 76 -1 2
CPU 76 -1 3
EXIT 77 14 0
CPU 77 -1 0
CPU 77 -1 1
CPU 77 -1 2
CPU 77 -1 3
