# SETTINGS ../simusched tareas.tsk 3 1 2 SchedRR 3 4 5 8
LOAD 0 0
LOAD 0 1
LOAD 0 2
LOAD 0 3
LOAD 0 4
LOAD 0 5
LOAD 0 6
LOAD 0 7
LOAD 0 8
LOAD 0 9
LOAD 0 10
LOAD 0 11
LOAD 0 12
LOAD 0 13
LOAD 0 14
# CONTEXT CPU 0 0
# CONTEXT CPU 1 0
# CONTEXT CPU 2 0
CPU 1 0 0
CPU 1 1 1
CPU 1 2 2
BLOCK 2 1
CPU 2 0 0
# CONTEXT CPU 1 2
CPU 2 2 2
UNBLOCK 3 1
CPU 3 0 0
CPU 3 3 1
CPU 3 2 2
BLOCK 4 3
CPU 4 0 0
# CONTEXT CPU 1 4
CPU 4 2 2
UNBLOCK 5 3
# CONTEXT CPU 0 5
CPU 5 4 1
CPU 5 2 2
CPU 6 5 0
CPU 6 4 1
CPU 6 2 2
CPU 7 5 0
CPU 7 4 1
# CONTEXT CPU 2 7
CPU 8 5 0
CPU 8 4 1
CPU 8 6 2
CPU 9 5 0
CPU 9 4 1
CPU 9 6 2
# CONTEXT CPU 0 10
# CONTEXT CPU 1 10
CPU 10 6 2
CPU 11 7 0
CPU 11 8 1
CPU 11 6 2
CPU 12 7 0
CPU 12 8 1
CPU 12 6 2
CPU 13 7 0
CPU 13 8 1
CPU 13 6 2
BLOCK 14 6
CPU 14 7 0
CPU 14 8 1
# CONTEXT CPU 2 14
UNBLOCK 15 6
# CONTEXT CPU 0 15
CPU 15 8 1
CPU 15 9 2
CPU 16 10 0
# CONTEXT CPU 1 16
# CONTEXT CPU 2 16
CPU 17 10 0
CPU 17 11 1
CPU 17 12 2
BLOCK 18 10
BLOCK 18 12
# CONTEXT CPU 0 18
CPU 18 11 1
# CONTEXT CPU 2 18
UNBLOCK 19 10
UNBLOCK 19 12
CPU 19 13 0
CPU 19 11 1
CPU 19 14 2
BLOCK 20 11
BLOCK 20 14
CPU 20 13 0
# CONTEXT CPU 1 20
# CONTEXT CPU 2 20
BLOCK 21 13
UNBLOCK 21 11
UNBLOCK 21 14
# CONTEXT CPU 0 21
CPU 21 1 1
# CONTEXT CPU 2 21
UNBLOCK 22 13
CPU 22 0 0
CPU 22 1 1
# CONTEXT CPU 2 22
BLOCK 23 0
# CONTEXT CPU 0 23
CPU 23 1 1
CPU 23 3 2
UNBLOCK 24 0
# CONTEXT CPU 0 24
# CONTEXT CPU 1 24
CPU 24 3 2
# CONTEXT CPU 0 25
# CONTEXT CPU 1 25
CPU 25 3 2
CPU 26 2 0
# CONTEXT CPU 1 26
CPU 26 3 2
BLOCK 27 2
# CONTEXT CPU 0 27
CPU 27 5 1
CPU 27 3 2
UNBLOCK 28 2
# CONTEXT CPU 0 28
CPU 28 5 1
CPU 28 3 2
BLOCK 29 5
# CONTEXT CPU 0 29
# CONTEXT CPU 1 29
# CONTEXT CPU 2 29
UNBLOCK 30 5
CPU 30 4 0
# CONTEXT CPU 1 30
# CONTEXT CPU 2 30
CPU 31 4 0
# CONTEXT CPU 1 31
# CONTEXT CPU 2 31
# CONTEXT CPU 0 32
CPU 32 6 1
CPU 32 7 2
# CONTEXT CPU 0 33
CPU 33 6 1
CPU 33 7 2
# CONTEXT CPU 0 34
CPU 34 6 1
CPU 34 7 2
EXIT 35 6 1
BLOCK 35 7
CPU 35 8 0
# CONTEXT CPU 1 35
# CONTEXT CPU 2 35
UNBLOCK 36 7
CPU 36 8 0
# CONTEXT CPU 1 36
# CONTEXT CPU 2 36
BLOCK 37 8
# CONTEXT CPU 0 37
# CONTEXT CPU 1 37
# CONTEXT CPU 2 37
UNBLOCK 38 8
# CONTEXT CPU 0 38
CPU 38 9 1
CPU 38 10 2
BLOCK 39 9
BLOCK 39 10
# CONTEXT CPU 0 39
# CONTEXT CPU 1 39
# CONTEXT CPU 2 39
UNBLOCK 40 9
UNBLOCK 40 10
CPU 40 12 0
CPU 40 11 1
CPU 40 14 2
BLOCK 41 12
BLOCK 41 14
# CONTEXT CPU 0 41
CPU 41 11 1
# CONTEXT CPU 2 41
UNBLOCK 42 12
UNBLOCK 42 14
CPU 42 13 0
CPU 42 11 1
# CONTEXT CPU 2 42
CPU 43 13 0
CPU 43 11 1
# CONTEXT CPU 2 43
BLOCK 44 13
# CONTEXT CPU 0 44
CPU 44 11 1
CPU 44 0 2
BLOCK 45 11
UNBLOCK 45 13
# CONTEXT CPU 0 45
# CONTEXT CPU 1 45
CPU 45 0 2
UNBLOCK 46 11
# CONTEXT CPU 0 46
# CONTEXT CPU 1 46
CPU 46 0 2
CPU 47 1 0
# CONTEXT CPU 1 47
CPU 47 0 2
EXIT 48 0 2
CPU 48 1 0
CPU 48 2 1
# CONTEXT CPU 2 48
# CONTEXT CPU 0 49
# CONTEXT CPU 1 49
CPU 49 3 2
# CONTEXT CPU 0 50
# CONTEXT CPU 1 50
CPU 50 3 2
EXIT 51 3 2
# CONTEXT CPU 0 51
# CONTEXT CPU 1 51
# CONTEXT CPU 2 51
CPU 52 5 0
CPU 52 4 1
CPU 52 7 2
BLOCK 53 4
CPU 53 5 0
# CONTEXT CPU 1 53
CPU 53 7 2
EXIT 54 7 2
UNBLOCK 54 4
CPU 54 5 0
# CONTEXT CPU 1 54
# CONTEXT CPU 2 54
EXIT 55 5 0
# CONTEXT CPU 0 55
# CONTEXT CPU 1 55
# CONTEXT CPU 2 55
# CONTEXT CPU 0 56
CPU 56 8 1
# CONTEXT CPU 2 56
BLOCK 57 8
# CONTEXT CPU 0 57
# CONTEXT CPU 1 57
CPU 57 9 2
UNBLOCK 58 8
CPU 58 10 0
# CONTEXT CPU 1 58
CPU 58 9 2
BLOCK 59 9
CPU 59 10 0
# CONTEXT CPU 1 59
# CONTEXT CPU 2 59
UNBLOCK 60 9
CPU 60 10 0
CPU 60 12 1
CPU 60 14 2
BLOCK 61 12
BLOCK 61 14
CPU 61 10 0
# CONTEXT CPU 1 61
# CONTEXT CPU 2 61
UNBLOCK 62 12
UNBLOCK 62 14
# CONTEXT CPU 0 62
# CONTEXT CPU 1 62
# CONTEXT CPU 2 62
CPU 63 1 0
# CONTEXT CPU 1 63
# CONTEXT CPU 2 63
CPU 64 1 0
CPU 64 13 1
CPU 64 11 2
EXIT 65 11 2
CPU 65 1 0
CPU 65 13 1
# CONTEXT CPU 2 65
EXIT 66 1 0
BLOCK 66 13
# CONTEXT CPU 0 66
# CONTEXT CPU 1 66
# CONTEXT CPU 2 66
UNBLOCK 67 13
# CONTEXT CPU 0 67
CPU 67 8 1
# CONTEXT CPU 2 67
EXIT 68 8 1
# CONTEXT CPU 0 68
# CONTEXT CPU 1 68
CPU 68 2 2
EXIT 69 2 2
CPU 69 4 0
# CONTEXT CPU 1 69
# CONTEXT CPU 2 69
EXIT 70 4 0
# CONTEXT CPU 0 70
# CONTEXT CPU 1 70
# CONTEXT CPU 2 70
# CONTEXT CPU 0 71
CPU 71 9 1
# CONTEXT CPU 2 71
# CONTEXT CPU 0 72
CPU 72 9 1
CPU 72 12 2
CPU 73 14 0
CPU 73 9 1
CPU 73 12 2
BLOCK 74 14
# CONTEXT CPU 0 74
CPU 74 9 1
CPU 74 12 2
UNBLOCK 75 14
CPU 75 10 0
CPU 75 9 1
CPU 75 12 2
EXIT 76 9 1
BLOCK 76 12
CPU 76 10 0
# CONTEXT CPU 1 76
# CONTEXT CPU 2 76
EXIT 77 10 0
UNBLOCK 77 12
# CONTEXT CPU 0 77
CPU 77 13 1
# CONTEXT CPU 2 77
BLOCK 78 13
# CONTEXT CPU 0 78
CPU 78 -1 1
# CONTEXT CPU 2 78
UNBLOCK 79 13
# CONTEXT CPU 0 79
# CONTEXT CPU 1 79
CPU 79 14 2
BLOCK 80 14
CPU 80 12 0
CPU 80 13 1
CPU 80 -1 2
UNBLOCK 81 14
CPU 81 12 0
CPU 81 13 1
# CONTEXT CPU 2 81
EXIT 82 12 0
EXIT 82 13 1
CPU 82 -1 0
CPU 82 -1 1
CPU 82 14 2
BLOCK 83 14
CPU 83 -1 0
CPU 83 -1 1
CPU 83 -1 2
UNBLOCK 84 14
# CONTEXT CPU 0 84
CPU 84 -1 1
CPU 84 -1 2
# CONTEXT CPU 0 85
CPU 85 -1 1
CPU 85 -1 2
# CONTEXT CPU 0 86
CPU 86 -1 1
CPU 86 -1 2
CPU 87 14 0
CPU 87 -1 1
CPU 87 -1 2
BLOCK 88 14
CPU 88 -1 0
CPU 88 -1 1
CPU 88 -1 2
UNBLOCK 89 14
# CONTEXT CPU 0 89
CPU 89 -1 1
CPU 89 -1 2
CPU 90 14 0
CPU 90 -1 1
CPU 90 -1 2
BLOCK 91 14
CPU 91 -1 0
CPU 91 -1 1
CPU 91 -1 2
UNBLOCK 92 14
# CONTEXT CPU 0 92
CPU 92 -1 1
CPU 92 -1 2
CPU 93 14 0
CPU 93 -1 1
CPU 93 -1 2
EXIT 94 14 0
CPU 94 -1 0
CPU 94 -1 1
CPU 94 -1 2
