# SETTINGS ../simusched tareas.tsk 4 1 2 SchedRR 4 3 3 6 8
LOAD 0 0
LOAD 0 1
LOAD 0 2
LOAD 0 3
LOAD 0 4
LOAD 0 5
LOAD 0 6
LOAD 0 7
LOAD 0 8
LOAD 0 9
LOAD 0 10
LOAD 0 11
LOAD 0 12
LOAD 0 13
LOAD 0 14
# CONTEXT CPU 0 0
# CONTEXT CPU 1 0
# CONTEXT CPU 2 0
# CONTEXT CPU 3 0
CPU 1 0 0
CPU 1 1 1
CPU 1 2 2
CPU 1 3 3
CPU 2 0 0
CPU 2 1 1
CPU 2 2 2
CPU 2 3 3
CPU 3 0 0
CPU 3 1 1
CPU 3 2 2
CPU 3 3 3
BLOCK 4 0
BLOCK 4 1
BLOCK 4 3
# CONTEXT CPU 0 4
# CONTEXT CPU 1 4
CPU 4 2 2
# CONTEXT CPU 3 4
BLOCK 5 2
UNBLOCK 5 0
UNBLOCK 5 1
UNBLOCK 5 3
CPU 5 4 0
CPU 5 5 1
# CONTEXT CPU 2 5
CPU 5 6 3
UNBLOCK 6 2
CPU 6 4 0
CPU 6 5 1
CPU 6 7 2
CPU 6 6 3
CPU 7 4 0
# CONTEXT CPU 1 7
# CONTEXT CPU 2 7
CPU 7 6 3
# CONTEXT CPU 0 8
CPU 8 8 1
CPU 8 9 2
CPU 8 6 3
BLOCK 9 8
CPU 9 10 0
# CONTEXT CPU 1 9
CPU 9 9 2
CPU 9 6 3
UNBLOCK 10 8
CPU 10 10 0
CPU 10 11 1
CPU 10 9 2
# CONTEXT CPU 3 10
BLOCK 11 10
BLOCK 11 9
# CONTEXT CPU 0 11
CPU 11 11 1
# CONTEXT CPU 2 11
CPU 11 12 3
UNBLOCK 12 9
UNBLOCK 12 10
CPU 12 13 0
CPU 12 11 1
CPU 12 14 2
CPU 12 12 3
BLOCK 13 14
BLOCK 13 12
CPU 13 13 0
CPU 13 11 1
# CONTEXT CPU 2 13
# CONTEXT CPU 3 13
BLOCK 14 11
UNBLOCK 14 12
UNBLOCK 14 14
CPU 14 13 0
# CONTEXT CPU 1 14
# CONTEXT CPU 2 14
# CONTEXT CPU 3 14
BLOCK 15 13
UNBLOCK 15 11
# CONTEXT CPU 0 15
# CONTEXT CPU 1 15
# CONTEXT CPU 2 15
# CONTEXT CPU 3 15
UNBLOCK 16 13
# CONTEXT CPU 0 16
# CONTEXT CPU 1 16
CPU 16 0 2
CPU 16 1 3
# CONTEXT CPU 0 17
CPU 17 3 1
CPU 17 0 2
CPU 17 1 3
CPU 18 2 0
# CONTEXT CPU 1 18
# CONTEXT CPU 2 18
CPU 18 1 3
CPU 19 2 0
CPU 19 5 1
CPU 19 7 2
CPU 19 1 3
# CONTEXT CPU 0 20
CPU 20 5 1
CPU 20 7 2
CPU 20 1 3
CPU 21 4 0
CPU 21 5 1
CPU 21 7 2
CPU 21 1 3
BLOCK 22 4
BLOCK 22 7
EXIT 22 1 3
# CONTEXT CPU 0 22
CPU 22 5 1
# CONTEXT CPU 2 22
# CONTEXT CPU 3 22
BLOCK 23 5
UNBLOCK 23 4
UNBLOCK 23 7
# CONTEXT CPU 0 23
# CONTEXT CPU 1 23
# CONTEXT CPU 2 23
# CONTEXT CPU 3 23
UNBLOCK 24 5
# CONTEXT CPU 0 24
# CONTEXT CPU 1 24
# CONTEXT CPU 2 24
# CONTEXT CPU 3 24
CPU 25 8 0
# CONTEXT CPU 1 25
CPU 25 6 2
CPU 25 9 3
CPU 26 8 0
CPU 26 10 1
CPU 26 6 2
CPU 26 9 3
CPU 27 8 0
# CONTEXT CPU 1 27
# CONTEXT CPU 2 27
CPU 27 9 3
CPU 28 8 0
# CONTEXT CPU 1 28
CPU 28 14 2
CPU 28 9 3
BLOCK 29 14
BLOCK 29 9
CPU 29 8 0
# CONTEXT CPU 1 29
# CONTEXT CPU 2 29
# CONTEXT CPU 3 29
UNBLOCK 30 9
UNBLOCK 30 14
# CONTEXT CPU 0 30
CPU 30 12 1
# CONTEXT CPU 2 30
# CONTEXT CPU 3 30
# CONTEXT CPU 0 31
CPU 31 12 1
# CONTEXT CPU 2 31
# CONTEXT CPU 3 31
BLOCK 32 12
# CONTEXT CPU 0 32
# CONTEXT CPU 1 32
CPU 32 11 2
CPU 32 13 3
BLOCK 33 13
UNBLOCK 33 12
CPU 33 3 0
# CONTEXT CPU 1 33
CPU 33 11 2
# CONTEXT CPU 3 33
UNBLOCK 34 13
CPU 34 3 0
# CONTEXT CPU 1 34
CPU 34 11 2
# CONTEXT CPU 3 34
CPU 35 3 0
CPU 35 0 1
CPU 35 11 2
# CONTEXT CPU 3 35
BLOCK 36 11
CPU 36 3 0
CPU 36 0 1
# CONTEXT CPU 2 36
CPU 36 2 3
UNBLOCK 37 11
CPU 37 3 0
CPU 37 0 1
# CONTEXT CPU 2 37
CPU 37 2 3
EXIT 38 3 0
# CONTEXT CPU 0 38
# CONTEXT CPU 1 38
# CONTEXT CPU 2 38
CPU 38 2 3
EXIT 39 2 3
# CONTEXT CPU 0 39
CPU 39 5 1
CPU 39 4 2
# CONTEXT CPU 3 39
# CONTEXT CPU 0 40
CPU 40 5 1
# CONTEXT CPU 2 40
# CONTEXT CPU 3 40
CPU 41 7 0
CPU 41 5 1
CPU 41 6 2
# CONTEXT CPU 3 41
EXIT 42 5 1
BLOCK 42 6
CPU 42 7 0
# CONTEXT CPU 1 42
# CONTEXT CPU 2 42
CPU 42 10 3
BLOCK 43 10
UNBLOCK 43 6
CPU 43 7 0
# CONTEXT CPU 1 43
CPU 43 14 2
# CONTEXT CPU 3 43
BLOCK 44 14
UNBLOCK 44 10
CPU 44 7 0
# CONTEXT CPU 1 44
# CONTEXT CPU 2 44
# CONTEXT CPU 3 44
UNBLOCK 45 14
CPU 45 7 0
CPU 45 9 1
# CONTEXT CPU 2 45
# CONTEXT CPU 3 45
EXIT 46 7 0
# CONTEXT CPU 0 46
CPU 46 9 1
# CONTEXT CPU 2 46
CPU 46 8 3
EXIT 47 9 1
# CONTEXT CPU 0 47
# CONTEXT CPU 1 47
CPU 47 12 2
CPU 47 8 3
BLOCK 48 12
BLOCK 48 8
# CONTEXT CPU 0 48
# CONTEXT CPU 1 48
# CONTEXT CPU 2 48
# CONTEXT CPU 3 48
UNBLOCK 49 8
UNBLOCK 49 12
CPU 49 13 0
# CONTEXT CPU 1 49
# CONTEXT CPU 2 49
# CONTEXT CPU 3 49
BLOCK 50 13
# CONTEXT CPU 0 50
CPU 50 11 1
# CONTEXT CPU 2 50
# CONTEXT CPU 3 50
EXIT 51 11 1
UNBLOCK 51 13
# CONTEXT CPU 0 51
# CONTEXT CPU 1 51
CPU 51 0 2
CPU 51 4 3
EXIT 52 0 2
# CONTEXT CPU 0 52
# CONTEXT CPU 1 52
# CONTEXT CPU 2 52
CPU 52 4 3
CPU 53 6 0
# CONTEXT CPU 1 53
CPU 53 14 2
CPU 53 4 3
EXIT 54 6 0
BLOCK 54 14
# CONTEXT CPU 0 54
CPU 54 10 1
# CONTEXT CPU 2 54
CPU 54 4 3
EXIT 55 4 3
UNBLOCK 55 14
# CONTEXT CPU 0 55
CPU 55 10 1
CPU 55 12 2
# CONTEXT CPU 3 55
BLOCK 56 12
# CONTEXT CPU 0 56
CPU 56 10 1
# CONTEXT CPU 2 56
# CONTEXT CPU 3 56
UNBLOCK 57 12
CPU 57 8 0
CPU 57 10 1
CPU 57 14 2
# CONTEXT CPU 3 57
EXIT 58 8 0
BLOCK 58 14
# CONTEXT CPU 0 58
CPU 58 10 1
CPU 58 -1 2
CPU 58 13 3
EXIT 59 10 1
UNBLOCK 59 14
# CONTEXT CPU 0 59
# CONTEXT CPU 1 59
CPU 59 -1 2
CPU 59 13 3
# CONTEXT CPU 0 60
# CONTEXT CPU 1 60
CPU 60 -1 2
CPU 60 13 3
BLOCK 61 13
CPU 61 12 0
# CONTEXT CPU 1 61
CPU 61 -1 2
CPU 61 -1 3
UNBLOCK 62 13
CPU 62 12 0
CPU 62 14 1
# CONTEXT CPU 2 62
CPU 62 -1 3
BLOCK 63 14
CPU 63 12 0
CPU 63 -1 1
# CONTEXT CPU 2 63
CPU 63 -1 3
EXIT 64 12 0
UNBLOCK 64 14
# CONTEXT CPU 0 64
CPU 64 -1 1
# CONTEXT CPU 2 64
CPU 64 -1 3
# CONTEXT CPU 0 65
CPU 65 -1 1
CPU 65 13 2
CPU 65 -1 3
EXIT 66 13 2
# CONTEXT CPU 0 66
CPU 66 -1 1
CPU 66 -1 2
CPU 66 -1 3
CPU 67 14 0
CPU 67 -1 1
CPU 67 -1 2
CPU 67 -1 3
BLOCK 68 14
CPU 68 -1 0
CPU 68 -1 1
CPU 68 -1 2
CPU 68 -1 3
UNBLOCK 69 14
# CONTEXT CPU 0 69
CPU 69 -1 1
CPU 69 -1 2
CPU 69 -1 3
CPU 70 14 0
CPU 70 -1 1
CPU 70 -1 2
CPU 70 -1 3
BLOCK 71 14
CPU 71 -1 0
CPU 71 -1 1
CPU 71 -1 2
CPU 71 -1 3
UNBLOCK 72 14
# CONTEXT CPU 0 72
CPU 72 -1 1
CPU 72 -1 2
CPU 72 -1 3
CPU 73 14 0
CPU 73 -1 1
CPU 73 -1 2
CPU 73 -1 3
EXIT 74 14 0
CPU 74 -1 0
CPU 74 -1 1
CPU 74 -1 2
CPU 74 -1 3
